#
# A fatal error has been detected by the Java Runtime Environment:
#
#  SIGBUS (0xa) at pc=0x0000000109b814f0, pid=77896, tid=29707
#
# JRE version: Java(TM) SE Runtime Environment (17.0+35) (build 17+35-LTS-2724)
# Java VM: Java HotSpot(TM) 64-Bit Server VM (17+35-LTS-2724, mixed mode, sharing, tiered, compressed oops, compressed class ptrs, g1 gc, bsd-aarch64)
# Problematic frame:
# v  ~StubRoutines::SafeFetchN
#
# No core dump will be written. Core dumps have been disabled. To enable core dumping, try "ulimit -c unlimited" before starting Java again
#
# If you would like to submit a bug report, please visit:
#   https://bugreport.java.com/bugreport/crash.jsp
# The crash happened outside the Java Virtual Machine in native code.
# See problematic frame for where to report the bug.
#

---------------  S U M M A R Y ------------

Command Line: -javaagent:/Applications/IntelliJ IDEA CE.app/Contents/lib/idea_rt.jar=57782:/Applications/IntelliJ IDEA CE.app/Contents/bin -Dfile.encoding=UTF-8 --module-path=/Users/irene/.m2/repository/org/kordamp/ikonli/ikonli-core/12.3.0/ikonli-core-12.3.0.jar:/Users/irene/.m2/repository/org/openjfx/javafx-media/17.0.1/javafx-media-17.0.1-mac-aarch64.jar:/Users/irene/.m2/repository/com/fasterxml/jackson/core/jackson-annotations/2.12.1/jackson-annotations-2.12.1.jar:/Users/irene/.m2/repository/org/jetbrains/kotlin/kotlin-stdlib/1.5.32/kotlin-stdlib-1.5.32-modular.jar:/Users/irene/.m2/repository/com/dlsc/formsfx/formsfx-core/11.3.2/formsfx-core-11.3.2.jar:/Users/irene/.m2/repository/org/openjfx/javafx-fxml/17.0.1/javafx-fxml-17.0.1-mac-aarch64.jar:/Users/irene/.m2/repository/com/github/almasb/fxgl-scene/17/fxgl-scene-17.jar:/Users/irene/.m2/repository/com/github/almasb/fxgl-gameplay/17/fxgl-gameplay-17.jar:/Users/irene/.m2/repository/com/gluonhq/attach/audio/4.0.9/audio-4.0.9.jar:/Users/irene/.m2/repository/com/gluonhq/attach/storage/4.0.9/storage-4.0.9.jar:/Users/irene/.m2/repository/org/openjfx/javafx-controls/17.0.1/javafx-controls-17.0.1-mac-aarch64.jar:/Users/irene/.m2/repository/com/gluonhq/attach/util/4.0.9/util-4.0.9.jar:/Users/irene/.m2/repository/org/openjfx/javafx-graphics/17.0.1/javafx-graphics-17.0.1-mac-aarch64.jar:/Users/irene/.m2/repository/org/controlsfx/controlsfx/11.1.1/controlsfx-11.1.1.jar:/Users/irene/.m2/repository/com/github/almasb/fxgl-entity/17/fxgl-entity-17.jar:/Users/irene/.m2/repository/eu/hansolo/tilesfx/11.48/tilesfx-11.48.jar:/Users/irene/.m2/repository/org/kordamp/ikonli/ikonli-javafx/12.3.0/ikonli-javafx-12.3.0.jar:/Users/irene/.m2/repository/com/fasterxml/jackson/core/jackson-core/2.12.1/jackson-core-2.12.1.jar:/Users/irene/.m2/repository/com/fasterxml/jackson/core/jackson-databind/2.12.1/jackson-databind-2.12.1.jar:/Users/irene/.m2/repository/org/openjfx/javafx-web/17.0.1/javafx-web-17.0.1-mac-aarch64.jar:/Users/irene/.m2/repository/com/github/almasb/fxgl-io/17/fxgl-io-17.jar:/Users/irene/.m2/repository/org/openjfx/javafx-base/17.0.1/javafx-base-17.0.1-mac-aarch64.jar:/Users/irene/.m2/-Djdk.module.main=com.example.recipe com.example.recipe/com.example.recipe.HelloApplication

Host: "MacBookAir10,1" arm64 1 MHz, 8 cores, 8G, Darwin 21.4.0, macOS 12.3.1 (21E258)
Time: Wed Jul 27 13:38:36 2022 CDT elapsed time: 12.859086 seconds (0d 0h 0m 12s)

---------------  T H R E A D  ---------------

Current thread (0x000000014799b200):  JavaThread "InvokeLaterDispatcher" daemon [_thread_in_native, id=29707, stack(0x0000000172498000,0x000000017269b000)]

Stack: [0x0000000172498000,0x000000017269b000],  sp=0x000000017269a7b0,  free space=2057k
Native frames: (J=compiled Java code, j=interpreted, Vv=VM code, C=native code)
v  ~StubRoutines::SafeFetchN
V  [libjvm.dylib+0x79e870]  _ZN10OopStorage7releaseEPKP7oopDesc+0x20
V  [libjvm.dylib+0x4b94ac]  jni_DeleteGlobalRef+0xc4
C  [libglass.dylib+0xab08]  -[GlassRunnable dealloc]+0x34
C  [Foundation+0x85618]  -[_NSThreadPerformInfo dealloc]+0x30
C  [Foundation+0x5198c]  -[NSObject(NSThreadPerformAdditions) performSelectorOnMainThread:withObject:waitUntilDone:]+0x88
C  0xb772000109b898ac
j  com.sun.glass.ui.mac.MacApplication.submitForLaterInvocation(Ljava/lang/Runnable;)V+2 javafx.graphics
j  com.sun.glass.ui.InvokeLaterDispatcher.run()V+82 javafx.graphics
v  ~StubRoutines::call_stub
V  [libjvm.dylib+0x460b04]  _ZN9JavaCalls11call_helperEP9JavaValueRK12methodHandleP17JavaCallArgumentsP10JavaThread+0x38c
V  [libjvm.dylib+0x45fb20]  _ZN9JavaCalls12call_virtualEP9JavaValueP5KlassP6SymbolS5_P17JavaCallArgumentsP10JavaThread+0x11c
V  [libjvm.dylib+0x45fbec]  _ZN9JavaCalls12call_virtualEP9JavaValue6HandleP5KlassP6SymbolS6_P10JavaThread+0x64
V  [libjvm.dylib+0x51346c]  _ZL12thread_entryP10JavaThreadS0_+0xc4
V  [libjvm.dylib+0x8fcb74]  _ZN10JavaThread17thread_main_innerEv+0x134
V  [libjvm.dylib+0x8fb49c]  _ZN6Thread8call_runEv+0x128
V  [libjvm.dylib+0x7a5458]  _ZL19thread_native_entryP6Thread+0x158
C  [libsystem_pthread.dylib+0x726c]  _pthread_start+0x94

Java frames: (J=compiled Java code, j=interpreted, Vv=VM code)
j  com.sun.glass.ui.mac.MacApplication._submitForLaterInvocation(Ljava/lang/Runnable;)V+0 javafx.graphics
j  com.sun.glass.ui.mac.MacApplication.submitForLaterInvocation(Ljava/lang/Runnable;)V+2 javafx.graphics
j  com.sun.glass.ui.InvokeLaterDispatcher.run()V+82 javafx.graphics
v  ~StubRoutines::call_stub

siginfo: si_signo: 10 (SIGBUS), si_code: 1 (BUS_ADRALN), si_addr: 0x0000000109b814f0

Register to memory mapping:

 x0=0x0000000135e061c8 points into unknown readable memory: 0x0000000000000000 | 00 00 00 00 00 00 00 00
 x1=0x0 is NULL
 x2=0x0000000787d01150 is an oop: com.sun.glass.ui.InvokeLaterDispatcher$Future 
{0x0000000787d01150} - klass: 'com/sun/glass/ui/InvokeLaterDispatcher$Future'
 - ---- fields (total size 3 words):
 - private 'done' 'Z' @12  true
 - private final 'runnable' 'Ljava/lang/Runnable;' @16  a 'com/sun/javafx/application/PlatformImpl$$Lambda$118+0x0000000800c82e78'{0x0000000787da0c88} (f0fb4191)
 - final synthetic 'this$0' 'Lcom/sun/glass/ui/InvokeLaterDispatcher;' @20  a 'com/sun/glass/ui/InvokeLaterDispatcher'{0x0000000785523a20} (f0aa4744)
 x3=0x0 is NULL
 x4=0x00000000000130a8 is an unknown value
 x5=0x0 is NULL
 x6=0x0 is NULL
 x7=0x0 is NULL
 x8=0x0000000109b814ec is at begin+0 in a stub
StubRoutines::SafeFetchN [0x0000000109b814ec, 0x0000000109b814f8] (12 bytes)
 x9=0x0 is NULL
x10=0x2010000030300000 is an unknown value
x11=0x0000000000000007 is an unknown value
x12=0x0000000000000004 is an unknown value
x13=0x00006000020fba10 points into unknown readable memory: 0xa37f0001a29f3c40 | 40 3c 9f a2 01 00 7f a3
x14=0x0000190000000000 is an unknown value
x15=0x0000000132f19f98: OBJC_CLASS_$_GlassRunnable+0 in /Users/irene/.openjfx/cache/17.0.1/libglass.dylib at 0x0000000132ed4000
x16=0x00000001a2b5d0fc: pthread_getspecific+0 in /usr/lib/system/libsystem_pthread.dylib at 0x00000001a2b5b000
x17=0x0000600002ac40c0 points into unknown readable memory: 0xfffffffffffffffe | fe ff ff ff ff ff ff ff
x18=0x0 is NULL
x19=0x00006000025c9570 points into unknown readable memory: 0x0000600000ccd580 | 80 d5 cc 00 00 60 00 00
x20=0x0000000135e05fc0 points into unknown readable memory: 0x0000000000000000 | 00 00 00 00 00 00 00 00
x21=0x0000000135e061c8 points into unknown readable memory: 0x0000000000000000 | 00 00 00 00 00 00 00 00
x22=0x000000014799b200 is a thread
x23=0x0000000000000001 is an unknown value
x24=0x0000000135e06180 is a global jni handle
x25=0x00000001020b15d8: _ZN12StubRoutines17_safefetchN_entryE+0 in /Library/Java/JavaVirtualMachines/jdk-17.jdk/Contents/Home/lib/server/libjvm.dylib at 0x0000000101520000
x26=0x000000011f11a288 is pointing into metadata
x27=0x0 is NULL
x28=0x000000014799b200 is a thread


Registers:
 x0=0x0000000135e061c8  x1=0x0000000000000000  x2=0x0000000787d01150  x3=0x0000000000000000
 x4=0x00000000000130a8  x5=0x0000000000000000  x6=0x0000000000000000  x7=0x0000000000000000
 x8=0x0000000109b814ec  x9=0x0000000000000000 x10=0x2010000030300000 x11=0x0000000000000007
x12=0x0000000000000004 x13=0x00006000020fba10 x14=0x0000190000000000 x15=0x0000000132f19f98
x16=0x00000001a2b5d0fc x17=0x0000600002ac40c0 x18=0x0000000000000000 x19=0x00006000025c9570
x20=0x0000000135e05fc0 x21=0x0000000135e061c8 x22=0x000000014799b200 x23=0x0000000000000001
x24=0x0000000135e06180 x25=0x00000001020b15d8 x26=0x000000011f11a288 x27=0x0000000000000000
x28=0x000000014799b200  fp=0x000000017269a7f0  lr=0x0000000101cbd640  sp=0x000000017269a7b0
pc=0x0000000109b814f0 cpsr=0x0000000060001000
Top of Stack: (sp=0x000000017269a7b0)
0x000000017269a7b0:   000000011f11a288 0000000000000001
0x000000017269a7c0:   000000017269a9a8 0000600000cd0d90
0x000000017269a7d0:   0000000000000000 0000000135e061b8
0x000000017269a7e0:   0000000135e061b8 00006000025c9570
0x000000017269a7f0:   000000017269a830 0000000101cbe870
0x000000017269a800:   0000000000000001 0000000135e061b8
0x000000017269a810:   0000000000000000 0000000135e061b8
0x000000017269a820:   0000000000000001 00000001479a4000
0x000000017269a830:   000000017269a860 00000001019d94ac
0x000000017269a840:   0000600000cd0de0 00000001ecc22be0
0x000000017269a850:   0000000000000000 0000600000cd0de0
0x000000017269a860:   000000017269a890 0000000132edeb08
0x000000017269a870:   6bf1a48b41ac003f 0000000000000000
0x000000017269a880:   0000000000000000 0000600001b1d700
0x000000017269a890:   000000017269a8d0 00000001a3b2a618
0x000000017269a8a0:   000000017269a9a8 0000600000cd0d90
0x000000017269a8b0:   0000600000cd0de0 6bf1a48b41ac003f
0x000000017269a8c0:   0000000000000000 0000000000000000
0x000000017269a8d0:   000000017269a910 ee6d0001a3af698c
0x000000017269a8e0:   000000017269a9a8 0000000109b887c0
0x000000017269a8f0:   0000000000000000 00000001020b8f90
0x000000017269a900:   000000017269a920 0000000109b87730
0x000000017269a910:   000000017269a980 b772000109b898ac
0x000000017269a920:   000000017269a988 000000011edd4ce0
0x000000017269a930:   000000017269a930 0000000000000000
0x000000017269a940:   000000017269a9a8 000000011f11a288
0x000000017269a950:   000000078550d7e0 0000000000000000
0x000000017269a960:   0000000000000000 000000011f0f27b0
0x000000017269a970:   0000000000000000 000000017269a980
0x000000017269a980:   000000017269aa00 0000000109b85fc8
0x000000017269a990:   0000000000000000 0000000000000000
0x000000017269a9a0:   0000000787d01150 000000078550d858 

Instructions: (pc=0x0000000109b814f0)
0x0000000109b813f0:   f2a040e9 f2c00029 6d425935 1e640886
0x0000000109b81400:   0c402d31 1e6408c7 1f5654d0 1e6c1017
0x0000000109b81410:   1f5050d0 1f504cd0 1f5048d0 1e650af6
0x0000000109b81420:   1f50d8f6 1f5694d6 1f5158f6 1e762880
0x0000000109b81430:   36000501 1e614000 14000026 2e251ca5
0x0000000109b81440:   d29c3009 f2a040e9 f2c00029 6d425d36
0x0000000109b81450:   1e600806 0c402d32 1f5758c7 1e6c101a
0x0000000109b81460:   1f4754c7 1e650805 1f4750c7 d2866668
0x0000000109b81470:   f2a7fa68 1f474cc7 1e6608c0 1f4748c7
0x0000000109b81480:   1e6e1019 eb08007f 540000ac 1f479400
0x0000000109b81490:   1f460340 1e603b20 1400000e d2a7fd29
0x0000000109b814a0:   eb09007f 540000ac 51480069 d3607d29
0x0000000109b814b0:   9e670121 14000002 1e6a5001 1f679417
0x0000000109b814c0:   1f668742 1e613b23 1e773857 1e773860
0x0000000109b814d0:   a8c17ff3 910003bf a8c17bfd d65f03c0
0x0000000109b814e0:   b9400001 aa0103e0 d65f03c0 f9400001
0x0000000109b814f0:   aa0103e0 d65f03c0 00000000 00000000
0x0000000109b81500:   00000000 00000000 00000000 00000000
0x0000000109b81510:   00000000 00000000 00000000 00000000
0x0000000109b81520:   00000000 00000000 00000000 00000000
0x0000000109b81530:   00000000 00000000 00000000 00000000
0x0000000109b81540:   00000000 00000000 00000000 00000000
0x0000000109b81550:   00000000 00000000 00000000 00000000
0x0000000109b81560:   00000000 00000000 00000000 00000000
0x0000000109b81570:   00000000 00000000 00000000 00000000
0x0000000109b81580:   00000000 00000000 00000000 00000000
0x0000000109b81590:   00000000 00000000 00000000 00000000
0x0000000109b815a0:   00000000 00000000 00000000 00000000
0x0000000109b815b0:   00000000 00000000 00000000 00000000
0x0000000109b815c0:   00000000 00000000 00000000 00000000
0x0000000109b815d0:   00000000 00000000 00000000 00000000
0x0000000109b815e0:   00000000 00000000 00000000 00000000 


Stack slot to memory mapping:
stack at sp + 0 slots: 0x000000011f11a288 is pointing into metadata
stack at sp + 1 slots: 0x0000000000000001 is an unknown value
stack at sp + 2 slots: 0x000000017269a9a8 is pointing into the stack for thread: 0x000000014799b200
stack at sp + 3 slots: 0x0000600000cd0d90 points into unknown readable memory: 0x01000001fb30e011 | 11 e0 30 fb 01 00 00 01
stack at sp + 4 slots: 0x0 is NULL
stack at sp + 5 slots: 0x0000000135e061b8 is a global jni handle
stack at sp + 6 slots: 0x0000000135e061b8 is a global jni handle
stack at sp + 7 slots: 0x00006000025c9570 points into unknown readable memory: 0x0000600000ccd580 | 80 d5 cc 00 00 60 00 00

StubRoutines::SafeFetchN [0x0000000109b814ec, 0x0000000109b814f8] (12 bytes)
[MachCode]
  0x0000000109b814ec: 0100 40f9 | e003 01aa | c003 5fd6 
[/MachCode]

---------------  P R O C E S S  ---------------

Threads class SMR info:
_java_thread_list=0x0000600000e26c80, length=20, elements={
0x000000014600f000, 0x0000000146051600, 0x000000011f80a400, 0x0000000146051c00,
0x0000000146817c00, 0x0000000146818200, 0x0000000146818800, 0x0000000146818e00,
0x0000000146819400, 0x0000000130011400, 0x0000000130011a00, 0x0000000130008c00,
0x000000014691d000, 0x000000014799b200, 0x00000001479a4000, 0x00000001479c3a00,
0x00000001479dd200, 0x0000000146177600, 0x00000001479ad200, 0x0000000130018400
}

Java Threads: ( => current thread )
  0x000000014600f000 JavaThread "main" [_thread_blocked, id=9987, stack(0x000000016fa90000,0x000000016fc93000)]
  0x0000000146051600 JavaThread "Reference Handler" daemon [_thread_blocked, id=16643, stack(0x00000001708e4000,0x0000000170ae7000)]
  0x000000011f80a400 JavaThread "Finalizer" daemon [_thread_blocked, id=16387, stack(0x0000000170af0000,0x0000000170cf3000)]
  0x0000000146051c00 JavaThread "Signal Dispatcher" daemon [_thread_blocked, id=42499, stack(0x0000000170e14000,0x0000000171017000)]
  0x0000000146817c00 JavaThread "Service Thread" daemon [_thread_blocked, id=42243, stack(0x0000000171020000,0x0000000171223000)]
  0x0000000146818200 JavaThread "Monitor Deflation Thread" daemon [_thread_blocked, id=41731, stack(0x000000017122c000,0x000000017142f000)]
  0x0000000146818800 JavaThread "C2 CompilerThread0" daemon [_thread_blocked, id=23555, stack(0x0000000171438000,0x000000017163b000)]
  0x0000000146818e00 JavaThread "C1 CompilerThread0" daemon [_thread_blocked, id=41219, stack(0x0000000171644000,0x0000000171847000)]
  0x0000000146819400 JavaThread "Sweeper thread" daemon [_thread_blocked, id=40707, stack(0x0000000171850000,0x0000000171a53000)]
  0x0000000130011400 JavaThread "Common-Cleaner" daemon [_thread_blocked, id=40451, stack(0x0000000171a5c000,0x0000000171c5f000)]
  0x0000000130011a00 JavaThread "Monitor Ctrl-Break" daemon [_thread_in_native, id=40195, stack(0x0000000171c68000,0x0000000171e6b000)]
  0x0000000130008c00 JavaThread "Notification Thread" daemon [_thread_blocked, id=24579, stack(0x0000000171e74000,0x0000000172077000)]
  0x000000014691d000 JavaThread "QuantumRenderer-0" daemon [_thread_blocked, id=25091, stack(0x000000017228c000,0x000000017248f000)]
=>0x000000014799b200 JavaThread "InvokeLaterDispatcher" daemon [_thread_in_native, id=29707, stack(0x0000000172498000,0x000000017269b000)]
  0x00000001479a4000 JavaThread "JavaFX Application Thread" [_thread_in_vm, id=259, stack(0x000000016f208000,0x000000016fa04000)]
  0x00000001479c3a00 JavaThread "JavaFX-Launcher" [_thread_blocked, id=52487, stack(0x00000001729c8000,0x0000000172bcb000)]
  0x00000001479dd200 JavaThread "Prism Font Disposer" daemon [_thread_blocked, id=58887, stack(0x0000000173610000,0x0000000173813000)]
  0x0000000146177600 JavaThread "Cleaner-0" daemon [_thread_blocked, id=63247, stack(0x0000000173934000,0x0000000173b37000)]
  0x00000001479ad200 JavaThread "Attach Listener" daemon [_thread_blocked, id=1299, stack(0x0000000173b40000,0x0000000173d43000)]
  0x0000000130018400 JavaThread "PulseTimer-CVDisplayLink thread" daemon [_thread_in_native, id=65391, stack(0x00000001726a4000,0x0000000172727000)]

Other Threads:
  0x0000000145e0afd0 VMThread "VM Thread" [stack: 0x00000001706d8000,0x00000001708db000] [id=17155]
  0x0000000145e10c40 WatcherThread [stack: 0x0000000172080000,0x0000000172283000] [id=24835]
  0x0000000147005ce0 GCTaskThread "GC Thread#0" [stack: 0x000000016fc9c000,0x000000016fe9f000] [id=20483]
  0x000000011f5234e0 GCTaskThread "GC Thread#1" [stack: 0x0000000172bd4000,0x0000000172dd7000] [id=76291]
  0x000000011f523960 GCTaskThread "GC Thread#2" [stack: 0x0000000172de0000,0x0000000172fe3000] [id=76035]
  0x000000011f523de0 GCTaskThread "GC Thread#3" [stack: 0x0000000172fec000,0x00000001731ef000] [id=75779]
  0x0000000145e2f8d0 GCTaskThread "GC Thread#4" [stack: 0x00000001731f8000,0x00000001733fb000] [id=75523]
  0x0000000145e2ff70 GCTaskThread "GC Thread#5" [stack: 0x0000000173404000,0x0000000173607000] [id=75011]
  0x0000000145e64ff0 GCTaskThread "GC Thread#6" [stack: 0x000000017491c000,0x0000000174b1f000] [id=52107]
  0x0000000145e65470 GCTaskThread "GC Thread#7" [stack: 0x0000000174b28000,0x0000000174d2b000] [id=68395]
  0x0000000147006390 ConcurrentGCThread "G1 Main Marker" [stack: 0x000000016fea8000,0x00000001700ab000] [id=13059]
  0x0000000147006c10 ConcurrentGCThread "G1 Conc#0" [stack: 0x00000001700b4000,0x00000001702b7000] [id=19715]
  0x0000000145e06da0 ConcurrentGCThread "G1 Refine#0" [stack: 0x00000001702c0000,0x00000001704c3000] [id=18947]
  0x0000000147026940 ConcurrentGCThread "G1 Refine#1" [stack: 0x0000000174d34000,0x0000000174f37000] [id=174347]
  0x000000011f409070 ConcurrentGCThread "G1 Refine#2" [stack: 0x0000000174f40000,0x0000000175143000] [id=88323]
  0x000000011f409f70 ConcurrentGCThread "G1 Refine#3" [stack: 0x000000017514c000,0x000000017534f000] [id=88835]
  0x0000000135e058e0 ConcurrentGCThread "G1 Service" [stack: 0x00000001704cc000,0x00000001706cf000] [id=14083]

Threads with active compile tasks:

VM state: not at safepoint (normal execution)

VM Mutex/Monitor currently owned by a thread: None

Heap address: 0x0000000780000000, size: 2048 MB, Compressed Oops mode: Zero based, Oop shift amount: 3

CDS archive(s) mapped at: [0x0000000800000000-0x0000000800bd0000-0x0000000800bd0000), size 12386304, SharedBaseAddress: 0x0000000800000000, ArchiveRelocationMode: 0.
Compressed class space mapped at: 0x0000000800c00000-0x0000000840c00000, reserved size: 1073741824
Narrow klass base: 0x0000000800000000, Narrow klass shift: 0, Narrow klass range: 0x100000000

GC Precious Log:
 CPUs: 8 total, 8 available
 Memory: 8192M
 Large Page Support: Disabled
 NUMA Support: Disabled
 Compressed Oops: Enabled (Zero based)
 Heap Region Size: 1M
 Heap Min Capacity: 8M
 Heap Initial Capacity: 128M
 Heap Max Capacity: 2G
 Pre-touch: Disabled
 Parallel Workers: 8
 Concurrent Workers: 2
 Concurrent Refinement Workers: 8
 Periodic GC: Disabled

Heap:
 garbage-first heap   total 133120K, used 23825K [0x0000000780000000, 0x0000000800000000)
  region size 1024K, 10 young (10240K), 6 survivors (6144K)
 Metaspace       used 15906K, committed 16192K, reserved 1064960K
  class space    used 2280K, committed 2432K, reserved 1048576K

Heap Regions: E=young(eden), S=young(survivor), O=old, HS=humongous(starts), HC=humongous(continues), CS=collection set, F=free, OA=open archive, CA=closed archive, TAMS=top-at-mark-start (previous, next)
|   0|0x0000000780000000, 0x0000000780100000, 0x0000000780100000|100%| O|  |TAMS 0x0000000780000000, 0x0000000780000000| Untracked 
|   1|0x0000000780100000, 0x0000000780100000, 0x0000000780200000|  0%| F|  |TAMS 0x0000000780100000, 0x0000000780100000| Untracked 
|   2|0x0000000780200000, 0x0000000780200000, 0x0000000780300000|  0%| F|  |TAMS 0x0000000780200000, 0x0000000780200000| Untracked 
|   3|0x0000000780300000, 0x0000000780300000, 0x0000000780400000|  0%| F|  |TAMS 0x0000000780300000, 0x0000000780300000| Untracked 
|   4|0x0000000780400000, 0x0000000780400000, 0x0000000780500000|  0%| F|  |TAMS 0x0000000780400000, 0x0000000780400000| Untracked 
|   5|0x0000000780500000, 0x0000000780500000, 0x0000000780600000|  0%| F|  |TAMS 0x0000000780500000, 0x0000000780500000| Untracked 
|   6|0x0000000780600000, 0x0000000780600000, 0x0000000780700000|  0%| F|  |TAMS 0x0000000780600000, 0x0000000780600000| Untracked 
|   7|0x0000000780700000, 0x0000000780800000, 0x0000000780800000|100%|HS|  |TAMS 0x0000000780700000, 0x0000000780700000| Complete 
|   8|0x0000000780800000, 0x0000000780900000, 0x0000000780900000|100%|HC|  |TAMS 0x0000000780800000, 0x0000000780800000| Complete 
|   9|0x0000000780900000, 0x0000000780900000, 0x0000000780a00000|  0%| F|  |TAMS 0x0000000780900000, 0x0000000780900000| Untracked 
|  10|0x0000000780a00000, 0x0000000780a00000, 0x0000000780b00000|  0%| F|  |TAMS 0x0000000780a00000, 0x0000000780a00000| Untracked 
|  11|0x0000000780b00000, 0x0000000780b00000, 0x0000000780c00000|  0%| F|  |TAMS 0x0000000780b00000, 0x0000000780b00000| Untracked 
|  12|0x0000000780c00000, 0x0000000780d00000, 0x0000000780d00000|100%|HS|  |TAMS 0x0000000780c00000, 0x0000000780c00000| Complete 
|  13|0x0000000780d00000, 0x0000000780e00000, 0x0000000780e00000|100%|HC|  |TAMS 0x0000000780d00000, 0x0000000780d00000| Complete 
|  14|0x0000000780e00000, 0x0000000780f00000, 0x0000000780f00000|100%|HC|  |TAMS 0x0000000780e00000, 0x0000000780e00000| Complete 
|  15|0x0000000780f00000, 0x0000000781000000, 0x0000000781000000|100%|HS|  |TAMS 0x0000000780f00000, 0x0000000780f00000| Complete 
|  16|0x0000000781000000, 0x0000000781100000, 0x0000000781100000|100%|HC|  |TAMS 0x0000000781000000, 0x0000000781000000| Complete 
|  17|0x0000000781100000, 0x0000000781200000, 0x0000000781200000|100%|HC|  |TAMS 0x0000000781100000, 0x0000000781100000| Complete 
|  18|0x0000000781200000, 0x0000000781300000, 0x0000000781300000|100%|HS|  |TAMS 0x0000000781200000, 0x0000000781200000| Complete 
|  19|0x0000000781300000, 0x0000000781400000, 0x0000000781400000|100%|HC|  |TAMS 0x0000000781300000, 0x0000000781300000| Complete 
|  20|0x0000000781400000, 0x0000000781500000, 0x0000000781500000|100%|HC|  |TAMS 0x0000000781400000, 0x0000000781400000| Complete 
|  21|0x0000000781500000, 0x0000000781600000, 0x0000000781600000|100%| O|  |TAMS 0x0000000781500000, 0x0000000781500000| Untracked 
|  22|0x0000000781600000, 0x000000078164c400, 0x0000000781700000| 29%| O|  |TAMS 0x0000000781600000, 0x0000000781600000| Untracked 
|  23|0x0000000781700000, 0x0000000781700000, 0x0000000781800000|  0%| F|  |TAMS 0x0000000781700000, 0x0000000781700000| Untracked 
|  24|0x0000000781800000, 0x0000000781800000, 0x0000000781900000|  0%| F|  |TAMS 0x0000000781800000, 0x0000000781800000| Untracked 
|  25|0x0000000781900000, 0x0000000781900000, 0x0000000781a00000|  0%| F|  |TAMS 0x0000000781900000, 0x0000000781900000| Untracked 
|  26|0x0000000781a00000, 0x0000000781a00000, 0x0000000781b00000|  0%| F|  |TAMS 0x0000000781a00000, 0x0000000781a00000| Untracked 
|  27|0x0000000781b00000, 0x0000000781b00000, 0x0000000781c00000|  0%| F|  |TAMS 0x0000000781b00000, 0x0000000781b00000| Untracked 
|  28|0x0000000781c00000, 0x0000000781c00000, 0x0000000781d00000|  0%| F|  |TAMS 0x0000000781c00000, 0x0000000781c00000| Untracked 
|  29|0x0000000781d00000, 0x0000000781d00000, 0x0000000781e00000|  0%| F|  |TAMS 0x0000000781d00000, 0x0000000781d00000| Untracked 
|  30|0x0000000781e00000, 0x0000000781e00000, 0x0000000781f00000|  0%| F|  |TAMS 0x0000000781e00000, 0x0000000781e00000| Untracked 
|  31|0x0000000781f00000, 0x0000000781f00000, 0x0000000782000000|  0%| F|  |TAMS 0x0000000781f00000, 0x0000000781f00000| Untracked 
|  32|0x0000000782000000, 0x0000000782000000, 0x0000000782100000|  0%| F|  |TAMS 0x0000000782000000, 0x0000000782000000| Untracked 
|  33|0x0000000782100000, 0x0000000782100000, 0x0000000782200000|  0%| F|  |TAMS 0x0000000782100000, 0x0000000782100000| Untracked 
|  34|0x0000000782200000, 0x0000000782200000, 0x0000000782300000|  0%| F|  |TAMS 0x0000000782200000, 0x0000000782200000| Untracked 
|  35|0x0000000782300000, 0x0000000782300000, 0x0000000782400000|  0%| F|  |TAMS 0x0000000782300000, 0x0000000782300000| Untracked 
|  36|0x0000000782400000, 0x0000000782400000, 0x0000000782500000|  0%| F|  |TAMS 0x0000000782400000, 0x0000000782400000| Untracked 
|  37|0x0000000782500000, 0x0000000782500000, 0x0000000782600000|  0%| F|  |TAMS 0x0000000782500000, 0x0000000782500000| Untracked 
|  38|0x0000000782600000, 0x0000000782600000, 0x0000000782700000|  0%| F|  |TAMS 0x0000000782600000, 0x0000000782600000| Untracked 
|  39|0x0000000782700000, 0x0000000782700000, 0x0000000782800000|  0%| F|  |TAMS 0x0000000782700000, 0x0000000782700000| Untracked 
|  40|0x0000000782800000, 0x0000000782800000, 0x0000000782900000|  0%| F|  |TAMS 0x0000000782800000, 0x0000000782800000| Untracked 
|  41|0x0000000782900000, 0x0000000782900000, 0x0000000782a00000|  0%| F|  |TAMS 0x0000000782900000, 0x0000000782900000| Untracked 
|  42|0x0000000782a00000, 0x0000000782a00000, 0x0000000782b00000|  0%| F|  |TAMS 0x0000000782a00000, 0x0000000782a00000| Untracked 
|  43|0x0000000782b00000, 0x0000000782b00000, 0x0000000782c00000|  0%| F|  |TAMS 0x0000000782b00000, 0x0000000782b00000| Untracked 
|  44|0x0000000782c00000, 0x0000000782c00000, 0x0000000782d00000|  0%| F|  |TAMS 0x0000000782c00000, 0x0000000782c00000| Untracked 
|  45|0x0000000782d00000, 0x0000000782d00000, 0x0000000782e00000|  0%| F|  |TAMS 0x0000000782d00000, 0x0000000782d00000| Untracked 
|  46|0x0000000782e00000, 0x0000000782e00000, 0x0000000782f00000|  0%| F|  |TAMS 0x0000000782e00000, 0x0000000782e00000| Untracked 
|  47|0x0000000782f00000, 0x0000000782f00000, 0x0000000783000000|  0%| F|  |TAMS 0x0000000782f00000, 0x0000000782f00000| Untracked 
|  48|0x0000000783000000, 0x0000000783000000, 0x0000000783100000|  0%| F|  |TAMS 0x0000000783000000, 0x0000000783000000| Untracked 
|  49|0x0000000783100000, 0x0000000783100000, 0x0000000783200000|  0%| F|  |TAMS 0x0000000783100000, 0x0000000783100000| Untracked 
|  50|0x0000000783200000, 0x0000000783200000, 0x0000000783300000|  0%| F|  |TAMS 0x0000000783200000, 0x0000000783200000| Untracked 
|  51|0x0000000783300000, 0x0000000783300000, 0x0000000783400000|  0%| F|  |TAMS 0x0000000783300000, 0x0000000783300000| Untracked 
|  52|0x0000000783400000, 0x0000000783400000, 0x0000000783500000|  0%| F|  |TAMS 0x0000000783400000, 0x0000000783400000| Untracked 
|  53|0x0000000783500000, 0x0000000783500000, 0x0000000783600000|  0%| F|  |TAMS 0x0000000783500000, 0x0000000783500000| Untracked 
|  54|0x0000000783600000, 0x0000000783600000, 0x0000000783700000|  0%| F|  |TAMS 0x0000000783600000, 0x0000000783600000| Untracked 
|  55|0x0000000783700000, 0x0000000783700000, 0x0000000783800000|  0%| F|  |TAMS 0x0000000783700000, 0x0000000783700000| Untracked 
|  56|0x0000000783800000, 0x0000000783800000, 0x0000000783900000|  0%| F|  |TAMS 0x0000000783800000, 0x0000000783800000| Untracked 
|  57|0x0000000783900000, 0x0000000783900000, 0x0000000783a00000|  0%| F|  |TAMS 0x0000000783900000, 0x0000000783900000| Untracked 
|  58|0x0000000783a00000, 0x0000000783a00000, 0x0000000783b00000|  0%| F|  |TAMS 0x0000000783a00000, 0x0000000783a00000| Untracked 
|  59|0x0000000783b00000, 0x0000000783b00000, 0x0000000783c00000|  0%| F|  |TAMS 0x0000000783b00000, 0x0000000783b00000| Untracked 
|  60|0x0000000783c00000, 0x0000000783c00000, 0x0000000783d00000|  0%| F|  |TAMS 0x0000000783c00000, 0x0000000783c00000| Untracked 
|  61|0x0000000783d00000, 0x0000000783d00000, 0x0000000783e00000|  0%| F|  |TAMS 0x0000000783d00000, 0x0000000783d00000| Untracked 
|  62|0x0000000783e00000, 0x0000000783e00000, 0x0000000783f00000|  0%| F|  |TAMS 0x0000000783e00000, 0x0000000783e00000| Untracked 
|  63|0x0000000783f00000, 0x0000000783f00000, 0x0000000784000000|  0%| F|  |TAMS 0x0000000783f00000, 0x0000000783f00000| Untracked 
|  64|0x0000000784000000, 0x0000000784000000, 0x0000000784100000|  0%| F|  |TAMS 0x0000000784000000, 0x0000000784000000| Untracked 
|  65|0x0000000784100000, 0x0000000784100000, 0x0000000784200000|  0%| F|  |TAMS 0x0000000784100000, 0x0000000784100000| Untracked 
|  66|0x0000000784200000, 0x0000000784200000, 0x0000000784300000|  0%| F|  |TAMS 0x0000000784200000, 0x0000000784200000| Untracked 
|  67|0x0000000784300000, 0x0000000784300000, 0x0000000784400000|  0%| F|  |TAMS 0x0000000784300000, 0x0000000784300000| Untracked 
|  68|0x0000000784400000, 0x0000000784400000, 0x0000000784500000|  0%| F|  |TAMS 0x0000000784400000, 0x0000000784400000| Untracked 
|  69|0x0000000784500000, 0x0000000784500000, 0x0000000784600000|  0%| F|  |TAMS 0x0000000784500000, 0x0000000784500000| Untracked 
|  70|0x0000000784600000, 0x0000000784600000, 0x0000000784700000|  0%| F|  |TAMS 0x0000000784600000, 0x0000000784600000| Untracked 
|  71|0x0000000784700000, 0x0000000784700000, 0x0000000784800000|  0%| F|  |TAMS 0x0000000784700000, 0x0000000784700000| Untracked 
|  72|0x0000000784800000, 0x0000000784800000, 0x0000000784900000|  0%| F|  |TAMS 0x0000000784800000, 0x0000000784800000| Untracked 
|  73|0x0000000784900000, 0x0000000784900000, 0x0000000784a00000|  0%| F|  |TAMS 0x0000000784900000, 0x0000000784900000| Untracked 
|  74|0x0000000784a00000, 0x0000000784a00000, 0x0000000784b00000|  0%| F|  |TAMS 0x0000000784a00000, 0x0000000784a00000| Untracked 
|  75|0x0000000784b00000, 0x0000000784b00000, 0x0000000784c00000|  0%| F|  |TAMS 0x0000000784b00000, 0x0000000784b00000| Untracked 
|  76|0x0000000784c00000, 0x0000000784c00000, 0x0000000784d00000|  0%| F|  |TAMS 0x0000000784c00000, 0x0000000784c00000| Untracked 
|  77|0x0000000784d00000, 0x0000000784d00000, 0x0000000784e00000|  0%| F|  |TAMS 0x0000000784d00000, 0x0000000784d00000| Untracked 
|  78|0x0000000784e00000, 0x0000000784e00000, 0x0000000784f00000|  0%| F|  |TAMS 0x0000000784e00000, 0x0000000784e00000| Untracked 
|  79|0x0000000784f00000, 0x0000000784f00000, 0x0000000785000000|  0%| F|  |TAMS 0x0000000784f00000, 0x0000000784f00000| Untracked 
|  80|0x0000000785000000, 0x0000000785100000, 0x0000000785100000|100%| S|CS|TAMS 0x0000000785000000, 0x0000000785000000| Complete 
|  81|0x0000000785100000, 0x0000000785200000, 0x0000000785200000|100%| S|CS|TAMS 0x0000000785100000, 0x0000000785100000| Complete 
|  82|0x0000000785200000, 0x0000000785300000, 0x0000000785300000|100%| S|CS|TAMS 0x0000000785200000, 0x0000000785200000| Complete 
|  83|0x0000000785300000, 0x0000000785400000, 0x0000000785400000|100%| S|CS|TAMS 0x0000000785300000, 0x0000000785300000| Complete 
|  84|0x0000000785400000, 0x0000000785500000, 0x0000000785500000|100%| S|CS|TAMS 0x0000000785400000, 0x0000000785400000| Complete 
|  85|0x0000000785500000, 0x0000000785600000, 0x0000000785600000|100%| S|CS|TAMS 0x0000000785500000, 0x0000000785500000| Complete 
|  86|0x0000000785600000, 0x0000000785600000, 0x0000000785700000|  0%| F|  |TAMS 0x0000000785600000, 0x0000000785600000| Untracked 
|  87|0x0000000785700000, 0x0000000785700000, 0x0000000785800000|  0%| F|  |TAMS 0x0000000785700000, 0x0000000785700000| Untracked 
|  88|0x0000000785800000, 0x0000000785800000, 0x0000000785900000|  0%| F|  |TAMS 0x0000000785800000, 0x0000000785800000| Untracked 
|  89|0x0000000785900000, 0x0000000785900000, 0x0000000785a00000|  0%| F|  |TAMS 0x0000000785900000, 0x0000000785900000| Untracked 
|  90|0x0000000785a00000, 0x0000000785a00000, 0x0000000785b00000|  0%| F|  |TAMS 0x0000000785a00000, 0x0000000785a00000| Untracked 
|  91|0x0000000785b00000, 0x0000000785b00000, 0x0000000785c00000|  0%| F|  |TAMS 0x0000000785b00000, 0x0000000785b00000| Untracked 
|  92|0x0000000785c00000, 0x0000000785c00000, 0x0000000785d00000|  0%| F|  |TAMS 0x0000000785c00000, 0x0000000785c00000| Untracked 
|  93|0x0000000785d00000, 0x0000000785d00000, 0x0000000785e00000|  0%| F|  |TAMS 0x0000000785d00000, 0x0000000785d00000| Untracked 
|  94|0x0000000785e00000, 0x0000000785e00000, 0x0000000785f00000|  0%| F|  |TAMS 0x0000000785e00000, 0x0000000785e00000| Untracked 
|  95|0x0000000785f00000, 0x0000000785f00000, 0x0000000786000000|  0%| F|  |TAMS 0x0000000785f00000, 0x0000000785f00000| Untracked 
|  96|0x0000000786000000, 0x0000000786000000, 0x0000000786100000|  0%| F|  |TAMS 0x0000000786000000, 0x0000000786000000| Untracked 
|  97|0x0000000786100000, 0x0000000786100000, 0x0000000786200000|  0%| F|  |TAMS 0x0000000786100000, 0x0000000786100000| Untracked 
|  98|0x0000000786200000, 0x0000000786200000, 0x0000000786300000|  0%| F|  |TAMS 0x0000000786200000, 0x0000000786200000| Untracked 
|  99|0x0000000786300000, 0x0000000786300000, 0x0000000786400000|  0%| F|  |TAMS 0x0000000786300000, 0x0000000786300000| Untracked 
| 100|0x0000000786400000, 0x0000000786400000, 0x0000000786500000|  0%| F|  |TAMS 0x0000000786400000, 0x0000000786400000| Untracked 
| 101|0x0000000786500000, 0x0000000786500000, 0x0000000786600000|  0%| F|  |TAMS 0x0000000786500000, 0x0000000786500000| Untracked 
| 102|0x0000000786600000, 0x0000000786600000, 0x0000000786700000|  0%| F|  |TAMS 0x0000000786600000, 0x0000000786600000| Untracked 
| 103|0x0000000786700000, 0x0000000786700000, 0x0000000786800000|  0%| F|  |TAMS 0x0000000786700000, 0x0000000786700000| Untracked 
| 104|0x0000000786800000, 0x0000000786800000, 0x0000000786900000|  0%| F|  |TAMS 0x0000000786800000, 0x0000000786800000| Untracked 
| 105|0x0000000786900000, 0x0000000786900000, 0x0000000786a00000|  0%| F|  |TAMS 0x0000000786900000, 0x0000000786900000| Untracked 
| 106|0x0000000786a00000, 0x0000000786a00000, 0x0000000786b00000|  0%| F|  |TAMS 0x0000000786a00000, 0x0000000786a00000| Untracked 
| 107|0x0000000786b00000, 0x0000000786b00000, 0x0000000786c00000|  0%| F|  |TAMS 0x0000000786b00000, 0x0000000786b00000| Untracked 
| 108|0x0000000786c00000, 0x0000000786c00000, 0x0000000786d00000|  0%| F|  |TAMS 0x0000000786c00000, 0x0000000786c00000| Untracked 
| 109|0x0000000786d00000, 0x0000000786d00000, 0x0000000786e00000|  0%| F|  |TAMS 0x0000000786d00000, 0x0000000786d00000| Untracked 
| 110|0x0000000786e00000, 0x0000000786e00000, 0x0000000786f00000|  0%| F|  |TAMS 0x0000000786e00000, 0x0000000786e00000| Untracked 
| 111|0x0000000786f00000, 0x0000000786f00000, 0x0000000787000000|  0%| F|  |TAMS 0x0000000786f00000, 0x0000000786f00000| Untracked 
| 112|0x0000000787000000, 0x0000000787000000, 0x0000000787100000|  0%| F|  |TAMS 0x0000000787000000, 0x0000000787000000| Untracked 
| 113|0x0000000787100000, 0x0000000787100000, 0x0000000787200000|  0%| F|  |TAMS 0x0000000787100000, 0x0000000787100000| Untracked 
| 114|0x0000000787200000, 0x0000000787200000, 0x0000000787300000|  0%| F|  |TAMS 0x0000000787200000, 0x0000000787200000| Untracked 
| 115|0x0000000787300000, 0x0000000787300000, 0x0000000787400000|  0%| F|  |TAMS 0x0000000787300000, 0x0000000787300000| Untracked 
| 116|0x0000000787400000, 0x0000000787400000, 0x0000000787500000|  0%| F|  |TAMS 0x0000000787400000, 0x0000000787400000| Untracked 
| 117|0x0000000787500000, 0x0000000787500000, 0x0000000787600000|  0%| F|  |TAMS 0x0000000787500000, 0x0000000787500000| Untracked 
| 118|0x0000000787600000, 0x0000000787600000, 0x0000000787700000|  0%| F|  |TAMS 0x0000000787600000, 0x0000000787600000| Untracked 
| 119|0x0000000787700000, 0x0000000787700000, 0x0000000787800000|  0%| F|  |TAMS 0x0000000787700000, 0x0000000787700000| Untracked 
| 120|0x0000000787800000, 0x0000000787800000, 0x0000000787900000|  0%| F|  |TAMS 0x0000000787800000, 0x0000000787800000| Untracked 
| 121|0x0000000787900000, 0x0000000787900000, 0x0000000787a00000|  0%| F|  |TAMS 0x0000000787900000, 0x0000000787900000| Untracked 
| 122|0x0000000787a00000, 0x0000000787a00000, 0x0000000787b00000|  0%| F|  |TAMS 0x0000000787a00000, 0x0000000787a00000| Untracked 
| 123|0x0000000787b00000, 0x0000000787b00000, 0x0000000787c00000|  0%| F|  |TAMS 0x0000000787b00000, 0x0000000787b00000| Untracked 
| 124|0x0000000787c00000, 0x0000000787c00800, 0x0000000787d00000|  0%| E|  |TAMS 0x0000000787c00000, 0x0000000787c00000| Complete 
| 125|0x0000000787d00000, 0x0000000787e00000, 0x0000000787e00000|100%| E|CS|TAMS 0x0000000787d00000, 0x0000000787d00000| Complete 
| 126|0x0000000787e00000, 0x0000000787f00000, 0x0000000787f00000|100%| E|CS|TAMS 0x0000000787e00000, 0x0000000787e00000| Complete 
| 127|0x0000000787f00000, 0x0000000788000000, 0x0000000788000000|100%| E|CS|TAMS 0x0000000787f00000, 0x0000000787f00000| Complete 
|2046|0x00000007ffe00000, 0x00000007ffe78000, 0x00000007fff00000| 46%|OA|  |TAMS 0x00000007ffe00000, 0x00000007ffe00000| Untracked 
|2047|0x00000007fff00000, 0x00000007fff80000, 0x0000000800000000| 50%|CA|  |TAMS 0x00000007fff00000, 0x00000007fff00000| Untracked 

Card table byte_map: [0x0000000100d0c000,0x000000010110c000] _byte_map_base: 0x00000000fd10c000

Marking Bits (Prev, Next): (CMBitMap*) 0x0000000147832610, (CMBitMap*) 0x0000000147832650
 Prev Bits: [0x0000000118b80000, 0x000000011ab80000)
 Next Bits: [0x000000011ab80000, 0x000000011cb80000)

Polling page: 0x0000000100634000

Metaspace:

Usage:
  Non-class:     13.31 MB used.
      Class:      2.23 MB used.
       Both:     15.53 MB used.

Virtual space:
  Non-class space:       16.00 MB reserved,      13.44 MB ( 84%) committed,  2 nodes.
      Class space:        1.00 GB reserved,       2.38 MB ( <1%) committed,  1 nodes.
             Both:        1.02 GB reserved,      15.81 MB (  2%) committed. 

Chunk freelists:
   Non-Class:  1.97 MB
       Class:  1.66 MB
        Both:  3.64 MB

MaxMetaspaceSize: unlimited
CompressedClassSpaceSize: 1.00 GB
Initial GC threshold: 21.00 MB
Current GC threshold: 21.00 MB
CDS: on
MetaspaceReclaimPolicy: balanced
 - commit_granule_bytes: 65536.
 - commit_granule_words: 8192.
 - virtual_space_node_default_size: 1048576.
 - enlarge_chunks_in_place: 1.
 - new_chunks_are_fully_committed: 0.
 - uncommit_free_chunks: 1.
 - use_allocation_guard: 0.
 - handle_deallocations: 1.


Internal statistics:

num_allocs_failed_limit: 0.
num_arena_births: 210.
num_arena_deaths: 0.
num_vsnodes_births: 3.
num_vsnodes_deaths: 0.
num_space_committed: 253.
num_space_uncommitted: 0.
num_chunks_returned_to_freelist: 0.
num_chunks_taken_from_freelist: 702.
num_chunk_merges: 0.
num_chunk_splits: 490.
num_chunks_enlarged: 380.
num_purges: 0.
num_inconsistent_stats: 0.

CodeHeap 'non-profiled nmethods': size=120032Kb used=1099Kb max_used=1099Kb free=118933Kb
 bounds [0x0000000111648000, 0x00000001118b8000, 0x0000000118b80000]
CodeHeap 'profiled nmethods': size=120016Kb used=5954Kb max_used=5954Kb free=114061Kb
 bounds [0x000000010a114000, 0x000000010a6f4000, 0x0000000111648000]
CodeHeap 'non-nmethods': size=5712Kb used=1382Kb max_used=1467Kb free=4329Kb
 bounds [0x0000000109b80000, 0x0000000109df0000, 0x000000010a114000]
 total_blobs=3679 nmethods=2908 adapters=687
 compilation: enabled
              stopped_count=0, restarted_count=0
 full_count=0

Compilation events (20 events):
Event: 12.208 Thread 0x0000000146818e00 3014       3       javafx.scene.Node::sceneToLocal0 (46 bytes)
Event: 12.209 Thread 0x0000000146818e00 nmethod 3014 0x000000010a6db690 code [0x000000010a6dba40, 0x000000010a6dd3c8]
Event: 12.495 Thread 0x0000000146818e00 3015       3       com.sun.javafx.geom.transform.AffineBase::deltaTransform (204 bytes)
Event: 12.495 Thread 0x0000000146818e00 nmethod 3015 0x000000010a6dda90 code [0x000000010a6ddc80, 0x000000010a6de298]
Event: 12.495 Thread 0x0000000146818e00 3016       3       com.sun.javafx.geom.Vec3d::normalize (38 bytes)
Event: 12.496 Thread 0x0000000146818e00 nmethod 3016 0x000000010a6de510 code [0x000000010a6de6c0, 0x000000010a6de898]
Event: 12.512 Thread 0x0000000146818e00 3017   !   3       com.sun.javafx.event.EventQueue::fire (66 bytes)
Event: 12.513 Thread 0x0000000146818e00 nmethod 3017 0x000000010a6de990 code [0x000000010a6dec00, 0x000000010a6df4d8]
Event: 12.569 Thread 0x0000000146818800 3018       4       java.util.EnumMap$EnumMapIterator::hasNext (64 bytes)
Event: 12.573 Thread 0x0000000146818800 nmethod 3018 0x0000000111759d90 code [0x0000000111759f40, 0x000000011175a130]
Event: 12.852 Thread 0x0000000146818800 3020       4       javafx.css.CssMetaData::hashCode (28 bytes)
Event: 12.853 Thread 0x0000000146818e00 3021       3       javafx.scene.Node$StyleableProperties$1::isSettable (9 bytes)
Event: 12.853 Thread 0x0000000146818e00 nmethod 3021 0x000000010a6df910 code [0x000000010a6dfb00, 0x000000010a6e00a8]
Event: 12.853 Thread 0x0000000146818e00 3022       3       javafx.scene.Node$StyleableProperties$1::isSettable (23 bytes)
Event: 12.854 Thread 0x0000000146818e00 nmethod 3022 0x000000010a6e0290 code [0x000000010a6e0480, 0x000000010a6e08a8]
Event: 12.854 Thread 0x0000000146818e00 3023       3       javafx.scene.Node$StyleableProperties$13::isSettable (9 bytes)
Event: 12.854 Thread 0x0000000146818e00 nmethod 3023 0x000000010a6e0a10 code [0x000000010a6e0bc0, 0x000000010a6e0e58]
Event: 12.854 Thread 0x0000000146818e00 3024       3       com.sun.javafx.font.PrismFont::equals (52 bytes)
Event: 12.854 Thread 0x0000000146818e00 nmethod 3024 0x000000010a6e0f10 code [0x000000010a6e1100, 0x000000010a6e1698]
Event: 12.854 Thread 0x0000000146818e00 3025       3       javafx.scene.Parent::prefHeight (89 bytes)

GC Heap History (4 events):
Event: 0.411 GC heap before
{Heap before GC invocations=0 (full 0):
 garbage-first heap   total 133120K, used 23520K [0x0000000780000000, 0x0000000800000000)
  region size 1024K, 23 young (23552K), 0 survivors (0K)
 Metaspace       used 6039K, committed 6208K, reserved 1056768K
  class space    used 718K, committed 768K, reserved 1048576K
}
Event: 0.413 GC heap after
{Heap after GC invocations=1 (full 0):
 garbage-first heap   total 133120K, used 4416K [0x0000000780000000, 0x0000000800000000)
  region size 1024K, 3 young (3072K), 3 survivors (3072K)
 Metaspace       used 6039K, committed 6208K, reserved 1056768K
  class space    used 718K, committed 768K, reserved 1048576K
}
Event: 8.071 GC heap before
{Heap before GC invocations=1 (full 0):
 garbage-first heap   total 133120K, used 64832K [0x0000000780000000, 0x0000000800000000)
  region size 1024K, 42 young (43008K), 3 survivors (3072K)
 Metaspace       used 15572K, committed 15872K, reserved 1064960K
  class space    used 2268K, committed 2432K, reserved 1048576K
}
Event: 8.076 GC heap after
{Heap after GC invocations=2 (full 0):
 garbage-first heap   total 133120K, used 20753K [0x0000000780000000, 0x0000000800000000)
  region size 1024K, 6 young (6144K), 6 survivors (6144K)
 Metaspace       used 15572K, committed 15872K, reserved 1064960K
  class space    used 2268K, committed 2432K, reserved 1048576K
}

Deoptimization events (20 events):
Event: 8.094 Thread 0x000000014691d000 DEOPT PACKING pc=0x000000010a59e680 sp=0x000000017248d3e0
Event: 8.094 Thread 0x000000014691d000 DEOPT UNPACKING pc=0x0000000109bbeb7c sp=0x000000017248cfe0 mode 0
Event: 8.094 Thread 0x000000014691d000 DEOPT PACKING pc=0x000000010a528560 sp=0x000000017248d4c0
Event: 8.094 Thread 0x000000014691d000 DEOPT UNPACKING pc=0x0000000109bbeb7c sp=0x000000017248d160 mode 0
Event: 8.095 Thread 0x000000014691d000 DEOPT PACKING pc=0x000000010a528560 sp=0x000000017248d4c0
Event: 8.095 Thread 0x000000014691d000 DEOPT UNPACKING pc=0x0000000109bbeb7c sp=0x000000017248d160 mode 0
Event: 8.105 Thread 0x000000014691d000 DEOPT PACKING pc=0x000000010a59e680 sp=0x000000017248d3e0
Event: 8.105 Thread 0x000000014691d000 DEOPT UNPACKING pc=0x0000000109bbeb7c sp=0x000000017248cfe0 mode 0
Event: 8.106 Thread 0x000000014691d000 DEOPT PACKING pc=0x000000010a59e680 sp=0x000000017248d3e0
Event: 8.106 Thread 0x000000014691d000 DEOPT UNPACKING pc=0x0000000109bbeb7c sp=0x000000017248cfe0 mode 0
Event: 8.107 Thread 0x000000014691d000 DEOPT PACKING pc=0x000000010a528560 sp=0x000000017248d4c0
Event: 8.107 Thread 0x000000014691d000 DEOPT UNPACKING pc=0x0000000109bbeb7c sp=0x000000017248d160 mode 0
Event: 8.110 Thread 0x000000014691d000 DEOPT PACKING pc=0x000000010a59e680 sp=0x000000017248d3e0
Event: 8.110 Thread 0x000000014691d000 DEOPT UNPACKING pc=0x0000000109bbeb7c sp=0x000000017248cfe0 mode 0
Event: 8.110 Thread 0x000000014691d000 DEOPT PACKING pc=0x000000010a528560 sp=0x000000017248d4c0
Event: 8.110 Thread 0x000000014691d000 DEOPT UNPACKING pc=0x0000000109bbeb7c sp=0x000000017248d160 mode 0
Event: 8.110 Thread 0x000000014691d000 DEOPT PACKING pc=0x000000010a59e680 sp=0x000000017248d3e0
Event: 8.110 Thread 0x000000014691d000 DEOPT UNPACKING pc=0x0000000109bbeb7c sp=0x000000017248cfe0 mode 0
Event: 9.485 Thread 0x00000001479a4000 DEOPT PACKING pc=0x000000010a41d9c8 sp=0x000000016f9fe2e0
Event: 9.485 Thread 0x00000001479a4000 DEOPT UNPACKING pc=0x0000000109bbeb7c sp=0x000000016f9fdf70 mode 3

Classes unloaded (0 events):
No events

Classes redefined (0 events):
No events

Internal exceptions (20 events):
Event: 0.508 Thread 0x00000001479a4000 Exception <a 'java/lang/NoSuchMethodError'{0x0000000787439f68}: 'void java.lang.invoke.DirectMethodHandle$Holder.invokeStaticInit(java.lang.Object, java.lang.Object)'> (0x0000000787439f68) 
thrown [open/src/hotspot/share/interpreter/linkResolver.cpp, line 766]
Event: 0.514 Thread 0x00000001479a4000 Exception <a 'sun/nio/fs/UnixException'{0x0000000787324318}> (0x0000000787324318) 
thrown [open/src/hotspot/share/prims/jni.cpp, line 516]
Event: 0.592 Thread 0x00000001479a4000 Exception <a 'java/io/FileNotFoundException'{0x00000007872a0b70}> (0x00000007872a0b70) 
thrown [open/src/hotspot/share/prims/jni.cpp, line 516]
Event: 0.613 Thread 0x00000001479a4000 Implicit null exception at 0x0000000111673378 to 0x0000000111673408
Event: 0.620 Thread 0x00000001479a4000 Implicit null exception at 0x00000001116b2314 to 0x00000001116b26a0
Event: 0.694 Thread 0x00000001479a4000 Implicit null exception at 0x00000001116b0294 to 0x00000001116b0614
Event: 0.695 Thread 0x00000001479a4000 Implicit null exception at 0x0000000111671a54 to 0x0000000111671ac0
Event: 0.717 Thread 0x00000001479a4000 Exception <a 'java/lang/NoSuchMethodError'{0x0000000786cbbad0}: 'java.lang.Object java.lang.invoke.DirectMethodHandle$Holder.invokeInterface(java.lang.Object, java.lang.Object, java.lang.Object)'> (0x0000000786cbbad0) 
thrown [open/src/hotspot/share/interpreter/linkResolver.cpp, line 766]
Event: 0.717 Thread 0x00000001479a4000 Exception <a 'java/lang/IncompatibleClassChangeError'{0x0000000786cbf198}: Found class java.lang.Object, but interface was expected> (0x0000000786cbf198) 
thrown [open/src/hotspot/share/interpreter/linkResolver.cpp, line 833]
Event: 0.749 Thread 0x00000001479a4000 Exception <a 'java/lang/NoSuchMethodError'{0x0000000786a27600}: 'java.lang.Object java.lang.invoke.DirectMethodHandle$Holder.newInvokeSpecial(java.lang.Object, java.lang.Object, int)'> (0x0000000786a27600) 
thrown [open/src/hotspot/share/interpreter/linkResolver.cpp, line 766]
Event: 0.861 Thread 0x000000014691d000 Exception <a 'java/lang/NoSuchMethodError'{0x00000007869e7f60}: 'int java.lang.invoke.DirectMethodHandle$Holder.invokeStaticInit(java.lang.Object, java.lang.Object)'> (0x00000007869e7f60) 
thrown [open/src/hotspot/share/interpreter/linkResolver.cpp, line 766]
Event: 2.660 Thread 0x00000001479a4000 Exception <a 'java/lang/ClassNotFoundException'{0x0000000785df9f78}: com/sun/javafx/scene/control/skin/resources/controls> (0x0000000785df9f78) 
thrown [open/src/hotspot/share/prims/jni.cpp, line 535]
Event: 2.661 Thread 0x00000001479a4000 Exception <a 'java/lang/ClassNotFoundException'{0x0000000785c09660}: com/sun/javafx/scene/control/skin/resources/controls_en> (0x0000000785c09660) 
thrown [open/src/hotspot/share/prims/jni.cpp, line 535]
Event: 2.661 Thread 0x00000001479a4000 Exception <a 'java/lang/ClassNotFoundException'{0x0000000785c0a8f0}: com/sun/javafx/scene/control/skin/resources/controls_en_US> (0x0000000785c0a8f0) 
thrown [open/src/hotspot/share/prims/jni.cpp, line 535]
Event: 2.670 Thread 0x00000001479a4000 Exception <a 'java/lang/NoSuchMethodError'{0x0000000785b7b460}: 'void java.lang.invoke.DirectMethodHandle$Holder.invokeSpecial(java.lang.Object, java.lang.Object, java.lang.Object, java.lang.Object, java.lang.Object, java.lang.Object)'> (0x0000000785b7b460) 
thrown [open/src/hotspot/share/interpreter/linkResolver.cpp, line 766]
Event: 5.878 Thread 0x00000001479a4000 Exception <a 'java/io/FileNotFoundException'{0x000000078572d738}> (0x000000078572d738) 
thrown [open/src/hotspot/share/prims/jni.cpp, line 516]
Event: 10.788 Thread 0x00000001479a4000 Exception <a 'java/lang/NoSuchMethodError'{0x0000000787ea6b48}: 'long java.lang.invoke.DirectMethodHandle$Holder.invokeStatic(java.lang.Object, java.lang.Object, java.lang.Object)'> (0x0000000787ea6b48) 
thrown [open/src/hotspot/share/interpreter/linkResolver.cpp, line 766]
Event: 10.788 Thread 0x00000001479a4000 Exception <a 'java/lang/NoSuchMethodError'{0x0000000787eaa2f0}: 'long java.lang.invoke.DirectMethodHandle$Holder.invokeStaticInit(java.lang.Object, java.lang.Object, java.lang.Object)'> (0x0000000787eaa2f0) 
thrown [open/src/hotspot/share/interpreter/linkResolver.cpp, line 766]
Event: 10.791 Thread 0x00000001479a4000 Exception <a 'java/lang/NoSuchMethodError'{0x0000000787ec1ef8}: 'java.lang.Object java.lang.invoke.DirectMethodHandle$Holder.newInvokeSpecial(java.lang.Object, java.lang.Object, long)'> (0x0000000787ec1ef8) 
thrown [open/src/hotspot/share/interpreter/linkResolver.cpp, line 766]
Event: 10.791 Thread 0x00000001479a4000 Exception <a 'java/lang/NoSuchMethodError'{0x0000000787ec57c0}: 'java.lang.Object java.lang.invoke.Invokers$Holder.linkToTargetMethod(java.lang.Object, long, java.lang.Object)'> (0x0000000787ec57c0) 
thrown [open/src/hotspot/share/interpreter/linkResolver.cpp, line 766]

VM Operations (20 events):
Event: 3.686 Executing VM operation: Cleanup
Event: 3.687 Executing VM operation: Cleanup done
Event: 4.692 Executing VM operation: Cleanup
Event: 4.692 Executing VM operation: Cleanup done
Event: 5.697 Executing VM operation: Cleanup
Event: 5.697 Executing VM operation: Cleanup done
Event: 6.702 Executing VM operation: Cleanup
Event: 6.702 Executing VM operation: Cleanup done
Event: 7.707 Executing VM operation: Cleanup
Event: 7.707 Executing VM operation: Cleanup done
Event: 8.071 Executing VM operation: G1CollectForAllocation
Event: 8.076 Executing VM operation: G1CollectForAllocation done
Event: 9.081 Executing VM operation: Cleanup
Event: 9.081 Executing VM operation: Cleanup done
Event: 10.086 Executing VM operation: Cleanup
Event: 10.086 Executing VM operation: Cleanup done
Event: 11.090 Executing VM operation: Cleanup
Event: 11.090 Executing VM operation: Cleanup done
Event: 12.095 Executing VM operation: Cleanup
Event: 12.095 Executing VM operation: Cleanup done

Events (20 events):
Event: 9.435 Protecting memory [0x00000001726a4000,0x00000001726b0000] with protection modes 0
Event: 9.435 Thread 0x0000000136052400 Thread added: 0x0000000136052400
Event: 9.719 Protecting memory [0x00000001726a4000,0x00000001726b0000] with protection modes 3
Event: 9.719 Thread 0x0000000136052400 Thread exited: 0x0000000136052400
Event: 10.202 Protecting memory [0x00000001726a4000,0x00000001726b0000] with protection modes 0
Event: 10.202 Thread 0x000000013301d400 Thread added: 0x000000013301d400
Event: 10.501 Protecting memory [0x00000001726a4000,0x00000001726b0000] with protection modes 3
Event: 10.501 Thread 0x000000013301d400 Thread exited: 0x000000013301d400
Event: 10.784 Protecting memory [0x00000001726a4000,0x00000001726b0000] with protection modes 0
Event: 10.784 Thread 0x000000013000c600 Thread added: 0x000000013000c600
Event: 11.171 loading class jdk/internal/misc/ScopedMemoryAccess$Scope
Event: 11.172 loading class jdk/internal/misc/ScopedMemoryAccess$Scope done
Event: 11.452 Protecting memory [0x00000001726a4000,0x00000001726b0000] with protection modes 3
Event: 11.452 Thread 0x000000013000c600 Thread exited: 0x000000013000c600
Event: 11.785 Protecting memory [0x00000001726a4000,0x00000001726b0000] with protection modes 0
Event: 11.785 Thread 0x000000013000c600 Thread added: 0x000000013000c600
Event: 12.486 Protecting memory [0x00000001726a4000,0x00000001726b0000] with protection modes 3
Event: 12.486 Thread 0x000000013000c600 Thread exited: 0x000000013000c600
Event: 12.851 Protecting memory [0x00000001726a4000,0x00000001726b0000] with protection modes 0
Event: 12.851 Thread 0x0000000130018400 Thread added: 0x0000000130018400


Dynamic libraries:
0x0000000100430000 	/Library/Java/JavaVirtualMachines/jdk-17.jdk/Contents/Home/lib/libjli.dylib
0x00000001ad5f0000 	/usr/lib/libz.1.dylib
0x00000001ad6a7000 	/usr/lib/libSystem.B.dylib
0x00000001ad6a1000 	/usr/lib/system/libcache.dylib
0x00000001ad65f000 	/usr/lib/system/libcommonCrypto.dylib
0x00000001ad688000 	/usr/lib/system/libcompiler_rt.dylib
0x00000001ad67f000 	/usr/lib/system/libcopyfile.dylib
0x00000001a28e7000 	/usr/lib/system/libcorecrypto.dylib
0x00000001a299a000 	/usr/lib/system/libdispatch.dylib
0x00000001a2b68000 	/usr/lib/system/libdyld.dylib
0x00000001ad697000 	/usr/lib/system/libkeymgr.dylib
0x00000001ad63a000 	/usr/lib/system/libmacho.dylib
0x00000001acd2f000 	/usr/lib/system/libquarantine.dylib
0x00000001ad694000 	/usr/lib/system/libremovefile.dylib
0x00000001a7cd0000 	/usr/lib/system/libsystem_asl.dylib
0x00000001a2889000 	/usr/lib/system/libsystem_blocks.dylib
0x00000001a2a22000 	/usr/lib/system/libsystem_c.dylib
0x00000001ad68c000 	/usr/lib/system/libsystem_collections.dylib
0x00000001ac1bd000 	/usr/lib/system/libsystem_configuration.dylib
0x00000001ab419000 	/usr/lib/system/libsystem_containermanager.dylib
0x00000001ad39c000 	/usr/lib/system/libsystem_coreservices.dylib
0x00000001a5290000 	/usr/lib/system/libsystem_darwin.dylib
0x00000001ad698000 	/usr/lib/system/libsystem_dnssd.dylib
0x00000001a2a1f000 	/usr/lib/system/libsystem_featureflags.dylib
0x00000001a2b7d000 	/usr/lib/system/libsystem_info.dylib
0x00000001ad602000 	/usr/lib/system/libsystem_m.dylib
0x00000001a296f000 	/usr/lib/system/libsystem_malloc.dylib
0x00000001a7c5f000 	/usr/lib/system/libsystem_networkextension.dylib
0x00000001a56e9000 	/usr/lib/system/libsystem_notify.dylib
0x00000001b39e5000 	/usr/lib/system/libsystem_product_info_filter.dylib
0x00000001ac1c2000 	/usr/lib/system/libsystem_sandbox.dylib
0x00000001ad691000 	/usr/lib/system/libsystem_secinit.dylib
0x00000001a2b23000 	/usr/lib/system/libsystem_kernel.dylib
0x00000001a2b75000 	/usr/lib/system/libsystem_platform.dylib
0x00000001a2b5b000 	/usr/lib/system/libsystem_pthread.dylib
0x00000001a9428000 	/usr/lib/system/libsystem_symptoms.dylib
0x00000001a28cd000 	/usr/lib/system/libsystem_trace.dylib
0x00000001ad66c000 	/usr/lib/system/libunwind.dylib
0x00000001a288b000 	/usr/lib/system/libxpc.dylib
0x00000001a2b0b000 	/usr/lib/libc++abi.dylib
0x00000001a29e1000 	/usr/lib/libobjc.A.dylib
0x00000001ad677000 	/usr/lib/liboah.dylib
0x00000001a2aa4000 	/usr/lib/libc++.1.dylib
0x00000001b94fe000 	/System/Library/Frameworks/Cocoa.framework/Versions/A/Cocoa
0x00000001a574a000 	/System/Library/Frameworks/AppKit.framework/Versions/C/AppKit
0x00000001a8c50000 	/System/Library/Frameworks/CoreData.framework/Versions/A/CoreData
0x00000001a3aa5000 	/System/Library/Frameworks/Foundation.framework/Versions/C/Foundation
0x00000001a6602000 	/System/Library/PrivateFrameworks/UIFoundation.framework/Versions/A/UIFoundation
0x00000001b36df000 	/System/Library/PrivateFrameworks/RemoteViewServices.framework/Versions/A/RemoteViewServices
0x00000001abb65000 	/System/Library/PrivateFrameworks/XCTTargetBootstrap.framework/Versions/A/XCTTargetBootstrap
0x00000001af3e3000 	/System/Library/PrivateFrameworks/InternationalSupport.framework/Versions/A/InternationalSupport
0x00000001af46c000 	/System/Library/PrivateFrameworks/UserActivity.framework/Versions/A/UserActivity
0x00000001ae8de000 	/usr/lib/libspindump.dylib
0x00000001a6873000 	/System/Library/Frameworks/UniformTypeIdentifiers.framework/Versions/A/UniformTypeIdentifiers
0x00000001aa0b0000 	/usr/lib/libapp_launch_measurement.dylib
0x00000001a95da000 	/System/Library/PrivateFrameworks/CoreAnalytics.framework/Versions/A/CoreAnalytics
0x00000001aa0b3000 	/System/Library/PrivateFrameworks/CoreAutoLayout.framework/Versions/A/CoreAutoLayout
0x00000001ab456000 	/System/Library/Frameworks/Metal.framework/Versions/A/Metal
0x00000001ac1cd000 	/usr/lib/liblangid.dylib
0x00000001abb6a000 	/System/Library/PrivateFrameworks/CoreSVG.framework/Versions/A/CoreSVG
0x00000001a7d04000 	/System/Library/PrivateFrameworks/SkyLight.framework/Versions/A/SkyLight
0x00000001a80d9000 	/System/Library/Frameworks/CoreGraphics.framework/Versions/A/CoreGraphics
0x00000001b3dab000 	/System/Library/Frameworks/Accelerate.framework/Versions/A/Accelerate
0x00000001ae355000 	/System/Library/PrivateFrameworks/IconServices.framework/Versions/A/IconServices
0x00000001ab438000 	/System/Library/Frameworks/IOSurface.framework/Versions/A/IOSurface
0x00000001a960b000 	/usr/lib/libDiagnosticMessagesClient.dylib
0x00000001b72ac000 	/System/Library/Frameworks/ApplicationServices.framework/Versions/A/ApplicationServices
0x00000001abb4d000 	/System/Library/PrivateFrameworks/DFRFoundation.framework/Versions/A/DFRFoundation
0x00000001a4fda000 	/usr/lib/libicucore.A.dylib
0x00000001b028f000 	/System/Library/Frameworks/AudioToolbox.framework/Versions/A/AudioToolbox
0x00000001af3ef000 	/System/Library/PrivateFrameworks/DataDetectorsCore.framework/Versions/A/DataDetectorsCore
0x00000001c5d2f000 	/System/Library/PrivateFrameworks/TextInput.framework/Versions/A/TextInput
0x00000001a7c79000 	/usr/lib/libMobileGestalt.dylib
0x00000001ab819000 	/System/Library/Frameworks/Carbon.framework/Versions/A/Frameworks/HIToolbox.framework/Versions/A/HIToolbox
0x00000001a9a8c000 	/System/Library/Frameworks/QuartzCore.framework/Versions/A/QuartzCore
0x00000001a4c5d000 	/System/Library/Frameworks/Security.framework/Versions/A/Security
0x00000001b371f000 	/System/Library/Frameworks/Carbon.framework/Versions/A/Frameworks/SpeechRecognition.framework/Versions/A/SpeechRecognition
0x00000001a9e06000 	/System/Library/PrivateFrameworks/CoreUI.framework/Versions/A/CoreUI
0x00000001a453a000 	/System/Library/Frameworks/CoreAudio.framework/Versions/A/CoreAudio
0x00000001a9700000 	/System/Library/Frameworks/DiskArbitration.framework/Versions/A/DiskArbitration
0x00000001aece8000 	/System/Library/PrivateFrameworks/MultitouchSupport.framework/Versions/A/MultitouchSupport
0x00000001a7c77000 	/usr/lib/libenergytrace.dylib
0x00000001a5612000 	/System/Library/Frameworks/IOKit.framework/Versions/A/IOKit
0x00000001b3b0e000 	/System/Library/Frameworks/CoreServices.framework/Versions/A/CoreServices
0x00000001aa040000 	/System/Library/PrivateFrameworks/PerformanceAnalysis.framework/Versions/A/PerformanceAnalysis
0x0000000204017000 	/System/Library/Frameworks/OpenGL.framework/Versions/A/OpenGL
0x00000001acc47000 	/System/Library/PrivateFrameworks/MobileKeyBag.framework/Versions/A/MobileKeyBag
0x00000001a86e6000 	/System/Library/Frameworks/ColorSync.framework/Versions/A/ColorSync
0x00000001a2baa000 	/System/Library/Frameworks/CoreFoundation.framework/Versions/A/CoreFoundation
0x00000001abde9000 	/System/Library/Frameworks/CoreImage.framework/Versions/A/CoreImage
0x00000001a435e000 	/System/Library/Frameworks/CoreText.framework/Versions/A/CoreText
0x00000001abb9a000 	/System/Library/Frameworks/ImageIO.framework/Versions/A/ImageIO
0x00000001ad6ad000 	/System/Library/PrivateFrameworks/SoftLinking.framework/Versions/A/SoftLinking
0x00000001aa0fe000 	/usr/lib/libxml2.2.dylib
0x00000001ad946000 	/usr/lib/libcompression.dylib
0x00000001af33f000 	/System/Library/PrivateFrameworks/TextureIO.framework/Versions/A/TextureIO
0x00000001ae06e000 	/usr/lib/libate.dylib
0x00000001adf33000 	/usr/lib/liblzma.5.dylib
0x00000001a3799000 	/System/Library/Frameworks/SystemConfiguration.framework/Versions/A/SystemConfiguration
0x00000001ad6a9000 	/usr/lib/libfakelink.dylib
0x00000001a77ab000 	/System/Library/Frameworks/CFNetwork.framework/Versions/A/CFNetwork
0x00000001ad7ef000 	/usr/lib/libarchive.2.dylib
0x00000001ac1c9000 	/System/Library/PrivateFrameworks/AppleSystemInfo.framework/Versions/A/AppleSystemInfo
0x00000001acd5a000 	/usr/lib/libbsm.0.dylib
0x00000001a6d1c000 	/usr/lib/libnetwork.dylib
0x00000001ad643000 	/usr/lib/system/libkxld.dylib
0x00000001ac96d000 	/System/Library/PrivateFrameworks/IOMobileFramebuffer.framework/Versions/A/IOMobileFramebuffer
0x0000000221943000 	/usr/lib/libCoreEntitlements.dylib
0x00000001ad37e000 	/System/Library/PrivateFrameworks/AppleFSCompression.framework/Versions/A/AppleFSCompression
0x00000001acd42000 	/usr/lib/libcoretls.dylib
0x00000001adf4c000 	/usr/lib/libcoretls_cfhelpers.dylib
0x00000001ad941000 	/usr/lib/libpam.2.dylib
0x00000001a903f000 	/usr/lib/libsqlite3.dylib
0x00000001adfb5000 	/usr/lib/libxar.1.dylib
0x00000001ad38f000 	/usr/lib/libbz2.1.0.dylib
0x00000001ad6ae000 	/usr/lib/libpcap.A.dylib
0x00000001a941f000 	/usr/lib/libdns_services.dylib
0x00000001ad914000 	/usr/lib/libapple_nghttp2.dylib
0x00000001ad6eb000 	/usr/lib/libiconv.2.dylib
0x00000001ad639000 	/usr/lib/libcharset.1.dylib
0x00000001aa07c000 	/System/Library/Frameworks/CoreServices.framework/Versions/A/Frameworks/FSEvents.framework/Versions/A/FSEvents
0x00000001a529b000 	/System/Library/Frameworks/CoreServices.framework/Versions/A/Frameworks/CarbonCore.framework/Versions/A/CarbonCore
0x00000001a9660000 	/System/Library/Frameworks/CoreServices.framework/Versions/A/Frameworks/Metadata.framework/Versions/A/Metadata
0x00000001ad3a2000 	/System/Library/Frameworks/CoreServices.framework/Versions/A/Frameworks/OSServices.framework/Versions/A/OSServices
0x00000001ad875000 	/System/Library/Frameworks/CoreServices.framework/Versions/A/Frameworks/SearchKit.framework/Versions/A/SearchKit
0x00000001a93ae000 	/System/Library/Frameworks/CoreServices.framework/Versions/A/Frameworks/AE.framework/Versions/A/AE
0x00000001a30f0000 	/System/Library/Frameworks/CoreServices.framework/Versions/A/Frameworks/LaunchServices.framework/Versions/A/LaunchServices
0x00000001adedc000 	/System/Library/Frameworks/CoreServices.framework/Versions/A/Frameworks/DictionaryServices.framework/Versions/A/DictionaryServices
0x00000001aa089000 	/System/Library/Frameworks/CoreServices.framework/Versions/A/Frameworks/SharedFileList.framework/Versions/A/SharedFileList
0x00000001acd32000 	/usr/lib/libCheckFix.dylib
0x00000001a7ce8000 	/System/Library/PrivateFrameworks/TCC.framework/Versions/A/TCC
0x00000001ac1cf000 	/System/Library/PrivateFrameworks/CoreNLP.framework/Versions/A/CoreNLP
0x00000001a960e000 	/System/Library/PrivateFrameworks/MetadataUtilities.framework/Versions/A/MetadataUtilities
0x00000001a3852000 	/usr/lib/libmecabra.dylib
0x00000001acd6b000 	/usr/lib/libmecab.dylib
0x00000001a381e000 	/usr/lib/libCRFSuite.dylib
0x00000001acdc8000 	/usr/lib/libgermantok.dylib
0x00000001ad8ed000 	/usr/lib/libThaiTokenizer.dylib
0x00000001a9708000 	/System/Library/Frameworks/Accelerate.framework/Versions/A/Frameworks/vImage.framework/Versions/A/vImage
0x00000001b3ae5000 	/System/Library/Frameworks/Accelerate.framework/Versions/A/Frameworks/vecLib.framework/Versions/A/vecLib
0x00000001adffa000 	/System/Library/Frameworks/Accelerate.framework/Versions/A/Frameworks/vecLib.framework/Versions/A/libvMisc.dylib
0x00000001ac874000 	/System/Library/Frameworks/Accelerate.framework/Versions/A/Frameworks/vecLib.framework/Versions/A/libvDSP.dylib
0x00000001a3479000 	/System/Library/Frameworks/Accelerate.framework/Versions/A/Frameworks/vecLib.framework/Versions/A/libBLAS.dylib
0x00000001ada17000 	/System/Library/Frameworks/Accelerate.framework/Versions/A/Frameworks/vecLib.framework/Versions/A/libLAPACK.dylib
0x00000001acdcb000 	/System/Library/Frameworks/Accelerate.framework/Versions/A/Frameworks/vecLib.framework/Versions/A/libLinearAlgebra.dylib
0x00000001ad92c000 	/System/Library/Frameworks/Accelerate.framework/Versions/A/Frameworks/vecLib.framework/Versions/A/libSparseBLAS.dylib
0x00000001ada12000 	/System/Library/Frameworks/Accelerate.framework/Versions/A/Frameworks/vecLib.framework/Versions/A/libQuadrature.dylib
0x00000001ac2c8000 	/System/Library/Frameworks/Accelerate.framework/Versions/A/Frameworks/vecLib.framework/Versions/A/libBNNS.dylib
0x00000001a3737000 	/System/Library/Frameworks/Accelerate.framework/Versions/A/Frameworks/vecLib.framework/Versions/A/libSparse.dylib
0x00000001ac2c0000 	/System/Library/PrivateFrameworks/LinguisticData.framework/Versions/A/LinguisticData
0x00000001a36ef000 	/System/Library/PrivateFrameworks/Lexicon.framework/Versions/A/Lexicon
0x00000001adff2000 	/usr/lib/libChineseTokenizer.dylib
0x00000001a3e96000 	/System/Library/PrivateFrameworks/LanguageModeling.framework/Versions/A/LanguageModeling
0x00000001ad8ef000 	/System/Library/PrivateFrameworks/AppleSauce.framework/Versions/A/AppleSauce
0x00000001ac95a000 	/System/Library/PrivateFrameworks/CoreEmoji.framework/Versions/A/CoreEmoji
0x00000001ad7dd000 	/usr/lib/libcmph.dylib
0x00000001aa05c000 	/System/Library/Frameworks/OpenDirectory.framework/Versions/A/Frameworks/CFOpenDirectory.framework/Versions/A/CFOpenDirectory
0x00000001aa04c000 	/System/Library/Frameworks/OpenDirectory.framework/Versions/A/OpenDirectory
0x00000001adf4e000 	/System/Library/PrivateFrameworks/APFS.framework/Versions/A/APFS
0x00000001acc82000 	/System/Library/Frameworks/SecurityFoundation.framework/Versions/A/SecurityFoundation
0x00000001adfc4000 	/usr/lib/libutil.dylib
0x00000001a55d4000 	/System/Library/PrivateFrameworks/CoreServicesStore.framework/Versions/A/CoreServicesStore
0x00000001adfc8000 	/usr/lib/libxslt.1.dylib
0x00000001acd16000 	/System/Library/PrivateFrameworks/BackgroundTaskManagement.framework/Versions/A/BackgroundTaskManagement
0x00000001af260000 	/System/Library/Frameworks/ImageIO.framework/Versions/A/Resources/libRadiance.dylib
0x00000001af269000 	/System/Library/Frameworks/ImageIO.framework/Versions/A/Resources/libJPEG.dylib
0x00000001af1bc000 	/System/Library/Frameworks/ImageIO.framework/Versions/A/Resources/libPng.dylib
0x00000001af1de000 	/System/Library/Frameworks/ImageIO.framework/Versions/A/Resources/libTIFF.dylib
0x00000001af2c4000 	/System/Library/Frameworks/ImageIO.framework/Versions/A/Resources/libGIF.dylib
0x00000001aebf8000 	/System/Library/Frameworks/ImageIO.framework/Versions/A/Resources/libJP2.dylib
0x00000001ae31a000 	/usr/lib/libexpat.1.dylib
0x00000001aebb3000 	/System/Library/PrivateFrameworks/AppleJPEG.framework/Versions/A/AppleJPEG
0x00000001ab6d5000 	/System/Library/PrivateFrameworks/FontServices.framework/libFontParser.dylib
0x00000001a9353000 	/System/Library/PrivateFrameworks/RunningBoardServices.framework/Versions/A/RunningBoardServices
0x00000001b9bd1000 	/System/Library/PrivateFrameworks/IOSurfaceAccelerator.framework/Versions/A/IOSurfaceAccelerator
0x00000001aece4000 	/System/Library/PrivateFrameworks/WatchdogClient.framework/Versions/A/WatchdogClient
0x00000001a3f9a000 	/System/Library/Frameworks/CoreDisplay.framework/Versions/A/CoreDisplay
0x00000001ab5bf000 	/System/Library/Frameworks/CoreMedia.framework/Versions/A/CoreMedia
0x00000001ab44c000 	/System/Library/PrivateFrameworks/IOAccelerator.framework/Versions/A/IOAccelerator
0x00000001aa1ec000 	/System/Library/Frameworks/CoreVideo.framework/Versions/A/CoreVideo
0x00000001ad93f000 	/System/Library/Frameworks/MetalPerformanceShaders.framework/Versions/A/MetalPerformanceShaders
0x00000001aed23000 	/System/Library/Frameworks/VideoToolbox.framework/Versions/A/VideoToolbox
0x00000001a9297000 	/System/Library/PrivateFrameworks/BaseBoard.framework/Versions/A/BaseBoard
0x00000001a9025000 	/System/Library/PrivateFrameworks/ProtocolBuffer.framework/Versions/A/ProtocolBuffer
0x00000001af25b000 	/System/Library/PrivateFrameworks/GPUWrangler.framework/Versions/A/GPUWrangler
0x00000001af23b000 	/System/Library/PrivateFrameworks/IOPresentment.framework/Versions/A/IOPresentment
0x00000001af263000 	/System/Library/PrivateFrameworks/DSExternalDisplay.framework/Versions/A/DSExternalDisplay
0x000000020400a000 	/System/Library/Frameworks/OpenGL.framework/Versions/A/Libraries/libCoreFSCache.dylib
0x000000020e4c9000 	/System/Library/PrivateFrameworks/GPUCompiler.framework/Versions/31001/Libraries/libGPUCompilerUtils.dylib
0x00000001af2c9000 	/System/Library/PrivateFrameworks/CMCaptureCore.framework/Versions/A/CMCaptureCore
0x00000001ae8cb000 	/System/Library/PrivateFrameworks/AppServerSupport.framework/Versions/A/AppServerSupport
0x00000001b0b4c000 	/System/Library/PrivateFrameworks/perfdata.framework/Versions/A/perfdata
0x00000001a40ba000 	/System/Library/PrivateFrameworks/AudioToolboxCore.framework/Versions/A/AudioToolboxCore
0x00000001ab598000 	/System/Library/PrivateFrameworks/caulk.framework/Versions/A/caulk
0x00000001b0441000 	/usr/lib/libAudioStatistics.dylib
0x00000001c2396000 	/System/Library/PrivateFrameworks/SystemPolicy.framework/Versions/A/SystemPolicy
0x00000001b06ad000 	/usr/lib/libSMC.dylib
0x00000001b93e0000 	/System/Library/Frameworks/CoreMIDI.framework/Versions/A/CoreMIDI
0x00000001af18a000 	/usr/lib/libAudioToolboxUtility.dylib
0x00000001be463000 	/System/Library/PrivateFrameworks/OSAServicesClient.framework/Versions/A/OSAServicesClient
0x00000001b0b59000 	/usr/lib/libperfcheck.dylib
0x00000001c2eae000 	/usr/lib/libmis.dylib
0x000000020406c000 	/System/Library/Frameworks/OpenGL.framework/Versions/A/Libraries/libGLU.dylib
0x000000020402b000 	/System/Library/Frameworks/OpenGL.framework/Versions/A/Libraries/libGFXShared.dylib
0x0000000204218000 	/System/Library/Frameworks/OpenGL.framework/Versions/A/Libraries/libGL.dylib
0x0000000204034000 	/System/Library/Frameworks/OpenGL.framework/Versions/A/Libraries/libGLImage.dylib
0x0000000204028000 	/System/Library/Frameworks/OpenGL.framework/Versions/A/Libraries/libCVMSPluginSupport.dylib
0x0000000204011000 	/System/Library/Frameworks/OpenGL.framework/Versions/A/Libraries/libCoreVMClient.dylib
0x00000001ac149000 	/System/Library/Frameworks/MetalPerformanceShaders.framework/Versions/A/Frameworks/MPSCore.framework/Versions/A/MPSCore
0x00000001ad2f1000 	/System/Library/Frameworks/MetalPerformanceShaders.framework/Versions/A/Frameworks/MPSImage.framework/Versions/A/MPSImage
0x00000001acde0000 	/System/Library/Frameworks/MetalPerformanceShaders.framework/Versions/A/Frameworks/MPSNeuralNetwork.framework/Versions/A/MPSNeuralNetwork
0x00000001ad219000 	/System/Library/Frameworks/MetalPerformanceShaders.framework/Versions/A/Frameworks/MPSMatrix.framework/Versions/A/MPSMatrix
0x00000001acff2000 	/System/Library/Frameworks/MetalPerformanceShaders.framework/Versions/A/Frameworks/MPSRayIntersector.framework/Versions/A/MPSRayIntersector
0x00000001ad24a000 	/System/Library/Frameworks/MetalPerformanceShaders.framework/Versions/A/Frameworks/MPSNDArray.framework/Versions/A/MPSNDArray
0x0000000206183000 	/System/Library/Frameworks/MetalPerformanceShaders.framework/Versions/A/Frameworks/MPSFunctions.framework/Versions/A/MPSFunctions
0x00000001a3350000 	/System/Library/PrivateFrameworks/MetalTools.framework/Versions/A/MetalTools
0x00000001ac1c7000 	/System/Library/PrivateFrameworks/AggregateDictionary.framework/Versions/A/AggregateDictionary
0x00000001ae0ff000 	/usr/lib/libIOReport.dylib
0x00000001b83fe000 	/System/Library/PrivateFrameworks/ASEProcessing.framework/Versions/A/ASEProcessing
0x00000001ae474000 	/System/Library/PrivateFrameworks/FaceCore.framework/Versions/A/FaceCore
0x00000001ae466000 	/System/Library/PrivateFrameworks/GraphVisualizer.framework/Versions/A/GraphVisualizer
0x000000020e3e0000 	/System/Library/PrivateFrameworks/FontServices.framework/Versions/A/FontServices
0x00000001ae887000 	/System/Library/PrivateFrameworks/OTSVG.framework/Versions/A/OTSVG
0x00000001a9db6000 	/System/Library/Frameworks/ApplicationServices.framework/Versions/A/Frameworks/ATS.framework/Versions/A/Resources/libFontRegistry.dylib
0x00000001ae8d4000 	/System/Library/PrivateFrameworks/FontServices.framework/libhvf.dylib
0x000000020e3e1000 	/System/Library/PrivateFrameworks/FontServices.framework/libXTFontStaticRegistryData.dylib
0x00000002043b9000 	/System/Library/Frameworks/OpenCL.framework/Versions/A/OpenCL
0x00000001ae2ce000 	/System/Library/PrivateFrameworks/AppleVA.framework/Versions/A/AppleVA
0x00000001b0469000 	/System/Library/Frameworks/ApplicationServices.framework/Versions/A/Frameworks/ATS.framework/Versions/A/ATS
0x00000001a87e3000 	/System/Library/Frameworks/ApplicationServices.framework/Versions/A/Frameworks/HIServices.framework/Versions/A/HIServices
0x00000001af2d3000 	/System/Library/Frameworks/ApplicationServices.framework/Versions/A/Frameworks/PrintCore.framework/Versions/A/PrintCore
0x00000001b0800000 	/System/Library/Frameworks/ApplicationServices.framework/Versions/A/Frameworks/QD.framework/Versions/A/QD
0x00000001b07f8000 	/System/Library/Frameworks/ApplicationServices.framework/Versions/A/Frameworks/ColorSyncLegacy.framework/Versions/A/ColorSyncLegacy
0x00000001b0455000 	/System/Library/Frameworks/ApplicationServices.framework/Versions/A/Frameworks/SpeechSynthesis.framework/Versions/A/SpeechSynthesis
0x00000001af294000 	/System/Library/Frameworks/ApplicationServices.framework/Versions/A/Frameworks/ATSUI.framework/Versions/A/ATSUI
0x00000001b078d000 	/usr/lib/libcups.2.dylib
0x00000001b0b67000 	/System/Library/Frameworks/Kerberos.framework/Versions/A/Kerberos
0x00000001b0b78000 	/System/Library/Frameworks/GSS.framework/Versions/A/GSS
0x00000001b04d9000 	/usr/lib/libresolv.9.dylib
0x00000001ae8e3000 	/System/Library/PrivateFrameworks/Heimdal.framework/Versions/A/Heimdal
0x00000001b7633000 	/System/Library/Frameworks/Kerberos.framework/Versions/A/Libraries/libHeimdalProxy.dylib
0x00000001a9431000 	/System/Library/Frameworks/Network.framework/Versions/A/Network
0x00000001ae335000 	/usr/lib/libheimdal-asn1.dylib
0x00000001b0bc8000 	/System/Library/PrivateFrameworks/CommonAuth.framework/Versions/A/CommonAuth
0x00000001b03cf000 	/System/Library/PrivateFrameworks/AudioSession.framework/Versions/A/AudioSession
0x00000001ae3c7000 	/System/Library/PrivateFrameworks/MediaExperience.framework/Versions/A/MediaExperience
0x00000001b0255000 	/System/Library/PrivateFrameworks/AudioSession.framework/libSessionUtility.dylib
0x00000001b080c000 	/System/Library/PrivateFrameworks/AudioResourceArbitration.framework/Versions/A/AudioResourceArbitration
0x00000001b49c2000 	/System/Library/PrivateFrameworks/PowerLog.framework/Versions/A/PowerLog
0x00000001ae33f000 	/System/Library/PrivateFrameworks/IconFoundation.framework/Versions/A/IconFoundation
0x00000001b370b000 	/System/Library/PrivateFrameworks/SpeechRecognitionCore.framework/Versions/A/SpeechRecognitionCore
0x0000000101520000 	/Library/Java/JavaVirtualMachines/jdk-17.jdk/Contents/Home/lib/server/libjvm.dylib
0x0000000100648000 	/Library/Java/JavaVirtualMachines/jdk-17.jdk/Contents/Home/lib/libjimage.dylib
0x0000000100674000 	/Library/Java/JavaVirtualMachines/jdk-17.jdk/Contents/Home/lib/libinstrument.dylib
0x00000001006c0000 	/Library/Java/JavaVirtualMachines/jdk-17.jdk/Contents/Home/lib/libjava.dylib
0x000000011f600000 	/Library/Java/JavaVirtualMachines/jdk-17.jdk/Contents/Home/lib/libnio.dylib
0x000000011f620000 	/Library/Java/JavaVirtualMachines/jdk-17.jdk/Contents/Home/lib/libnet.dylib
0x00000001006a8000 	/Library/Java/JavaVirtualMachines/jdk-17.jdk/Contents/Home/lib/libzip.dylib
0x000000011ebe8000 	/Users/irene/.openjfx/cache/17.0.1/libprism_es2.dylib
0x00000001a5597000 	/System/Library/PrivateFrameworks/CoreServicesInternal.framework/Versions/A/CoreServicesInternal
0x0000000204222000 	/System/Library/Frameworks/OpenGL.framework/Versions/A/Resources/GLEngine.bundle/GLEngine
0x00000002040aa000 	/System/Library/Frameworks/OpenGL.framework/Versions/A/Libraries/libGLProgrammability.dylib
0x0000000132e3c000 	/System/Library/Extensions/AppleMetalOpenGLRenderer.bundle/Contents/MacOS/AppleMetalOpenGLRenderer
0x0000000204391000 	/System/Library/Frameworks/OpenGL.framework/Versions/A/Resources/GLRendererFloat.bundle/GLRendererFloat
0x0000000204491000 	/System/Library/Extensions/AGXMetal13_3.bundle/Contents/MacOS/AGXMetal13_3
0x00000001c2eca000 	/System/Library/PrivateFrameworks/GPURawCounter.framework/Versions/A/GPURawCounter
0x00000001bd5d4000 	/System/Library/PrivateFrameworks/IOGPU.framework/Versions/A/IOGPU
0x0000000132ed4000 	/Users/irene/.openjfx/cache/17.0.1/libglass.dylib
0x00000001b4c1a000 	/System/Library/Frameworks/FileProvider.framework/Versions/A/FileProvider
0x00000001a91ff000 	/System/Library/Frameworks/Accounts.framework/Versions/A/Accounts
0x00000001b4d9e000 	/System/Library/PrivateFrameworks/GenerationalStorage.framework/Versions/A/GenerationalStorage
0x00000001b5961000 	/System/Library/PrivateFrameworks/CoreSymbolication.framework/Versions/A/CoreSymbolication
0x00000001b49b6000 	/System/Library/PrivateFrameworks/SymptomDiagnosticReporter.framework/Versions/A/SymptomDiagnosticReporter
0x00000001a6887000 	/System/Library/PrivateFrameworks/DesktopServicesPriv.framework/Versions/A/DesktopServicesPriv
0x00000001a56f9000 	/usr/lib/libsandbox.1.dylib
0x00000001aa27a000 	/System/Library/PrivateFrameworks/UserManagement.framework/Versions/A/UserManagement
0x00000001b591e000 	/System/Library/PrivateFrameworks/DebugSymbols.framework/Versions/A/DebugSymbols
0x00000001b07eb000 	/System/Library/PrivateFrameworks/NetAuth.framework/Versions/A/NetAuth
0x00000001b1709000 	/System/Library/PrivateFrameworks/Sharing.framework/Versions/A/Sharing
0x00000001aa24a000 	/System/Library/PrivateFrameworks/login.framework/Versions/A/Frameworks/loginsupport.framework/Versions/A/loginsupport
0x00000001b6b53000 	/System/Library/PrivateFrameworks/Apple80211.framework/Versions/A/Apple80211
0x00000001ad3d5000 	/System/Library/PrivateFrameworks/AuthKit.framework/Versions/A/AuthKit
0x00000001aca56000 	/System/Library/PrivateFrameworks/CoreUtils.framework/Versions/A/CoreUtils
0x00000001ac979000 	/System/Library/Frameworks/CoreWLAN.framework/Versions/A/CoreWLAN
0x00000001b1879000 	/System/Library/Frameworks/IOBluetooth.framework/Versions/A/IOBluetooth
0x00000001b6bb3000 	/System/Library/PrivateFrameworks/CoreWiFi.framework/Versions/A/CoreWiFi
0x00000001b54fe000 	/System/Library/PrivateFrameworks/FrontBoardServices.framework/Versions/A/FrontBoardServices
0x00000001b5596000 	/System/Library/PrivateFrameworks/BoardServices.framework/Versions/A/BoardServices
0x00000001acc70000 	/System/Library/PrivateFrameworks/AssertionServices.framework/Versions/A/AssertionServices
0x00000001b6d30000 	/System/Library/PrivateFrameworks/BackBoardServices.framework/Versions/A/BackBoardServices
0x00000001b0c5f000 	/System/Library/PrivateFrameworks/CorePhoneNumbers.framework/Versions/A/CorePhoneNumbers
0x00000001b4ae6000 	/System/Library/PrivateFrameworks/DiskManagement.framework/Versions/A/DiskManagement
0x00000001b49e9000 	/System/Library/PrivateFrameworks/AppleIDAuthSupport.framework/Versions/A/AppleIDAuthSupport
0x00000002089aa000 	/System/Library/PrivateFrameworks/AAAFoundation.framework/Versions/A/AAAFoundation
0x00000001b0c3e000 	/System/Library/PrivateFrameworks/KeychainCircle.framework/Versions/A/KeychainCircle
0x00000001b4ab2000 	/System/Library/PrivateFrameworks/MediaKit.framework/Versions/A/MediaKit
0x00000001b49f6000 	/System/Library/Frameworks/DiscRecording.framework/Versions/A/DiscRecording
0x00000001ae24a000 	/usr/lib/libCoreStorage.dylib
0x00000001b702d000 	/usr/lib/libcsfde.dylib
0x00000001b194e000 	/System/Library/PrivateFrameworks/ProtectedCloudStorage.framework/Versions/A/ProtectedCloudStorage
0x00000001b7025000 	/System/Library/PrivateFrameworks/EFILogin.framework/Versions/A/EFILogin
0x00000001b4dc5000 	/System/Library/PrivateFrameworks/OctagonTrust.framework/Versions/A/OctagonTrust
0x000000020d57b000 	/System/Library/PrivateFrameworks/CoreUtilsExtras.framework/Versions/A/CoreUtilsExtras
0x00000001b491b000 	/System/Library/Frameworks/CoreBluetooth.framework/Versions/A/CoreBluetooth
0x00000001b76b8000 	/System/Library/Frameworks/AudioUnit.framework/Versions/A/AudioUnit
0x00000001ae242000 	/usr/lib/libMatch.1.dylib
0x00000001c7376000 	/System/Library/Frameworks/Accelerate.framework/Versions/A/Frameworks/vImage.framework/Versions/A/Libraries/libCGInterfaces.dylib
0x0000000135180000 	/usr/lib/libobjc-trampolines.dylib
0x00000001a9f44000 	/System/Library/PrivateFrameworks/ViewBridge.framework/Versions/A/ViewBridge
0x0000000135cb0000 	/Users/irene/.openjfx/cache/17.0.1/libjavafx_iio.dylib
0x0000000135c7c000 	/Users/irene/.openjfx/cache/17.0.1/libjavafx_font.dylib
0x00000001ae9a6000 	/System/Library/PrivateFrameworks/login.framework/Versions/A/login
0x000000020905d000 	/System/Library/PrivateFrameworks/AccessibilityBundles.framework/Versions/A/AccessibilityBundles
0x0000000221ac1000 	/usr/lib/libRosetta.dylib


VM Arguments:
jvm_args: -javaagent:/Applications/IntelliJ IDEA CE.app/Contents/lib/idea_rt.jar=57782:/Applications/IntelliJ IDEA CE.app/Contents/bin -Dfile.encoding=UTF-8 --module-path=/Users/irene/.m2/repository/org/kordamp/ikonli/ikonli-core/12.3.0/ikonli-core-12.3.0.jar:/Users/irene/.m2/repository/org/openjfx/javafx-media/17.0.1/javafx-media-17.0.1-mac-aarch64.jar:/Users/irene/.m2/repository/com/fasterxml/jackson/core/jackson-annotations/2.12.1/jackson-annotations-2.12.1.jar:/Users/irene/.m2/repository/org/jetbrains/kotlin/kotlin-stdlib/1.5.32/kotlin-stdlib-1.5.32-modular.jar:/Users/irene/.m2/repository/com/dlsc/formsfx/formsfx-core/11.3.2/formsfx-core-11.3.2.jar:/Users/irene/.m2/repository/org/openjfx/javafx-fxml/17.0.1/javafx-fxml-17.0.1-mac-aarch64.jar:/Users/irene/.m2/repository/com/github/almasb/fxgl-scene/17/fxgl-scene-17.jar:/Users/irene/.m2/repository/com/github/almasb/fxgl-gameplay/17/fxgl-gameplay-17.jar:/Users/irene/.m2/repository/com/gluonhq/attach/audio/4.0.9/audio-4.0.9.jar:/Users/irene/.m2/repository/com/gluonhq/attach/storage/4.0.9/storage-4.0.9.jar:/Users/irene/.m2/repository/org/openjfx/javafx-controls/17.0.1/javafx-controls-17.0.1-mac-aarch64.jar:/Users/irene/.m2/repository/com/gluonhq/attach/util/4.0.9/util-4.0.9.jar:/Users/irene/.m2/repository/org/openjfx/javafx-graphics/17.0.1/javafx-graphics-17.0.1-mac-aarch64.jar:/Users/irene/.m2/repository/org/controlsfx/controlsfx/11.1.1/controlsfx-11.1.1.jar:/Users/irene/.m2/repository/com/github/almasb/fxgl-entity/17/fxgl-entity-17.jar:/Users/irene/.m2/repository/eu/hansolo/tilesfx/11.48/tilesfx-11.48.jar:/Users/irene/.m2/repository/org/kordamp/ikonli/ikonli-javafx/12.3.0/ikonli-javafx-12.3.0.jar:/Users/irene/.m2/repository/com/fasterxml/jackson/core/jackson-core/2.12.1/jackson-core-2.12.1.jar:/Users/irene/.m2/repository/com/fasterxml/jackson/core/jackson-databind/2.12.1/jackson-databind-2.12.1.jar:/Users/irene/.m2/repository/org/openjfx/javafx-web/17.0.1/javafx-web-17.0.1-mac-aarch64.jar:/Users/irene/.m2/repository/com/github/almasb/fxgl-io/17/fxgl-io-17.jar:/Users/irene/.m2/repository/org/openjfx/javafx-base/17.0.1/javafx-base-17.0.1-mac-aarch64.jar:/Users/irene/.m2/-Djdk.module.main=com.example.recipe 
java_command: com.example.recipe/com.example.recipe.HelloApplication
java_class_path (initial): /Users/irene/.m2/repository/org/openjfx/javafx-controls/17.0.1/javafx-controls-17.0.1.jar:/Users/irene/.m2/repository/org/openjfx/javafx-graphics/17.0.1/javafx-graphics-17.0.1.jar:/Users/irene/.m2/repository/org/openjfx/javafx-base/17.0.1/javafx-base-17.0.1.jar:/Users/irene/.m2/repository/org/openjfx/javafx-fxml/17.0.1/javafx-fxml-17.0.1.jar:/Users/irene/.m2/repository/org/openjfx/javafx-web/17.0.1/javafx-web-17.0.1.jar:/Users/irene/.m2/repository/org/openjfx/javafx-media/17.0.1/javafx-media-17.0.1.jar:/Users/irene/.m2/repository/org/jetbrains/annotations/13.0/annotations-13.0.jar:/Users/irene/.m2/repository/org/jetbrains/kotlin/kotlin-stdlib-common/1.5.32/kotlin-stdlib-common-1.5.32.jar
Launcher Type: SUN_STANDARD

[Global flags]
     intx CICompilerCount                          = 4                                         {product} {ergonomic}
     uint ConcGCThreads                            = 2                                         {product} {ergonomic}
     uint G1ConcRefinementThreads                  = 8                                         {product} {ergonomic}
   size_t G1HeapRegionSize                         = 1048576                                   {product} {ergonomic}
    uintx GCDrainStackTargetSize                   = 64                                        {product} {ergonomic}
   size_t InitialHeapSize                          = 134217728                                 {product} {ergonomic}
   size_t MarkStackSize                            = 4194304                                   {product} {ergonomic}
   size_t MaxHeapSize                              = 2147483648                                {product} {ergonomic}
   size_t MaxNewSize                               = 1287651328                                {product} {ergonomic}
   size_t MinHeapDeltaBytes                        = 1048576                                   {product} {ergonomic}
   size_t MinHeapSize                              = 8388608                                   {product} {ergonomic}
    uintx NonNMethodCodeHeapSize                   = 5839564                                {pd product} {ergonomic}
    uintx NonProfiledCodeHeapSize                  = 122909338                              {pd product} {ergonomic}
    uintx ProfiledCodeHeapSize                     = 122909338                              {pd product} {ergonomic}
    uintx ReservedCodeCacheSize                    = 251658240                              {pd product} {ergonomic}
     bool SegmentedCodeCache                       = true                                      {product} {ergonomic}
   size_t SoftMaxHeapSize                          = 2147483648                             {manageable} {ergonomic}
     bool UseCompressedClassPointers               = true                           {product lp64_product} {ergonomic}
     bool UseCompressedOops                        = true                           {product lp64_product} {ergonomic}
     bool UseG1GC                                  = true                                      {product} {ergonomic}
     bool UseNUMA                                  = false                                     {product} {ergonomic}
     bool UseNUMAInterleaving                      = false                                     {product} {ergonomic}

Logging:
Log output configuration:
 #0: stdout all=warning uptime,level,tags
 #1: stderr all=off uptime,level,tags

Environment Variables:
PATH=/Users/irene/opt/anaconda3/bin:/Library/Frameworks/Python.framework/Versions/3.10/bin:/opt/local/bin:/opt/local/sbin:/usr/local/bin:/usr/bin:/bin:/usr/sbin:/sbin:~/.dotnet/tools:/Library/Apple/usr/bin:/Library/Frameworks/Mono.framework/Versions/Current/Commands
SHELL=/bin/zsh
LC_CTYPE=en_US.UTF-8

Signal Handlers:
   SIGSEGV: _ZL13crash_handleriP9__siginfoPv in libjvm.dylib, mask=11100110000111110111111111111111, flags=SA_RESTART|SA_SIGINFO
    SIGBUS: _ZL13crash_handleriP9__siginfoPv in libjvm.dylib, mask=11100110000111110111111111111111, flags=SA_RESTART|SA_SIGINFO
    SIGFPE: _ZL13crash_handleriP9__siginfoPv in libjvm.dylib, mask=11100110000111110111111111111111, flags=SA_RESTART|SA_SIGINFO
   SIGPIPE: _ZL17javaSignalHandleriP9__siginfoPv in libjvm.dylib, mask=11100110000111110111111111111111, flags=SA_RESTART|SA_SIGINFO
   SIGXFSZ: _ZL17javaSignalHandleriP9__siginfoPv in libjvm.dylib, mask=11100110000111110111111111111111, flags=SA_RESTART|SA_SIGINFO
    SIGILL: _ZL13crash_handleriP9__siginfoPv in libjvm.dylib, mask=11100110000111110111111111111111, flags=SA_RESTART|SA_SIGINFO
   SIGUSR2: _ZL10SR_handleriP9__siginfoP17__darwin_ucontext in libjvm.dylib, mask=00100000000000000000000000000000, flags=SA_RESTART|SA_SIGINFO
    SIGHUP: _ZL11UserHandleriPvS_ in libjvm.dylib, mask=11100110000111110111111111111111, flags=SA_RESTART|SA_SIGINFO
    SIGINT: _ZL11UserHandleriPvS_ in libjvm.dylib, mask=11100110000111110111111111111111, flags=SA_RESTART|SA_SIGINFO
   SIGTERM: _ZL11UserHandleriPvS_ in libjvm.dylib, mask=11100110000111110111111111111111, flags=SA_RESTART|SA_SIGINFO
   SIGQUIT: _ZL11UserHandleriPvS_ in libjvm.dylib, mask=11100110000111110111111111111111, flags=SA_RESTART|SA_SIGINFO
   SIGTRAP: _ZL13crash_handleriP9__siginfoPv in libjvm.dylib, mask=11100110000111110111111111111111, flags=SA_RESTART|SA_SIGINFO


---------------  S Y S T E M  ---------------

OS:
uname: Darwin 21.4.0 Darwin Kernel Version 21.4.0: Fri Mar 18 00:47:26 PDT 2022; root:xnu-8020.101.4~15/RELEASE_ARM64_T8101 arm64
OS uptime: 21 days 5:43 hours
rlimit (soft/hard): STACK 8176k/65520k , CORE 0k/infinity , NPROC 1333/2000 , NOFILE 10240/infinity , AS infinity/infinity , CPU infinity/infinity , DATA infinity/infinity , FSIZE infinity/infinity , MEMLOCK infinity/infinity , RSS infinity/infinity
load average: 2.00 2.17 2.06

CPU: total 8 (initial active 8) 0x61:0x0:0x1b588bb3:0, fp, simd, crc, lse

Memory: 16k page, physical 8388608k(78960k free), swap 3145728k(985600k free)

vm_info: Java HotSpot(TM) 64-Bit Server VM (17+35-LTS-2724) for bsd-aarch64 JRE (17+35-LTS-2724), built on Aug  5 2021 22:28:56 by "mach5one" with clang Apple LLVM 12.0.0 (clang-1200.0.32.29)

END.
