#
# A fatal error has been detected by the Java Runtime Environment:
#
#  SIGBUS (0xa) at pc=0x000000010c9754f0, pid=79005, tid=35075
#
# JRE version: OpenJDK Runtime Environment (18.0.2+9) (build 18.0.2+9-61)
# Java VM: OpenJDK 64-Bit Server VM (18.0.2+9-61, mixed mode, sharing, tiered, compressed oops, compressed class ptrs, g1 gc, bsd-aarch64)
# Problematic frame:
# v  ~StubRoutines::SafeFetchN
#
# No core dump will be written. Core dumps have been disabled. To enable core dumping, try "ulimit -c unlimited" before starting Java again
#
# If you would like to submit a bug report, please visit:
#   https://bugreport.java.com/bugreport/crash.jsp
# The crash happened outside the Java Virtual Machine in native code.
# See problematic frame for where to report the bug.
#

---------------  S U M M A R Y ------------

Command Line: -javaagent:/Applications/IntelliJ IDEA CE.app/Contents/lib/idea_rt.jar=57934:/Applications/IntelliJ IDEA CE.app/Contents/bin -Dfile.encoding=UTF-8 --module-path=/Users/irene/.m2/repository/com/dlsc/formsfx/formsfx-core/11.3.2/formsfx-core-11.3.2.jar:/Users/irene/.m2/repository/org/kordamp/ikonli/ikonli-javafx/12.3.0/ikonli-javafx-12.3.0.jar:/Users/irene/.m2/repository/org/openjfx/javafx-base/17.0.1/javafx-base-17.0.1-mac-aarch64.jar:/Users/irene/.m2/repository/org/openjfx/javafx-graphics/17.0.1/javafx-graphics-17.0.1-mac-aarch64.jar:/Users/irene/.m2/repository/com/gluonhq/attach/lifecycle/4.0.9/lifecycle-4.0.9.jar:/Users/irene/.m2/repository/org/kordamp/ikonli/ikonli-core/12.3.0/ikonli-core-12.3.0.jar:/Users/irene/.m2/repository/com/fasterxml/jackson/core/jackson-databind/2.12.1/jackson-databind-2.12.1.jar:/Users/irene/.m2/repository/com/github/almasb/fxgl-core/17/fxgl-core-17.jar:/Users/irene/.m2/repository/org/openjfx/javafx-fxml/17.0.1/javafx-fxml-17.0.1-mac-aarch64.jar:/Users/irene/.m2/repository/org/openjfx/javafx-media/17.0.1/javafx-media-17.0.1-mac-aarch64.jar:/Users/irene/.m2/repository/com/fasterxml/jackson/core/jackson-core/2.12.1/jackson-core-2.12.1.jar:/Users/irene/.m2/repository/com/github/almasb/fxgl-scene/17/fxgl-scene-17.jar:/Users/irene/.m2/repository/org/openjfx/javafx-web/17.0.1/javafx-web-17.0.1-mac-aarch64.jar:/Users/irene/.m2/repository/org/jetbrains/kotlin/kotlin-stdlib/1.5.32/kotlin-stdlib-1.5.32-modular.jar:/Users/irene/.m2/repository/com/gluonhq/attach/storage/4.0.9/storage-4.0.9.jar:/Users/irene/.m2/repository/eu/hansolo/tilesfx/11.48/tilesfx-11.48.jar:/Users/irene/.m2/repository/com/github/almasb/fxgl-io/17/fxgl-io-17.jar:/Users/irene/.m2/repository/com/fasterxml/jackson/core/jackson-annotations/2.12.1/jackson-annotations-2.12.1.jar:/Users/irene/.m2/repository/org/controlsfx/controlsfx/11.1.1/controlsfx-11.1.1.jar:/Users/irene/.m2/repository/com/github/almasb/fxgl-entity/17/fxgl-entity-17.jar:/Users/irene/.m2/repository/com/github/almasb/fxgl/17/fxgl-17.jar:/Users/irene/Documents/UNT /Recipe/target/classes:/Users/irene/.m2/repository/org/openjfx/javafx-controls/17.0.1/javafx-contro-Djdk.module.main=com.example.recipe com.example.recipe/com.example.recipe.HelloApplication

Host: "MacBookAir10,1" arm64, 8 cores, 8G, Darwin 21.4.0, macOS 12.3.1 (21E258)
Time: Wed Jul 27 19:15:45 2022 CDT elapsed time: 6.770657 seconds (0d 0h 0m 6s)

---------------  T H R E A D  ---------------

Current thread (0x000000012d9d6200):  JavaThread "InvokeLaterDispatcher" daemon [_thread_in_native, id=35075, stack(0x000000016f91c000,0x000000016fb1f000)]

Stack: [0x000000016f91c000,0x000000016fb1f000],  sp=0x000000016fb1e7a0,  free space=2057k
Native frames: (J=compiled Java code, j=interpreted, Vv=VM code, C=native code)
v  ~StubRoutines::SafeFetchN
V  [libjvm.dylib+0x7d1604]  _ZN10OopStorage7releaseEPKP7oopDesc+0x20
V  [libjvm.dylib+0x4f7efc]  jni_DeleteGlobalRef+0xd4
C  [libglass.dylib+0xab08]  -[GlassRunnable dealloc]+0x34
C  [Foundation+0x85618]  -[_NSThreadPerformInfo dealloc]+0x30
C  [Foundation+0x5198c]  -[NSObject(NSThreadPerformAdditions) performSelectorOnMainThread:withObject:waitUntilDone:]+0x88
C  0xaa3980010c97d8ac
j  com.sun.glass.ui.mac.MacApplication.submitForLaterInvocation(Ljava/lang/Runnable;)V+2 javafx.graphics
j  com.sun.glass.ui.InvokeLaterDispatcher.run()V+82 javafx.graphics
v  ~StubRoutines::call_stub
V  [libjvm.dylib+0x49f2c4]  _ZN9JavaCalls11call_helperEP9JavaValueRK12methodHandleP17JavaCallArgumentsP10JavaThread+0x38c
V  [libjvm.dylib+0x49e2e0]  _ZN9JavaCalls12call_virtualEP9JavaValueP5KlassP6SymbolS5_P17JavaCallArgumentsP10JavaThread+0x11c
V  [libjvm.dylib+0x49e3ac]  _ZN9JavaCalls12call_virtualEP9JavaValue6HandleP5KlassP6SymbolS6_P10JavaThread+0x64
V  [libjvm.dylib+0x551f20]  _ZL12thread_entryP10JavaThreadS0_+0x9c
V  [libjvm.dylib+0x91c868]  _ZN10JavaThread17thread_main_innerEv+0xa8
V  [libjvm.dylib+0x91b1f8]  _ZN6Thread8call_runEv+0xe0
V  [libjvm.dylib+0x7d7de8]  _ZL19thread_native_entryP6Thread+0x158
C  [libsystem_pthread.dylib+0x726c]  _pthread_start+0x94

Java frames: (J=compiled Java code, j=interpreted, Vv=VM code)
j  com.sun.glass.ui.mac.MacApplication._submitForLaterInvocation(Ljava/lang/Runnable;)V+0 javafx.graphics
j  com.sun.glass.ui.mac.MacApplication.submitForLaterInvocation(Ljava/lang/Runnable;)V+2 javafx.graphics
j  com.sun.glass.ui.InvokeLaterDispatcher.run()V+82 javafx.graphics
v  ~StubRoutines::call_stub

siginfo: si_signo: 10 (SIGBUS), si_code: 1 (BUS_ADRALN), si_addr: 0x000000010c9754f0

Register to memory mapping:

 x0=0x000000011d6088c8 points into unknown readable memory: 0x0000000000000000 | 00 00 00 00 00 00 00 00
 x1=0x0 is NULL
 x2=0x000000078576d840 is an oop: com.sun.glass.ui.InvokeLaterDispatcher$Future 
{0x000000078576d840} - klass: 'com/sun/glass/ui/InvokeLaterDispatcher$Future'
 - ---- fields (total size 3 words):
 - private 'done' 'Z' @12  true
 - private final 'runnable' 'Ljava/lang/Runnable;' @16  a 'com/sun/javafx/application/PlatformImpl$$Lambda$115+0x0000000800c83488'{0x00000007857dd6d0} (f0afbada)
 - final synthetic 'this$0' 'Lcom/sun/glass/ui/InvokeLaterDispatcher;' @20  a 'com/sun/glass/ui/InvokeLaterDispatcher'{0x0000000786835548} (f0d06aa9)
 x3=0x0 is NULL
 x4=0x00000000000130a8 is an unknown value
 x5=0x0 is NULL
 x6=0x0 is NULL
 x7=0x0000000000000003 is an unknown value
 x8=0x000000010c9754ec is at begin+0 in a stub
StubRoutines::SafeFetchN [0x000000010c9754ec, 0x000000010c9754f8] (12 bytes)
 x9=0x0 is NULL
x10=0x2010000030300000 is an unknown value
x11=0x0000000000000007 is an unknown value
x12=0x0000000000000004 is an unknown value
x13=0x0000600001553190 points into unknown readable memory: 0xcc6e0001a29f3c40 | 40 3c 9f a2 01 00 6e cc
x14=0x0000100000000000 is an unknown value
x15=0x000000011be85f98: OBJC_CLASS_$_GlassRunnable+0 in /Users/irene/.openjfx/cache/17.0.1/libglass.dylib at 0x000000011be40000
x16=0x00000001a2b5d0fc: pthread_getspecific+0 in /usr/lib/system/libsystem_pthread.dylib at 0x00000001a2b5b000
x17=0x0000600001044700 points into unknown readable memory: 0xfffffffffffffffe | fe ff ff ff ff ff ff ff
x18=0x0 is NULL
x19=0x000060000106c5b0 points into unknown readable memory: 0x00006000039703f0 | f0 03 97 03 00 60 00 00
x20=0x000000011d6086c0 points into unknown readable memory: 0x702d6e69616d6f64 | 64 6f 6d 61 69 6e 2d 70
x21=0x000000011d6088c8 points into unknown readable memory: 0x0000000000000000 | 00 00 00 00 00 00 00 00
x22=0x000000012d9d6200 is a thread
x23=0x0000000000000001 is an unknown value
x24=0x000000011d608880 is a global jni handle
x25=0x0000000104d0ece8: _ZN12StubRoutines17_safefetchN_entryE+0 in /Users/irene/Library/Java/JavaVirtualMachines/openjdk-18.0.2/Contents/Home/lib/server/libjvm.dylib at 0x000000010412c000
x26=0x0000000142520ac0 is pointing into metadata
x27=0x0 is NULL
x28=0x000000012d9d6200 is a thread


Registers:
 x0=0x000000011d6088c8  x1=0x0000000000000000  x2=0x000000078576d840  x3=0x0000000000000000
 x4=0x00000000000130a8  x5=0x0000000000000000  x6=0x0000000000000000  x7=0x0000000000000003
 x8=0x000000010c9754ec  x9=0x0000000000000000 x10=0x2010000030300000 x11=0x0000000000000007
x12=0x0000000000000004 x13=0x0000600001553190 x14=0x0000100000000000 x15=0x000000011be85f98
x16=0x00000001a2b5d0fc x17=0x0000600001044700 x18=0x0000000000000000 x19=0x000060000106c5b0
x20=0x000000011d6086c0 x21=0x000000011d6088c8 x22=0x000000012d9d6200 x23=0x0000000000000001
x24=0x000000011d608880 x25=0x0000000104d0ece8 x26=0x0000000142520ac0 x27=0x0000000000000000
x28=0x000000012d9d6200  fp=0x000000016fb1e7e0  lr=0x00000001048fc3f8  sp=0x000000016fb1e7a0
pc=0x000000010c9754f0 cpsr=0x0000000060001000
Top of Stack: (sp=0x000000016fb1e7a0)
0x000000016fb1e7a0:   0000000142520ac0 0000000000000001
0x000000016fb1e7b0:   000000016fb1e9a8 0000000000000000
0x000000016fb1e7c0:   000000011e8cae90 000000011d6088a8
0x000000016fb1e7d0:   000000011d6088a8 000060000106c5b0
0x000000016fb1e7e0:   000000016fb1e820 00000001048fd604
0x000000016fb1e7f0:   0000000000000001 000000011d6088a8
0x000000016fb1e800:   000000011e8cae90 000000011d6088a8
0x000000016fb1e810:   0000000000000001 000000011e8cac00
0x000000016fb1e820:   000000016fb1e860 0000000104623efc
0x000000016fb1e830:   000000016fb1e9a8 000060000397dff0
0x000000016fb1e840:   000060000397dfd0 00000001ecc22be0
0x000000016fb1e850:   0000000000000000 000060000397dfd0
0x000000016fb1e860:   000000016fb1e890 000000011be4ab08
0x000000016fb1e870:   36a7ddbdf9530059 0000000000000000
0x000000016fb1e880:   0000000000000000 0000600002eb4100
0x000000016fb1e890:   000000016fb1e8d0 00000001a3b2a618
0x000000016fb1e8a0:   000000016fb1e9a8 000060000397dff0
0x000000016fb1e8b0:   000060000397dfd0 36a7ddbdf9530059
0x000000016fb1e8c0:   0000000000000000 0000000000000000
0x000000016fb1e8d0:   000000016fb1e910 b63d8001a3af698c
0x000000016fb1e8e0:   000000016fb1e9a8 000000010c97c7c0
0x000000016fb1e8f0:   0000000000000000 0000000104d167a0
0x000000016fb1e900:   000000016fb1e920 000000010c97b730
0x000000016fb1e910:   000000016fb1e980 aa3980010c97d8ac
0x000000016fb1e920:   000000016fb1e988 00000001421d9cc8
0x000000016fb1e930:   000000016fb1e930 0000000000000000
0x000000016fb1e940:   000000016fb1e9a8 0000000142520ac0
0x000000016fb1e950:   00000007868f66c0 0000000000000000
0x000000016fb1e960:   0000000000000000 00000001424fff80
0x000000016fb1e970:   0000000000000000 000000016fb1e980
0x000000016fb1e980:   000000016fb1ea00 000000010c979fc8
0x000000016fb1e990:   0000000000000000 0000000000000000 

Instructions: (pc=0x000000010c9754f0)
0x000000010c9753f0:   f2a099a9 f2c00029 6d425935 1e640886
0x000000010c975400:   0c402d31 1e6408c7 1f5654d0 1e6c1017
0x000000010c975410:   1f5050d0 1f504cd0 1f5048d0 1e650af6
0x000000010c975420:   1f50d8f6 1f5694d6 1f5158f6 1e762880
0x000000010c975430:   36000501 1e614000 14000026 2e251ca5
0x000000010c975440:   d2963009 f2a099a9 f2c00029 6d425d36
0x000000010c975450:   1e600806 0c402d32 1f5758c7 1e6c101a
0x000000010c975460:   1f4754c7 1e650805 1f4750c7 d2866668
0x000000010c975470:   f2a7fa68 1f474cc7 1e6608c0 1f4748c7
0x000000010c975480:   1e6e1019 eb08007f 540000ac 1f479400
0x000000010c975490:   1f460340 1e603b20 1400000e d2a7fd29
0x000000010c9754a0:   eb09007f 540000ac 51480069 d3607d29
0x000000010c9754b0:   9e670121 14000002 1e6a5001 1f679417
0x000000010c9754c0:   1f668742 1e613b23 1e773857 1e773860
0x000000010c9754d0:   a8c17ff3 910003bf a8c17bfd d65f03c0
0x000000010c9754e0:   b9400001 aa0103e0 d65f03c0 f9400001
0x000000010c9754f0:   aa0103e0 d65f03c0 00000000 00000000
0x000000010c975500:   00000000 00000000 00000000 00000000
0x000000010c975510:   00000000 00000000 00000000 00000000
0x000000010c975520:   00000000 00000000 00000000 00000000
0x000000010c975530:   00000000 00000000 00000000 00000000
0x000000010c975540:   00000000 00000000 00000000 00000000
0x000000010c975550:   00000000 00000000 00000000 00000000
0x000000010c975560:   00000000 00000000 00000000 00000000
0x000000010c975570:   00000000 00000000 00000000 00000000
0x000000010c975580:   00000000 00000000 00000000 00000000
0x000000010c975590:   00000000 00000000 00000000 00000000
0x000000010c9755a0:   00000000 00000000 00000000 00000000
0x000000010c9755b0:   00000000 00000000 00000000 00000000
0x000000010c9755c0:   00000000 00000000 00000000 00000000
0x000000010c9755d0:   00000000 00000000 00000000 00000000
0x000000010c9755e0:   00000000 00000000 00000000 00000000 


Stack slot to memory mapping:
stack at sp + 0 slots: 0x0000000142520ac0 is pointing into metadata
stack at sp + 1 slots: 0x0000000000000001 is an unknown value
stack at sp + 2 slots: 0x000000016fb1e9a8 is pointing into the stack for thread: 0x000000012d9d6200
stack at sp + 3 slots: 0x0 is NULL
stack at sp + 4 slots: 0x000000011e8cae90 points into unknown readable memory: 0x0000000104ccb370 | 70 b3 cc 04 01 00 00 00
stack at sp + 5 slots: 0x000000011d6088a8 is a global jni handle
stack at sp + 6 slots: 0x000000011d6088a8 is a global jni handle
stack at sp + 7 slots: 0x000060000106c5b0 points into unknown readable memory: 0x00006000039703f0 | f0 03 97 03 00 60 00 00

StubRoutines::SafeFetchN [0x000000010c9754ec, 0x000000010c9754f8] (12 bytes)
[MachCode]
  0x000000010c9754ec: 0100 40f9 | e003 01aa | c003 5fd6 
[/MachCode]

---------------  P R O C E S S  ---------------

Threads class SMR info:
_java_thread_list=0x0000600003b88440, length=20, elements={
0x000000011e008200, 0x000000011d836a00, 0x000000011c012a00, 0x000000011d838000,
0x000000011d838600, 0x000000011c014e00, 0x000000011c013a00, 0x000000011c014000,
0x000000012e009200, 0x000000012d80f000, 0x000000011e8ca000, 0x000000011e8c9800,
0x000000012f00a600, 0x000000012d9d6200, 0x000000011e8cac00, 0x000000011d92c600,
0x000000012db1a000, 0x000000011d960800, 0x000000011e95d400, 0x000000011e041200
}

Java Threads: ( => current thread )
  0x000000011e008200 JavaThread "main" [_thread_blocked, id=10243, stack(0x000000016cf14000,0x000000016d117000)]
  0x000000011d836a00 JavaThread "Reference Handler" daemon [_thread_blocked, id=16643, stack(0x000000016dd68000,0x000000016df6b000)]
  0x000000011c012a00 JavaThread "Finalizer" daemon [_thread_blocked, id=15363, stack(0x000000016df74000,0x000000016e177000)]
  0x000000011d838000 JavaThread "Signal Dispatcher" daemon [_thread_blocked, id=42499, stack(0x000000016e298000,0x000000016e49b000)]
  0x000000011d838600 JavaThread "Service Thread" daemon [_thread_blocked, id=41987, stack(0x000000016e4a4000,0x000000016e6a7000)]
  0x000000011c014e00 JavaThread "Monitor Deflation Thread" daemon [_thread_blocked, id=41731, stack(0x000000016e6b0000,0x000000016e8b3000)]
  0x000000011c013a00 JavaThread "C2 CompilerThread0" daemon [_thread_blocked, id=23555, stack(0x000000016e8bc000,0x000000016eabf000)]
  0x000000011c014000 JavaThread "C1 CompilerThread0" daemon [_thread_blocked, id=23811, stack(0x000000016eac8000,0x000000016eccb000)]
  0x000000012e009200 JavaThread "Sweeper thread" daemon [_thread_blocked, id=24323, stack(0x000000016ecd4000,0x000000016eed7000)]
  0x000000012d80f000 JavaThread "Common-Cleaner" daemon [_thread_blocked, id=24579, stack(0x000000016eee0000,0x000000016f0e3000)]
  0x000000011e8ca000 JavaThread "Monitor Ctrl-Break" daemon [_thread_in_native, id=40707, stack(0x000000016f0ec000,0x000000016f2ef000)]
  0x000000011e8c9800 JavaThread "Notification Thread" daemon [_thread_blocked, id=40451, stack(0x000000016f2f8000,0x000000016f4fb000)]
  0x000000012f00a600 JavaThread "QuantumRenderer-0" daemon [_thread_blocked, id=25347, stack(0x000000016f710000,0x000000016f913000)]
=>0x000000012d9d6200 JavaThread "InvokeLaterDispatcher" daemon [_thread_in_native, id=35075, stack(0x000000016f91c000,0x000000016fb1f000)]
  0x000000011e8cac00 JavaThread "JavaFX Application Thread" [_thread_in_native, id=259, stack(0x000000016c68c000,0x000000016ce88000)]
  0x000000011d92c600 JavaThread "JavaFX-Launcher" [_thread_blocked, id=78087, stack(0x000000016fc40000,0x000000016fe43000)]
  0x000000012db1a000 JavaThread "Attach Listener" daemon [_thread_blocked, id=56323, stack(0x0000000170914000,0x0000000170b17000)]
  0x000000011d960800 JavaThread "Prism Font Disposer" daemon [_thread_blocked, id=58631, stack(0x000000017540c000,0x000000017560f000)]
  0x000000011e95d400 JavaThread "Cleaner-0" daemon [_thread_blocked, id=66331, stack(0x0000000176780000,0x0000000176983000)]
  0x000000011e041200 JavaThread "PulseTimer-CVDisplayLink thread" daemon [_thread_in_native, id=52247, stack(0x000000016fbb4000,0x000000016fc37000)]

Other Threads:
  0x000000011d6074f0 VMThread "VM Thread" [stack: 0x000000016db5c000,0x000000016dd5f000] [id=15107]
  0x000000011bc09e10 WatcherThread "VM Periodic Task Thread" [stack: 0x000000016f504000,0x000000016f707000] [id=39939]
  0x000000012d6069b0 WorkerThread "GC Thread#0" [stack: 0x000000016d120000,0x000000016d323000] [id=19971]
  0x000000012e826420 WorkerThread "GC Thread#1" [stack: 0x000000016fed8000,0x00000001700db000] [id=74755]
  0x000000012e8266c0 WorkerThread "GC Thread#2" [stack: 0x00000001700e4000,0x00000001702e7000] [id=55299]
  0x000000011d6193b0 WorkerThread "GC Thread#3" [stack: 0x00000001702f0000,0x00000001704f3000] [id=74243]
  0x000000012e826b30 WorkerThread "GC Thread#4" [stack: 0x00000001704fc000,0x00000001706ff000] [id=73731]
  0x000000012d65f660 WorkerThread "GC Thread#5" [stack: 0x0000000170708000,0x000000017090b000] [id=73219]
  0x000000012d607050 ConcurrentGCThread "G1 Main Marker" [stack: 0x000000016d32c000,0x000000016d52f000] [id=19459]
  0x000000012d6078c0 WorkerThread "G1 Conc#0" [stack: 0x000000016d538000,0x000000016d73b000] [id=18947]
  0x000000012d6144a0 ConcurrentGCThread "G1 Refine#0" [stack: 0x000000016d744000,0x000000016d947000] [id=13059]
  0x000000011ba041c0 ConcurrentGCThread "G1 Service" [stack: 0x000000016d950000,0x000000016db53000] [id=13571]

Threads with active compile tasks:

VM state: not at safepoint (normal execution)

VM Mutex/Monitor currently owned by a thread: None

Heap address: 0x0000000780000000, size: 2048 MB, Compressed Oops mode: Zero based, Oop shift amount: 3

CDS archive(s) mapped at: [0x0000000800000000-0x0000000800ba8000-0x0000000800ba8000), size 12222464, SharedBaseAddress: 0x0000000800000000, ArchiveRelocationMode: 0.
Compressed class space mapped at: 0x0000000800c00000-0x0000000840c00000, reserved size: 1073741824
Narrow klass base: 0x0000000800000000, Narrow klass shift: 0, Narrow klass range: 0x100000000

GC Precious Log:
 CardTable entry size: 512
 Card Set container configuration: InlinePtr #cards 5 size 8 Array Of Cards #cards 12 size 40 Howl #buckets 4 coarsen threshold 1843 Howl Bitmap #cards 512 size 80 coarsen threshold 460 Card regions per heap region 1 cards per card region 2048
 CPUs: 8 total, 8 available
 Memory: 8192M
 Large Page Support: Disabled
 NUMA Support: Disabled
 Compressed Oops: Enabled (Zero based)
 Heap Region Size: 1M
 Heap Min Capacity: 8M
 Heap Initial Capacity: 128M
 Heap Max Capacity: 2G
 Pre-touch: Disabled
 Parallel Workers: 8
 Concurrent Workers: 2
 Concurrent Refinement Workers: 8
 Periodic GC: Disabled

Heap:
 garbage-first heap   total 133120K, used 53483K [0x0000000780000000, 0x0000000800000000)
  region size 1024K, 42 young (43008K), 3 survivors (3072K)
 Metaspace       used 15691K, committed 16000K, reserved 1114112K
  class space    used 2222K, committed 2368K, reserved 1048576K

Heap Regions: E=young(eden), S=young(survivor), O=old, HS=humongous(starts), HC=humongous(continues), CS=collection set, F=free, OA=open archive, CA=closed archive, TAMS=top-at-mark-start (previous, next)
|   0|0x0000000780000000, 0x0000000780100000, 0x0000000780100000|100%|HS|  |TAMS 0x0000000780000000, 0x0000000780000000| Complete 
|   1|0x0000000780100000, 0x0000000780200000, 0x0000000780200000|100%|HC|  |TAMS 0x0000000780100000, 0x0000000780100000| Complete 
|   2|0x0000000780200000, 0x0000000780300000, 0x0000000780300000|100%|HC|  |TAMS 0x0000000780200000, 0x0000000780200000| Complete 
|   3|0x0000000780300000, 0x0000000780352c00, 0x0000000780400000| 32%| O|  |TAMS 0x0000000780300000, 0x0000000780300000| Untracked 
|   4|0x0000000780400000, 0x0000000780500000, 0x0000000780500000|100%|HS|  |TAMS 0x0000000780400000, 0x0000000780400000| Complete 
|   5|0x0000000780500000, 0x0000000780600000, 0x0000000780600000|100%|HC|  |TAMS 0x0000000780500000, 0x0000000780500000| Complete 
|   6|0x0000000780600000, 0x0000000780700000, 0x0000000780700000|100%|HC|  |TAMS 0x0000000780600000, 0x0000000780600000| Complete 
|   7|0x0000000780700000, 0x0000000780800000, 0x0000000780800000|100%|HS|  |TAMS 0x0000000780700000, 0x0000000780700000| Complete 
|   8|0x0000000780800000, 0x0000000780900000, 0x0000000780900000|100%|HC|  |TAMS 0x0000000780800000, 0x0000000780800000| Complete 
|   9|0x0000000780900000, 0x0000000780a00000, 0x0000000780a00000|100%|HS|  |TAMS 0x0000000780900000, 0x0000000780900000| Complete 
|  10|0x0000000780a00000, 0x0000000780b00000, 0x0000000780b00000|100%|HC|  |TAMS 0x0000000780a00000, 0x0000000780a00000| Complete 
|  11|0x0000000780b00000, 0x0000000780c00000, 0x0000000780c00000|100%|HC|  |TAMS 0x0000000780b00000, 0x0000000780b00000| Complete 
|  12|0x0000000780c00000, 0x0000000780c00000, 0x0000000780d00000|  0%| F|  |TAMS 0x0000000780c00000, 0x0000000780c00000| Untracked 
|  13|0x0000000780d00000, 0x0000000780d00000, 0x0000000780e00000|  0%| F|  |TAMS 0x0000000780d00000, 0x0000000780d00000| Untracked 
|  14|0x0000000780e00000, 0x0000000780e00000, 0x0000000780f00000|  0%| F|  |TAMS 0x0000000780e00000, 0x0000000780e00000| Untracked 
|  15|0x0000000780f00000, 0x0000000780f00000, 0x0000000781000000|  0%| F|  |TAMS 0x0000000780f00000, 0x0000000780f00000| Untracked 
|  16|0x0000000781000000, 0x0000000781000000, 0x0000000781100000|  0%| F|  |TAMS 0x0000000781000000, 0x0000000781000000| Untracked 
|  17|0x0000000781100000, 0x0000000781100000, 0x0000000781200000|  0%| F|  |TAMS 0x0000000781100000, 0x0000000781100000| Untracked 
|  18|0x0000000781200000, 0x0000000781200000, 0x0000000781300000|  0%| F|  |TAMS 0x0000000781200000, 0x0000000781200000| Untracked 
|  19|0x0000000781300000, 0x0000000781300000, 0x0000000781400000|  0%| F|  |TAMS 0x0000000781300000, 0x0000000781300000| Untracked 
|  20|0x0000000781400000, 0x0000000781400000, 0x0000000781500000|  0%| F|  |TAMS 0x0000000781400000, 0x0000000781400000| Untracked 
|  21|0x0000000781500000, 0x0000000781500000, 0x0000000781600000|  0%| F|  |TAMS 0x0000000781500000, 0x0000000781500000| Untracked 
|  22|0x0000000781600000, 0x0000000781600000, 0x0000000781700000|  0%| F|  |TAMS 0x0000000781600000, 0x0000000781600000| Untracked 
|  23|0x0000000781700000, 0x0000000781700000, 0x0000000781800000|  0%| F|  |TAMS 0x0000000781700000, 0x0000000781700000| Untracked 
|  24|0x0000000781800000, 0x0000000781800000, 0x0000000781900000|  0%| F|  |TAMS 0x0000000781800000, 0x0000000781800000| Untracked 
|  25|0x0000000781900000, 0x0000000781900000, 0x0000000781a00000|  0%| F|  |TAMS 0x0000000781900000, 0x0000000781900000| Untracked 
|  26|0x0000000781a00000, 0x0000000781a00000, 0x0000000781b00000|  0%| F|  |TAMS 0x0000000781a00000, 0x0000000781a00000| Untracked 
|  27|0x0000000781b00000, 0x0000000781b00000, 0x0000000781c00000|  0%| F|  |TAMS 0x0000000781b00000, 0x0000000781b00000| Untracked 
|  28|0x0000000781c00000, 0x0000000781c00000, 0x0000000781d00000|  0%| F|  |TAMS 0x0000000781c00000, 0x0000000781c00000| Untracked 
|  29|0x0000000781d00000, 0x0000000781d00000, 0x0000000781e00000|  0%| F|  |TAMS 0x0000000781d00000, 0x0000000781d00000| Untracked 
|  30|0x0000000781e00000, 0x0000000781e00000, 0x0000000781f00000|  0%| F|  |TAMS 0x0000000781e00000, 0x0000000781e00000| Untracked 
|  31|0x0000000781f00000, 0x0000000781f00000, 0x0000000782000000|  0%| F|  |TAMS 0x0000000781f00000, 0x0000000781f00000| Untracked 
|  32|0x0000000782000000, 0x0000000782000000, 0x0000000782100000|  0%| F|  |TAMS 0x0000000782000000, 0x0000000782000000| Untracked 
|  33|0x0000000782100000, 0x0000000782100000, 0x0000000782200000|  0%| F|  |TAMS 0x0000000782100000, 0x0000000782100000| Untracked 
|  34|0x0000000782200000, 0x0000000782200000, 0x0000000782300000|  0%| F|  |TAMS 0x0000000782200000, 0x0000000782200000| Untracked 
|  35|0x0000000782300000, 0x0000000782300000, 0x0000000782400000|  0%| F|  |TAMS 0x0000000782300000, 0x0000000782300000| Untracked 
|  36|0x0000000782400000, 0x0000000782400000, 0x0000000782500000|  0%| F|  |TAMS 0x0000000782400000, 0x0000000782400000| Untracked 
|  37|0x0000000782500000, 0x0000000782500000, 0x0000000782600000|  0%| F|  |TAMS 0x0000000782500000, 0x0000000782500000| Untracked 
|  38|0x0000000782600000, 0x0000000782600000, 0x0000000782700000|  0%| F|  |TAMS 0x0000000782600000, 0x0000000782600000| Untracked 
|  39|0x0000000782700000, 0x0000000782700000, 0x0000000782800000|  0%| F|  |TAMS 0x0000000782700000, 0x0000000782700000| Untracked 
|  40|0x0000000782800000, 0x0000000782800000, 0x0000000782900000|  0%| F|  |TAMS 0x0000000782800000, 0x0000000782800000| Untracked 
|  41|0x0000000782900000, 0x0000000782900000, 0x0000000782a00000|  0%| F|  |TAMS 0x0000000782900000, 0x0000000782900000| Untracked 
|  42|0x0000000782a00000, 0x0000000782a00000, 0x0000000782b00000|  0%| F|  |TAMS 0x0000000782a00000, 0x0000000782a00000| Untracked 
|  43|0x0000000782b00000, 0x0000000782b00000, 0x0000000782c00000|  0%| F|  |TAMS 0x0000000782b00000, 0x0000000782b00000| Untracked 
|  44|0x0000000782c00000, 0x0000000782c00000, 0x0000000782d00000|  0%| F|  |TAMS 0x0000000782c00000, 0x0000000782c00000| Untracked 
|  45|0x0000000782d00000, 0x0000000782d00000, 0x0000000782e00000|  0%| F|  |TAMS 0x0000000782d00000, 0x0000000782d00000| Untracked 
|  46|0x0000000782e00000, 0x0000000782e00000, 0x0000000782f00000|  0%| F|  |TAMS 0x0000000782e00000, 0x0000000782e00000| Untracked 
|  47|0x0000000782f00000, 0x0000000782f00000, 0x0000000783000000|  0%| F|  |TAMS 0x0000000782f00000, 0x0000000782f00000| Untracked 
|  48|0x0000000783000000, 0x0000000783000000, 0x0000000783100000|  0%| F|  |TAMS 0x0000000783000000, 0x0000000783000000| Untracked 
|  49|0x0000000783100000, 0x0000000783100000, 0x0000000783200000|  0%| F|  |TAMS 0x0000000783100000, 0x0000000783100000| Untracked 
|  50|0x0000000783200000, 0x0000000783200000, 0x0000000783300000|  0%| F|  |TAMS 0x0000000783200000, 0x0000000783200000| Untracked 
|  51|0x0000000783300000, 0x0000000783300000, 0x0000000783400000|  0%| F|  |TAMS 0x0000000783300000, 0x0000000783300000| Untracked 
|  52|0x0000000783400000, 0x0000000783400000, 0x0000000783500000|  0%| F|  |TAMS 0x0000000783400000, 0x0000000783400000| Untracked 
|  53|0x0000000783500000, 0x0000000783500000, 0x0000000783600000|  0%| F|  |TAMS 0x0000000783500000, 0x0000000783500000| Untracked 
|  54|0x0000000783600000, 0x0000000783600000, 0x0000000783700000|  0%| F|  |TAMS 0x0000000783600000, 0x0000000783600000| Untracked 
|  55|0x0000000783700000, 0x0000000783700000, 0x0000000783800000|  0%| F|  |TAMS 0x0000000783700000, 0x0000000783700000| Untracked 
|  56|0x0000000783800000, 0x0000000783800000, 0x0000000783900000|  0%| F|  |TAMS 0x0000000783800000, 0x0000000783800000| Untracked 
|  57|0x0000000783900000, 0x0000000783900000, 0x0000000783a00000|  0%| F|  |TAMS 0x0000000783900000, 0x0000000783900000| Untracked 
|  58|0x0000000783a00000, 0x0000000783a00000, 0x0000000783b00000|  0%| F|  |TAMS 0x0000000783a00000, 0x0000000783a00000| Untracked 
|  59|0x0000000783b00000, 0x0000000783b00000, 0x0000000783c00000|  0%| F|  |TAMS 0x0000000783b00000, 0x0000000783b00000| Untracked 
|  60|0x0000000783c00000, 0x0000000783c00000, 0x0000000783d00000|  0%| F|  |TAMS 0x0000000783c00000, 0x0000000783c00000| Untracked 
|  61|0x0000000783d00000, 0x0000000783d00000, 0x0000000783e00000|  0%| F|  |TAMS 0x0000000783d00000, 0x0000000783d00000| Untracked 
|  62|0x0000000783e00000, 0x0000000783e00000, 0x0000000783f00000|  0%| F|  |TAMS 0x0000000783e00000, 0x0000000783e00000| Untracked 
|  63|0x0000000783f00000, 0x0000000783f00000, 0x0000000784000000|  0%| F|  |TAMS 0x0000000783f00000, 0x0000000783f00000| Untracked 
|  64|0x0000000784000000, 0x0000000784000000, 0x0000000784100000|  0%| F|  |TAMS 0x0000000784000000, 0x0000000784000000| Untracked 
|  65|0x0000000784100000, 0x0000000784100000, 0x0000000784200000|  0%| F|  |TAMS 0x0000000784100000, 0x0000000784100000| Untracked 
|  66|0x0000000784200000, 0x0000000784200000, 0x0000000784300000|  0%| F|  |TAMS 0x0000000784200000, 0x0000000784200000| Untracked 
|  67|0x0000000784300000, 0x0000000784300000, 0x0000000784400000|  0%| F|  |TAMS 0x0000000784300000, 0x0000000784300000| Untracked 
|  68|0x0000000784400000, 0x0000000784400000, 0x0000000784500000|  0%| F|  |TAMS 0x0000000784400000, 0x0000000784400000| Untracked 
|  69|0x0000000784500000, 0x0000000784500000, 0x0000000784600000|  0%| F|  |TAMS 0x0000000784500000, 0x0000000784500000| Untracked 
|  70|0x0000000784600000, 0x0000000784600000, 0x0000000784700000|  0%| F|  |TAMS 0x0000000784600000, 0x0000000784600000| Untracked 
|  71|0x0000000784700000, 0x0000000784700000, 0x0000000784800000|  0%| F|  |TAMS 0x0000000784700000, 0x0000000784700000| Untracked 
|  72|0x0000000784800000, 0x0000000784800000, 0x0000000784900000|  0%| F|  |TAMS 0x0000000784800000, 0x0000000784800000| Untracked 
|  73|0x0000000784900000, 0x0000000784900000, 0x0000000784a00000|  0%| F|  |TAMS 0x0000000784900000, 0x0000000784900000| Untracked 
|  74|0x0000000784a00000, 0x0000000784a00000, 0x0000000784b00000|  0%| F|  |TAMS 0x0000000784a00000, 0x0000000784a00000| Untracked 
|  75|0x0000000784b00000, 0x0000000784b00000, 0x0000000784c00000|  0%| F|  |TAMS 0x0000000784b00000, 0x0000000784b00000| Untracked 
|  76|0x0000000784c00000, 0x0000000784c00000, 0x0000000784d00000|  0%| F|  |TAMS 0x0000000784c00000, 0x0000000784c00000| Untracked 
|  77|0x0000000784d00000, 0x0000000784d00000, 0x0000000784e00000|  0%| F|  |TAMS 0x0000000784d00000, 0x0000000784d00000| Untracked 
|  78|0x0000000784e00000, 0x0000000784e00000, 0x0000000784f00000|  0%| F|  |TAMS 0x0000000784e00000, 0x0000000784e00000| Untracked 
|  79|0x0000000784f00000, 0x0000000784f00000, 0x0000000785000000|  0%| F|  |TAMS 0x0000000784f00000, 0x0000000784f00000| Untracked 
|  80|0x0000000785000000, 0x0000000785000000, 0x0000000785100000|  0%| F|  |TAMS 0x0000000785000000, 0x0000000785000000| Untracked 
|  81|0x0000000785100000, 0x0000000785100000, 0x0000000785200000|  0%| F|  |TAMS 0x0000000785100000, 0x0000000785100000| Untracked 
|  82|0x0000000785200000, 0x0000000785200000, 0x0000000785300000|  0%| F|  |TAMS 0x0000000785200000, 0x0000000785200000| Untracked 
|  83|0x0000000785300000, 0x0000000785300000, 0x0000000785400000|  0%| F|  |TAMS 0x0000000785300000, 0x0000000785300000| Untracked 
|  84|0x0000000785400000, 0x0000000785400000, 0x0000000785500000|  0%| F|  |TAMS 0x0000000785400000, 0x0000000785400000| Untracked 
|  85|0x0000000785500000, 0x0000000785500000, 0x0000000785600000|  0%| F|  |TAMS 0x0000000785500000, 0x0000000785500000| Untracked 
|  86|0x0000000785600000, 0x0000000785628710, 0x0000000785700000| 15%| E|  |TAMS 0x0000000785600000, 0x0000000785600000| Complete 
|  87|0x0000000785700000, 0x0000000785800000, 0x0000000785800000|100%| E|CS|TAMS 0x0000000785700000, 0x0000000785700000| Complete 
|  88|0x0000000785800000, 0x0000000785900000, 0x0000000785900000|100%| E|CS|TAMS 0x0000000785800000, 0x0000000785800000| Complete 
|  89|0x0000000785900000, 0x0000000785a00000, 0x0000000785a00000|100%| E|CS|TAMS 0x0000000785900000, 0x0000000785900000| Complete 
|  90|0x0000000785a00000, 0x0000000785b00000, 0x0000000785b00000|100%| E|CS|TAMS 0x0000000785a00000, 0x0000000785a00000| Complete 
|  91|0x0000000785b00000, 0x0000000785c00000, 0x0000000785c00000|100%| E|CS|TAMS 0x0000000785b00000, 0x0000000785b00000| Complete 
|  92|0x0000000785c00000, 0x0000000785d00000, 0x0000000785d00000|100%| E|CS|TAMS 0x0000000785c00000, 0x0000000785c00000| Complete 
|  93|0x0000000785d00000, 0x0000000785e00000, 0x0000000785e00000|100%| E|CS|TAMS 0x0000000785d00000, 0x0000000785d00000| Complete 
|  94|0x0000000785e00000, 0x0000000785f00000, 0x0000000785f00000|100%| E|CS|TAMS 0x0000000785e00000, 0x0000000785e00000| Complete 
|  95|0x0000000785f00000, 0x0000000786000000, 0x0000000786000000|100%| E|CS|TAMS 0x0000000785f00000, 0x0000000785f00000| Complete 
|  96|0x0000000786000000, 0x0000000786100000, 0x0000000786100000|100%| E|CS|TAMS 0x0000000786000000, 0x0000000786000000| Complete 
|  97|0x0000000786100000, 0x0000000786200000, 0x0000000786200000|100%| E|CS|TAMS 0x0000000786100000, 0x0000000786100000| Complete 
|  98|0x0000000786200000, 0x0000000786300000, 0x0000000786300000|100%| E|CS|TAMS 0x0000000786200000, 0x0000000786200000| Complete 
|  99|0x0000000786300000, 0x0000000786400000, 0x0000000786400000|100%| E|CS|TAMS 0x0000000786300000, 0x0000000786300000| Complete 
| 100|0x0000000786400000, 0x0000000786500000, 0x0000000786500000|100%| E|CS|TAMS 0x0000000786400000, 0x0000000786400000| Complete 
| 101|0x0000000786500000, 0x0000000786600000, 0x0000000786600000|100%| E|CS|TAMS 0x0000000786500000, 0x0000000786500000| Complete 
| 102|0x0000000786600000, 0x0000000786700000, 0x0000000786700000|100%| S|CS|TAMS 0x0000000786600000, 0x0000000786600000| Complete 
| 103|0x0000000786700000, 0x0000000786800000, 0x0000000786800000|100%| S|CS|TAMS 0x0000000786700000, 0x0000000786700000| Complete 
| 104|0x0000000786800000, 0x0000000786900000, 0x0000000786900000|100%| S|CS|TAMS 0x0000000786800000, 0x0000000786800000| Complete 
| 105|0x0000000786900000, 0x0000000786a00000, 0x0000000786a00000|100%| E|CS|TAMS 0x0000000786900000, 0x0000000786900000| Complete 
| 106|0x0000000786a00000, 0x0000000786b00000, 0x0000000786b00000|100%| E|CS|TAMS 0x0000000786a00000, 0x0000000786a00000| Complete 
| 107|0x0000000786b00000, 0x0000000786c00000, 0x0000000786c00000|100%| E|CS|TAMS 0x0000000786b00000, 0x0000000786b00000| Complete 
| 108|0x0000000786c00000, 0x0000000786d00000, 0x0000000786d00000|100%| E|CS|TAMS 0x0000000786c00000, 0x0000000786c00000| Complete 
| 109|0x0000000786d00000, 0x0000000786e00000, 0x0000000786e00000|100%| E|CS|TAMS 0x0000000786d00000, 0x0000000786d00000| Complete 
| 110|0x0000000786e00000, 0x0000000786f00000, 0x0000000786f00000|100%| E|CS|TAMS 0x0000000786e00000, 0x0000000786e00000| Complete 
| 111|0x0000000786f00000, 0x0000000787000000, 0x0000000787000000|100%| E|CS|TAMS 0x0000000786f00000, 0x0000000786f00000| Complete 
| 112|0x0000000787000000, 0x0000000787100000, 0x0000000787100000|100%| E|CS|TAMS 0x0000000787000000, 0x0000000787000000| Complete 
| 113|0x0000000787100000, 0x0000000787200000, 0x0000000787200000|100%| E|CS|TAMS 0x0000000787100000, 0x0000000787100000| Complete 
| 114|0x0000000787200000, 0x0000000787300000, 0x0000000787300000|100%| E|CS|TAMS 0x0000000787200000, 0x0000000787200000| Complete 
| 115|0x0000000787300000, 0x0000000787400000, 0x0000000787400000|100%| E|CS|TAMS 0x0000000787300000, 0x0000000787300000| Complete 
| 116|0x0000000787400000, 0x0000000787500000, 0x0000000787500000|100%| E|CS|TAMS 0x0000000787400000, 0x0000000787400000| Complete 
| 117|0x0000000787500000, 0x0000000787600000, 0x0000000787600000|100%| E|CS|TAMS 0x0000000787500000, 0x0000000787500000| Complete 
| 118|0x0000000787600000, 0x0000000787700000, 0x0000000787700000|100%| E|CS|TAMS 0x0000000787600000, 0x0000000787600000| Complete 
| 119|0x0000000787700000, 0x0000000787800000, 0x0000000787800000|100%| E|CS|TAMS 0x0000000787700000, 0x0000000787700000| Complete 
| 120|0x0000000787800000, 0x0000000787900000, 0x0000000787900000|100%| E|  |TAMS 0x0000000787800000, 0x0000000787800000| Complete 
| 121|0x0000000787900000, 0x0000000787a00000, 0x0000000787a00000|100%| E|CS|TAMS 0x0000000787900000, 0x0000000787900000| Complete 
| 122|0x0000000787a00000, 0x0000000787b00000, 0x0000000787b00000|100%| E|CS|TAMS 0x0000000787a00000, 0x0000000787a00000| Complete 
| 123|0x0000000787b00000, 0x0000000787c00000, 0x0000000787c00000|100%| E|CS|TAMS 0x0000000787b00000, 0x0000000787b00000| Complete 
| 124|0x0000000787c00000, 0x0000000787d00000, 0x0000000787d00000|100%| E|CS|TAMS 0x0000000787c00000, 0x0000000787c00000| Complete 
| 125|0x0000000787d00000, 0x0000000787e00000, 0x0000000787e00000|100%| E|CS|TAMS 0x0000000787d00000, 0x0000000787d00000| Complete 
| 126|0x0000000787e00000, 0x0000000787f00000, 0x0000000787f00000|100%| E|CS|TAMS 0x0000000787e00000, 0x0000000787e00000| Complete 
| 127|0x0000000787f00000, 0x0000000788000000, 0x0000000788000000|100%| E|CS|TAMS 0x0000000787f00000, 0x0000000787f00000| Complete 
|2046|0x00000007ffe00000, 0x00000007ffe74000, 0x00000007fff00000| 45%|OA|  |TAMS 0x00000007ffe00000, 0x00000007ffe00000| Untracked 
|2047|0x00000007fff00000, 0x00000007fff74000, 0x0000000800000000| 45%|CA|  |TAMS 0x00000007fff00000, 0x00000007fff00000| Untracked 

Card table byte_map: [0x0000000103898000,0x0000000103c98000] _byte_map_base: 0x00000000ffc98000

Marking Bits (Prev, Next): (CMBitMap*) 0x000000011c008210, (CMBitMap*) 0x000000011c008250
 Prev Bits: [0x0000000128000000, 0x000000012a000000)
 Next Bits: [0x000000012a000000, 0x000000012c000000)

Polling page: 0x0000000102ffc000

Metaspace:

Usage:
  Non-class:     13.15 MB used.
      Class:      2.17 MB used.
       Both:     15.32 MB used.

Virtual space:
  Non-class space:       64.00 MB reserved,      13.31 MB ( 21%) committed,  1 nodes.
      Class space:        1.00 GB reserved,       2.31 MB ( <1%) committed,  1 nodes.
             Both:        1.06 GB reserved,      15.62 MB (  1%) committed. 

Chunk freelists:
   Non-Class:  2.05 MB
       Class:  1.67 MB
        Both:  3.71 MB

MaxMetaspaceSize: unlimited
CompressedClassSpaceSize: 1.00 GB
Initial GC threshold: 21.00 MB
Current GC threshold: 21.00 MB
CDS: on
MetaspaceReclaimPolicy: balanced
 - commit_granule_bytes: 65536.
 - commit_granule_words: 8192.
 - virtual_space_node_default_size: 8388608.
 - enlarge_chunks_in_place: 1.
 - new_chunks_are_fully_committed: 0.
 - uncommit_free_chunks: 1.
 - use_allocation_guard: 0.


Internal statistics:

num_allocs_failed_limit: 0.
num_arena_births: 336.
num_arena_deaths: 0.
num_vsnodes_births: 2.
num_vsnodes_deaths: 0.
num_space_committed: 250.
num_space_uncommitted: 0.
num_chunks_returned_to_freelist: 0.
num_chunks_taken_from_freelist: 853.
num_chunk_merges: 0.
num_chunk_splits: 573.
num_chunks_enlarged: 407.
num_inconsistent_stats: 0.

CodeHeap 'non-profiled nmethods': size=120032Kb used=965Kb max_used=965Kb free=119066Kb
 bounds [0x000000011443c000, 0x00000001146ac000, 0x000000011b974000]
CodeHeap 'profiled nmethods': size=120016Kb used=5199Kb max_used=5199Kb free=114816Kb
 bounds [0x000000010cf08000, 0x000000010d428000, 0x000000011443c000]
CodeHeap 'non-nmethods': size=5712Kb used=1401Kb max_used=1447Kb free=4310Kb
 bounds [0x000000010c974000, 0x000000010cbe4000, 0x000000010cf08000]
 total_blobs=3386 nmethods=2610 adapters=691
 compilation: enabled
              stopped_count=0, restarted_count=0
 full_count=0

Compilation events (20 events):
Event: 6.726 Thread 0x000000011c013a00 nmethod 2708 0x000000011452d010 code [0x000000011452d180, 0x000000011452d270]
Event: 6.729 Thread 0x000000011c014000 nmethod 2710 0x000000010d40b010 code [0x000000010d40b940, 0x000000010d40e918]
Event: 6.735 Thread 0x000000011c014000 2711       3       com.sun.javafx.sg.prism.NGNode::invalidateOpaqueRegion (20 bytes)
Event: 6.736 Thread 0x000000011c014000 nmethod 2711 0x000000010d40f610 code [0x000000010d40f7c0, 0x000000010d40fa58]
Event: 6.736 Thread 0x000000011c014000 2712       3       com.sun.javafx.geom.BoxBounds::flattenInto (46 bytes)
Event: 6.736 Thread 0x000000011c014000 nmethod 2712 0x000000010d40fb90 code [0x000000010d40fd80, 0x000000010d410298]
Event: 6.736 Thread 0x000000011c014000 2713       3       com.sun.javafx.geom.BoxBounds::isEmpty (42 bytes)
Event: 6.736 Thread 0x000000011c014000 nmethod 2713 0x000000010d410490 code [0x000000010d410640, 0x000000010d410868]
Event: 6.736 Thread 0x000000011c014000 2714       3       com.sun.javafx.geom.RectBounds::intersects (98 bytes)
Event: 6.737 Thread 0x000000011c014000 nmethod 2714 0x000000010d410910 code [0x000000010d410bc0, 0x000000010d4117b8]
Event: 6.737 Thread 0x000000011c014000 2717       3       com.sun.prism.impl.ManagedResource::lock (20 bytes)
Event: 6.737 Thread 0x000000011c014000 nmethod 2717 0x000000010d411a10 code [0x000000010d411bc0, 0x000000010d411d28]
Event: 6.737 Thread 0x000000011c014000 2718       3       com.sun.prism.impl.ps.BaseShaderContext::getStockShaderIndex (57 bytes)
Event: 6.737 Thread 0x000000011c014000 nmethod 2718 0x000000010d411e10 code [0x000000010d412000, 0x000000010d412428]
Event: 6.737 Thread 0x000000011c014000 2715       3       com.sun.javafx.sg.prism.NGRegion::renderContent (115 bytes)
Event: 6.738 Thread 0x000000011c014000 nmethod 2715 0x000000010d412590 code [0x000000010d412900, 0x000000010d413aa8]
Event: 6.738 Thread 0x000000011c014000 2716       3       com.sun.javafx.sg.prism.NGRegion::renderAsRectangle (31 bytes)
Event: 6.739 Thread 0x000000011c014000 nmethod 2716 0x000000010d413f90 code [0x000000010d414200, 0x000000010d414a48]
Event: 6.768 Thread 0x000000011c014000 2719       3       javafx.scene.CssStyleHelper::getCachedFont (156 bytes)
Event: 6.769 Thread 0x000000011c013a00 2720       4       com.sun.javafx.UnmodifiableArrayList::get (7 bytes)

GC Heap History (2 events):
Event: 0.751 GC heap before
{Heap before GC invocations=0 (full 0):
 garbage-first heap   total 133120K, used 26528K [0x0000000780000000, 0x0000000800000000)
  region size 1024K, 23 young (23552K), 0 survivors (0K)
 Metaspace       used 6187K, committed 6336K, reserved 1114112K
  class space    used 714K, committed 768K, reserved 1048576K
}
Event: 0.752 GC heap after
{Heap after GC invocations=1 (full 0):
 garbage-first heap   total 133120K, used 7403K [0x0000000780000000, 0x0000000800000000)
  region size 1024K, 3 young (3072K), 3 survivors (3072K)
 Metaspace       used 6187K, committed 6336K, reserved 1114112K
  class space    used 714K, committed 768K, reserved 1048576K
}

Deoptimization events (20 events):
Event: 2.689 Thread 0x000000012f00a600 DEOPT PACKING pc=0x000000010d1fbff4 sp=0x000000016f911100
Event: 2.689 Thread 0x000000012f00a600 DEOPT UNPACKING pc=0x000000010c9b2b7c sp=0x000000016f910d60 mode 0
Event: 2.689 Thread 0x000000012f00a600 DEOPT PACKING pc=0x000000010d1fbff4 sp=0x000000016f911100
Event: 2.689 Thread 0x000000012f00a600 DEOPT UNPACKING pc=0x000000010c9b2b7c sp=0x000000016f910d60 mode 0
Event: 2.690 Thread 0x000000012f00a600 DEOPT PACKING pc=0x000000010d1fbff4 sp=0x000000016f911100
Event: 2.690 Thread 0x000000012f00a600 DEOPT UNPACKING pc=0x000000010c9b2b7c sp=0x000000016f910d60 mode 0
Event: 2.690 Thread 0x000000012f00a600 DEOPT PACKING pc=0x000000010d1fc01c sp=0x000000016f911100
Event: 2.690 Thread 0x000000012f00a600 DEOPT UNPACKING pc=0x000000010c9b2b7c sp=0x000000016f910d60 mode 0
Event: 2.690 Thread 0x000000012f00a600 DEOPT PACKING pc=0x000000010d1fbff4 sp=0x000000016f911100
Event: 2.690 Thread 0x000000012f00a600 DEOPT UNPACKING pc=0x000000010c9b2b7c sp=0x000000016f910d60 mode 0
Event: 2.690 Thread 0x000000012f00a600 DEOPT PACKING pc=0x000000010d1fbff4 sp=0x000000016f911100
Event: 2.690 Thread 0x000000012f00a600 DEOPT UNPACKING pc=0x000000010c9b2b7c sp=0x000000016f910d60 mode 0
Event: 4.263 Thread 0x000000011e8cac00 DEOPT PACKING pc=0x000000010d23cfc8 sp=0x000000016ce81f50
Event: 4.263 Thread 0x000000011e8cac00 DEOPT UNPACKING pc=0x000000010c9b2b7c sp=0x000000016ce81bf0 mode 3
Event: 4.513 Thread 0x000000012f00a600 DEOPT PACKING pc=0x000000010d34ab0c sp=0x000000016f9113e0
Event: 4.513 Thread 0x000000012f00a600 DEOPT UNPACKING pc=0x000000010c9b2b7c sp=0x000000016f910fe0 mode 0
Event: 4.515 Thread 0x000000012f00a600 DEOPT PACKING pc=0x000000010d34ab0c sp=0x000000016f9113e0
Event: 4.515 Thread 0x000000012f00a600 DEOPT UNPACKING pc=0x000000010c9b2b7c sp=0x000000016f910fe0 mode 0
Event: 4.523 Thread 0x000000012f00a600 DEOPT PACKING pc=0x000000010d34ab0c sp=0x000000016f9113e0
Event: 4.523 Thread 0x000000012f00a600 DEOPT UNPACKING pc=0x000000010c9b2b7c sp=0x000000016f910fe0 mode 0

Classes loaded (20 events):
Event: 1.363 Loading class jdk/internal/ref/CleanerImpl$InnocuousThreadFactory
Event: 1.363 Loading class jdk/internal/ref/CleanerImpl$InnocuousThreadFactory done
Event: 1.366 Loading class sun/misc/Unsafe
Event: 1.366 Loading class sun/misc/Unsafe done
Event: 1.367 Loading class java/lang/invoke/DirectMethodHandle$StaticAccessor
Event: 1.367 Loading class java/lang/invoke/DirectMethodHandle$StaticAccessor done
Event: 1.380 Loading class java/nio/DirectShortBufferU
Event: 1.380 Loading class java/nio/ShortBuffer
Event: 1.380 Loading class java/nio/ShortBuffer done
Event: 1.380 Loading class java/nio/DirectShortBufferU done
Event: 1.401 Loading class java/nio/DoubleBuffer
Event: 1.402 Loading class java/nio/DoubleBuffer done
Event: 1.402 Loading class java/nio/DirectFloatBufferU
Event: 1.402 Loading class java/nio/DirectFloatBufferU done
Event: 3.288 Loading class jdk/internal/misc/ScopedMemoryAccess$Scope
Event: 3.288 Loading class jdk/internal/misc/ScopedMemoryAccess$Scope done
Event: 3.381 Loading class java/lang/FdLibm$Hypot
Event: 3.381 Loading class java/lang/FdLibm$Hypot done
Event: 3.381 Loading class java/lang/FdLibm
Event: 3.381 Loading class java/lang/FdLibm done

Classes unloaded (0 events):
No events

Classes redefined (0 events):
No events

Internal exceptions (20 events):
Event: 0.972 Thread 0x000000011e8cac00 Exception <a 'java/lang/NoSuchMethodError'{0x000000078722db60}: 'void java.lang.invoke.DelegatingMethodHandle$Holder.reinvoke_L(java.lang.Object, java.lang.Object, int)'> (0x000000078722db60) 
thrown [open/src/hotspot/share/interpreter/linkResolver.cpp, line 759]
Event: 0.972 Thread 0x000000011e8cac00 Exception <a 'java/lang/NoSuchMethodError'{0x0000000787231870}: 'int java.lang.invoke.DirectMethodHandle$Holder.invokeSpecial(java.lang.Object, java.lang.Object, java.lang.Object)'> (0x0000000787231870) 
thrown [open/src/hotspot/share/interpreter/linkResolver.cpp, line 759]
Event: 0.978 Thread 0x000000011e8cac00 Exception <a 'java/io/FileNotFoundException'{0x00000007872a5548}> (0x00000007872a5548) 
thrown [open/src/hotspot/share/prims/jni.cpp, line 516]
Event: 0.998 Thread 0x000000011e8cac00 Implicit null exception at 0x00000001144a883c to 0x00000001144a9254
Event: 1.004 Thread 0x000000011e8cac00 Implicit null exception at 0x00000001144a3d54 to 0x00000001144a3f50
Event: 1.135 Thread 0x000000011e8cac00 Implicit null exception at 0x00000001144a0d54 to 0x00000001144a0f44
Event: 1.135 Thread 0x000000011e8cac00 Implicit null exception at 0x0000000114465bd4 to 0x0000000114465c40
Event: 1.154 Thread 0x000000011e8cac00 Exception <a 'java/lang/NoSuchMethodError'{0x0000000786b5f868}: 'java.lang.Object java.lang.invoke.DirectMethodHandle$Holder.invokeInterface(java.lang.Object, java.lang.Object, java.lang.Object)'> (0x0000000786b5f868) 
thrown [open/src/hotspot/share/interpreter/linkResolver.cpp, line 759]
Event: 1.154 Thread 0x000000011e8cac00 Exception <a 'java/lang/IncompatibleClassChangeError'{0x0000000786b62f28}: Found class java.lang.Object, but interface was expected> (0x0000000786b62f28) 
thrown [open/src/hotspot/share/interpreter/linkResolver.cpp, line 826]
Event: 1.166 Thread 0x000000011e8cac00 Exception <a 'java/lang/NoSuchMethodError'{0x0000000786a5d1d0}: 'int java.lang.invoke.DirectMethodHandle$Holder.invokeSpecial(java.lang.Object, java.lang.Object, int)'> (0x0000000786a5d1d0) 
thrown [open/src/hotspot/share/interpreter/linkResolver.cpp, line 759]
Event: 1.177 Thread 0x000000011e8cac00 Exception <a 'java/lang/NoSuchMethodError'{0x0000000786ad6730}: 'java.lang.Object java.lang.invoke.DirectMethodHandle$Holder.newInvokeSpecial(java.lang.Object, java.lang.Object, int)'> (0x0000000786ad6730) 
thrown [open/src/hotspot/share/interpreter/linkResolver.cpp, line 759]
Event: 1.240 Thread 0x000000012f00a600 Exception <a 'java/lang/NoSuchMethodError'{0x00000007869e68a0}: 'int java.lang.invoke.DirectMethodHandle$Holder.invokeStaticInit(java.lang.Object, java.lang.Object)'> (0x00000007869e68a0) 
thrown [open/src/hotspot/share/interpreter/linkResolver.cpp, line 759]
Event: 3.362 Thread 0x000000011e8cac00 Exception <a 'java/lang/ClassNotFoundException'{0x0000000785dfbf70}: com/sun/javafx/scene/control/skin/resources/controls> (0x0000000785dfbf70) 
thrown [open/src/hotspot/share/prims/jni.cpp, line 535]
Event: 3.362 Thread 0x000000011e8cac00 Exception <a 'java/lang/ClassNotFoundException'{0x0000000785c0b670}: com/sun/javafx/scene/control/skin/resources/controls_en> (0x0000000785c0b670) 
thrown [open/src/hotspot/share/prims/jni.cpp, line 535]
Event: 3.362 Thread 0x000000011e8cac00 Exception <a 'java/lang/ClassNotFoundException'{0x0000000785c0c900}: com/sun/javafx/scene/control/skin/resources/controls_en_US> (0x0000000785c0c900) 
thrown [open/src/hotspot/share/prims/jni.cpp, line 535]
Event: 3.371 Thread 0x000000011e8cac00 Exception <a 'java/lang/NoSuchMethodError'{0x0000000785b7ed50}: 'void java.lang.invoke.DirectMethodHandle$Holder.invokeSpecial(java.lang.Object, java.lang.Object, java.lang.Object, java.lang.Object, java.lang.Object, java.lang.Object)'> (0x0000000785b7ed50) 
thrown [open/src/hotspot/share/interpreter/linkResolver.cpp, line 759]
Event: 5.105 Thread 0x000000011e8cac00 Exception <a 'java/lang/NoSuchMethodError'{0x0000000785734530}: 'long java.lang.invoke.DirectMethodHandle$Holder.invokeStatic(java.lang.Object, java.lang.Object, java.lang.Object)'> (0x0000000785734530) 
thrown [open/src/hotspot/share/interpreter/linkResolver.cpp, line 759]
Event: 5.105 Thread 0x000000011e8cac00 Exception <a 'java/lang/NoSuchMethodError'{0x0000000785737cd0}: 'long java.lang.invoke.DirectMethodHandle$Holder.invokeStaticInit(java.lang.Object, java.lang.Object, java.lang.Object)'> (0x0000000785737cd0) 
thrown [open/src/hotspot/share/interpreter/linkResolver.cpp, line 759]
Event: 5.108 Thread 0x000000011e8cac00 Exception <a 'java/lang/NoSuchMethodError'{0x0000000785750318}: 'java.lang.Object java.lang.invoke.DirectMethodHandle$Holder.newInvokeSpecial(java.lang.Object, java.lang.Object, long)'> (0x0000000785750318) 
thrown [open/src/hotspot/share/interpreter/linkResolver.cpp, line 759]
Event: 5.109 Thread 0x000000011e8cac00 Exception <a 'java/lang/NoSuchMethodError'{0x0000000785753be8}: 'java.lang.Object java.lang.invoke.Invokers$Holder.linkToTargetMethod(java.lang.Object, long, java.lang.Object)'> (0x0000000785753be8) 
thrown [open/src/hotspot/share/interpreter/linkResolver.cpp, line 759]

VM Operations (20 events):
Event: 0.954 Executing VM operation: HandshakeAllThreads
Event: 0.954 Executing VM operation: HandshakeAllThreads done
Event: 0.958 Executing VM operation: ICBufferFull
Event: 0.958 Executing VM operation: ICBufferFull done
Event: 2.024 Executing VM operation: Cleanup
Event: 2.024 Executing VM operation: Cleanup done
Event: 3.026 Executing VM operation: Cleanup
Event: 3.026 Executing VM operation: Cleanup done
Event: 3.344 Executing VM operation: ICBufferFull
Event: 3.344 Executing VM operation: ICBufferFull done
Event: 3.371 Executing VM operation: HandshakeAllThreads
Event: 3.371 Executing VM operation: HandshakeAllThreads done
Event: 3.382 Executing VM operation: ICBufferFull
Event: 3.382 Executing VM operation: ICBufferFull done
Event: 4.387 Executing VM operation: Cleanup
Event: 4.388 Executing VM operation: Cleanup done
Event: 5.371 Executing VM operation: ICBufferFull
Event: 5.372 Executing VM operation: ICBufferFull done
Event: 6.377 Executing VM operation: Cleanup
Event: 6.377 Executing VM operation: Cleanup done

Events (20 events):
Event: 2.967 Protecting memory [0x000000016fbb4000,0x000000016fbc0000] with protection modes 3
Event: 2.967 Thread 0x000000011daf2600 Thread exited: 0x000000011daf2600
Event: 3.002 Protecting memory [0x000000016fbb4000,0x000000016fbc0000] with protection modes 0
Event: 3.002 Thread 0x000000011daf2600 Thread added: 0x000000011daf2600
Event: 3.718 Protecting memory [0x000000016fbb4000,0x000000016fbc0000] with protection modes 3
Event: 3.718 Thread 0x000000011daf2600 Thread exited: 0x000000011daf2600
Event: 4.502 Protecting memory [0x000000016fbb4000,0x000000016fbc0000] with protection modes 0
Event: 4.502 Thread 0x000000012e00bc00 Thread added: 0x000000012e00bc00
Event: 4.985 Protecting memory [0x000000016fbb4000,0x000000016fbc0000] with protection modes 3
Event: 4.985 Thread 0x000000012e00bc00 Thread exited: 0x000000012e00bc00
Event: 5.102 Protecting memory [0x000000016fbb4000,0x000000016fbc0000] with protection modes 0
Event: 5.102 Thread 0x000000011e020000 Thread added: 0x000000011e020000
Event: 5.718 Protecting memory [0x000000016fbb4000,0x000000016fbc0000] with protection modes 3
Event: 5.719 Thread 0x000000011e020000 Thread exited: 0x000000011e020000
Event: 5.752 Protecting memory [0x000000016fbb4000,0x000000016fbc0000] with protection modes 0
Event: 5.752 Thread 0x000000011e020000 Thread added: 0x000000011e020000
Event: 6.385 Protecting memory [0x000000016fbb4000,0x000000016fbc0000] with protection modes 3
Event: 6.385 Thread 0x000000011e020000 Thread exited: 0x000000011e020000
Event: 6.485 Protecting memory [0x000000016fbb4000,0x000000016fbc0000] with protection modes 0
Event: 6.485 Thread 0x000000011e041200 Thread added: 0x000000011e041200


Dynamic libraries:
0x0000000102fac000 	/Users/irene/Library/Java/JavaVirtualMachines/openjdk-18.0.2/Contents/Home/lib/libjli.dylib
0x00000001ad5f0000 	/usr/lib/libz.1.dylib
0x00000001ad6a7000 	/usr/lib/libSystem.B.dylib
0x00000001ad6a1000 	/usr/lib/system/libcache.dylib
0x00000001ad65f000 	/usr/lib/system/libcommonCrypto.dylib
0x00000001ad688000 	/usr/lib/system/libcompiler_rt.dylib
0x00000001ad67f000 	/usr/lib/system/libcopyfile.dylib
0x00000001a28e7000 	/usr/lib/system/libcorecrypto.dylib
0x00000001a299a000 	/usr/lib/system/libdispatch.dylib
0x00000001a2b68000 	/usr/lib/system/libdyld.dylib
0x00000001ad697000 	/usr/lib/system/libkeymgr.dylib
0x00000001ad63a000 	/usr/lib/system/libmacho.dylib
0x00000001acd2f000 	/usr/lib/system/libquarantine.dylib
0x00000001ad694000 	/usr/lib/system/libremovefile.dylib
0x00000001a7cd0000 	/usr/lib/system/libsystem_asl.dylib
0x00000001a2889000 	/usr/lib/system/libsystem_blocks.dylib
0x00000001a2a22000 	/usr/lib/system/libsystem_c.dylib
0x00000001ad68c000 	/usr/lib/system/libsystem_collections.dylib
0x00000001ac1bd000 	/usr/lib/system/libsystem_configuration.dylib
0x00000001ab419000 	/usr/lib/system/libsystem_containermanager.dylib
0x00000001ad39c000 	/usr/lib/system/libsystem_coreservices.dylib
0x00000001a5290000 	/usr/lib/system/libsystem_darwin.dylib
0x00000001ad698000 	/usr/lib/system/libsystem_dnssd.dylib
0x00000001a2a1f000 	/usr/lib/system/libsystem_featureflags.dylib
0x00000001a2b7d000 	/usr/lib/system/libsystem_info.dylib
0x00000001ad602000 	/usr/lib/system/libsystem_m.dylib
0x00000001a296f000 	/usr/lib/system/libsystem_malloc.dylib
0x00000001a7c5f000 	/usr/lib/system/libsystem_networkextension.dylib
0x00000001a56e9000 	/usr/lib/system/libsystem_notify.dylib
0x00000001b39e5000 	/usr/lib/system/libsystem_product_info_filter.dylib
0x00000001ac1c2000 	/usr/lib/system/libsystem_sandbox.dylib
0x00000001ad691000 	/usr/lib/system/libsystem_secinit.dylib
0x00000001a2b23000 	/usr/lib/system/libsystem_kernel.dylib
0x00000001a2b75000 	/usr/lib/system/libsystem_platform.dylib
0x00000001a2b5b000 	/usr/lib/system/libsystem_pthread.dylib
0x00000001a9428000 	/usr/lib/system/libsystem_symptoms.dylib
0x00000001a28cd000 	/usr/lib/system/libsystem_trace.dylib
0x00000001ad66c000 	/usr/lib/system/libunwind.dylib
0x00000001a288b000 	/usr/lib/system/libxpc.dylib
0x00000001a2b0b000 	/usr/lib/libc++abi.dylib
0x00000001a29e1000 	/usr/lib/libobjc.A.dylib
0x00000001ad677000 	/usr/lib/liboah.dylib
0x00000001a2aa4000 	/usr/lib/libc++.1.dylib
0x00000001b94fe000 	/System/Library/Frameworks/Cocoa.framework/Versions/A/Cocoa
0x00000001a574a000 	/System/Library/Frameworks/AppKit.framework/Versions/C/AppKit
0x00000001a8c50000 	/System/Library/Frameworks/CoreData.framework/Versions/A/CoreData
0x00000001a3aa5000 	/System/Library/Frameworks/Foundation.framework/Versions/C/Foundation
0x00000001a6602000 	/System/Library/PrivateFrameworks/UIFoundation.framework/Versions/A/UIFoundation
0x00000001b36df000 	/System/Library/PrivateFrameworks/RemoteViewServices.framework/Versions/A/RemoteViewServices
0x00000001abb65000 	/System/Library/PrivateFrameworks/XCTTargetBootstrap.framework/Versions/A/XCTTargetBootstrap
0x00000001af3e3000 	/System/Library/PrivateFrameworks/InternationalSupport.framework/Versions/A/InternationalSupport
0x00000001af46c000 	/System/Library/PrivateFrameworks/UserActivity.framework/Versions/A/UserActivity
0x00000001ae8de000 	/usr/lib/libspindump.dylib
0x00000001a6873000 	/System/Library/Frameworks/UniformTypeIdentifiers.framework/Versions/A/UniformTypeIdentifiers
0x00000001aa0b0000 	/usr/lib/libapp_launch_measurement.dylib
0x00000001a95da000 	/System/Library/PrivateFrameworks/CoreAnalytics.framework/Versions/A/CoreAnalytics
0x00000001aa0b3000 	/System/Library/PrivateFrameworks/CoreAutoLayout.framework/Versions/A/CoreAutoLayout
0x00000001ab456000 	/System/Library/Frameworks/Metal.framework/Versions/A/Metal
0x00000001ac1cd000 	/usr/lib/liblangid.dylib
0x00000001abb6a000 	/System/Library/PrivateFrameworks/CoreSVG.framework/Versions/A/CoreSVG
0x00000001a7d04000 	/System/Library/PrivateFrameworks/SkyLight.framework/Versions/A/SkyLight
0x00000001a80d9000 	/System/Library/Frameworks/CoreGraphics.framework/Versions/A/CoreGraphics
0x00000001b3dab000 	/System/Library/Frameworks/Accelerate.framework/Versions/A/Accelerate
0x00000001ae355000 	/System/Library/PrivateFrameworks/IconServices.framework/Versions/A/IconServices
0x00000001ab438000 	/System/Library/Frameworks/IOSurface.framework/Versions/A/IOSurface
0x00000001a960b000 	/usr/lib/libDiagnosticMessagesClient.dylib
0x00000001b72ac000 	/System/Library/Frameworks/ApplicationServices.framework/Versions/A/ApplicationServices
0x00000001abb4d000 	/System/Library/PrivateFrameworks/DFRFoundation.framework/Versions/A/DFRFoundation
0x00000001a4fda000 	/usr/lib/libicucore.A.dylib
0x00000001b028f000 	/System/Library/Frameworks/AudioToolbox.framework/Versions/A/AudioToolbox
0x00000001af3ef000 	/System/Library/PrivateFrameworks/DataDetectorsCore.framework/Versions/A/DataDetectorsCore
0x00000001c5d2f000 	/System/Library/PrivateFrameworks/TextInput.framework/Versions/A/TextInput
0x00000001a7c79000 	/usr/lib/libMobileGestalt.dylib
0x00000001ab819000 	/System/Library/Frameworks/Carbon.framework/Versions/A/Frameworks/HIToolbox.framework/Versions/A/HIToolbox
0x00000001a9a8c000 	/System/Library/Frameworks/QuartzCore.framework/Versions/A/QuartzCore
0x00000001a4c5d000 	/System/Library/Frameworks/Security.framework/Versions/A/Security
0x00000001b371f000 	/System/Library/Frameworks/Carbon.framework/Versions/A/Frameworks/SpeechRecognition.framework/Versions/A/SpeechRecognition
0x00000001a9e06000 	/System/Library/PrivateFrameworks/CoreUI.framework/Versions/A/CoreUI
0x00000001a453a000 	/System/Library/Frameworks/CoreAudio.framework/Versions/A/CoreAudio
0x00000001a9700000 	/System/Library/Frameworks/DiskArbitration.framework/Versions/A/DiskArbitration
0x00000001aece8000 	/System/Library/PrivateFrameworks/MultitouchSupport.framework/Versions/A/MultitouchSupport
0x00000001a7c77000 	/usr/lib/libenergytrace.dylib
0x00000001a5612000 	/System/Library/Frameworks/IOKit.framework/Versions/A/IOKit
0x00000001b3b0e000 	/System/Library/Frameworks/CoreServices.framework/Versions/A/CoreServices
0x00000001aa040000 	/System/Library/PrivateFrameworks/PerformanceAnalysis.framework/Versions/A/PerformanceAnalysis
0x0000000204017000 	/System/Library/Frameworks/OpenGL.framework/Versions/A/OpenGL
0x00000001acc47000 	/System/Library/PrivateFrameworks/MobileKeyBag.framework/Versions/A/MobileKeyBag
0x00000001a86e6000 	/System/Library/Frameworks/ColorSync.framework/Versions/A/ColorSync
0x00000001a2baa000 	/System/Library/Frameworks/CoreFoundation.framework/Versions/A/CoreFoundation
0x00000001abde9000 	/System/Library/Frameworks/CoreImage.framework/Versions/A/CoreImage
0x00000001a435e000 	/System/Library/Frameworks/CoreText.framework/Versions/A/CoreText
0x00000001abb9a000 	/System/Library/Frameworks/ImageIO.framework/Versions/A/ImageIO
0x00000001ad6ad000 	/System/Library/PrivateFrameworks/SoftLinking.framework/Versions/A/SoftLinking
0x00000001aa0fe000 	/usr/lib/libxml2.2.dylib
0x00000001ad946000 	/usr/lib/libcompression.dylib
0x00000001af33f000 	/System/Library/PrivateFrameworks/TextureIO.framework/Versions/A/TextureIO
0x00000001ae06e000 	/usr/lib/libate.dylib
0x00000001adf33000 	/usr/lib/liblzma.5.dylib
0x00000001a3799000 	/System/Library/Frameworks/SystemConfiguration.framework/Versions/A/SystemConfiguration
0x00000001ad6a9000 	/usr/lib/libfakelink.dylib
0x00000001a77ab000 	/System/Library/Frameworks/CFNetwork.framework/Versions/A/CFNetwork
0x00000001ad7ef000 	/usr/lib/libarchive.2.dylib
0x00000001ac1c9000 	/System/Library/PrivateFrameworks/AppleSystemInfo.framework/Versions/A/AppleSystemInfo
0x00000001acd5a000 	/usr/lib/libbsm.0.dylib
0x00000001a6d1c000 	/usr/lib/libnetwork.dylib
0x00000001ad643000 	/usr/lib/system/libkxld.dylib
0x00000001ac96d000 	/System/Library/PrivateFrameworks/IOMobileFramebuffer.framework/Versions/A/IOMobileFramebuffer
0x0000000221943000 	/usr/lib/libCoreEntitlements.dylib
0x00000001ad37e000 	/System/Library/PrivateFrameworks/AppleFSCompression.framework/Versions/A/AppleFSCompression
0x00000001acd42000 	/usr/lib/libcoretls.dylib
0x00000001adf4c000 	/usr/lib/libcoretls_cfhelpers.dylib
0x00000001ad941000 	/usr/lib/libpam.2.dylib
0x00000001a903f000 	/usr/lib/libsqlite3.dylib
0x00000001adfb5000 	/usr/lib/libxar.1.dylib
0x00000001ad38f000 	/usr/lib/libbz2.1.0.dylib
0x00000001ad6ae000 	/usr/lib/libpcap.A.dylib
0x00000001a941f000 	/usr/lib/libdns_services.dylib
0x00000001ad914000 	/usr/lib/libapple_nghttp2.dylib
0x00000001ad6eb000 	/usr/lib/libiconv.2.dylib
0x00000001ad639000 	/usr/lib/libcharset.1.dylib
0x00000001aa07c000 	/System/Library/Frameworks/CoreServices.framework/Versions/A/Frameworks/FSEvents.framework/Versions/A/FSEvents
0x00000001a529b000 	/System/Library/Frameworks/CoreServices.framework/Versions/A/Frameworks/CarbonCore.framework/Versions/A/CarbonCore
0x00000001a9660000 	/System/Library/Frameworks/CoreServices.framework/Versions/A/Frameworks/Metadata.framework/Versions/A/Metadata
0x00000001ad3a2000 	/System/Library/Frameworks/CoreServices.framework/Versions/A/Frameworks/OSServices.framework/Versions/A/OSServices
0x00000001ad875000 	/System/Library/Frameworks/CoreServices.framework/Versions/A/Frameworks/SearchKit.framework/Versions/A/SearchKit
0x00000001a93ae000 	/System/Library/Frameworks/CoreServices.framework/Versions/A/Frameworks/AE.framework/Versions/A/AE
0x00000001a30f0000 	/System/Library/Frameworks/CoreServices.framework/Versions/A/Frameworks/LaunchServices.framework/Versions/A/LaunchServices
0x00000001adedc000 	/System/Library/Frameworks/CoreServices.framework/Versions/A/Frameworks/DictionaryServices.framework/Versions/A/DictionaryServices
0x00000001aa089000 	/System/Library/Frameworks/CoreServices.framework/Versions/A/Frameworks/SharedFileList.framework/Versions/A/SharedFileList
0x00000001acd32000 	/usr/lib/libCheckFix.dylib
0x00000001a7ce8000 	/System/Library/PrivateFrameworks/TCC.framework/Versions/A/TCC
0x00000001ac1cf000 	/System/Library/PrivateFrameworks/CoreNLP.framework/Versions/A/CoreNLP
0x00000001a960e000 	/System/Library/PrivateFrameworks/MetadataUtilities.framework/Versions/A/MetadataUtilities
0x00000001a3852000 	/usr/lib/libmecabra.dylib
0x00000001acd6b000 	/usr/lib/libmecab.dylib
0x00000001a381e000 	/usr/lib/libCRFSuite.dylib
0x00000001acdc8000 	/usr/lib/libgermantok.dylib
0x00000001ad8ed000 	/usr/lib/libThaiTokenizer.dylib
0x00000001a9708000 	/System/Library/Frameworks/Accelerate.framework/Versions/A/Frameworks/vImage.framework/Versions/A/vImage
0x00000001b3ae5000 	/System/Library/Frameworks/Accelerate.framework/Versions/A/Frameworks/vecLib.framework/Versions/A/vecLib
0x00000001adffa000 	/System/Library/Frameworks/Accelerate.framework/Versions/A/Frameworks/vecLib.framework/Versions/A/libvMisc.dylib
0x00000001ac874000 	/System/Library/Frameworks/Accelerate.framework/Versions/A/Frameworks/vecLib.framework/Versions/A/libvDSP.dylib
0x00000001a3479000 	/System/Library/Frameworks/Accelerate.framework/Versions/A/Frameworks/vecLib.framework/Versions/A/libBLAS.dylib
0x00000001ada17000 	/System/Library/Frameworks/Accelerate.framework/Versions/A/Frameworks/vecLib.framework/Versions/A/libLAPACK.dylib
0x00000001acdcb000 	/System/Library/Frameworks/Accelerate.framework/Versions/A/Frameworks/vecLib.framework/Versions/A/libLinearAlgebra.dylib
0x00000001ad92c000 	/System/Library/Frameworks/Accelerate.framework/Versions/A/Frameworks/vecLib.framework/Versions/A/libSparseBLAS.dylib
0x00000001ada12000 	/System/Library/Frameworks/Accelerate.framework/Versions/A/Frameworks/vecLib.framework/Versions/A/libQuadrature.dylib
0x00000001ac2c8000 	/System/Library/Frameworks/Accelerate.framework/Versions/A/Frameworks/vecLib.framework/Versions/A/libBNNS.dylib
0x00000001a3737000 	/System/Library/Frameworks/Accelerate.framework/Versions/A/Frameworks/vecLib.framework/Versions/A/libSparse.dylib
0x00000001ac2c0000 	/System/Library/PrivateFrameworks/LinguisticData.framework/Versions/A/LinguisticData
0x00000001a36ef000 	/System/Library/PrivateFrameworks/Lexicon.framework/Versions/A/Lexicon
0x00000001adff2000 	/usr/lib/libChineseTokenizer.dylib
0x00000001a3e96000 	/System/Library/PrivateFrameworks/LanguageModeling.framework/Versions/A/LanguageModeling
0x00000001ad8ef000 	/System/Library/PrivateFrameworks/AppleSauce.framework/Versions/A/AppleSauce
0x00000001ac95a000 	/System/Library/PrivateFrameworks/CoreEmoji.framework/Versions/A/CoreEmoji
0x00000001ad7dd000 	/usr/lib/libcmph.dylib
0x00000001aa05c000 	/System/Library/Frameworks/OpenDirectory.framework/Versions/A/Frameworks/CFOpenDirectory.framework/Versions/A/CFOpenDirectory
0x00000001aa04c000 	/System/Library/Frameworks/OpenDirectory.framework/Versions/A/OpenDirectory
0x00000001adf4e000 	/System/Library/PrivateFrameworks/APFS.framework/Versions/A/APFS
0x00000001acc82000 	/System/Library/Frameworks/SecurityFoundation.framework/Versions/A/SecurityFoundation
0x00000001adfc4000 	/usr/lib/libutil.dylib
0x00000001a55d4000 	/System/Library/PrivateFrameworks/CoreServicesStore.framework/Versions/A/CoreServicesStore
0x00000001adfc8000 	/usr/lib/libxslt.1.dylib
0x00000001acd16000 	/System/Library/PrivateFrameworks/BackgroundTaskManagement.framework/Versions/A/BackgroundTaskManagement
0x00000001af260000 	/System/Library/Frameworks/ImageIO.framework/Versions/A/Resources/libRadiance.dylib
0x00000001af269000 	/System/Library/Frameworks/ImageIO.framework/Versions/A/Resources/libJPEG.dylib
0x00000001af1bc000 	/System/Library/Frameworks/ImageIO.framework/Versions/A/Resources/libPng.dylib
0x00000001af1de000 	/System/Library/Frameworks/ImageIO.framework/Versions/A/Resources/libTIFF.dylib
0x00000001af2c4000 	/System/Library/Frameworks/ImageIO.framework/Versions/A/Resources/libGIF.dylib
0x00000001aebf8000 	/System/Library/Frameworks/ImageIO.framework/Versions/A/Resources/libJP2.dylib
0x00000001ae31a000 	/usr/lib/libexpat.1.dylib
0x00000001aebb3000 	/System/Library/PrivateFrameworks/AppleJPEG.framework/Versions/A/AppleJPEG
0x00000001ab6d5000 	/System/Library/PrivateFrameworks/FontServices.framework/libFontParser.dylib
0x00000001a9353000 	/System/Library/PrivateFrameworks/RunningBoardServices.framework/Versions/A/RunningBoardServices
0x00000001b9bd1000 	/System/Library/PrivateFrameworks/IOSurfaceAccelerator.framework/Versions/A/IOSurfaceAccelerator
0x00000001aece4000 	/System/Library/PrivateFrameworks/WatchdogClient.framework/Versions/A/WatchdogClient
0x00000001a3f9a000 	/System/Library/Frameworks/CoreDisplay.framework/Versions/A/CoreDisplay
0x00000001ab5bf000 	/System/Library/Frameworks/CoreMedia.framework/Versions/A/CoreMedia
0x00000001ab44c000 	/System/Library/PrivateFrameworks/IOAccelerator.framework/Versions/A/IOAccelerator
0x00000001aa1ec000 	/System/Library/Frameworks/CoreVideo.framework/Versions/A/CoreVideo
0x00000001ad93f000 	/System/Library/Frameworks/MetalPerformanceShaders.framework/Versions/A/MetalPerformanceShaders
0x00000001aed23000 	/System/Library/Frameworks/VideoToolbox.framework/Versions/A/VideoToolbox
0x00000001a9297000 	/System/Library/PrivateFrameworks/BaseBoard.framework/Versions/A/BaseBoard
0x00000001a9025000 	/System/Library/PrivateFrameworks/ProtocolBuffer.framework/Versions/A/ProtocolBuffer
0x00000001af25b000 	/System/Library/PrivateFrameworks/GPUWrangler.framework/Versions/A/GPUWrangler
0x00000001af23b000 	/System/Library/PrivateFrameworks/IOPresentment.framework/Versions/A/IOPresentment
0x00000001af263000 	/System/Library/PrivateFrameworks/DSExternalDisplay.framework/Versions/A/DSExternalDisplay
0x000000020400a000 	/System/Library/Frameworks/OpenGL.framework/Versions/A/Libraries/libCoreFSCache.dylib
0x000000020e4c9000 	/System/Library/PrivateFrameworks/GPUCompiler.framework/Versions/31001/Libraries/libGPUCompilerUtils.dylib
0x00000001af2c9000 	/System/Library/PrivateFrameworks/CMCaptureCore.framework/Versions/A/CMCaptureCore
0x00000001ae8cb000 	/System/Library/PrivateFrameworks/AppServerSupport.framework/Versions/A/AppServerSupport
0x00000001b0b4c000 	/System/Library/PrivateFrameworks/perfdata.framework/Versions/A/perfdata
0x00000001a40ba000 	/System/Library/PrivateFrameworks/AudioToolboxCore.framework/Versions/A/AudioToolboxCore
0x00000001ab598000 	/System/Library/PrivateFrameworks/caulk.framework/Versions/A/caulk
0x00000001b0441000 	/usr/lib/libAudioStatistics.dylib
0x00000001c2396000 	/System/Library/PrivateFrameworks/SystemPolicy.framework/Versions/A/SystemPolicy
0x00000001b06ad000 	/usr/lib/libSMC.dylib
0x00000001b93e0000 	/System/Library/Frameworks/CoreMIDI.framework/Versions/A/CoreMIDI
0x00000001af18a000 	/usr/lib/libAudioToolboxUtility.dylib
0x00000001be463000 	/System/Library/PrivateFrameworks/OSAServicesClient.framework/Versions/A/OSAServicesClient
0x00000001b0b59000 	/usr/lib/libperfcheck.dylib
0x00000001c2eae000 	/usr/lib/libmis.dylib
0x000000020406c000 	/System/Library/Frameworks/OpenGL.framework/Versions/A/Libraries/libGLU.dylib
0x000000020402b000 	/System/Library/Frameworks/OpenGL.framework/Versions/A/Libraries/libGFXShared.dylib
0x0000000204218000 	/System/Library/Frameworks/OpenGL.framework/Versions/A/Libraries/libGL.dylib
0x0000000204034000 	/System/Library/Frameworks/OpenGL.framework/Versions/A/Libraries/libGLImage.dylib
0x0000000204028000 	/System/Library/Frameworks/OpenGL.framework/Versions/A/Libraries/libCVMSPluginSupport.dylib
0x0000000204011000 	/System/Library/Frameworks/OpenGL.framework/Versions/A/Libraries/libCoreVMClient.dylib
0x00000001ac149000 	/System/Library/Frameworks/MetalPerformanceShaders.framework/Versions/A/Frameworks/MPSCore.framework/Versions/A/MPSCore
0x00000001ad2f1000 	/System/Library/Frameworks/MetalPerformanceShaders.framework/Versions/A/Frameworks/MPSImage.framework/Versions/A/MPSImage
0x00000001acde0000 	/System/Library/Frameworks/MetalPerformanceShaders.framework/Versions/A/Frameworks/MPSNeuralNetwork.framework/Versions/A/MPSNeuralNetwork
0x00000001ad219000 	/System/Library/Frameworks/MetalPerformanceShaders.framework/Versions/A/Frameworks/MPSMatrix.framework/Versions/A/MPSMatrix
0x00000001acff2000 	/System/Library/Frameworks/MetalPerformanceShaders.framework/Versions/A/Frameworks/MPSRayIntersector.framework/Versions/A/MPSRayIntersector
0x00000001ad24a000 	/System/Library/Frameworks/MetalPerformanceShaders.framework/Versions/A/Frameworks/MPSNDArray.framework/Versions/A/MPSNDArray
0x0000000206183000 	/System/Library/Frameworks/MetalPerformanceShaders.framework/Versions/A/Frameworks/MPSFunctions.framework/Versions/A/MPSFunctions
0x00000001a3350000 	/System/Library/PrivateFrameworks/MetalTools.framework/Versions/A/MetalTools
0x00000001ac1c7000 	/System/Library/PrivateFrameworks/AggregateDictionary.framework/Versions/A/AggregateDictionary
0x00000001ae0ff000 	/usr/lib/libIOReport.dylib
0x00000001b83fe000 	/System/Library/PrivateFrameworks/ASEProcessing.framework/Versions/A/ASEProcessing
0x00000001ae474000 	/System/Library/PrivateFrameworks/FaceCore.framework/Versions/A/FaceCore
0x00000001ae466000 	/System/Library/PrivateFrameworks/GraphVisualizer.framework/Versions/A/GraphVisualizer
0x000000020e3e0000 	/System/Library/PrivateFrameworks/FontServices.framework/Versions/A/FontServices
0x00000001ae887000 	/System/Library/PrivateFrameworks/OTSVG.framework/Versions/A/OTSVG
0x00000001a9db6000 	/System/Library/Frameworks/ApplicationServices.framework/Versions/A/Frameworks/ATS.framework/Versions/A/Resources/libFontRegistry.dylib
0x00000001ae8d4000 	/System/Library/PrivateFrameworks/FontServices.framework/libhvf.dylib
0x000000020e3e1000 	/System/Library/PrivateFrameworks/FontServices.framework/libXTFontStaticRegistryData.dylib
0x00000002043b9000 	/System/Library/Frameworks/OpenCL.framework/Versions/A/OpenCL
0x00000001ae2ce000 	/System/Library/PrivateFrameworks/AppleVA.framework/Versions/A/AppleVA
0x00000001b0469000 	/System/Library/Frameworks/ApplicationServices.framework/Versions/A/Frameworks/ATS.framework/Versions/A/ATS
0x00000001a87e3000 	/System/Library/Frameworks/ApplicationServices.framework/Versions/A/Frameworks/HIServices.framework/Versions/A/HIServices
0x00000001af2d3000 	/System/Library/Frameworks/ApplicationServices.framework/Versions/A/Frameworks/PrintCore.framework/Versions/A/PrintCore
0x00000001b0800000 	/System/Library/Frameworks/ApplicationServices.framework/Versions/A/Frameworks/QD.framework/Versions/A/QD
0x00000001b07f8000 	/System/Library/Frameworks/ApplicationServices.framework/Versions/A/Frameworks/ColorSyncLegacy.framework/Versions/A/ColorSyncLegacy
0x00000001b0455000 	/System/Library/Frameworks/ApplicationServices.framework/Versions/A/Frameworks/SpeechSynthesis.framework/Versions/A/SpeechSynthesis
0x00000001af294000 	/System/Library/Frameworks/ApplicationServices.framework/Versions/A/Frameworks/ATSUI.framework/Versions/A/ATSUI
0x00000001b078d000 	/usr/lib/libcups.2.dylib
0x00000001b0b67000 	/System/Library/Frameworks/Kerberos.framework/Versions/A/Kerberos
0x00000001b0b78000 	/System/Library/Frameworks/GSS.framework/Versions/A/GSS
0x00000001b04d9000 	/usr/lib/libresolv.9.dylib
0x00000001ae8e3000 	/System/Library/PrivateFrameworks/Heimdal.framework/Versions/A/Heimdal
0x00000001b7633000 	/System/Library/Frameworks/Kerberos.framework/Versions/A/Libraries/libHeimdalProxy.dylib
0x00000001a9431000 	/System/Library/Frameworks/Network.framework/Versions/A/Network
0x00000001ae335000 	/usr/lib/libheimdal-asn1.dylib
0x00000001b0bc8000 	/System/Library/PrivateFrameworks/CommonAuth.framework/Versions/A/CommonAuth
0x00000001b03cf000 	/System/Library/PrivateFrameworks/AudioSession.framework/Versions/A/AudioSession
0x00000001ae3c7000 	/System/Library/PrivateFrameworks/MediaExperience.framework/Versions/A/MediaExperience
0x00000001b0255000 	/System/Library/PrivateFrameworks/AudioSession.framework/libSessionUtility.dylib
0x00000001b080c000 	/System/Library/PrivateFrameworks/AudioResourceArbitration.framework/Versions/A/AudioResourceArbitration
0x00000001b49c2000 	/System/Library/PrivateFrameworks/PowerLog.framework/Versions/A/PowerLog
0x00000001ae33f000 	/System/Library/PrivateFrameworks/IconFoundation.framework/Versions/A/IconFoundation
0x00000001b370b000 	/System/Library/PrivateFrameworks/SpeechRecognitionCore.framework/Versions/A/SpeechRecognitionCore
0x000000010412c000 	/Users/irene/Library/Java/JavaVirtualMachines/openjdk-18.0.2/Contents/Home/lib/server/libjvm.dylib
0x00000001031d4000 	/Users/irene/Library/Java/JavaVirtualMachines/openjdk-18.0.2/Contents/Home/lib/libjimage.dylib
0x0000000103200000 	/Users/irene/Library/Java/JavaVirtualMachines/openjdk-18.0.2/Contents/Home/lib/libinstrument.dylib
0x000000010324c000 	/Users/irene/Library/Java/JavaVirtualMachines/openjdk-18.0.2/Contents/Home/lib/libjava.dylib
0x0000000104100000 	/Users/irene/Library/Java/JavaVirtualMachines/openjdk-18.0.2/Contents/Home/lib/libnio.dylib
0x000000011b974000 	/Users/irene/Library/Java/JavaVirtualMachines/openjdk-18.0.2/Contents/Home/lib/libnet.dylib
0x0000000103230000 	/Users/irene/Library/Java/JavaVirtualMachines/openjdk-18.0.2/Contents/Home/lib/libzip.dylib
0x000000011b994000 	/Users/irene/.openjfx/cache/17.0.1/libprism_es2.dylib
0x00000001a5597000 	/System/Library/PrivateFrameworks/CoreServicesInternal.framework/Versions/A/CoreServicesInternal
0x0000000204222000 	/System/Library/Frameworks/OpenGL.framework/Versions/A/Resources/GLEngine.bundle/GLEngine
0x00000002040aa000 	/System/Library/Frameworks/OpenGL.framework/Versions/A/Libraries/libGLProgrammability.dylib
0x000000011bebc000 	/System/Library/Extensions/AppleMetalOpenGLRenderer.bundle/Contents/MacOS/AppleMetalOpenGLRenderer
0x0000000204391000 	/System/Library/Frameworks/OpenGL.framework/Versions/A/Resources/GLRendererFloat.bundle/GLRendererFloat
0x0000000204491000 	/System/Library/Extensions/AGXMetal13_3.bundle/Contents/MacOS/AGXMetal13_3
0x00000001c2eca000 	/System/Library/PrivateFrameworks/GPURawCounter.framework/Versions/A/GPURawCounter
0x00000001bd5d4000 	/System/Library/PrivateFrameworks/IOGPU.framework/Versions/A/IOGPU
0x000000011be40000 	/Users/irene/.openjfx/cache/17.0.1/libglass.dylib
0x00000001b4c1a000 	/System/Library/Frameworks/FileProvider.framework/Versions/A/FileProvider
0x00000001a91ff000 	/System/Library/Frameworks/Accounts.framework/Versions/A/Accounts
0x00000001b4d9e000 	/System/Library/PrivateFrameworks/GenerationalStorage.framework/Versions/A/GenerationalStorage
0x00000001b5961000 	/System/Library/PrivateFrameworks/CoreSymbolication.framework/Versions/A/CoreSymbolication
0x00000001b49b6000 	/System/Library/PrivateFrameworks/SymptomDiagnosticReporter.framework/Versions/A/SymptomDiagnosticReporter
0x00000001a6887000 	/System/Library/PrivateFrameworks/DesktopServicesPriv.framework/Versions/A/DesktopServicesPriv
0x00000001a56f9000 	/usr/lib/libsandbox.1.dylib
0x00000001aa27a000 	/System/Library/PrivateFrameworks/UserManagement.framework/Versions/A/UserManagement
0x00000001b591e000 	/System/Library/PrivateFrameworks/DebugSymbols.framework/Versions/A/DebugSymbols
0x00000001b07eb000 	/System/Library/PrivateFrameworks/NetAuth.framework/Versions/A/NetAuth
0x00000001b1709000 	/System/Library/PrivateFrameworks/Sharing.framework/Versions/A/Sharing
0x00000001aa24a000 	/System/Library/PrivateFrameworks/login.framework/Versions/A/Frameworks/loginsupport.framework/Versions/A/loginsupport
0x00000001b6b53000 	/System/Library/PrivateFrameworks/Apple80211.framework/Versions/A/Apple80211
0x00000001ad3d5000 	/System/Library/PrivateFrameworks/AuthKit.framework/Versions/A/AuthKit
0x00000001aca56000 	/System/Library/PrivateFrameworks/CoreUtils.framework/Versions/A/CoreUtils
0x00000001ac979000 	/System/Library/Frameworks/CoreWLAN.framework/Versions/A/CoreWLAN
0x00000001b1879000 	/System/Library/Frameworks/IOBluetooth.framework/Versions/A/IOBluetooth
0x00000001b6bb3000 	/System/Library/PrivateFrameworks/CoreWiFi.framework/Versions/A/CoreWiFi
0x00000001b54fe000 	/System/Library/PrivateFrameworks/FrontBoardServices.framework/Versions/A/FrontBoardServices
0x00000001b5596000 	/System/Library/PrivateFrameworks/BoardServices.framework/Versions/A/BoardServices
0x00000001acc70000 	/System/Library/PrivateFrameworks/AssertionServices.framework/Versions/A/AssertionServices
0x00000001b6d30000 	/System/Library/PrivateFrameworks/BackBoardServices.framework/Versions/A/BackBoardServices
0x00000001b0c5f000 	/System/Library/PrivateFrameworks/CorePhoneNumbers.framework/Versions/A/CorePhoneNumbers
0x00000001b4ae6000 	/System/Library/PrivateFrameworks/DiskManagement.framework/Versions/A/DiskManagement
0x00000001b49e9000 	/System/Library/PrivateFrameworks/AppleIDAuthSupport.framework/Versions/A/AppleIDAuthSupport
0x00000002089aa000 	/System/Library/PrivateFrameworks/AAAFoundation.framework/Versions/A/AAAFoundation
0x00000001b0c3e000 	/System/Library/PrivateFrameworks/KeychainCircle.framework/Versions/A/KeychainCircle
0x00000001b4ab2000 	/System/Library/PrivateFrameworks/MediaKit.framework/Versions/A/MediaKit
0x00000001b49f6000 	/System/Library/Frameworks/DiscRecording.framework/Versions/A/DiscRecording
0x00000001ae24a000 	/usr/lib/libCoreStorage.dylib
0x00000001b702d000 	/usr/lib/libcsfde.dylib
0x00000001b194e000 	/System/Library/PrivateFrameworks/ProtectedCloudStorage.framework/Versions/A/ProtectedCloudStorage
0x00000001b7025000 	/System/Library/PrivateFrameworks/EFILogin.framework/Versions/A/EFILogin
0x00000001b4dc5000 	/System/Library/PrivateFrameworks/OctagonTrust.framework/Versions/A/OctagonTrust
0x000000020d57b000 	/System/Library/PrivateFrameworks/CoreUtilsExtras.framework/Versions/A/CoreUtilsExtras
0x00000001b491b000 	/System/Library/Frameworks/CoreBluetooth.framework/Versions/A/CoreBluetooth
0x00000001b76b8000 	/System/Library/Frameworks/AudioUnit.framework/Versions/A/AudioUnit
0x00000001ae242000 	/usr/lib/libMatch.1.dylib
0x00000001c7376000 	/System/Library/Frameworks/Accelerate.framework/Versions/A/Frameworks/vImage.framework/Versions/A/Libraries/libCGInterfaces.dylib
0x000000012c3c8000 	/usr/lib/libobjc-trampolines.dylib
0x00000001a9f44000 	/System/Library/PrivateFrameworks/ViewBridge.framework/Versions/A/ViewBridge
0x0000000147e50000 	/Users/irene/.openjfx/cache/17.0.1/libjavafx_iio.dylib
0x000000012eeb8000 	/Users/irene/.openjfx/cache/17.0.1/libjavafx_font.dylib
0x00000001ae9a6000 	/System/Library/PrivateFrameworks/login.framework/Versions/A/login
0x000000020905d000 	/System/Library/PrivateFrameworks/AccessibilityBundles.framework/Versions/A/AccessibilityBundles
0x0000000221ac1000 	/usr/lib/libRosetta.dylib


VM Arguments:
jvm_args: -javaagent:/Applications/IntelliJ IDEA CE.app/Contents/lib/idea_rt.jar=57934:/Applications/IntelliJ IDEA CE.app/Contents/bin -Dfile.encoding=UTF-8 --module-path=/Users/irene/.m2/repository/com/dlsc/formsfx/formsfx-core/11.3.2/formsfx-core-11.3.2.jar:/Users/irene/.m2/repository/org/kordamp/ikonli/ikonli-javafx/12.3.0/ikonli-javafx-12.3.0.jar:/Users/irene/.m2/repository/org/openjfx/javafx-base/17.0.1/javafx-base-17.0.1-mac-aarch64.jar:/Users/irene/.m2/repository/org/openjfx/javafx-graphics/17.0.1/javafx-graphics-17.0.1-mac-aarch64.jar:/Users/irene/.m2/repository/com/gluonhq/attach/lifecycle/4.0.9/lifecycle-4.0.9.jar:/Users/irene/.m2/repository/org/kordamp/ikonli/ikonli-core/12.3.0/ikonli-core-12.3.0.jar:/Users/irene/.m2/repository/com/fasterxml/jackson/core/jackson-databind/2.12.1/jackson-databind-2.12.1.jar:/Users/irene/.m2/repository/com/github/almasb/fxgl-core/17/fxgl-core-17.jar:/Users/irene/.m2/repository/org/openjfx/javafx-fxml/17.0.1/javafx-fxml-17.0.1-mac-aarch64.jar:/Users/irene/.m2/repository/org/openjfx/javafx-media/17.0.1/javafx-media-17.0.1-mac-aarch64.jar:/Users/irene/.m2/repository/com/fasterxml/jackson/core/jackson-core/2.12.1/jackson-core-2.12.1.jar:/Users/irene/.m2/repository/com/github/almasb/fxgl-scene/17/fxgl-scene-17.jar:/Users/irene/.m2/repository/org/openjfx/javafx-web/17.0.1/javafx-web-17.0.1-mac-aarch64.jar:/Users/irene/.m2/repository/org/jetbrains/kotlin/kotlin-stdlib/1.5.32/kotlin-stdlib-1.5.32-modular.jar:/Users/irene/.m2/repository/com/gluonhq/attach/storage/4.0.9/storage-4.0.9.jar:/Users/irene/.m2/repository/eu/hansolo/tilesfx/11.48/tilesfx-11.48.jar:/Users/irene/.m2/repository/com/github/almasb/fxgl-io/17/fxgl-io-17.jar:/Users/irene/.m2/repository/com/fasterxml/jackson/core/jackson-annotations/2.12.1/jackson-annotations-2.12.1.jar:/Users/irene/.m2/repository/org/controlsfx/controlsfx/11.1.1/controlsfx-11.1.1.jar:/Users/irene/.m2/repository/com/github/almasb/fxgl-entity/17/fxgl-entity-17.jar:/Users/irene/.m2/repository/com/github/almasb/fxgl/17/fxgl-17.jar:/Users/irene/Documents/UNT /Recipe/target/classes:/Users/irene/.m2/repository/org/openjfx/javafx-controls/17.0.1/javafx-contro-Djdk.module.main=com.example.recipe 
java_command: com.example.recipe/com.example.recipe.HelloApplication
java_class_path (initial): /Users/irene/.m2/repository/org/openjfx/javafx-controls/17.0.1/javafx-controls-17.0.1.jar:/Users/irene/.m2/repository/org/openjfx/javafx-graphics/17.0.1/javafx-graphics-17.0.1.jar:/Users/irene/.m2/repository/org/openjfx/javafx-base/17.0.1/javafx-base-17.0.1.jar:/Users/irene/.m2/repository/org/openjfx/javafx-fxml/17.0.1/javafx-fxml-17.0.1.jar:/Users/irene/.m2/repository/org/openjfx/javafx-web/17.0.1/javafx-web-17.0.1.jar:/Users/irene/.m2/repository/org/openjfx/javafx-media/17.0.1/javafx-media-17.0.1.jar:/Users/irene/.m2/repository/org/jetbrains/annotations/13.0/annotations-13.0.jar:/Users/irene/.m2/repository/org/jetbrains/kotlin/kotlin-stdlib-common/1.5.32/kotlin-stdlib-common-1.5.32.jar
Launcher Type: SUN_STANDARD

[Global flags]
     intx CICompilerCount                          = 4                                         {product} {ergonomic}
     uint ConcGCThreads                            = 2                                         {product} {ergonomic}
     uint G1ConcRefinementThreads                  = 8                                         {product} {ergonomic}
   size_t G1HeapRegionSize                         = 1048576                                   {product} {ergonomic}
    uintx GCDrainStackTargetSize                   = 64                                        {product} {ergonomic}
   size_t InitialHeapSize                          = 134217728                                 {product} {ergonomic}
   size_t MarkStackSize                            = 4194304                                   {product} {ergonomic}
   size_t MaxHeapSize                              = 2147483648                                {product} {ergonomic}
   size_t MaxNewSize                               = 1287651328                                {product} {ergonomic}
   size_t MinHeapDeltaBytes                        = 1048576                                   {product} {ergonomic}
   size_t MinHeapSize                              = 8388608                                   {product} {ergonomic}
    uintx NonNMethodCodeHeapSize                   = 5839564                                {pd product} {ergonomic}
    uintx NonProfiledCodeHeapSize                  = 122909338                              {pd product} {ergonomic}
    uintx ProfiledCodeHeapSize                     = 122909338                              {pd product} {ergonomic}
    uintx ReservedCodeCacheSize                    = 251658240                              {pd product} {ergonomic}
     bool SegmentedCodeCache                       = true                                      {product} {ergonomic}
   size_t SoftMaxHeapSize                          = 2147483648                             {manageable} {ergonomic}
     bool UseCompressedClassPointers               = true                           {product lp64_product} {ergonomic}
     bool UseCompressedOops                        = true                           {product lp64_product} {ergonomic}
     bool UseG1GC                                  = true                                      {product} {ergonomic}
     bool UseNUMA                                  = false                                     {product} {ergonomic}
     bool UseNUMAInterleaving                      = false                                     {product} {ergonomic}

Logging:
Log output configuration:
 #0: stdout all=warning uptime,level,tags foldmultilines=false
 #1: stderr all=off uptime,level,tags foldmultilines=false

Environment Variables:
PATH=/Users/irene/opt/anaconda3/bin:/Library/Frameworks/Python.framework/Versions/3.10/bin:/opt/local/bin:/opt/local/sbin:/usr/local/bin:/usr/bin:/bin:/usr/sbin:/sbin:~/.dotnet/tools:/Library/Apple/usr/bin:/Library/Frameworks/Mono.framework/Versions/Current/Commands
SHELL=/bin/zsh
LC_CTYPE=en_US.UTF-8

Signal Handlers:
   SIGSEGV: _ZL13crash_handleriP9__siginfoPv in libjvm.dylib, mask=11100110000111110111111111111111, flags=SA_RESTART|SA_SIGINFO
    SIGBUS: _ZL13crash_handleriP9__siginfoPv in libjvm.dylib, mask=11100110000111110111111111111111, flags=SA_RESTART|SA_SIGINFO
    SIGFPE: _ZL13crash_handleriP9__siginfoPv in libjvm.dylib, mask=11100110000111110111111111111111, flags=SA_RESTART|SA_SIGINFO
   SIGPIPE: _ZL17javaSignalHandleriP9__siginfoPv in libjvm.dylib, mask=11100110000111110111111111111111, flags=SA_RESTART|SA_SIGINFO
   SIGXFSZ: _ZL17javaSignalHandleriP9__siginfoPv in libjvm.dylib, mask=11100110000111110111111111111111, flags=SA_RESTART|SA_SIGINFO
    SIGILL: _ZL13crash_handleriP9__siginfoPv in libjvm.dylib, mask=11100110000111110111111111111111, flags=SA_RESTART|SA_SIGINFO
   SIGUSR2: _ZL10SR_handleriP9__siginfoP17__darwin_ucontext in libjvm.dylib, mask=00100000000000000000000000000000, flags=SA_RESTART|SA_SIGINFO
    SIGHUP: _ZL11UserHandleriPvS_ in libjvm.dylib, mask=11100110000111110111111111111111, flags=SA_RESTART|SA_SIGINFO
    SIGINT: _ZL11UserHandleriPvS_ in libjvm.dylib, mask=11100110000111110111111111111111, flags=SA_RESTART|SA_SIGINFO
   SIGTERM: _ZL11UserHandleriPvS_ in libjvm.dylib, mask=11100110000111110111111111111111, flags=SA_RESTART|SA_SIGINFO
   SIGQUIT: _ZL11UserHandleriPvS_ in libjvm.dylib, mask=11100110000111110111111111111111, flags=SA_RESTART|SA_SIGINFO
   SIGTRAP: _ZL13crash_handleriP9__siginfoPv in libjvm.dylib, mask=11100110000111110111111111111111, flags=SA_RESTART|SA_SIGINFO


---------------  S Y S T E M  ---------------

OS:
uname: Darwin 21.4.0 Darwin Kernel Version 21.4.0: Fri Mar 18 00:47:26 PDT 2022; root:xnu-8020.101.4~15/RELEASE_ARM64_T8101 arm64
OS uptime: 21 days 11:20 hours
rlimit (soft/hard): STACK 8176k/65520k , CORE 0k/infinity , NPROC 1333/2000 , NOFILE 10240/infinity , AS infinity/infinity , CPU infinity/infinity , DATA infinity/infinity , FSIZE infinity/infinity , MEMLOCK infinity/infinity , RSS infinity/infinity
load average: 2.26 2.05 1.84

CPU: total 8 (initial active 8) 0x61:0x0:0x1b588bb3:0, fp, simd, aes, pmull, crc, lse

Memory: 16k page, physical 8388608k(103744k free), swap 3145728k(472320k free)

vm_info: OpenJDK 64-Bit Server VM (18.0.2+9-61) for bsd-aarch64 JRE (18.0.2+9-61), built on Jun  7 2022 12:20:40 by "mach5one" with clang Apple LLVM 12.0.0 (clang-1200.0.32.29)

END.
