#
# A fatal error has been detected by the Java Runtime Environment:
#
#  SIGBUS (0xa) at pc=0x00000001480014f0, pid=79193, tid=31243
#
# JRE version: OpenJDK Runtime Environment (18.0.2+9) (build 18.0.2+9-61)
# Java VM: OpenJDK 64-Bit Server VM (18.0.2+9-61, mixed mode, sharing, tiered, compressed oops, compressed class ptrs, g1 gc, bsd-aarch64)
# Problematic frame:
# v  ~StubRoutines::SafeFetchN
#
# No core dump will be written. Core dumps have been disabled. To enable core dumping, try "ulimit -c unlimited" before starting Java again
#
# If you would like to submit a bug report, please visit:
#   https://bugreport.java.com/bugreport/crash.jsp
# The crash happened outside the Java Virtual Machine in native code.
# See problematic frame for where to report the bug.
#

---------------  S U M M A R Y ------------

Command Line: -javaagent:/Applications/IntelliJ IDEA CE.app/Contents/lib/idea_rt.jar=57955:/Applications/IntelliJ IDEA CE.app/Contents/bin -Dfile.encoding=UTF-8 --module-path=/Users/irene/Documents/UNT /Recipe/target/classes:/Users/irene/.m2/repository/org/kordamp/ikonli/ikonli-javafx/12.3.0/ikonli-javafx-12.3.0.jar:/Users/irene/.m2/repository/com/fasterxml/jackson/core/jackson-annotations/2.12.1/jackson-annotations-2.12.1.jar:/Users/irene/.m2/repository/com/github/almasb/fxgl-core/17/fxgl-core-17.jar:/Users/irene/.m2/repository/com/gluonhq/attach/storage/4.0.9/storage-4.0.9.jar:/Users/irene/.m2/repository/eu/hansolo/tilesfx/11.48/tilesfx-11.48.jar:/Users/irene/.m2/repository/org/openjfx/javafx-media/17.0.1/javafx-media-17.0.1-mac-aarch64.jar:/Users/irene/.m2/repository/org/openjfx/javafx-fxml/17.0.1/javafx-fxml-17.0.1-mac-aarch64.jar:/Users/irene/.m2/repository/com/fasterxml/jackson/core/jackson-core/2.12.1/jackson-core-2.12.1.jar:/Users/irene/.m2/repository/org/openjfx/javafx-controls/17.0.1/javafx-controls-17.0.1-mac-aarch64.jar:/Users/irene/.m2/repository/com/dlsc/formsfx/formsfx-core/11.3.2/formsfx-core-11.3.2.jar:/Users/irene/.m2/repository/com/github/almasb/fxgl-entity/17/fxgl-entity-17.jar:/Users/irene/.m2/repository/org/openjfx/javafx-base/17.0.1/javafx-base-17.0.1-mac-aarch64.jar:/Users/irene/.m2/repository/com/gluonhq/attach/util/4.0.9/util-4.0.9.jar:/Users/irene/.m2/repository/org/openjfx/javafx-graphics/17.0.1/javafx-graphics-17.0.1-mac-aarch64.jar:/Users/irene/.m2/repository/org/kordamp/ikonli/ikonli-core/12.3.0/ikonli-core-12.3.0.jar:/Users/irene/.m2/repository/org/controlsfx/controlsfx/11.1.1/controlsfx-11.1.1.jar:/Users/irene/.m2/repository/org/kordamp/bootstrapfx/bootstrapfx-core/0.4.0/bootstrapfx-core-0.4.0.jar:/Users/irene/.m2/repository/com/github/almasb/fxgl-io/17/fxgl-io-17.jar:/Users/irene/.m2/repository/org/openjfx/javafx-web/17.0.1/javafx-web-17.0.1-mac-aarch64.jar:/Users/irene/.m2/repository/com/github/almasb/fxgl-gameplay/17/fxgl-gameplay-17.jar:/Users/irene/.m2/repository/com/fasterxml/jackson/core/jackson-databind/2.12.1/jackson-databind-2.12.1.jar:/Users/irene/.m2/repository/org/jetbrains/kot-Djdk.module.main=com.example.recipe com.example.recipe/com.example.recipe.HelloApplication

Host: "MacBookAir10,1" arm64, 8 cores, 8G, Darwin 21.4.0, macOS 12.3.1 (21E258)
Time: Wed Jul 27 19:21:26 2022 CDT elapsed time: 6.990914 seconds (0d 0h 0m 6s)

---------------  T H R E A D  ---------------

Current thread (0x0000000118010200):  JavaThread "InvokeLaterDispatcher" daemon [_thread_in_native, id=31243, stack(0x0000000288628000,0x000000028882b000)]

Stack: [0x0000000288628000,0x000000028882b000],  sp=0x000000028882a7a0,  free space=2057k
Native frames: (J=compiled Java code, j=interpreted, Vv=VM code, C=native code)
v  ~StubRoutines::SafeFetchN
V  [libjvm.dylib+0x7d1604]  _ZN10OopStorage7releaseEPKP7oopDesc+0x20
V  [libjvm.dylib+0x4f7efc]  jni_DeleteGlobalRef+0xd4
C  [libglass.dylib+0xab08]  -[GlassRunnable dealloc]+0x34
C  [Foundation+0x85618]  -[_NSThreadPerformInfo dealloc]+0x30
C  [Foundation+0x5198c]  -[NSObject(NSThreadPerformAdditions) performSelectorOnMainThread:withObject:waitUntilDone:]+0x88
C  0x3a1a8001480098ac
j  com.sun.glass.ui.mac.MacApplication.submitForLaterInvocation(Ljava/lang/Runnable;)V+2 javafx.graphics
j  com.sun.glass.ui.InvokeLaterDispatcher.run()V+82 javafx.graphics
v  ~StubRoutines::call_stub
V  [libjvm.dylib+0x49f2c4]  _ZN9JavaCalls11call_helperEP9JavaValueRK12methodHandleP17JavaCallArgumentsP10JavaThread+0x38c
V  [libjvm.dylib+0x49e2e0]  _ZN9JavaCalls12call_virtualEP9JavaValueP5KlassP6SymbolS5_P17JavaCallArgumentsP10JavaThread+0x11c
V  [libjvm.dylib+0x49e3ac]  _ZN9JavaCalls12call_virtualEP9JavaValue6HandleP5KlassP6SymbolS6_P10JavaThread+0x64
V  [libjvm.dylib+0x551f20]  _ZL12thread_entryP10JavaThreadS0_+0x9c
V  [libjvm.dylib+0x91c868]  _ZN10JavaThread17thread_main_innerEv+0xa8
V  [libjvm.dylib+0x91b1f8]  _ZN6Thread8call_runEv+0xe0
V  [libjvm.dylib+0x7d7de8]  _ZL19thread_native_entryP6Thread+0x158
C  [libsystem_pthread.dylib+0x726c]  _pthread_start+0x94

Java frames: (J=compiled Java code, j=interpreted, Vv=VM code)
j  com.sun.glass.ui.mac.MacApplication._submitForLaterInvocation(Ljava/lang/Runnable;)V+0 javafx.graphics
j  com.sun.glass.ui.mac.MacApplication.submitForLaterInvocation(Ljava/lang/Runnable;)V+2 javafx.graphics
j  com.sun.glass.ui.InvokeLaterDispatcher.run()V+82 javafx.graphics
v  ~StubRoutines::call_stub

siginfo: si_signo: 10 (SIGBUS), si_code: 1 (BUS_ADRALN), si_addr: 0x00000001480014f0

Register to memory mapping:

 x0=0x000000011b904388 points into unknown readable memory: 0x0000000000000000 | 00 00 00 00 00 00 00 00
 x1=0x0 is NULL
 x2=0x0000000786ac6a70 is an oop: com.sun.glass.ui.InvokeLaterDispatcher$Future 
{0x0000000786ac6a70} - klass: 'com/sun/glass/ui/InvokeLaterDispatcher$Future'
 - ---- fields (total size 3 words):
 - private 'done' 'Z' @12  true
 - private final 'runnable' 'Ljava/lang/Runnable;' @16  a 'com/sun/javafx/application/PlatformImpl$$Lambda$115+0x0000000800c83c18'{0x00000007856a8568} (f0ad50ad)
 - final synthetic 'this$0' 'Lcom/sun/glass/ui/InvokeLaterDispatcher;' @20  a 'com/sun/glass/ui/InvokeLaterDispatcher'{0x0000000786835548} (f0d06aa9)
 x3=0x0 is NULL
 x4=0x0 is NULL
 x5=0x0 is NULL
 x6=0x0 is NULL
 x7=0x0 is NULL
 x8=0x00000001480014ec is at begin+0 in a stub
StubRoutines::SafeFetchN [0x00000001480014ec, 0x00000001480014f8] (12 bytes)
 x9=0x0 is NULL
x10=0x2010000030300000 is an unknown value
x11=0x0000000000000007 is an unknown value
x12=0x0000000000000004 is an unknown value
x13=0x0000600002f08390 points into unknown readable memory: 0x77210001a29f3c40 | 40 3c 9f a2 01 00 21 77
x14=0x0000150000000000 is an unknown value
x15=0x0000000111f81f98: OBJC_CLASS_$_GlassRunnable+0 in /Users/irene/.openjfx/cache/17.0.1/libglass.dylib at 0x0000000111f3c000
x16=0x00000001a2b5d0fc: pthread_getspecific+0 in /usr/lib/system/libsystem_pthread.dylib at 0x00000001a2b5b000
x17=0x0000600002a1c230 points into unknown readable memory: 0xfffffffffffffffe | fe ff ff ff ff ff ff ff
x18=0x0 is NULL
x19=0x0000600002a04930 points into unknown readable memory: 0x000060000031d5e0 | e0 d5 31 00 00 60 00 00
x20=0x000000011b904180 points into unknown readable memory: 0x0000000000000002 | 02 00 00 00 00 00 00 00
x21=0x000000011b904388 points into unknown readable memory: 0x0000000000000000 | 00 00 00 00 00 00 00 00
x22=0x0000000118010200 is a thread
x23=0x0000000000000001 is an unknown value
x24=0x000000011b904340 is a global jni handle
x25=0x0000000104022ce8: _ZN12StubRoutines17_safefetchN_entryE+0 in /Users/irene/Library/Java/JavaVirtualMachines/openjdk-18.0.2/Contents/Home/lib/server/libjvm.dylib at 0x0000000103440000
x26=0x0000000112520aa0 is pointing into metadata
x27=0x0 is NULL
x28=0x0000000118010200 is a thread


Registers:
 x0=0x000000011b904388  x1=0x0000000000000000  x2=0x0000000786ac6a70  x3=0x0000000000000000
 x4=0x0000000000000000  x5=0x0000000000000000  x6=0x0000000000000000  x7=0x0000000000000000
 x8=0x00000001480014ec  x9=0x0000000000000000 x10=0x2010000030300000 x11=0x0000000000000007
x12=0x0000000000000004 x13=0x0000600002f08390 x14=0x0000150000000000 x15=0x0000000111f81f98
x16=0x00000001a2b5d0fc x17=0x0000600002a1c230 x18=0x0000000000000000 x19=0x0000600002a04930
x20=0x000000011b904180 x21=0x000000011b904388 x22=0x0000000118010200 x23=0x0000000000000001
x24=0x000000011b904340 x25=0x0000000104022ce8 x26=0x0000000112520aa0 x27=0x0000000000000000
x28=0x0000000118010200  fp=0x000000028882a7e0  lr=0x0000000103c103f8  sp=0x000000028882a7a0
pc=0x00000001480014f0 cpsr=0x0000000060001000
Top of Stack: (sp=0x000000028882a7a0)
0x000000028882a7a0:   0000000112520aa0 0000000000000001
0x000000028882a7b0:   000000028882a9a8 0000000000000000
0x000000028882a7c0:   000000013a896890 000000011b904360
0x000000028882a7d0:   000000011b904360 0000600002a04930
0x000000028882a7e0:   000000028882a820 0000000103c11604
0x000000028882a7f0:   0000000000000001 000000011b904360
0x000000028882a800:   000000013a896890 000000011b904360
0x000000028882a810:   0000000000000001 000000013a896600
0x000000028882a820:   000000028882a860 0000000103937efc
0x000000028882a830:   000000028882a9a8 00006000003164b0
0x000000028882a840:   00006000003165a0 00000001ecc22be0
0x000000028882a850:   0000000000000000 00006000003165a0
0x000000028882a860:   000000028882a890 0000000111f46b08
0x000000028882a870:   2292cba1a4e00051 0000000000000000
0x000000028882a880:   0000000000000000 00006000014d5980
0x000000028882a890:   000000028882a8d0 00000001a3b2a618
0x000000028882a8a0:   000000028882a9a8 00006000003164b0
0x000000028882a8b0:   00006000003165a0 2292cba1a4e00051
0x000000028882a8c0:   0000000000000000 0000000000000000
0x000000028882a8d0:   000000028882a910 693e8001a3af698c
0x000000028882a8e0:   000000028882a9a8 00000001480087c0
0x000000028882a8f0:   0000000000000000 000000010402a7a0
0x000000028882a900:   000000028882a920 0000000148007730
0x000000028882a910:   000000028882a980 3a1a8001480098ac
0x000000028882a920:   000000028882a988 00000001121db698
0x000000028882a930:   000000028882a930 0000000000000000
0x000000028882a940:   000000028882a9a8 0000000112520aa0
0x000000028882a950:   000000078681b370 0000000000000000
0x000000028882a960:   0000000000000000 00000001124ff138
0x000000028882a970:   0000000000000000 000000028882a980
0x000000028882a980:   000000028882aa00 0000000148005fc8
0x000000028882a990:   0000000000000000 0000000000000000 

Instructions: (pc=0x00000001480014f0)
0x00000001480013f0:   f2a07fc9 f2c00029 6d425935 1e640886
0x0000000148001400:   0c402d31 1e6408c7 1f5654d0 1e6c1017
0x0000000148001410:   1f5050d0 1f504cd0 1f5048d0 1e650af6
0x0000000148001420:   1f50d8f6 1f5694d6 1f5158f6 1e762880
0x0000000148001430:   36000501 1e614000 14000026 2e251ca5
0x0000000148001440:   d29e3009 f2a07fc9 f2c00029 6d425d36
0x0000000148001450:   1e600806 0c402d32 1f5758c7 1e6c101a
0x0000000148001460:   1f4754c7 1e650805 1f4750c7 d2866668
0x0000000148001470:   f2a7fa68 1f474cc7 1e6608c0 1f4748c7
0x0000000148001480:   1e6e1019 eb08007f 540000ac 1f479400
0x0000000148001490:   1f460340 1e603b20 1400000e d2a7fd29
0x00000001480014a0:   eb09007f 540000ac 51480069 d3607d29
0x00000001480014b0:   9e670121 14000002 1e6a5001 1f679417
0x00000001480014c0:   1f668742 1e613b23 1e773857 1e773860
0x00000001480014d0:   a8c17ff3 910003bf a8c17bfd d65f03c0
0x00000001480014e0:   b9400001 aa0103e0 d65f03c0 f9400001
0x00000001480014f0:   aa0103e0 d65f03c0 00000000 00000000
0x0000000148001500:   00000000 00000000 00000000 00000000
0x0000000148001510:   00000000 00000000 00000000 00000000
0x0000000148001520:   00000000 00000000 00000000 00000000
0x0000000148001530:   00000000 00000000 00000000 00000000
0x0000000148001540:   00000000 00000000 00000000 00000000
0x0000000148001550:   00000000 00000000 00000000 00000000
0x0000000148001560:   00000000 00000000 00000000 00000000
0x0000000148001570:   00000000 00000000 00000000 00000000
0x0000000148001580:   00000000 00000000 00000000 00000000
0x0000000148001590:   00000000 00000000 00000000 00000000
0x00000001480015a0:   00000000 00000000 00000000 00000000
0x00000001480015b0:   00000000 00000000 00000000 00000000
0x00000001480015c0:   00000000 00000000 00000000 00000000
0x00000001480015d0:   00000000 00000000 00000000 00000000
0x00000001480015e0:   00000000 00000000 00000000 00000000 


Stack slot to memory mapping:
stack at sp + 0 slots: 0x0000000112520aa0 is pointing into metadata
stack at sp + 1 slots: 0x0000000000000001 is an unknown value
stack at sp + 2 slots: 0x000000028882a9a8 is pointing into the stack for thread: 0x0000000118010200
stack at sp + 3 slots: 0x0 is NULL
stack at sp + 4 slots: 0x000000013a896890 points into unknown readable memory: 0x0000000103fdf370 | 70 f3 fd 03 01 00 00 00
stack at sp + 5 slots: 0x000000011b904360 is a global jni handle
stack at sp + 6 slots: 0x000000011b904360 is a global jni handle
stack at sp + 7 slots: 0x0000600002a04930 points into unknown readable memory: 0x000060000031d5e0 | e0 d5 31 00 00 60 00 00

StubRoutines::SafeFetchN [0x00000001480014ec, 0x00000001480014f8] (12 bytes)
[MachCode]
  0x00000001480014ec: 0100 40f9 | e003 01aa | c003 5fd6 
[/MachCode]

---------------  P R O C E S S  ---------------

Threads class SMR info:
_java_thread_list=0x00006000001e0760, length=20, elements={
0x000000011b008200, 0x000000012a88c600, 0x000000012a88ee00, 0x000000012a88de00,
0x000000012a896c00, 0x000000012a897200, 0x000000012a893a00, 0x000000012a894000,
0x000000012a894600, 0x000000012a87da00, 0x000000013b0c2a00, 0x000000013b0cc600,
0x000000011c808200, 0x0000000118010200, 0x000000013a896600, 0x000000013b16d400,
0x000000013a8e4800, 0x000000013a891a00, 0x000000012ab7a000, 0x000000011b009200
}

Java Threads: ( => current thread )
  0x000000011b008200 JavaThread "main" [_thread_blocked, id=6147, stack(0x000000016dbf4000,0x000000016ddf7000)]
  0x000000012a88c600 JavaThread "Reference Handler" daemon [_thread_blocked, id=17923, stack(0x000000016ea48000,0x000000016ec4b000)]
  0x000000012a88ee00 JavaThread "Finalizer" daemon [_thread_blocked, id=16643, stack(0x000000016ec54000,0x000000016ee57000)]
  0x000000012a88de00 JavaThread "Signal Dispatcher" daemon [_thread_blocked, id=43011, stack(0x000000016ef78000,0x000000016f17b000)]
  0x000000012a896c00 JavaThread "Service Thread" daemon [_thread_blocked, id=42755, stack(0x000000016f184000,0x000000016f387000)]
  0x000000012a897200 JavaThread "Monitor Deflation Thread" daemon [_thread_blocked, id=23811, stack(0x000000016f390000,0x000000016f593000)]
  0x000000012a893a00 JavaThread "C2 CompilerThread0" daemon [_thread_blocked, id=24323, stack(0x000000016f59c000,0x000000016f79f000)]
  0x000000012a894000 JavaThread "C1 CompilerThread0" daemon [_thread_blocked, id=24835, stack(0x000000016f7a8000,0x000000016f9ab000)]
  0x000000012a894600 JavaThread "Sweeper thread" daemon [_thread_blocked, id=42243, stack(0x000000016f9b4000,0x000000016fbb7000)]
  0x000000012a87da00 JavaThread "Common-Cleaner" daemon [_thread_blocked, id=25347, stack(0x000000016fbc0000,0x000000016fdc3000)]
  0x000000013b0c2a00 JavaThread "Monitor Ctrl-Break" daemon [_thread_in_native, id=25603, stack(0x000000016fdcc000,0x000000016ffcf000)]
  0x000000013b0cc600 JavaThread "Notification Thread" daemon [_thread_blocked, id=41219, stack(0x0000000288004000,0x0000000288207000)]
  0x000000011c808200 JavaThread "QuantumRenderer-0" daemon [_thread_blocked, id=40707, stack(0x000000028841c000,0x000000028861f000)]
=>0x0000000118010200 JavaThread "InvokeLaterDispatcher" daemon [_thread_in_native, id=31243, stack(0x0000000288628000,0x000000028882b000)]
  0x000000013a896600 JavaThread "JavaFX Application Thread" [_thread_in_native, id=259, stack(0x000000016d36c000,0x000000016db68000)]
  0x000000013b16d400 JavaThread "JavaFX-Launcher" [_thread_blocked, id=54531, stack(0x0000000288acc000,0x0000000288ccf000)]
  0x000000013a8e4800 JavaThread "Prism Font Disposer" daemon [_thread_blocked, id=57863, stack(0x0000000289714000,0x0000000289917000)]
  0x000000013a891a00 JavaThread "Cleaner-0" daemon [_thread_blocked, id=73267, stack(0x0000000289a38000,0x0000000289c3b000)]
  0x000000012ab7a000 JavaThread "Attach Listener" daemon [_thread_blocked, id=64775, stack(0x0000000289c44000,0x0000000289e47000)]
  0x000000011b009200 JavaThread "PulseTimer-CVDisplayLink thread" daemon [_thread_in_native, id=63003, stack(0x0000000288834000,0x00000002888b7000)]

Other Threads:
  0x000000012a618d00 VMThread "VM Thread" [stack: 0x000000016e83c000,0x000000016ea3f000] [id=16131]
  0x000000011a604ae0 WatcherThread "VM Periodic Task Thread" [stack: 0x0000000288210000,0x0000000288413000] [id=25859]
  0x000000012a6068f0 WorkerThread "GC Thread#0" [stack: 0x000000016de00000,0x000000016e003000] [id=12291]
  0x000000011ba1c7c0 WorkerThread "GC Thread#1" [stack: 0x0000000288cd8000,0x0000000288edb000] [id=75011]
  0x000000011ba1ca60 WorkerThread "GC Thread#2" [stack: 0x0000000288ee4000,0x00000002890e7000] [id=55043]
  0x000000011ba1ced0 WorkerThread "GC Thread#3" [stack: 0x00000002890f0000,0x00000002892f3000] [id=74499]
  0x000000011ba1d340 WorkerThread "GC Thread#4" [stack: 0x00000002892fc000,0x00000002894ff000] [id=73987]
  0x000000011ba1d7b0 WorkerThread "GC Thread#5" [stack: 0x0000000289508000,0x000000028970b000] [id=73731]
  0x000000012a606f90 ConcurrentGCThread "G1 Main Marker" [stack: 0x000000016e00c000,0x000000016e20f000] [id=12547]
  0x000000012a607800 WorkerThread "G1 Conc#0" [stack: 0x000000016e218000,0x000000016e41b000] [id=13571]
  0x000000012a614660 ConcurrentGCThread "G1 Refine#0" [stack: 0x000000016e424000,0x000000016e627000] [id=19203]
  0x000000012a614ee0 ConcurrentGCThread "G1 Service" [stack: 0x000000016e630000,0x000000016e833000] [id=14339]

Threads with active compile tasks:

VM state: not at safepoint (normal execution)

VM Mutex/Monitor currently owned by a thread: None

Heap address: 0x0000000780000000, size: 2048 MB, Compressed Oops mode: Zero based, Oop shift amount: 3

CDS archive(s) mapped at: [0x0000000800000000-0x0000000800ba8000-0x0000000800ba8000), size 12222464, SharedBaseAddress: 0x0000000800000000, ArchiveRelocationMode: 0.
Compressed class space mapped at: 0x0000000800c00000-0x0000000840c00000, reserved size: 1073741824
Narrow klass base: 0x0000000800000000, Narrow klass shift: 0, Narrow klass range: 0x100000000

GC Precious Log:
 CardTable entry size: 512
 Card Set container configuration: InlinePtr #cards 5 size 8 Array Of Cards #cards 12 size 40 Howl #buckets 4 coarsen threshold 1843 Howl Bitmap #cards 512 size 80 coarsen threshold 460 Card regions per heap region 1 cards per card region 2048
 CPUs: 8 total, 8 available
 Memory: 8192M
 Large Page Support: Disabled
 NUMA Support: Disabled
 Compressed Oops: Enabled (Zero based)
 Heap Region Size: 1M
 Heap Min Capacity: 8M
 Heap Initial Capacity: 128M
 Heap Max Capacity: 2G
 Pre-touch: Disabled
 Parallel Workers: 8
 Concurrent Workers: 2
 Concurrent Refinement Workers: 8
 Periodic GC: Disabled

Heap:
 garbage-first heap   total 133120K, used 54607K [0x0000000780000000, 0x0000000800000000)
  region size 1024K, 42 young (43008K), 3 survivors (3072K)
 Metaspace       used 15772K, committed 16064K, reserved 1114112K
  class space    used 2222K, committed 2368K, reserved 1048576K

Heap Regions: E=young(eden), S=young(survivor), O=old, HS=humongous(starts), HC=humongous(continues), CS=collection set, F=free, OA=open archive, CA=closed archive, TAMS=top-at-mark-start (previous, next)
|   0|0x0000000780000000, 0x0000000780100000, 0x0000000780100000|100%|HS|  |TAMS 0x0000000780000000, 0x0000000780000000| Complete 
|   1|0x0000000780100000, 0x0000000780200000, 0x0000000780200000|100%|HC|  |TAMS 0x0000000780100000, 0x0000000780100000| Complete 
|   2|0x0000000780200000, 0x0000000780300000, 0x0000000780300000|100%|HC|  |TAMS 0x0000000780200000, 0x0000000780200000| Complete 
|   3|0x0000000780300000, 0x000000078036bc00, 0x0000000780400000| 42%| O|  |TAMS 0x0000000780300000, 0x0000000780300000| Untracked 
|   4|0x0000000780400000, 0x0000000780500000, 0x0000000780500000|100%|HS|  |TAMS 0x0000000780400000, 0x0000000780400000| Complete 
|   5|0x0000000780500000, 0x0000000780600000, 0x0000000780600000|100%|HC|  |TAMS 0x0000000780500000, 0x0000000780500000| Complete 
|   6|0x0000000780600000, 0x0000000780700000, 0x0000000780700000|100%|HC|  |TAMS 0x0000000780600000, 0x0000000780600000| Complete 
|   7|0x0000000780700000, 0x0000000780800000, 0x0000000780800000|100%|HS|  |TAMS 0x0000000780700000, 0x0000000780700000| Complete 
|   8|0x0000000780800000, 0x0000000780900000, 0x0000000780900000|100%|HC|  |TAMS 0x0000000780800000, 0x0000000780800000| Complete 
|   9|0x0000000780900000, 0x0000000780a00000, 0x0000000780a00000|100%|HS|  |TAMS 0x0000000780900000, 0x0000000780900000| Complete 
|  10|0x0000000780a00000, 0x0000000780b00000, 0x0000000780b00000|100%|HC|  |TAMS 0x0000000780a00000, 0x0000000780a00000| Complete 
|  11|0x0000000780b00000, 0x0000000780c00000, 0x0000000780c00000|100%|HC|  |TAMS 0x0000000780b00000, 0x0000000780b00000| Complete 
|  12|0x0000000780c00000, 0x0000000780c00000, 0x0000000780d00000|  0%| F|  |TAMS 0x0000000780c00000, 0x0000000780c00000| Untracked 
|  13|0x0000000780d00000, 0x0000000780d00000, 0x0000000780e00000|  0%| F|  |TAMS 0x0000000780d00000, 0x0000000780d00000| Untracked 
|  14|0x0000000780e00000, 0x0000000780e00000, 0x0000000780f00000|  0%| F|  |TAMS 0x0000000780e00000, 0x0000000780e00000| Untracked 
|  15|0x0000000780f00000, 0x0000000780f00000, 0x0000000781000000|  0%| F|  |TAMS 0x0000000780f00000, 0x0000000780f00000| Untracked 
|  16|0x0000000781000000, 0x0000000781000000, 0x0000000781100000|  0%| F|  |TAMS 0x0000000781000000, 0x0000000781000000| Untracked 
|  17|0x0000000781100000, 0x0000000781100000, 0x0000000781200000|  0%| F|  |TAMS 0x0000000781100000, 0x0000000781100000| Untracked 
|  18|0x0000000781200000, 0x0000000781200000, 0x0000000781300000|  0%| F|  |TAMS 0x0000000781200000, 0x0000000781200000| Untracked 
|  19|0x0000000781300000, 0x0000000781300000, 0x0000000781400000|  0%| F|  |TAMS 0x0000000781300000, 0x0000000781300000| Untracked 
|  20|0x0000000781400000, 0x0000000781400000, 0x0000000781500000|  0%| F|  |TAMS 0x0000000781400000, 0x0000000781400000| Untracked 
|  21|0x0000000781500000, 0x0000000781500000, 0x0000000781600000|  0%| F|  |TAMS 0x0000000781500000, 0x0000000781500000| Untracked 
|  22|0x0000000781600000, 0x0000000781600000, 0x0000000781700000|  0%| F|  |TAMS 0x0000000781600000, 0x0000000781600000| Untracked 
|  23|0x0000000781700000, 0x0000000781700000, 0x0000000781800000|  0%| F|  |TAMS 0x0000000781700000, 0x0000000781700000| Untracked 
|  24|0x0000000781800000, 0x0000000781800000, 0x0000000781900000|  0%| F|  |TAMS 0x0000000781800000, 0x0000000781800000| Untracked 
|  25|0x0000000781900000, 0x0000000781900000, 0x0000000781a00000|  0%| F|  |TAMS 0x0000000781900000, 0x0000000781900000| Untracked 
|  26|0x0000000781a00000, 0x0000000781a00000, 0x0000000781b00000|  0%| F|  |TAMS 0x0000000781a00000, 0x0000000781a00000| Untracked 
|  27|0x0000000781b00000, 0x0000000781b00000, 0x0000000781c00000|  0%| F|  |TAMS 0x0000000781b00000, 0x0000000781b00000| Untracked 
|  28|0x0000000781c00000, 0x0000000781c00000, 0x0000000781d00000|  0%| F|  |TAMS 0x0000000781c00000, 0x0000000781c00000| Untracked 
|  29|0x0000000781d00000, 0x0000000781d00000, 0x0000000781e00000|  0%| F|  |TAMS 0x0000000781d00000, 0x0000000781d00000| Untracked 
|  30|0x0000000781e00000, 0x0000000781e00000, 0x0000000781f00000|  0%| F|  |TAMS 0x0000000781e00000, 0x0000000781e00000| Untracked 
|  31|0x0000000781f00000, 0x0000000781f00000, 0x0000000782000000|  0%| F|  |TAMS 0x0000000781f00000, 0x0000000781f00000| Untracked 
|  32|0x0000000782000000, 0x0000000782000000, 0x0000000782100000|  0%| F|  |TAMS 0x0000000782000000, 0x0000000782000000| Untracked 
|  33|0x0000000782100000, 0x0000000782100000, 0x0000000782200000|  0%| F|  |TAMS 0x0000000782100000, 0x0000000782100000| Untracked 
|  34|0x0000000782200000, 0x0000000782200000, 0x0000000782300000|  0%| F|  |TAMS 0x0000000782200000, 0x0000000782200000| Untracked 
|  35|0x0000000782300000, 0x0000000782300000, 0x0000000782400000|  0%| F|  |TAMS 0x0000000782300000, 0x0000000782300000| Untracked 
|  36|0x0000000782400000, 0x0000000782400000, 0x0000000782500000|  0%| F|  |TAMS 0x0000000782400000, 0x0000000782400000| Untracked 
|  37|0x0000000782500000, 0x0000000782500000, 0x0000000782600000|  0%| F|  |TAMS 0x0000000782500000, 0x0000000782500000| Untracked 
|  38|0x0000000782600000, 0x0000000782600000, 0x0000000782700000|  0%| F|  |TAMS 0x0000000782600000, 0x0000000782600000| Untracked 
|  39|0x0000000782700000, 0x0000000782700000, 0x0000000782800000|  0%| F|  |TAMS 0x0000000782700000, 0x0000000782700000| Untracked 
|  40|0x0000000782800000, 0x0000000782800000, 0x0000000782900000|  0%| F|  |TAMS 0x0000000782800000, 0x0000000782800000| Untracked 
|  41|0x0000000782900000, 0x0000000782900000, 0x0000000782a00000|  0%| F|  |TAMS 0x0000000782900000, 0x0000000782900000| Untracked 
|  42|0x0000000782a00000, 0x0000000782a00000, 0x0000000782b00000|  0%| F|  |TAMS 0x0000000782a00000, 0x0000000782a00000| Untracked 
|  43|0x0000000782b00000, 0x0000000782b00000, 0x0000000782c00000|  0%| F|  |TAMS 0x0000000782b00000, 0x0000000782b00000| Untracked 
|  44|0x0000000782c00000, 0x0000000782c00000, 0x0000000782d00000|  0%| F|  |TAMS 0x0000000782c00000, 0x0000000782c00000| Untracked 
|  45|0x0000000782d00000, 0x0000000782d00000, 0x0000000782e00000|  0%| F|  |TAMS 0x0000000782d00000, 0x0000000782d00000| Untracked 
|  46|0x0000000782e00000, 0x0000000782e00000, 0x0000000782f00000|  0%| F|  |TAMS 0x0000000782e00000, 0x0000000782e00000| Untracked 
|  47|0x0000000782f00000, 0x0000000782f00000, 0x0000000783000000|  0%| F|  |TAMS 0x0000000782f00000, 0x0000000782f00000| Untracked 
|  48|0x0000000783000000, 0x0000000783000000, 0x0000000783100000|  0%| F|  |TAMS 0x0000000783000000, 0x0000000783000000| Untracked 
|  49|0x0000000783100000, 0x0000000783100000, 0x0000000783200000|  0%| F|  |TAMS 0x0000000783100000, 0x0000000783100000| Untracked 
|  50|0x0000000783200000, 0x0000000783200000, 0x0000000783300000|  0%| F|  |TAMS 0x0000000783200000, 0x0000000783200000| Untracked 
|  51|0x0000000783300000, 0x0000000783300000, 0x0000000783400000|  0%| F|  |TAMS 0x0000000783300000, 0x0000000783300000| Untracked 
|  52|0x0000000783400000, 0x0000000783400000, 0x0000000783500000|  0%| F|  |TAMS 0x0000000783400000, 0x0000000783400000| Untracked 
|  53|0x0000000783500000, 0x0000000783500000, 0x0000000783600000|  0%| F|  |TAMS 0x0000000783500000, 0x0000000783500000| Untracked 
|  54|0x0000000783600000, 0x0000000783600000, 0x0000000783700000|  0%| F|  |TAMS 0x0000000783600000, 0x0000000783600000| Untracked 
|  55|0x0000000783700000, 0x0000000783700000, 0x0000000783800000|  0%| F|  |TAMS 0x0000000783700000, 0x0000000783700000| Untracked 
|  56|0x0000000783800000, 0x0000000783800000, 0x0000000783900000|  0%| F|  |TAMS 0x0000000783800000, 0x0000000783800000| Untracked 
|  57|0x0000000783900000, 0x0000000783900000, 0x0000000783a00000|  0%| F|  |TAMS 0x0000000783900000, 0x0000000783900000| Untracked 
|  58|0x0000000783a00000, 0x0000000783a00000, 0x0000000783b00000|  0%| F|  |TAMS 0x0000000783a00000, 0x0000000783a00000| Untracked 
|  59|0x0000000783b00000, 0x0000000783b00000, 0x0000000783c00000|  0%| F|  |TAMS 0x0000000783b00000, 0x0000000783b00000| Untracked 
|  60|0x0000000783c00000, 0x0000000783c00000, 0x0000000783d00000|  0%| F|  |TAMS 0x0000000783c00000, 0x0000000783c00000| Untracked 
|  61|0x0000000783d00000, 0x0000000783d00000, 0x0000000783e00000|  0%| F|  |TAMS 0x0000000783d00000, 0x0000000783d00000| Untracked 
|  62|0x0000000783e00000, 0x0000000783e00000, 0x0000000783f00000|  0%| F|  |TAMS 0x0000000783e00000, 0x0000000783e00000| Untracked 
|  63|0x0000000783f00000, 0x0000000783f00000, 0x0000000784000000|  0%| F|  |TAMS 0x0000000783f00000, 0x0000000783f00000| Untracked 
|  64|0x0000000784000000, 0x0000000784000000, 0x0000000784100000|  0%| F|  |TAMS 0x0000000784000000, 0x0000000784000000| Untracked 
|  65|0x0000000784100000, 0x0000000784100000, 0x0000000784200000|  0%| F|  |TAMS 0x0000000784100000, 0x0000000784100000| Untracked 
|  66|0x0000000784200000, 0x0000000784200000, 0x0000000784300000|  0%| F|  |TAMS 0x0000000784200000, 0x0000000784200000| Untracked 
|  67|0x0000000784300000, 0x0000000784300000, 0x0000000784400000|  0%| F|  |TAMS 0x0000000784300000, 0x0000000784300000| Untracked 
|  68|0x0000000784400000, 0x0000000784400000, 0x0000000784500000|  0%| F|  |TAMS 0x0000000784400000, 0x0000000784400000| Untracked 
|  69|0x0000000784500000, 0x0000000784500000, 0x0000000784600000|  0%| F|  |TAMS 0x0000000784500000, 0x0000000784500000| Untracked 
|  70|0x0000000784600000, 0x0000000784600000, 0x0000000784700000|  0%| F|  |TAMS 0x0000000784600000, 0x0000000784600000| Untracked 
|  71|0x0000000784700000, 0x0000000784700000, 0x0000000784800000|  0%| F|  |TAMS 0x0000000784700000, 0x0000000784700000| Untracked 
|  72|0x0000000784800000, 0x0000000784800000, 0x0000000784900000|  0%| F|  |TAMS 0x0000000784800000, 0x0000000784800000| Untracked 
|  73|0x0000000784900000, 0x0000000784900000, 0x0000000784a00000|  0%| F|  |TAMS 0x0000000784900000, 0x0000000784900000| Untracked 
|  74|0x0000000784a00000, 0x0000000784a00000, 0x0000000784b00000|  0%| F|  |TAMS 0x0000000784a00000, 0x0000000784a00000| Untracked 
|  75|0x0000000784b00000, 0x0000000784b00000, 0x0000000784c00000|  0%| F|  |TAMS 0x0000000784b00000, 0x0000000784b00000| Untracked 
|  76|0x0000000784c00000, 0x0000000784c00000, 0x0000000784d00000|  0%| F|  |TAMS 0x0000000784c00000, 0x0000000784c00000| Untracked 
|  77|0x0000000784d00000, 0x0000000784d00000, 0x0000000784e00000|  0%| F|  |TAMS 0x0000000784d00000, 0x0000000784d00000| Untracked 
|  78|0x0000000784e00000, 0x0000000784e00000, 0x0000000784f00000|  0%| F|  |TAMS 0x0000000784e00000, 0x0000000784e00000| Untracked 
|  79|0x0000000784f00000, 0x0000000784f00000, 0x0000000785000000|  0%| F|  |TAMS 0x0000000784f00000, 0x0000000784f00000| Untracked 
|  80|0x0000000785000000, 0x0000000785000000, 0x0000000785100000|  0%| F|  |TAMS 0x0000000785000000, 0x0000000785000000| Untracked 
|  81|0x0000000785100000, 0x0000000785100000, 0x0000000785200000|  0%| F|  |TAMS 0x0000000785100000, 0x0000000785100000| Untracked 
|  82|0x0000000785200000, 0x0000000785200000, 0x0000000785300000|  0%| F|  |TAMS 0x0000000785200000, 0x0000000785200000| Untracked 
|  83|0x0000000785300000, 0x0000000785300000, 0x0000000785400000|  0%| F|  |TAMS 0x0000000785300000, 0x0000000785300000| Untracked 
|  84|0x0000000785400000, 0x0000000785400000, 0x0000000785500000|  0%| F|  |TAMS 0x0000000785400000, 0x0000000785400000| Untracked 
|  85|0x0000000785500000, 0x0000000785500000, 0x0000000785600000|  0%| F|  |TAMS 0x0000000785500000, 0x0000000785500000| Untracked 
|  86|0x0000000785600000, 0x0000000785700000, 0x0000000785700000|100%| E|  |TAMS 0x0000000785600000, 0x0000000785600000| Complete 
|  87|0x0000000785700000, 0x0000000785800000, 0x0000000785800000|100%| E|CS|TAMS 0x0000000785700000, 0x0000000785700000| Complete 
|  88|0x0000000785800000, 0x0000000785900000, 0x0000000785900000|100%| E|CS|TAMS 0x0000000785800000, 0x0000000785800000| Complete 
|  89|0x0000000785900000, 0x0000000785a00000, 0x0000000785a00000|100%| E|CS|TAMS 0x0000000785900000, 0x0000000785900000| Complete 
|  90|0x0000000785a00000, 0x0000000785b00000, 0x0000000785b00000|100%| E|CS|TAMS 0x0000000785a00000, 0x0000000785a00000| Complete 
|  91|0x0000000785b00000, 0x0000000785c00000, 0x0000000785c00000|100%| E|CS|TAMS 0x0000000785b00000, 0x0000000785b00000| Complete 
|  92|0x0000000785c00000, 0x0000000785d00000, 0x0000000785d00000|100%| E|CS|TAMS 0x0000000785c00000, 0x0000000785c00000| Complete 
|  93|0x0000000785d00000, 0x0000000785e00000, 0x0000000785e00000|100%| E|CS|TAMS 0x0000000785d00000, 0x0000000785d00000| Complete 
|  94|0x0000000785e00000, 0x0000000785f00000, 0x0000000785f00000|100%| E|CS|TAMS 0x0000000785e00000, 0x0000000785e00000| Complete 
|  95|0x0000000785f00000, 0x0000000786000000, 0x0000000786000000|100%| E|CS|TAMS 0x0000000785f00000, 0x0000000785f00000| Complete 
|  96|0x0000000786000000, 0x0000000786100000, 0x0000000786100000|100%| E|CS|TAMS 0x0000000786000000, 0x0000000786000000| Complete 
|  97|0x0000000786100000, 0x0000000786200000, 0x0000000786200000|100%| E|CS|TAMS 0x0000000786100000, 0x0000000786100000| Complete 
|  98|0x0000000786200000, 0x0000000786300000, 0x0000000786300000|100%| E|CS|TAMS 0x0000000786200000, 0x0000000786200000| Complete 
|  99|0x0000000786300000, 0x0000000786400000, 0x0000000786400000|100%| E|CS|TAMS 0x0000000786300000, 0x0000000786300000| Complete 
| 100|0x0000000786400000, 0x0000000786500000, 0x0000000786500000|100%| E|CS|TAMS 0x0000000786400000, 0x0000000786400000| Complete 
| 101|0x0000000786500000, 0x0000000786600000, 0x0000000786600000|100%| E|CS|TAMS 0x0000000786500000, 0x0000000786500000| Complete 
| 102|0x0000000786600000, 0x0000000786700000, 0x0000000786700000|100%| S|CS|TAMS 0x0000000786600000, 0x0000000786600000| Complete 
| 103|0x0000000786700000, 0x0000000786800000, 0x0000000786800000|100%| S|CS|TAMS 0x0000000786700000, 0x0000000786700000| Complete 
| 104|0x0000000786800000, 0x0000000786900000, 0x0000000786900000|100%| S|CS|TAMS 0x0000000786800000, 0x0000000786800000| Complete 
| 105|0x0000000786900000, 0x0000000786a00000, 0x0000000786a00000|100%| E|CS|TAMS 0x0000000786900000, 0x0000000786900000| Complete 
| 106|0x0000000786a00000, 0x0000000786b00000, 0x0000000786b00000|100%| E|CS|TAMS 0x0000000786a00000, 0x0000000786a00000| Complete 
| 107|0x0000000786b00000, 0x0000000786c00000, 0x0000000786c00000|100%| E|CS|TAMS 0x0000000786b00000, 0x0000000786b00000| Complete 
| 108|0x0000000786c00000, 0x0000000786d00000, 0x0000000786d00000|100%| E|CS|TAMS 0x0000000786c00000, 0x0000000786c00000| Complete 
| 109|0x0000000786d00000, 0x0000000786e00000, 0x0000000786e00000|100%| E|CS|TAMS 0x0000000786d00000, 0x0000000786d00000| Complete 
| 110|0x0000000786e00000, 0x0000000786f00000, 0x0000000786f00000|100%| E|CS|TAMS 0x0000000786e00000, 0x0000000786e00000| Complete 
| 111|0x0000000786f00000, 0x0000000787000000, 0x0000000787000000|100%| E|CS|TAMS 0x0000000786f00000, 0x0000000786f00000| Complete 
| 112|0x0000000787000000, 0x0000000787100000, 0x0000000787100000|100%| E|CS|TAMS 0x0000000787000000, 0x0000000787000000| Complete 
| 113|0x0000000787100000, 0x0000000787200000, 0x0000000787200000|100%| E|CS|TAMS 0x0000000787100000, 0x0000000787100000| Complete 
| 114|0x0000000787200000, 0x0000000787300000, 0x0000000787300000|100%| E|CS|TAMS 0x0000000787200000, 0x0000000787200000| Complete 
| 115|0x0000000787300000, 0x0000000787400000, 0x0000000787400000|100%| E|CS|TAMS 0x0000000787300000, 0x0000000787300000| Complete 
| 116|0x0000000787400000, 0x0000000787500000, 0x0000000787500000|100%| E|CS|TAMS 0x0000000787400000, 0x0000000787400000| Complete 
| 117|0x0000000787500000, 0x0000000787600000, 0x0000000787600000|100%| E|CS|TAMS 0x0000000787500000, 0x0000000787500000| Complete 
| 118|0x0000000787600000, 0x0000000787700000, 0x0000000787700000|100%| E|CS|TAMS 0x0000000787600000, 0x0000000787600000| Complete 
| 119|0x0000000787700000, 0x0000000787800000, 0x0000000787800000|100%| E|CS|TAMS 0x0000000787700000, 0x0000000787700000| Complete 
| 120|0x0000000787800000, 0x0000000787900000, 0x0000000787900000|100%| E|CS|TAMS 0x0000000787800000, 0x0000000787800000| Complete 
| 121|0x0000000787900000, 0x0000000787a00000, 0x0000000787a00000|100%| E|CS|TAMS 0x0000000787900000, 0x0000000787900000| Complete 
| 122|0x0000000787a00000, 0x0000000787b00000, 0x0000000787b00000|100%| E|CS|TAMS 0x0000000787a00000, 0x0000000787a00000| Complete 
| 123|0x0000000787b00000, 0x0000000787c00000, 0x0000000787c00000|100%| E|CS|TAMS 0x0000000787b00000, 0x0000000787b00000| Complete 
| 124|0x0000000787c00000, 0x0000000787d00000, 0x0000000787d00000|100%| E|CS|TAMS 0x0000000787c00000, 0x0000000787c00000| Complete 
| 125|0x0000000787d00000, 0x0000000787e00000, 0x0000000787e00000|100%| E|CS|TAMS 0x0000000787d00000, 0x0000000787d00000| Complete 
| 126|0x0000000787e00000, 0x0000000787f00000, 0x0000000787f00000|100%| E|CS|TAMS 0x0000000787e00000, 0x0000000787e00000| Complete 
| 127|0x0000000787f00000, 0x0000000788000000, 0x0000000788000000|100%| E|CS|TAMS 0x0000000787f00000, 0x0000000787f00000| Complete 
|2046|0x00000007ffe00000, 0x00000007ffe74000, 0x00000007fff00000| 45%|OA|  |TAMS 0x00000007ffe00000, 0x00000007ffe00000| Untracked 
|2047|0x00000007fff00000, 0x00000007fff74000, 0x0000000800000000| 45%|CA|  |TAMS 0x00000007fff00000, 0x00000007fff00000| Untracked 

Card table byte_map: [0x0000000102bac000,0x0000000102fac000] _byte_map_base: 0x00000000fefac000

Marking Bits (Prev, Next): (CMBitMap*) 0x000000012a83ac10, (CMBitMap*) 0x000000012a83ac50
 Prev Bits: [0x000000010bc88000, 0x000000010dc88000)
 Next Bits: [0x000000010dc88000, 0x000000010fc88000)

Polling page: 0x00000001024d4000

Metaspace:

Usage:
  Non-class:     13.23 MB used.
      Class:      2.17 MB used.
       Both:     15.40 MB used.

Virtual space:
  Non-class space:       64.00 MB reserved,      13.38 MB ( 21%) committed,  1 nodes.
      Class space:        1.00 GB reserved,       2.31 MB ( <1%) committed,  1 nodes.
             Both:        1.06 GB reserved,      15.69 MB (  1%) committed. 

Chunk freelists:
   Non-Class:  2.47 MB
       Class:  1.67 MB
        Both:  4.14 MB

MaxMetaspaceSize: unlimited
CompressedClassSpaceSize: 1.00 GB
Initial GC threshold: 21.00 MB
Current GC threshold: 21.00 MB
CDS: on
MetaspaceReclaimPolicy: balanced
 - commit_granule_bytes: 65536.
 - commit_granule_words: 8192.
 - virtual_space_node_default_size: 8388608.
 - enlarge_chunks_in_place: 1.
 - new_chunks_are_fully_committed: 0.
 - uncommit_free_chunks: 1.
 - use_allocation_guard: 0.


Internal statistics:

num_allocs_failed_limit: 0.
num_arena_births: 336.
num_arena_deaths: 0.
num_vsnodes_births: 2.
num_vsnodes_deaths: 0.
num_space_committed: 251.
num_space_uncommitted: 0.
num_chunks_returned_to_freelist: 0.
num_chunks_taken_from_freelist: 852.
num_chunk_merges: 0.
num_chunk_splits: 567.
num_chunks_enlarged: 413.
num_inconsistent_stats: 0.

CodeHeap 'non-profiled nmethods': size=120032Kb used=915Kb max_used=915Kb free=119116Kb
 bounds [0x000000014fac8000, 0x000000014fd38000, 0x0000000157000000]
CodeHeap 'profiled nmethods': size=120016Kb used=5489Kb max_used=5489Kb free=114526Kb
 bounds [0x0000000148594000, 0x0000000148af4000, 0x000000014fac8000]
CodeHeap 'non-nmethods': size=5712Kb used=1395Kb max_used=1439Kb free=4316Kb
 bounds [0x0000000148000000, 0x0000000148270000, 0x0000000148594000]
 total_blobs=3452 nmethods=2676 adapters=691
 compilation: enabled
              stopped_count=0, restarted_count=0
 full_count=0

Compilation events (20 events):
Event: 6.921 Thread 0x000000012a893a00 2786       4       javafx.css.CssMetaData::hashCode (28 bytes)
Event: 6.921 Thread 0x000000012a894000 2785       3       java.util.WeakHashMap$EntryIterator::next (5 bytes)
Event: 6.921 Thread 0x000000012a894000 nmethod 2785 0x0000000148aec790 code [0x0000000148aec940, 0x0000000148aecb58]
Event: 6.921 Thread 0x000000012a894000 2787       3       javafx.scene.text.Text::boundsTypeProperty (27 bytes)
Event: 6.921 Thread 0x000000012a894000 nmethod 2787 0x0000000148aecc10 code [0x0000000148aece00, 0x0000000148aed218]
Event: 6.922 Thread 0x000000012a894000 2788       3       com.sun.javafx.sg.prism.NGNode::computeNodeRenderRoot (112 bytes)
Event: 6.923 Thread 0x000000012a894000 nmethod 2788 0x0000000148aed390 code [0x0000000148aed640, 0x0000000148aee018]
Event: 6.923 Thread 0x000000012a894000 2789       3       com.sun.javafx.sg.prism.NGNode::isClean (23 bytes)
Event: 6.923 Thread 0x000000012a894000 nmethod 2789 0x0000000148aee390 code [0x0000000148aee540, 0x0000000148aee728]
Event: 6.923 Thread 0x000000012a894000 2790       3       com.sun.javafx.geom.RectBounds::setBounds (33 bytes)
Event: 6.923 Thread 0x000000012a894000 nmethod 2790 0x0000000148aee810 code [0x0000000148aee9c0, 0x0000000148aeeba8]
Event: 6.926 Thread 0x000000012a893a00 nmethod 2786 0x000000014fbac890 code [0x000000014fbaca40, 0x000000014fbaccd0]
Event: 6.938 Thread 0x000000012a894000 2791       3       java.util.concurrent.locks.AbstractQueuedSynchronizer$ConditionObject::signal (34 bytes)
Event: 6.939 Thread 0x000000012a894000 nmethod 2791 0x0000000148aeec90 code [0x0000000148aeee80, 0x0000000148aef238]
Event: 6.975 Thread 0x000000012a894000 2792       3       javafx.scene.control.SkinBase$$Lambda$197/0x0000000800d98000::handle (8 bytes)
Event: 6.975 Thread 0x000000012a894000 nmethod 2792 0x0000000148aef390 code [0x0000000148aef540, 0x0000000148aef8e8]
Event: 6.975 Thread 0x000000012a894000 2793       3       javafx.scene.control.SkinBase::lambda$static$0 (5 bytes)
Event: 6.976 Thread 0x000000012a894000 nmethod 2793 0x0000000148aefa10 code [0x0000000148aefbc0, 0x0000000148aefda8]
Event: 6.989 Thread 0x000000012a894000 2794       3       javafx.scene.layout.Region::getBackground (11 bytes)
Event: 6.989 Thread 0x000000012a894000 nmethod 2794 0x0000000148aefe90 code [0x0000000148af0080, 0x0000000148af0518]

GC Heap History (2 events):
Event: 0.389 GC heap before
{Heap before GC invocations=0 (full 0):
 garbage-first heap   total 133120K, used 26528K [0x0000000780000000, 0x0000000800000000)
  region size 1024K, 23 young (23552K), 0 survivors (0K)
 Metaspace       used 6184K, committed 6464K, reserved 1114112K
  class space    used 714K, committed 832K, reserved 1048576K
}
Event: 0.391 GC heap after
{Heap after GC invocations=1 (full 0):
 garbage-first heap   total 133120K, used 7503K [0x0000000780000000, 0x0000000800000000)
  region size 1024K, 3 young (3072K), 3 survivors (3072K)
 Metaspace       used 6184K, committed 6464K, reserved 1114112K
  class space    used 714K, committed 832K, reserved 1048576K
}

Deoptimization events (20 events):
Event: 1.209 Thread 0x000000012ab7a000 DEOPT PACKING pc=0x00000001488709a4 sp=0x0000000289e45ce0
Event: 1.209 Thread 0x000000012ab7a000 DEOPT UNPACKING pc=0x000000014803eb7c sp=0x0000000289e45a40 mode 3
Event: 1.983 Thread 0x000000011c808200 DEOPT PACKING pc=0x000000014887f184 sp=0x000000028861d100
Event: 1.983 Thread 0x000000011c808200 DEOPT UNPACKING pc=0x000000014803eb7c sp=0x000000028861cd60 mode 0
Event: 4.738 Thread 0x000000013a896600 Uncommon trap: trap_request=0xffffffde fr.pc=0x000000014fba6db0 relative=0x00000000000000f0
Event: 4.738 Thread 0x000000013a896600 Uncommon trap: reason=class_check action=maybe_recompile pc=0x000000014fba6db0 method=jdk.internal.misc.Unsafe.allocateUninitializedArray(Ljava/lang/Class;I)Ljava/lang/Object; @ 51 c2
Event: 4.738 Thread 0x000000013a896600 DEOPT PACKING pc=0x000000014fba6db0 sp=0x000000016db61ab0
Event: 4.738 Thread 0x000000013a896600 DEOPT UNPACKING pc=0x000000014803ed1c sp=0x000000016db61a40 mode 2
Event: 4.738 Thread 0x000000013a896600 Uncommon trap: trap_request=0xffffffde fr.pc=0x000000014fba6db0 relative=0x00000000000000f0
Event: 4.738 Thread 0x000000013a896600 Uncommon trap: reason=class_check action=maybe_recompile pc=0x000000014fba6db0 method=jdk.internal.misc.Unsafe.allocateUninitializedArray(Ljava/lang/Class;I)Ljava/lang/Object; @ 51 c2
Event: 4.738 Thread 0x000000013a896600 DEOPT PACKING pc=0x000000014fba6db0 sp=0x000000016db61ab0
Event: 4.738 Thread 0x000000013a896600 DEOPT UNPACKING pc=0x000000014803ed1c sp=0x000000016db61a40 mode 2
Event: 4.739 Thread 0x000000013a896600 Uncommon trap: trap_request=0xffffffde fr.pc=0x000000014fba6db0 relative=0x00000000000000f0
Event: 4.739 Thread 0x000000013a896600 Uncommon trap: reason=class_check action=maybe_recompile pc=0x000000014fba6db0 method=jdk.internal.misc.Unsafe.allocateUninitializedArray(Ljava/lang/Class;I)Ljava/lang/Object; @ 51 c2
Event: 4.739 Thread 0x000000013a896600 DEOPT PACKING pc=0x000000014fba6db0 sp=0x000000016db61b20
Event: 4.739 Thread 0x000000013a896600 DEOPT UNPACKING pc=0x000000014803ed1c sp=0x000000016db61ab0 mode 2
Event: 4.739 Thread 0x000000013a896600 Uncommon trap: trap_request=0xffffffde fr.pc=0x000000014fba6db0 relative=0x00000000000000f0
Event: 4.739 Thread 0x000000013a896600 Uncommon trap: reason=class_check action=maybe_recompile pc=0x000000014fba6db0 method=jdk.internal.misc.Unsafe.allocateUninitializedArray(Ljava/lang/Class;I)Ljava/lang/Object; @ 51 c2
Event: 4.739 Thread 0x000000013a896600 DEOPT PACKING pc=0x000000014fba6db0 sp=0x000000016db61b20
Event: 4.739 Thread 0x000000013a896600 DEOPT UNPACKING pc=0x000000014803ed1c sp=0x000000016db61ab0 mode 2

Classes loaded (20 events):
Event: 1.207 Loading class sun/util/cldr/CLDRTimeZoneNameProviderImpl
Event: 1.207 Loading class sun/util/locale/provider/TimeZoneNameProviderImpl
Event: 1.207 Loading class sun/util/locale/provider/TimeZoneNameProviderImpl done
Event: 1.207 Loading class sun/util/cldr/CLDRTimeZoneNameProviderImpl done
Event: 1.208 Loading class sun/util/locale/provider/BaseLocaleDataMetaInfo
Event: 1.208 Loading class sun/util/locale/provider/BaseLocaleDataMetaInfo done
Event: 1.208 Loading class sun/util/resources/cldr/TimeZoneNames
Event: 1.208 Loading class sun/util/resources/TimeZoneNamesBundle
Event: 1.208 Loading class sun/util/resources/OpenListResourceBundle
Event: 1.208 Loading class sun/util/resources/OpenListResourceBundle done
Event: 1.208 Loading class sun/util/resources/TimeZoneNamesBundle done
Event: 1.208 Loading class sun/util/resources/cldr/TimeZoneNames done
Event: 1.208 Loading class sun/util/resources/cldr/TimeZoneNames_en
Event: 1.208 Loading class sun/util/resources/cldr/TimeZoneNames_en done
Event: 1.209 Loading class sun/util/resources/cldr/TimeZoneNames_en_US
Event: 1.209 Loading class sun/util/resources/cldr/TimeZoneNames_en_US done
Event: 2.383 Loading class java/lang/FdLibm$Hypot
Event: 2.383 Loading class java/lang/FdLibm$Hypot done
Event: 2.383 Loading class java/lang/FdLibm
Event: 2.383 Loading class java/lang/FdLibm done

Classes unloaded (0 events):
No events

Classes redefined (0 events):
No events

Internal exceptions (20 events):
Event: 0.560 Thread 0x000000013a896600 Exception <a 'java/lang/NoSuchMethodError'{0x00000007872214f8}: 'void java.lang.invoke.DelegatingMethodHandle$Holder.reinvoke_L(java.lang.Object, java.lang.Object, int)'> (0x00000007872214f8) 
thrown [open/src/hotspot/share/interpreter/linkResolver.cpp, line 759]
Event: 0.560 Thread 0x000000013a896600 Exception <a 'java/lang/NoSuchMethodError'{0x0000000787225208}: 'int java.lang.invoke.DirectMethodHandle$Holder.invokeSpecial(java.lang.Object, java.lang.Object, java.lang.Object)'> (0x0000000787225208) 
thrown [open/src/hotspot/share/interpreter/linkResolver.cpp, line 759]
Event: 0.563 Thread 0x000000013a896600 Exception <a 'java/io/FileNotFoundException'{0x0000000787299610}> (0x0000000787299610) 
thrown [open/src/hotspot/share/prims/jni.cpp, line 516]
Event: 0.581 Thread 0x000000013a896600 Implicit null exception at 0x000000014fb349bc to 0x000000014fb353e8
Event: 0.587 Thread 0x000000013a896600 Implicit null exception at 0x000000014fb2dcd4 to 0x000000014fb2ded0
Event: 0.638 Thread 0x000000013a896600 Implicit null exception at 0x000000014fb2b7d4 to 0x000000014fb2b9c4
Event: 0.638 Thread 0x000000013a896600 Implicit null exception at 0x000000014fae5154 to 0x000000014fae51c0
Event: 0.673 Thread 0x000000013a896600 Exception <a 'java/lang/NoSuchMethodError'{0x0000000786ce2518}: 'java.lang.Object java.lang.invoke.DirectMethodHandle$Holder.invokeInterface(java.lang.Object, java.lang.Object, java.lang.Object)'> (0x0000000786ce2518) 
thrown [open/src/hotspot/share/interpreter/linkResolver.cpp, line 759]
Event: 0.673 Thread 0x000000013a896600 Exception <a 'java/lang/IncompatibleClassChangeError'{0x0000000786ce5bd8}: Found class java.lang.Object, but interface was expected> (0x0000000786ce5bd8) 
thrown [open/src/hotspot/share/interpreter/linkResolver.cpp, line 826]
Event: 0.689 Thread 0x000000013a896600 Exception <a 'java/lang/NoSuchMethodError'{0x0000000786bccae8}: 'int java.lang.invoke.DirectMethodHandle$Holder.invokeSpecial(java.lang.Object, java.lang.Object, int)'> (0x0000000786bccae8) 
thrown [open/src/hotspot/share/interpreter/linkResolver.cpp, line 759]
Event: 0.767 Thread 0x000000013a896600 Exception <a 'java/lang/NoSuchMethodError'{0x0000000786a5ac28}: 'java.lang.Object java.lang.invoke.DirectMethodHandle$Holder.newInvokeSpecial(java.lang.Object, java.lang.Object, int)'> (0x0000000786a5ac28) 
thrown [open/src/hotspot/share/interpreter/linkResolver.cpp, line 759]
Event: 0.846 Thread 0x000000011c808200 Exception <a 'java/lang/NoSuchMethodError'{0x00000007869b4ef8}: 'int java.lang.invoke.DirectMethodHandle$Holder.invokeStaticInit(java.lang.Object, java.lang.Object)'> (0x00000007869b4ef8) 
thrown [open/src/hotspot/share/interpreter/linkResolver.cpp, line 759]
Event: 2.362 Thread 0x000000013a896600 Exception <a 'java/lang/ClassNotFoundException'{0x0000000785cb0380}: com/sun/javafx/scene/control/skin/resources/controls> (0x0000000785cb0380) 
thrown [open/src/hotspot/share/prims/jni.cpp, line 535]
Event: 2.363 Thread 0x000000013a896600 Exception <a 'java/lang/ClassNotFoundException'{0x0000000785cbe618}: com/sun/javafx/scene/control/skin/resources/controls_en> (0x0000000785cbe618) 
thrown [open/src/hotspot/share/prims/jni.cpp, line 535]
Event: 2.363 Thread 0x000000013a896600 Exception <a 'java/lang/ClassNotFoundException'{0x0000000785cbf8a8}: com/sun/javafx/scene/control/skin/resources/controls_en_US> (0x0000000785cbf8a8) 
thrown [open/src/hotspot/share/prims/jni.cpp, line 535]
Event: 2.373 Thread 0x000000013a896600 Exception <a 'java/lang/NoSuchMethodError'{0x0000000785a31ac0}: 'void java.lang.invoke.DirectMethodHandle$Holder.invokeSpecial(java.lang.Object, java.lang.Object, java.lang.Object, java.lang.Object, java.lang.Object, java.lang.Object)'> (0x0000000785a31ac0) 
thrown [open/src/hotspot/share/interpreter/linkResolver.cpp, line 759]
Event: 3.956 Thread 0x000000013a896600 Exception <a 'java/lang/NoSuchMethodError'{0x00000007857c3998}: 'long java.lang.invoke.DirectMethodHandle$Holder.invokeStatic(java.lang.Object, java.lang.Object, java.lang.Object)'> (0x00000007857c3998) 
thrown [open/src/hotspot/share/interpreter/linkResolver.cpp, line 759]
Event: 3.957 Thread 0x000000013a896600 Exception <a 'java/lang/NoSuchMethodError'{0x00000007857c7138}: 'long java.lang.invoke.DirectMethodHandle$Holder.invokeStaticInit(java.lang.Object, java.lang.Object, java.lang.Object)'> (0x00000007857c7138) 
thrown [open/src/hotspot/share/interpreter/linkResolver.cpp, line 759]
Event: 3.958 Thread 0x000000013a896600 Exception <a 'java/lang/NoSuchMethodError'{0x00000007857df780}: 'java.lang.Object java.lang.invoke.DirectMethodHandle$Holder.newInvokeSpecial(java.lang.Object, java.lang.Object, long)'> (0x00000007857df780) 
thrown [open/src/hotspot/share/interpreter/linkResolver.cpp, line 759]
Event: 3.959 Thread 0x000000013a896600 Exception <a 'java/lang/NoSuchMethodError'{0x00000007857e3050}: 'java.lang.Object java.lang.invoke.Invokers$Holder.linkToTargetMethod(java.lang.Object, long, java.lang.Object)'> (0x00000007857e3050) 
thrown [open/src/hotspot/share/interpreter/linkResolver.cpp, line 759]

VM Operations (20 events):
Event: 0.549 Executing VM operation: HandshakeAllThreads
Event: 0.549 Executing VM operation: HandshakeAllThreads done
Event: 1.951 Executing VM operation: ICBufferFull
Event: 1.952 Executing VM operation: ICBufferFull done
Event: 2.343 Executing VM operation: ICBufferFull
Event: 2.343 Executing VM operation: ICBufferFull done
Event: 2.373 Executing VM operation: HandshakeAllThreads
Event: 2.373 Executing VM operation: HandshakeAllThreads done
Event: 2.384 Executing VM operation: ICBufferFull
Event: 2.384 Executing VM operation: ICBufferFull done
Event: 3.144 Executing VM operation: ICBufferFull
Event: 3.144 Executing VM operation: ICBufferFull done
Event: 3.963 Executing VM operation: ICBufferFull
Event: 3.963 Executing VM operation: ICBufferFull done
Event: 4.968 Executing VM operation: Cleanup
Event: 4.968 Executing VM operation: Cleanup done
Event: 5.973 Executing VM operation: Cleanup
Event: 5.973 Executing VM operation: Cleanup done
Event: 6.975 Executing VM operation: Cleanup
Event: 6.975 Executing VM operation: Cleanup done

Events (20 events):
Event: 2.688 Protecting memory [0x0000000288834000,0x0000000288840000] with protection modes 3
Event: 2.688 Thread 0x000000013b19fa00 Thread exited: 0x000000013b19fa00
Event: 3.155 Protecting memory [0x0000000288834000,0x0000000288840000] with protection modes 0
Event: 3.155 Thread 0x000000011b009200 Thread added: 0x000000011b009200
Event: 3.905 Protecting memory [0x0000000288834000,0x0000000288840000] with protection modes 3
Event: 3.905 Thread 0x000000011b009200 Thread exited: 0x000000011b009200
Event: 3.954 Protecting memory [0x0000000288834000,0x0000000288840000] with protection modes 0
Event: 3.954 Thread 0x000000011c00c000 Thread added: 0x000000011c00c000
Event: 5.037 Protecting memory [0x0000000288834000,0x0000000288840000] with protection modes 3
Event: 5.038 Thread 0x000000011c00c000 Thread exited: 0x000000011c00c000
Event: 5.338 Protecting memory [0x0000000288834000,0x0000000288840000] with protection modes 0
Event: 5.338 Thread 0x0000000118023c00 Thread added: 0x0000000118023c00
Event: 5.638 Protecting memory [0x0000000288834000,0x0000000288840000] with protection modes 3
Event: 5.638 Thread 0x0000000118023c00 Thread exited: 0x0000000118023c00
Event: 5.687 Protecting memory [0x0000000288834000,0x0000000288840000] with protection modes 0
Event: 5.687 Thread 0x0000000118032600 Thread added: 0x0000000118032600
Event: 6.555 Protecting memory [0x0000000288834000,0x0000000288840000] with protection modes 3
Event: 6.555 Thread 0x0000000118032600 Thread exited: 0x0000000118032600
Event: 6.755 Protecting memory [0x0000000288834000,0x0000000288840000] with protection modes 0
Event: 6.755 Thread 0x000000011b009200 Thread added: 0x000000011b009200


Dynamic libraries:
0x00000001022cc000 	/Users/irene/Library/Java/JavaVirtualMachines/openjdk-18.0.2/Contents/Home/lib/libjli.dylib
0x00000001ad5f0000 	/usr/lib/libz.1.dylib
0x00000001ad6a7000 	/usr/lib/libSystem.B.dylib
0x00000001ad6a1000 	/usr/lib/system/libcache.dylib
0x00000001ad65f000 	/usr/lib/system/libcommonCrypto.dylib
0x00000001ad688000 	/usr/lib/system/libcompiler_rt.dylib
0x00000001ad67f000 	/usr/lib/system/libcopyfile.dylib
0x00000001a28e7000 	/usr/lib/system/libcorecrypto.dylib
0x00000001a299a000 	/usr/lib/system/libdispatch.dylib
0x00000001a2b68000 	/usr/lib/system/libdyld.dylib
0x00000001ad697000 	/usr/lib/system/libkeymgr.dylib
0x00000001ad63a000 	/usr/lib/system/libmacho.dylib
0x00000001acd2f000 	/usr/lib/system/libquarantine.dylib
0x00000001ad694000 	/usr/lib/system/libremovefile.dylib
0x00000001a7cd0000 	/usr/lib/system/libsystem_asl.dylib
0x00000001a2889000 	/usr/lib/system/libsystem_blocks.dylib
0x00000001a2a22000 	/usr/lib/system/libsystem_c.dylib
0x00000001ad68c000 	/usr/lib/system/libsystem_collections.dylib
0x00000001ac1bd000 	/usr/lib/system/libsystem_configuration.dylib
0x00000001ab419000 	/usr/lib/system/libsystem_containermanager.dylib
0x00000001ad39c000 	/usr/lib/system/libsystem_coreservices.dylib
0x00000001a5290000 	/usr/lib/system/libsystem_darwin.dylib
0x00000001ad698000 	/usr/lib/system/libsystem_dnssd.dylib
0x00000001a2a1f000 	/usr/lib/system/libsystem_featureflags.dylib
0x00000001a2b7d000 	/usr/lib/system/libsystem_info.dylib
0x00000001ad602000 	/usr/lib/system/libsystem_m.dylib
0x00000001a296f000 	/usr/lib/system/libsystem_malloc.dylib
0x00000001a7c5f000 	/usr/lib/system/libsystem_networkextension.dylib
0x00000001a56e9000 	/usr/lib/system/libsystem_notify.dylib
0x00000001b39e5000 	/usr/lib/system/libsystem_product_info_filter.dylib
0x00000001ac1c2000 	/usr/lib/system/libsystem_sandbox.dylib
0x00000001ad691000 	/usr/lib/system/libsystem_secinit.dylib
0x00000001a2b23000 	/usr/lib/system/libsystem_kernel.dylib
0x00000001a2b75000 	/usr/lib/system/libsystem_platform.dylib
0x00000001a2b5b000 	/usr/lib/system/libsystem_pthread.dylib
0x00000001a9428000 	/usr/lib/system/libsystem_symptoms.dylib
0x00000001a28cd000 	/usr/lib/system/libsystem_trace.dylib
0x00000001ad66c000 	/usr/lib/system/libunwind.dylib
0x00000001a288b000 	/usr/lib/system/libxpc.dylib
0x00000001a2b0b000 	/usr/lib/libc++abi.dylib
0x00000001a29e1000 	/usr/lib/libobjc.A.dylib
0x00000001ad677000 	/usr/lib/liboah.dylib
0x00000001a2aa4000 	/usr/lib/libc++.1.dylib
0x00000001b94fe000 	/System/Library/Frameworks/Cocoa.framework/Versions/A/Cocoa
0x00000001a574a000 	/System/Library/Frameworks/AppKit.framework/Versions/C/AppKit
0x00000001a8c50000 	/System/Library/Frameworks/CoreData.framework/Versions/A/CoreData
0x00000001a3aa5000 	/System/Library/Frameworks/Foundation.framework/Versions/C/Foundation
0x00000001a6602000 	/System/Library/PrivateFrameworks/UIFoundation.framework/Versions/A/UIFoundation
0x00000001b36df000 	/System/Library/PrivateFrameworks/RemoteViewServices.framework/Versions/A/RemoteViewServices
0x00000001abb65000 	/System/Library/PrivateFrameworks/XCTTargetBootstrap.framework/Versions/A/XCTTargetBootstrap
0x00000001af3e3000 	/System/Library/PrivateFrameworks/InternationalSupport.framework/Versions/A/InternationalSupport
0x00000001af46c000 	/System/Library/PrivateFrameworks/UserActivity.framework/Versions/A/UserActivity
0x00000001ae8de000 	/usr/lib/libspindump.dylib
0x00000001a6873000 	/System/Library/Frameworks/UniformTypeIdentifiers.framework/Versions/A/UniformTypeIdentifiers
0x00000001aa0b0000 	/usr/lib/libapp_launch_measurement.dylib
0x00000001a95da000 	/System/Library/PrivateFrameworks/CoreAnalytics.framework/Versions/A/CoreAnalytics
0x00000001aa0b3000 	/System/Library/PrivateFrameworks/CoreAutoLayout.framework/Versions/A/CoreAutoLayout
0x00000001ab456000 	/System/Library/Frameworks/Metal.framework/Versions/A/Metal
0x00000001ac1cd000 	/usr/lib/liblangid.dylib
0x00000001abb6a000 	/System/Library/PrivateFrameworks/CoreSVG.framework/Versions/A/CoreSVG
0x00000001a7d04000 	/System/Library/PrivateFrameworks/SkyLight.framework/Versions/A/SkyLight
0x00000001a80d9000 	/System/Library/Frameworks/CoreGraphics.framework/Versions/A/CoreGraphics
0x00000001b3dab000 	/System/Library/Frameworks/Accelerate.framework/Versions/A/Accelerate
0x00000001ae355000 	/System/Library/PrivateFrameworks/IconServices.framework/Versions/A/IconServices
0x00000001ab438000 	/System/Library/Frameworks/IOSurface.framework/Versions/A/IOSurface
0x00000001a960b000 	/usr/lib/libDiagnosticMessagesClient.dylib
0x00000001b72ac000 	/System/Library/Frameworks/ApplicationServices.framework/Versions/A/ApplicationServices
0x00000001abb4d000 	/System/Library/PrivateFrameworks/DFRFoundation.framework/Versions/A/DFRFoundation
0x00000001a4fda000 	/usr/lib/libicucore.A.dylib
0x00000001b028f000 	/System/Library/Frameworks/AudioToolbox.framework/Versions/A/AudioToolbox
0x00000001af3ef000 	/System/Library/PrivateFrameworks/DataDetectorsCore.framework/Versions/A/DataDetectorsCore
0x00000001c5d2f000 	/System/Library/PrivateFrameworks/TextInput.framework/Versions/A/TextInput
0x00000001a7c79000 	/usr/lib/libMobileGestalt.dylib
0x00000001ab819000 	/System/Library/Frameworks/Carbon.framework/Versions/A/Frameworks/HIToolbox.framework/Versions/A/HIToolbox
0x00000001a9a8c000 	/System/Library/Frameworks/QuartzCore.framework/Versions/A/QuartzCore
0x00000001a4c5d000 	/System/Library/Frameworks/Security.framework/Versions/A/Security
0x00000001b371f000 	/System/Library/Frameworks/Carbon.framework/Versions/A/Frameworks/SpeechRecognition.framework/Versions/A/SpeechRecognition
0x00000001a9e06000 	/System/Library/PrivateFrameworks/CoreUI.framework/Versions/A/CoreUI
0x00000001a453a000 	/System/Library/Frameworks/CoreAudio.framework/Versions/A/CoreAudio
0x00000001a9700000 	/System/Library/Frameworks/DiskArbitration.framework/Versions/A/DiskArbitration
0x00000001aece8000 	/System/Library/PrivateFrameworks/MultitouchSupport.framework/Versions/A/MultitouchSupport
0x00000001a7c77000 	/usr/lib/libenergytrace.dylib
0x00000001a5612000 	/System/Library/Frameworks/IOKit.framework/Versions/A/IOKit
0x00000001b3b0e000 	/System/Library/Frameworks/CoreServices.framework/Versions/A/CoreServices
0x00000001aa040000 	/System/Library/PrivateFrameworks/PerformanceAnalysis.framework/Versions/A/PerformanceAnalysis
0x0000000204017000 	/System/Library/Frameworks/OpenGL.framework/Versions/A/OpenGL
0x00000001acc47000 	/System/Library/PrivateFrameworks/MobileKeyBag.framework/Versions/A/MobileKeyBag
0x00000001a86e6000 	/System/Library/Frameworks/ColorSync.framework/Versions/A/ColorSync
0x00000001a2baa000 	/System/Library/Frameworks/CoreFoundation.framework/Versions/A/CoreFoundation
0x00000001abde9000 	/System/Library/Frameworks/CoreImage.framework/Versions/A/CoreImage
0x00000001a435e000 	/System/Library/Frameworks/CoreText.framework/Versions/A/CoreText
0x00000001abb9a000 	/System/Library/Frameworks/ImageIO.framework/Versions/A/ImageIO
0x00000001ad6ad000 	/System/Library/PrivateFrameworks/SoftLinking.framework/Versions/A/SoftLinking
0x00000001aa0fe000 	/usr/lib/libxml2.2.dylib
0x00000001ad946000 	/usr/lib/libcompression.dylib
0x00000001af33f000 	/System/Library/PrivateFrameworks/TextureIO.framework/Versions/A/TextureIO
0x00000001ae06e000 	/usr/lib/libate.dylib
0x00000001adf33000 	/usr/lib/liblzma.5.dylib
0x00000001a3799000 	/System/Library/Frameworks/SystemConfiguration.framework/Versions/A/SystemConfiguration
0x00000001ad6a9000 	/usr/lib/libfakelink.dylib
0x00000001a77ab000 	/System/Library/Frameworks/CFNetwork.framework/Versions/A/CFNetwork
0x00000001ad7ef000 	/usr/lib/libarchive.2.dylib
0x00000001ac1c9000 	/System/Library/PrivateFrameworks/AppleSystemInfo.framework/Versions/A/AppleSystemInfo
0x00000001acd5a000 	/usr/lib/libbsm.0.dylib
0x00000001a6d1c000 	/usr/lib/libnetwork.dylib
0x00000001ad643000 	/usr/lib/system/libkxld.dylib
0x00000001ac96d000 	/System/Library/PrivateFrameworks/IOMobileFramebuffer.framework/Versions/A/IOMobileFramebuffer
0x0000000221943000 	/usr/lib/libCoreEntitlements.dylib
0x00000001ad37e000 	/System/Library/PrivateFrameworks/AppleFSCompression.framework/Versions/A/AppleFSCompression
0x00000001acd42000 	/usr/lib/libcoretls.dylib
0x00000001adf4c000 	/usr/lib/libcoretls_cfhelpers.dylib
0x00000001ad941000 	/usr/lib/libpam.2.dylib
0x00000001a903f000 	/usr/lib/libsqlite3.dylib
0x00000001adfb5000 	/usr/lib/libxar.1.dylib
0x00000001ad38f000 	/usr/lib/libbz2.1.0.dylib
0x00000001ad6ae000 	/usr/lib/libpcap.A.dylib
0x00000001a941f000 	/usr/lib/libdns_services.dylib
0x00000001ad914000 	/usr/lib/libapple_nghttp2.dylib
0x00000001ad6eb000 	/usr/lib/libiconv.2.dylib
0x00000001ad639000 	/usr/lib/libcharset.1.dylib
0x00000001aa07c000 	/System/Library/Frameworks/CoreServices.framework/Versions/A/Frameworks/FSEvents.framework/Versions/A/FSEvents
0x00000001a529b000 	/System/Library/Frameworks/CoreServices.framework/Versions/A/Frameworks/CarbonCore.framework/Versions/A/CarbonCore
0x00000001a9660000 	/System/Library/Frameworks/CoreServices.framework/Versions/A/Frameworks/Metadata.framework/Versions/A/Metadata
0x00000001ad3a2000 	/System/Library/Frameworks/CoreServices.framework/Versions/A/Frameworks/OSServices.framework/Versions/A/OSServices
0x00000001ad875000 	/System/Library/Frameworks/CoreServices.framework/Versions/A/Frameworks/SearchKit.framework/Versions/A/SearchKit
0x00000001a93ae000 	/System/Library/Frameworks/CoreServices.framework/Versions/A/Frameworks/AE.framework/Versions/A/AE
0x00000001a30f0000 	/System/Library/Frameworks/CoreServices.framework/Versions/A/Frameworks/LaunchServices.framework/Versions/A/LaunchServices
0x00000001adedc000 	/System/Library/Frameworks/CoreServices.framework/Versions/A/Frameworks/DictionaryServices.framework/Versions/A/DictionaryServices
0x00000001aa089000 	/System/Library/Frameworks/CoreServices.framework/Versions/A/Frameworks/SharedFileList.framework/Versions/A/SharedFileList
0x00000001acd32000 	/usr/lib/libCheckFix.dylib
0x00000001a7ce8000 	/System/Library/PrivateFrameworks/TCC.framework/Versions/A/TCC
0x00000001ac1cf000 	/System/Library/PrivateFrameworks/CoreNLP.framework/Versions/A/CoreNLP
0x00000001a960e000 	/System/Library/PrivateFrameworks/MetadataUtilities.framework/Versions/A/MetadataUtilities
0x00000001a3852000 	/usr/lib/libmecabra.dylib
0x00000001acd6b000 	/usr/lib/libmecab.dylib
0x00000001a381e000 	/usr/lib/libCRFSuite.dylib
0x00000001acdc8000 	/usr/lib/libgermantok.dylib
0x00000001ad8ed000 	/usr/lib/libThaiTokenizer.dylib
0x00000001a9708000 	/System/Library/Frameworks/Accelerate.framework/Versions/A/Frameworks/vImage.framework/Versions/A/vImage
0x00000001b3ae5000 	/System/Library/Frameworks/Accelerate.framework/Versions/A/Frameworks/vecLib.framework/Versions/A/vecLib
0x00000001adffa000 	/System/Library/Frameworks/Accelerate.framework/Versions/A/Frameworks/vecLib.framework/Versions/A/libvMisc.dylib
0x00000001ac874000 	/System/Library/Frameworks/Accelerate.framework/Versions/A/Frameworks/vecLib.framework/Versions/A/libvDSP.dylib
0x00000001a3479000 	/System/Library/Frameworks/Accelerate.framework/Versions/A/Frameworks/vecLib.framework/Versions/A/libBLAS.dylib
0x00000001ada17000 	/System/Library/Frameworks/Accelerate.framework/Versions/A/Frameworks/vecLib.framework/Versions/A/libLAPACK.dylib
0x00000001acdcb000 	/System/Library/Frameworks/Accelerate.framework/Versions/A/Frameworks/vecLib.framework/Versions/A/libLinearAlgebra.dylib
0x00000001ad92c000 	/System/Library/Frameworks/Accelerate.framework/Versions/A/Frameworks/vecLib.framework/Versions/A/libSparseBLAS.dylib
0x00000001ada12000 	/System/Library/Frameworks/Accelerate.framework/Versions/A/Frameworks/vecLib.framework/Versions/A/libQuadrature.dylib
0x00000001ac2c8000 	/System/Library/Frameworks/Accelerate.framework/Versions/A/Frameworks/vecLib.framework/Versions/A/libBNNS.dylib
0x00000001a3737000 	/System/Library/Frameworks/Accelerate.framework/Versions/A/Frameworks/vecLib.framework/Versions/A/libSparse.dylib
0x00000001ac2c0000 	/System/Library/PrivateFrameworks/LinguisticData.framework/Versions/A/LinguisticData
0x00000001a36ef000 	/System/Library/PrivateFrameworks/Lexicon.framework/Versions/A/Lexicon
0x00000001adff2000 	/usr/lib/libChineseTokenizer.dylib
0x00000001a3e96000 	/System/Library/PrivateFrameworks/LanguageModeling.framework/Versions/A/LanguageModeling
0x00000001ad8ef000 	/System/Library/PrivateFrameworks/AppleSauce.framework/Versions/A/AppleSauce
0x00000001ac95a000 	/System/Library/PrivateFrameworks/CoreEmoji.framework/Versions/A/CoreEmoji
0x00000001ad7dd000 	/usr/lib/libcmph.dylib
0x00000001aa05c000 	/System/Library/Frameworks/OpenDirectory.framework/Versions/A/Frameworks/CFOpenDirectory.framework/Versions/A/CFOpenDirectory
0x00000001aa04c000 	/System/Library/Frameworks/OpenDirectory.framework/Versions/A/OpenDirectory
0x00000001adf4e000 	/System/Library/PrivateFrameworks/APFS.framework/Versions/A/APFS
0x00000001acc82000 	/System/Library/Frameworks/SecurityFoundation.framework/Versions/A/SecurityFoundation
0x00000001adfc4000 	/usr/lib/libutil.dylib
0x00000001a55d4000 	/System/Library/PrivateFrameworks/CoreServicesStore.framework/Versions/A/CoreServicesStore
0x00000001adfc8000 	/usr/lib/libxslt.1.dylib
0x00000001acd16000 	/System/Library/PrivateFrameworks/BackgroundTaskManagement.framework/Versions/A/BackgroundTaskManagement
0x00000001af260000 	/System/Library/Frameworks/ImageIO.framework/Versions/A/Resources/libRadiance.dylib
0x00000001af269000 	/System/Library/Frameworks/ImageIO.framework/Versions/A/Resources/libJPEG.dylib
0x00000001af1bc000 	/System/Library/Frameworks/ImageIO.framework/Versions/A/Resources/libPng.dylib
0x00000001af1de000 	/System/Library/Frameworks/ImageIO.framework/Versions/A/Resources/libTIFF.dylib
0x00000001af2c4000 	/System/Library/Frameworks/ImageIO.framework/Versions/A/Resources/libGIF.dylib
0x00000001aebf8000 	/System/Library/Frameworks/ImageIO.framework/Versions/A/Resources/libJP2.dylib
0x00000001ae31a000 	/usr/lib/libexpat.1.dylib
0x00000001aebb3000 	/System/Library/PrivateFrameworks/AppleJPEG.framework/Versions/A/AppleJPEG
0x00000001ab6d5000 	/System/Library/PrivateFrameworks/FontServices.framework/libFontParser.dylib
0x00000001a9353000 	/System/Library/PrivateFrameworks/RunningBoardServices.framework/Versions/A/RunningBoardServices
0x00000001b9bd1000 	/System/Library/PrivateFrameworks/IOSurfaceAccelerator.framework/Versions/A/IOSurfaceAccelerator
0x00000001aece4000 	/System/Library/PrivateFrameworks/WatchdogClient.framework/Versions/A/WatchdogClient
0x00000001a3f9a000 	/System/Library/Frameworks/CoreDisplay.framework/Versions/A/CoreDisplay
0x00000001ab5bf000 	/System/Library/Frameworks/CoreMedia.framework/Versions/A/CoreMedia
0x00000001ab44c000 	/System/Library/PrivateFrameworks/IOAccelerator.framework/Versions/A/IOAccelerator
0x00000001aa1ec000 	/System/Library/Frameworks/CoreVideo.framework/Versions/A/CoreVideo
0x00000001ad93f000 	/System/Library/Frameworks/MetalPerformanceShaders.framework/Versions/A/MetalPerformanceShaders
0x00000001aed23000 	/System/Library/Frameworks/VideoToolbox.framework/Versions/A/VideoToolbox
0x00000001a9297000 	/System/Library/PrivateFrameworks/BaseBoard.framework/Versions/A/BaseBoard
0x00000001a9025000 	/System/Library/PrivateFrameworks/ProtocolBuffer.framework/Versions/A/ProtocolBuffer
0x00000001af25b000 	/System/Library/PrivateFrameworks/GPUWrangler.framework/Versions/A/GPUWrangler
0x00000001af23b000 	/System/Library/PrivateFrameworks/IOPresentment.framework/Versions/A/IOPresentment
0x00000001af263000 	/System/Library/PrivateFrameworks/DSExternalDisplay.framework/Versions/A/DSExternalDisplay
0x000000020400a000 	/System/Library/Frameworks/OpenGL.framework/Versions/A/Libraries/libCoreFSCache.dylib
0x000000020e4c9000 	/System/Library/PrivateFrameworks/GPUCompiler.framework/Versions/31001/Libraries/libGPUCompilerUtils.dylib
0x00000001af2c9000 	/System/Library/PrivateFrameworks/CMCaptureCore.framework/Versions/A/CMCaptureCore
0x00000001ae8cb000 	/System/Library/PrivateFrameworks/AppServerSupport.framework/Versions/A/AppServerSupport
0x00000001b0b4c000 	/System/Library/PrivateFrameworks/perfdata.framework/Versions/A/perfdata
0x00000001a40ba000 	/System/Library/PrivateFrameworks/AudioToolboxCore.framework/Versions/A/AudioToolboxCore
0x00000001ab598000 	/System/Library/PrivateFrameworks/caulk.framework/Versions/A/caulk
0x00000001b0441000 	/usr/lib/libAudioStatistics.dylib
0x00000001c2396000 	/System/Library/PrivateFrameworks/SystemPolicy.framework/Versions/A/SystemPolicy
0x00000001b06ad000 	/usr/lib/libSMC.dylib
0x00000001b93e0000 	/System/Library/Frameworks/CoreMIDI.framework/Versions/A/CoreMIDI
0x00000001af18a000 	/usr/lib/libAudioToolboxUtility.dylib
0x00000001be463000 	/System/Library/PrivateFrameworks/OSAServicesClient.framework/Versions/A/OSAServicesClient
0x00000001b0b59000 	/usr/lib/libperfcheck.dylib
0x00000001c2eae000 	/usr/lib/libmis.dylib
0x000000020406c000 	/System/Library/Frameworks/OpenGL.framework/Versions/A/Libraries/libGLU.dylib
0x000000020402b000 	/System/Library/Frameworks/OpenGL.framework/Versions/A/Libraries/libGFXShared.dylib
0x0000000204218000 	/System/Library/Frameworks/OpenGL.framework/Versions/A/Libraries/libGL.dylib
0x0000000204034000 	/System/Library/Frameworks/OpenGL.framework/Versions/A/Libraries/libGLImage.dylib
0x0000000204028000 	/System/Library/Frameworks/OpenGL.framework/Versions/A/Libraries/libCVMSPluginSupport.dylib
0x0000000204011000 	/System/Library/Frameworks/OpenGL.framework/Versions/A/Libraries/libCoreVMClient.dylib
0x00000001ac149000 	/System/Library/Frameworks/MetalPerformanceShaders.framework/Versions/A/Frameworks/MPSCore.framework/Versions/A/MPSCore
0x00000001ad2f1000 	/System/Library/Frameworks/MetalPerformanceShaders.framework/Versions/A/Frameworks/MPSImage.framework/Versions/A/MPSImage
0x00000001acde0000 	/System/Library/Frameworks/MetalPerformanceShaders.framework/Versions/A/Frameworks/MPSNeuralNetwork.framework/Versions/A/MPSNeuralNetwork
0x00000001ad219000 	/System/Library/Frameworks/MetalPerformanceShaders.framework/Versions/A/Frameworks/MPSMatrix.framework/Versions/A/MPSMatrix
0x00000001acff2000 	/System/Library/Frameworks/MetalPerformanceShaders.framework/Versions/A/Frameworks/MPSRayIntersector.framework/Versions/A/MPSRayIntersector
0x00000001ad24a000 	/System/Library/Frameworks/MetalPerformanceShaders.framework/Versions/A/Frameworks/MPSNDArray.framework/Versions/A/MPSNDArray
0x0000000206183000 	/System/Library/Frameworks/MetalPerformanceShaders.framework/Versions/A/Frameworks/MPSFunctions.framework/Versions/A/MPSFunctions
0x00000001a3350000 	/System/Library/PrivateFrameworks/MetalTools.framework/Versions/A/MetalTools
0x00000001ac1c7000 	/System/Library/PrivateFrameworks/AggregateDictionary.framework/Versions/A/AggregateDictionary
0x00000001ae0ff000 	/usr/lib/libIOReport.dylib
0x00000001b83fe000 	/System/Library/PrivateFrameworks/ASEProcessing.framework/Versions/A/ASEProcessing
0x00000001ae474000 	/System/Library/PrivateFrameworks/FaceCore.framework/Versions/A/FaceCore
0x00000001ae466000 	/System/Library/PrivateFrameworks/GraphVisualizer.framework/Versions/A/GraphVisualizer
0x000000020e3e0000 	/System/Library/PrivateFrameworks/FontServices.framework/Versions/A/FontServices
0x00000001ae887000 	/System/Library/PrivateFrameworks/OTSVG.framework/Versions/A/OTSVG
0x00000001a9db6000 	/System/Library/Frameworks/ApplicationServices.framework/Versions/A/Frameworks/ATS.framework/Versions/A/Resources/libFontRegistry.dylib
0x00000001ae8d4000 	/System/Library/PrivateFrameworks/FontServices.framework/libhvf.dylib
0x000000020e3e1000 	/System/Library/PrivateFrameworks/FontServices.framework/libXTFontStaticRegistryData.dylib
0x00000002043b9000 	/System/Library/Frameworks/OpenCL.framework/Versions/A/OpenCL
0x00000001ae2ce000 	/System/Library/PrivateFrameworks/AppleVA.framework/Versions/A/AppleVA
0x00000001b0469000 	/System/Library/Frameworks/ApplicationServices.framework/Versions/A/Frameworks/ATS.framework/Versions/A/ATS
0x00000001a87e3000 	/System/Library/Frameworks/ApplicationServices.framework/Versions/A/Frameworks/HIServices.framework/Versions/A/HIServices
0x00000001af2d3000 	/System/Library/Frameworks/ApplicationServices.framework/Versions/A/Frameworks/PrintCore.framework/Versions/A/PrintCore
0x00000001b0800000 	/System/Library/Frameworks/ApplicationServices.framework/Versions/A/Frameworks/QD.framework/Versions/A/QD
0x00000001b07f8000 	/System/Library/Frameworks/ApplicationServices.framework/Versions/A/Frameworks/ColorSyncLegacy.framework/Versions/A/ColorSyncLegacy
0x00000001b0455000 	/System/Library/Frameworks/ApplicationServices.framework/Versions/A/Frameworks/SpeechSynthesis.framework/Versions/A/SpeechSynthesis
0x00000001af294000 	/System/Library/Frameworks/ApplicationServices.framework/Versions/A/Frameworks/ATSUI.framework/Versions/A/ATSUI
0x00000001b078d000 	/usr/lib/libcups.2.dylib
0x00000001b0b67000 	/System/Library/Frameworks/Kerberos.framework/Versions/A/Kerberos
0x00000001b0b78000 	/System/Library/Frameworks/GSS.framework/Versions/A/GSS
0x00000001b04d9000 	/usr/lib/libresolv.9.dylib
0x00000001ae8e3000 	/System/Library/PrivateFrameworks/Heimdal.framework/Versions/A/Heimdal
0x00000001b7633000 	/System/Library/Frameworks/Kerberos.framework/Versions/A/Libraries/libHeimdalProxy.dylib
0x00000001a9431000 	/System/Library/Frameworks/Network.framework/Versions/A/Network
0x00000001ae335000 	/usr/lib/libheimdal-asn1.dylib
0x00000001b0bc8000 	/System/Library/PrivateFrameworks/CommonAuth.framework/Versions/A/CommonAuth
0x00000001b03cf000 	/System/Library/PrivateFrameworks/AudioSession.framework/Versions/A/AudioSession
0x00000001ae3c7000 	/System/Library/PrivateFrameworks/MediaExperience.framework/Versions/A/MediaExperience
0x00000001b0255000 	/System/Library/PrivateFrameworks/AudioSession.framework/libSessionUtility.dylib
0x00000001b080c000 	/System/Library/PrivateFrameworks/AudioResourceArbitration.framework/Versions/A/AudioResourceArbitration
0x00000001b49c2000 	/System/Library/PrivateFrameworks/PowerLog.framework/Versions/A/PowerLog
0x00000001ae33f000 	/System/Library/PrivateFrameworks/IconFoundation.framework/Versions/A/IconFoundation
0x00000001b370b000 	/System/Library/PrivateFrameworks/SpeechRecognitionCore.framework/Versions/A/SpeechRecognitionCore
0x0000000103440000 	/Users/irene/Library/Java/JavaVirtualMachines/openjdk-18.0.2/Contents/Home/lib/server/libjvm.dylib
0x00000001024e8000 	/Users/irene/Library/Java/JavaVirtualMachines/openjdk-18.0.2/Contents/Home/lib/libjimage.dylib
0x0000000102514000 	/Users/irene/Library/Java/JavaVirtualMachines/openjdk-18.0.2/Contents/Home/lib/libinstrument.dylib
0x0000000102560000 	/Users/irene/Library/Java/JavaVirtualMachines/openjdk-18.0.2/Contents/Home/lib/libjava.dylib
0x0000000103414000 	/Users/irene/Library/Java/JavaVirtualMachines/openjdk-18.0.2/Contents/Home/lib/libnio.dylib
0x0000000111c88000 	/Users/irene/Library/Java/JavaVirtualMachines/openjdk-18.0.2/Contents/Home/lib/libnet.dylib
0x0000000102544000 	/Users/irene/Library/Java/JavaVirtualMachines/openjdk-18.0.2/Contents/Home/lib/libzip.dylib
0x0000000111ca8000 	/Users/irene/.openjfx/cache/17.0.1/libprism_es2.dylib
0x00000001a5597000 	/System/Library/PrivateFrameworks/CoreServicesInternal.framework/Versions/A/CoreServicesInternal
0x0000000204222000 	/System/Library/Frameworks/OpenGL.framework/Versions/A/Resources/GLEngine.bundle/GLEngine
0x00000002040aa000 	/System/Library/Frameworks/OpenGL.framework/Versions/A/Libraries/libGLProgrammability.dylib
0x0000000111ea4000 	/System/Library/Extensions/AppleMetalOpenGLRenderer.bundle/Contents/MacOS/AppleMetalOpenGLRenderer
0x0000000204391000 	/System/Library/Frameworks/OpenGL.framework/Versions/A/Resources/GLRendererFloat.bundle/GLRendererFloat
0x0000000204491000 	/System/Library/Extensions/AGXMetal13_3.bundle/Contents/MacOS/AGXMetal13_3
0x00000001c2eca000 	/System/Library/PrivateFrameworks/GPURawCounter.framework/Versions/A/GPURawCounter
0x00000001bd5d4000 	/System/Library/PrivateFrameworks/IOGPU.framework/Versions/A/IOGPU
0x0000000111f3c000 	/Users/irene/.openjfx/cache/17.0.1/libglass.dylib
0x00000001b4c1a000 	/System/Library/Frameworks/FileProvider.framework/Versions/A/FileProvider
0x00000001a91ff000 	/System/Library/Frameworks/Accounts.framework/Versions/A/Accounts
0x00000001b4d9e000 	/System/Library/PrivateFrameworks/GenerationalStorage.framework/Versions/A/GenerationalStorage
0x00000001b5961000 	/System/Library/PrivateFrameworks/CoreSymbolication.framework/Versions/A/CoreSymbolication
0x00000001b49b6000 	/System/Library/PrivateFrameworks/SymptomDiagnosticReporter.framework/Versions/A/SymptomDiagnosticReporter
0x00000001a6887000 	/System/Library/PrivateFrameworks/DesktopServicesPriv.framework/Versions/A/DesktopServicesPriv
0x00000001a56f9000 	/usr/lib/libsandbox.1.dylib
0x00000001aa27a000 	/System/Library/PrivateFrameworks/UserManagement.framework/Versions/A/UserManagement
0x00000001b591e000 	/System/Library/PrivateFrameworks/DebugSymbols.framework/Versions/A/DebugSymbols
0x00000001b07eb000 	/System/Library/PrivateFrameworks/NetAuth.framework/Versions/A/NetAuth
0x00000001b1709000 	/System/Library/PrivateFrameworks/Sharing.framework/Versions/A/Sharing
0x00000001aa24a000 	/System/Library/PrivateFrameworks/login.framework/Versions/A/Frameworks/loginsupport.framework/Versions/A/loginsupport
0x00000001b6b53000 	/System/Library/PrivateFrameworks/Apple80211.framework/Versions/A/Apple80211
0x00000001ad3d5000 	/System/Library/PrivateFrameworks/AuthKit.framework/Versions/A/AuthKit
0x00000001aca56000 	/System/Library/PrivateFrameworks/CoreUtils.framework/Versions/A/CoreUtils
0x00000001ac979000 	/System/Library/Frameworks/CoreWLAN.framework/Versions/A/CoreWLAN
0x00000001b1879000 	/System/Library/Frameworks/IOBluetooth.framework/Versions/A/IOBluetooth
0x00000001b6bb3000 	/System/Library/PrivateFrameworks/CoreWiFi.framework/Versions/A/CoreWiFi
0x00000001b54fe000 	/System/Library/PrivateFrameworks/FrontBoardServices.framework/Versions/A/FrontBoardServices
0x00000001b5596000 	/System/Library/PrivateFrameworks/BoardServices.framework/Versions/A/BoardServices
0x00000001acc70000 	/System/Library/PrivateFrameworks/AssertionServices.framework/Versions/A/AssertionServices
0x00000001b6d30000 	/System/Library/PrivateFrameworks/BackBoardServices.framework/Versions/A/BackBoardServices
0x00000001b0c5f000 	/System/Library/PrivateFrameworks/CorePhoneNumbers.framework/Versions/A/CorePhoneNumbers
0x00000001b4ae6000 	/System/Library/PrivateFrameworks/DiskManagement.framework/Versions/A/DiskManagement
0x00000001b49e9000 	/System/Library/PrivateFrameworks/AppleIDAuthSupport.framework/Versions/A/AppleIDAuthSupport
0x00000002089aa000 	/System/Library/PrivateFrameworks/AAAFoundation.framework/Versions/A/AAAFoundation
0x00000001b0c3e000 	/System/Library/PrivateFrameworks/KeychainCircle.framework/Versions/A/KeychainCircle
0x00000001b4ab2000 	/System/Library/PrivateFrameworks/MediaKit.framework/Versions/A/MediaKit
0x00000001b49f6000 	/System/Library/Frameworks/DiscRecording.framework/Versions/A/DiscRecording
0x00000001ae24a000 	/usr/lib/libCoreStorage.dylib
0x00000001b702d000 	/usr/lib/libcsfde.dylib
0x00000001b194e000 	/System/Library/PrivateFrameworks/ProtectedCloudStorage.framework/Versions/A/ProtectedCloudStorage
0x00000001b7025000 	/System/Library/PrivateFrameworks/EFILogin.framework/Versions/A/EFILogin
0x00000001b4dc5000 	/System/Library/PrivateFrameworks/OctagonTrust.framework/Versions/A/OctagonTrust
0x000000020d57b000 	/System/Library/PrivateFrameworks/CoreUtilsExtras.framework/Versions/A/CoreUtilsExtras
0x00000001b491b000 	/System/Library/Frameworks/CoreBluetooth.framework/Versions/A/CoreBluetooth
0x00000001b76b8000 	/System/Library/Frameworks/AudioUnit.framework/Versions/A/AudioUnit
0x00000001ae242000 	/usr/lib/libMatch.1.dylib
0x00000001c7376000 	/System/Library/Frameworks/Accelerate.framework/Versions/A/Frameworks/vImage.framework/Versions/A/Libraries/libCGInterfaces.dylib
0x0000000119ee4000 	/usr/lib/libobjc-trampolines.dylib
0x00000001a9f44000 	/System/Library/PrivateFrameworks/ViewBridge.framework/Versions/A/ViewBridge
0x000000011eae0000 	/Users/irene/.openjfx/cache/17.0.1/libjavafx_iio.dylib
0x000000011d7cc000 	/Users/irene/.openjfx/cache/17.0.1/libjavafx_font.dylib
0x00000001ae9a6000 	/System/Library/PrivateFrameworks/login.framework/Versions/A/login
0x0000000221ac1000 	/usr/lib/libRosetta.dylib
0x000000020905d000 	/System/Library/PrivateFrameworks/AccessibilityBundles.framework/Versions/A/AccessibilityBundles


VM Arguments:
jvm_args: -javaagent:/Applications/IntelliJ IDEA CE.app/Contents/lib/idea_rt.jar=57955:/Applications/IntelliJ IDEA CE.app/Contents/bin -Dfile.encoding=UTF-8 --module-path=/Users/irene/Documents/UNT /Recipe/target/classes:/Users/irene/.m2/repository/org/kordamp/ikonli/ikonli-javafx/12.3.0/ikonli-javafx-12.3.0.jar:/Users/irene/.m2/repository/com/fasterxml/jackson/core/jackson-annotations/2.12.1/jackson-annotations-2.12.1.jar:/Users/irene/.m2/repository/com/github/almasb/fxgl-core/17/fxgl-core-17.jar:/Users/irene/.m2/repository/com/gluonhq/attach/storage/4.0.9/storage-4.0.9.jar:/Users/irene/.m2/repository/eu/hansolo/tilesfx/11.48/tilesfx-11.48.jar:/Users/irene/.m2/repository/org/openjfx/javafx-media/17.0.1/javafx-media-17.0.1-mac-aarch64.jar:/Users/irene/.m2/repository/org/openjfx/javafx-fxml/17.0.1/javafx-fxml-17.0.1-mac-aarch64.jar:/Users/irene/.m2/repository/com/fasterxml/jackson/core/jackson-core/2.12.1/jackson-core-2.12.1.jar:/Users/irene/.m2/repository/org/openjfx/javafx-controls/17.0.1/javafx-controls-17.0.1-mac-aarch64.jar:/Users/irene/.m2/repository/com/dlsc/formsfx/formsfx-core/11.3.2/formsfx-core-11.3.2.jar:/Users/irene/.m2/repository/com/github/almasb/fxgl-entity/17/fxgl-entity-17.jar:/Users/irene/.m2/repository/org/openjfx/javafx-base/17.0.1/javafx-base-17.0.1-mac-aarch64.jar:/Users/irene/.m2/repository/com/gluonhq/attach/util/4.0.9/util-4.0.9.jar:/Users/irene/.m2/repository/org/openjfx/javafx-graphics/17.0.1/javafx-graphics-17.0.1-mac-aarch64.jar:/Users/irene/.m2/repository/org/kordamp/ikonli/ikonli-core/12.3.0/ikonli-core-12.3.0.jar:/Users/irene/.m2/repository/org/controlsfx/controlsfx/11.1.1/controlsfx-11.1.1.jar:/Users/irene/.m2/repository/org/kordamp/bootstrapfx/bootstrapfx-core/0.4.0/bootstrapfx-core-0.4.0.jar:/Users/irene/.m2/repository/com/github/almasb/fxgl-io/17/fxgl-io-17.jar:/Users/irene/.m2/repository/org/openjfx/javafx-web/17.0.1/javafx-web-17.0.1-mac-aarch64.jar:/Users/irene/.m2/repository/com/github/almasb/fxgl-gameplay/17/fxgl-gameplay-17.jar:/Users/irene/.m2/repository/com/fasterxml/jackson/core/jackson-databind/2.12.1/jackson-databind-2.12.1.jar:/Users/irene/.m2/repository/org/jetbrains/kot-Djdk.module.main=com.example.recipe 
java_command: com.example.recipe/com.example.recipe.HelloApplication
java_class_path (initial): /Users/irene/.m2/repository/org/openjfx/javafx-controls/17.0.1/javafx-controls-17.0.1.jar:/Users/irene/.m2/repository/org/openjfx/javafx-graphics/17.0.1/javafx-graphics-17.0.1.jar:/Users/irene/.m2/repository/org/openjfx/javafx-base/17.0.1/javafx-base-17.0.1.jar:/Users/irene/.m2/repository/org/openjfx/javafx-fxml/17.0.1/javafx-fxml-17.0.1.jar:/Users/irene/.m2/repository/org/openjfx/javafx-web/17.0.1/javafx-web-17.0.1.jar:/Users/irene/.m2/repository/org/openjfx/javafx-media/17.0.1/javafx-media-17.0.1.jar:/Users/irene/.m2/repository/org/jetbrains/annotations/13.0/annotations-13.0.jar:/Users/irene/.m2/repository/org/jetbrains/kotlin/kotlin-stdlib-common/1.5.32/kotlin-stdlib-common-1.5.32.jar
Launcher Type: SUN_STANDARD

[Global flags]
     intx CICompilerCount                          = 4                                         {product} {ergonomic}
     uint ConcGCThreads                            = 2                                         {product} {ergonomic}
     uint G1ConcRefinementThreads                  = 8                                         {product} {ergonomic}
   size_t G1HeapRegionSize                         = 1048576                                   {product} {ergonomic}
    uintx GCDrainStackTargetSize                   = 64                                        {product} {ergonomic}
   size_t InitialHeapSize                          = 134217728                                 {product} {ergonomic}
   size_t MarkStackSize                            = 4194304                                   {product} {ergonomic}
   size_t MaxHeapSize                              = 2147483648                                {product} {ergonomic}
   size_t MaxNewSize                               = 1287651328                                {product} {ergonomic}
   size_t MinHeapDeltaBytes                        = 1048576                                   {product} {ergonomic}
   size_t MinHeapSize                              = 8388608                                   {product} {ergonomic}
    uintx NonNMethodCodeHeapSize                   = 5839564                                {pd product} {ergonomic}
    uintx NonProfiledCodeHeapSize                  = 122909338                              {pd product} {ergonomic}
    uintx ProfiledCodeHeapSize                     = 122909338                              {pd product} {ergonomic}
    uintx ReservedCodeCacheSize                    = 251658240                              {pd product} {ergonomic}
     bool SegmentedCodeCache                       = true                                      {product} {ergonomic}
   size_t SoftMaxHeapSize                          = 2147483648                             {manageable} {ergonomic}
     bool UseCompressedClassPointers               = true                           {product lp64_product} {ergonomic}
     bool UseCompressedOops                        = true                           {product lp64_product} {ergonomic}
     bool UseG1GC                                  = true                                      {product} {ergonomic}
     bool UseNUMA                                  = false                                     {product} {ergonomic}
     bool UseNUMAInterleaving                      = false                                     {product} {ergonomic}

Logging:
Log output configuration:
 #0: stdout all=warning uptime,level,tags foldmultilines=false
 #1: stderr all=off uptime,level,tags foldmultilines=false

Environment Variables:
PATH=/Users/irene/opt/anaconda3/bin:/Library/Frameworks/Python.framework/Versions/3.10/bin:/opt/local/bin:/opt/local/sbin:/usr/local/bin:/usr/bin:/bin:/usr/sbin:/sbin:~/.dotnet/tools:/Library/Apple/usr/bin:/Library/Frameworks/Mono.framework/Versions/Current/Commands
SHELL=/bin/zsh
LC_CTYPE=en_US.UTF-8

Signal Handlers:
   SIGSEGV: _ZL13crash_handleriP9__siginfoPv in libjvm.dylib, mask=11100110000111110111111111111111, flags=SA_RESTART|SA_SIGINFO
    SIGBUS: _ZL13crash_handleriP9__siginfoPv in libjvm.dylib, mask=11100110000111110111111111111111, flags=SA_RESTART|SA_SIGINFO
    SIGFPE: _ZL13crash_handleriP9__siginfoPv in libjvm.dylib, mask=11100110000111110111111111111111, flags=SA_RESTART|SA_SIGINFO
   SIGPIPE: _ZL17javaSignalHandleriP9__siginfoPv in libjvm.dylib, mask=11100110000111110111111111111111, flags=SA_RESTART|SA_SIGINFO
   SIGXFSZ: _ZL17javaSignalHandleriP9__siginfoPv in libjvm.dylib, mask=11100110000111110111111111111111, flags=SA_RESTART|SA_SIGINFO
    SIGILL: _ZL13crash_handleriP9__siginfoPv in libjvm.dylib, mask=11100110000111110111111111111111, flags=SA_RESTART|SA_SIGINFO
   SIGUSR2: _ZL10SR_handleriP9__siginfoP17__darwin_ucontext in libjvm.dylib, mask=00100000000000000000000000000000, flags=SA_RESTART|SA_SIGINFO
    SIGHUP: _ZL11UserHandleriPvS_ in libjvm.dylib, mask=11100110000111110111111111111111, flags=SA_RESTART|SA_SIGINFO
    SIGINT: _ZL11UserHandleriPvS_ in libjvm.dylib, mask=11100110000111110111111111111111, flags=SA_RESTART|SA_SIGINFO
   SIGTERM: _ZL11UserHandleriPvS_ in libjvm.dylib, mask=11100110000111110111111111111111, flags=SA_RESTART|SA_SIGINFO
   SIGQUIT: _ZL11UserHandleriPvS_ in libjvm.dylib, mask=11100110000111110111111111111111, flags=SA_RESTART|SA_SIGINFO
   SIGTRAP: _ZL13crash_handleriP9__siginfoPv in libjvm.dylib, mask=11100110000111110111111111111111, flags=SA_RESTART|SA_SIGINFO


---------------  S Y S T E M  ---------------

OS:
uname: Darwin 21.4.0 Darwin Kernel Version 21.4.0: Fri Mar 18 00:47:26 PDT 2022; root:xnu-8020.101.4~15/RELEASE_ARM64_T8101 arm64
OS uptime: 21 days 11:26 hours
rlimit (soft/hard): STACK 8176k/65520k , CORE 0k/infinity , NPROC 1333/2000 , NOFILE 10240/infinity , AS infinity/infinity , CPU infinity/infinity , DATA infinity/infinity , FSIZE infinity/infinity , MEMLOCK infinity/infinity , RSS infinity/infinity
load average: 2.17 2.02 1.88

CPU: total 8 (initial active 8) 0x61:0x0:0x1b588bb3:0, fp, simd, aes, pmull, crc, lse

Memory: 16k page, physical 8388608k(88816k free), swap 3145728k(713472k free)

vm_info: OpenJDK 64-Bit Server VM (18.0.2+9-61) for bsd-aarch64 JRE (18.0.2+9-61), built on Jun  7 2022 12:20:40 by "mach5one" with clang Apple LLVM 12.0.0 (clang-1200.0.32.29)

END.
