#
# A fatal error has been detected by the Java Runtime Environment:
#
#  SIGBUS (0xa) at pc=0x00000001300014f0, pid=55187, tid=35851
#
# JRE version: Java(TM) SE Runtime Environment (17.0+35) (build 17+35-LTS-2724)
# Java VM: Java HotSpot(TM) 64-Bit Server VM (17+35-LTS-2724, mixed mode, sharing, tiered, compressed oops, compressed class ptrs, g1 gc, bsd-aarch64)
# Problematic frame:
# v  ~StubRoutines::SafeFetchN
#
# No core dump will be written. Core dumps have been disabled. To enable core dumping, try "ulimit -c unlimited" before starting Java again
#
# If you would like to submit a bug report, please visit:
#   https://bugreport.java.com/bugreport/crash.jsp
# The crash happened outside the Java Virtual Machine in native code.
# See problematic frame for where to report the bug.
#

---------------  S U M M A R Y ------------

Command Line: -javaagent:/Applications/IntelliJ IDEA CE.app/Contents/lib/idea_rt.jar=53977:/Applications/IntelliJ IDEA CE.app/Contents/bin -Dfile.encoding=UTF-8 --module-path=/Users/irene/.m2/repository/org/openjfx/javafx-web/17.0.1/javafx-web-17.0.1-mac-aarch64.jar:/Users/irene/.m2/repository/org/controlsfx/controlsfx/11.1.1/controlsfx-11.1.1.jar:/Users/irene/.m2/repository/com/gluonhq/attach/util/4.0.9/util-4.0.9.jar:/Users/irene/.m2/repository/com/github/almasb/fxgl-entity/17/fxgl-entity-17.jar:/Users/irene/.m2/repository/net/synedra/validatorfx/0.2.1/validatorfx-0.2.1.jar:/Users/irene/.m2/repository/org/openjfx/javafx-graphics/17.0.1/javafx-graphics-17.0.1-mac-aarch64.jar:/Users/irene/.m2/repository/org/openjfx/javafx-controls/17.0.1/javafx-controls-17.0.1-mac-aarch64.jar:/Users/irene/.m2/repository/com/github/almasb/fxgl-gameplay/17/fxgl-gameplay-17.jar:/Users/irene/.m2/repository/com/dlsc/formsfx/formsfx-core/11.3.2/formsfx-core-11.3.2.jar:/Users/irene/.m2/repository/org/kordamp/ikonli/ikonli-javafx/12.3.0/ikonli-javafx-12.3.0.jar:/Users/irene/.m2/repository/com/gluonhq/attach/storage/4.0.9/storage-4.0.9.jar:/Users/irene/.m2/repository/org/openjfx/javafx-base/17.0.1/javafx-base-17.0.1-mac-aarch64.jar:/Users/irene/.m2/repository/com/fasterxml/jackson/core/jackson-annotations/2.12.1/jackson-annotations-2.12.1.jar:/Users/irene/.m2/repository/org/openjfx/javafx-fxml/17.0.1/javafx-fxml-17.0.1-mac-aarch64.jar:/Users/irene/.m2/repository/org/kordamp/bootstrapfx/bootstrapfx-core/0.4.0/bootstrapfx-core-0.4.0.jar:/Users/irene/.m2/repository/com/github/almasb/fxgl-scene/17/fxgl-scene-17.jar:/Users/irene/.m2/repository/com/github/almasb/fxgl/17/fxgl-17.jar:/Users/irene/.m2/repository/com/gluonhq/attach/audio/4.0.9/audio-4.0.9.jar:/Users/irene/Documents/UNT /Recipe/target/classes:/Users/irene/.m2/repository/com/fasterxml/jackson/core/jackson-core/2.12.1/jackson-core-2.12.1.jar:/Users/irene/.m2/repository/com/github/almasb/fxgl-io/17/fxgl-io-17.jar:/Users/irene/.m2/repository/com/fasterxml/jackson/core/jackson-databind/2.12.1/jackson-databind-2.12.1.jar:/Users/irene/.m2/repository/org/jetbrains/kotlin/kotlin-stdlib/1.5.32/kotlin-s-Djdk.module.main=com.example.recipe com.example.recipe/com.example.recipe.HelloApplication

Host: "MacBookAir10,1" arm64 1 MHz, 8 cores, 8G, Darwin 21.4.0, macOS 12.3.1 (21E258)
Time: Tue Jul 19 10:03:04 2022 CDT elapsed time: 34.429292 seconds (0d 0h 0m 34s)

---------------  T H R E A D  ---------------

Current thread (0x0000000115038800):  JavaThread "InvokeLaterDispatcher" daemon [_thread_in_native, id=35851, stack(0x0000000172584000,0x0000000172787000)]

Stack: [0x0000000172584000,0x0000000172787000],  sp=0x00000001727867b0,  free space=2057k
Native frames: (J=compiled Java code, j=interpreted, Vv=VM code, C=native code)
v  ~StubRoutines::SafeFetchN
V  [libjvm.dylib+0x79e870]  _ZN10OopStorage7releaseEPKP7oopDesc+0x20
V  [libjvm.dylib+0x4b94ac]  jni_DeleteGlobalRef+0xc4
C  [libglass.dylib+0xab08]  -[GlassRunnable dealloc]+0x34
C  [Foundation+0x85618]  -[_NSThreadPerformInfo dealloc]+0x30
C  [Foundation+0x5198c]  -[NSObject(NSThreadPerformAdditions) performSelectorOnMainThread:withObject:waitUntilDone:]+0x88
C  0x43698001300098ac
j  com.sun.glass.ui.mac.MacApplication.submitForLaterInvocation(Ljava/lang/Runnable;)V+2 javafx.graphics
j  com.sun.glass.ui.InvokeLaterDispatcher.run()V+82 javafx.graphics
v  ~StubRoutines::call_stub
V  [libjvm.dylib+0x460b04]  _ZN9JavaCalls11call_helperEP9JavaValueRK12methodHandleP17JavaCallArgumentsP10JavaThread+0x38c
V  [libjvm.dylib+0x45fb20]  _ZN9JavaCalls12call_virtualEP9JavaValueP5KlassP6SymbolS5_P17JavaCallArgumentsP10JavaThread+0x11c
V  [libjvm.dylib+0x45fbec]  _ZN9JavaCalls12call_virtualEP9JavaValue6HandleP5KlassP6SymbolS6_P10JavaThread+0x64
V  [libjvm.dylib+0x51346c]  _ZL12thread_entryP10JavaThreadS0_+0xc4
V  [libjvm.dylib+0x8fcb74]  _ZN10JavaThread17thread_main_innerEv+0x134
V  [libjvm.dylib+0x8fb49c]  _ZN6Thread8call_runEv+0x128
V  [libjvm.dylib+0x7a5458]  _ZL19thread_native_entryP6Thread+0x158
C  [libsystem_pthread.dylib+0x726c]  _pthread_start+0x94

Java frames: (J=compiled Java code, j=interpreted, Vv=VM code)
j  com.sun.glass.ui.mac.MacApplication._submitForLaterInvocation(Ljava/lang/Runnable;)V+0 javafx.graphics
j  com.sun.glass.ui.mac.MacApplication.submitForLaterInvocation(Ljava/lang/Runnable;)V+2 javafx.graphics
j  com.sun.glass.ui.InvokeLaterDispatcher.run()V+82 javafx.graphics
v  ~StubRoutines::call_stub

siginfo: si_signo: 10 (SIGBUS), si_code: 1 (BUS_ADRALN), si_addr: 0x00000001300014f0

Register to memory mapping:

 x0=0x000000010de04388 points into unknown readable memory: 0x0000000000000000 | 00 00 00 00 00 00 00 00
 x1=0x0 is NULL
 x2=0x0000000786deba28 is an oop: com.sun.glass.ui.InvokeLaterDispatcher$Future 
{0x0000000786deba28} - klass: 'com/sun/glass/ui/InvokeLaterDispatcher$Future'
 - ---- fields (total size 3 words):
 - private 'done' 'Z' @12  true
 - private final 'runnable' 'Ljava/lang/Runnable;' @16  a 'com/sun/javafx/tk/quantum/QuantumToolkit$$Lambda$109+0x0000000800c3a678'{0x0000000786834a70} (f0d0694e)
 - final synthetic 'this$0' 'Lcom/sun/glass/ui/InvokeLaterDispatcher;' @20  a 'com/sun/glass/ui/InvokeLaterDispatcher'{0x0000000786800170} (f0d0002e)
 x3=0x0 is NULL
 x4=0x00000000000130a8 is an unknown value
 x5=0x0 is NULL
 x6=0x0 is NULL
 x7=0x0 is NULL
 x8=0x00000001300014ec is at begin+0 in a stub
StubRoutines::SafeFetchN [0x00000001300014ec, 0x00000001300014f8] (12 bytes)
 x9=0x0 is NULL
x10=0x2010000030300000 is an unknown value
x11=0x0000000000000007 is an unknown value
x12=0x0000000000000004 is an unknown value
x13=0x000060000025a490 points into unknown readable memory: 0x49078001a29f3c40 | 40 3c 9f a2 01 80 07 49
x14=0x00000d0000000000 is an unknown value
x15=0x0000000114725f98: OBJC_CLASS_$_GlassRunnable+0 in /Users/irene/.openjfx/cache/17.0.1/libglass.dylib at 0x00000001146e0000
x16=0x00000001a2b5d0fc: pthread_getspecific+0 in /usr/lib/system/libsystem_pthread.dylib at 0x00000001a2b5b000
x17=0x0000600000853420 points into unknown readable memory: 0xfffffffffffffffe | fe ff ff ff ff ff ff ff
x18=0x0 is NULL
x19=0x0000600000744150 points into unknown readable memory: 0x0000600002e480d0 | d0 80 e4 02 00 60 00 00
x20=0x000000010de04180 points into unknown readable memory: 0x0000000000000000 | 00 00 00 00 00 00 00 00
x21=0x000000010de04388 points into unknown readable memory: 0x0000000000000000 | 00 00 00 00 00 00 00 00
x22=0x0000000115038800 is a thread
x23=0x0000000000000001 is an unknown value
x24=0x000000010de04340 is a global jni handle
x25=0x000000010207d5d8: _ZN12StubRoutines17_safefetchN_entryE+0 in /Library/Java/JavaVirtualMachines/jdk-17.jdk/Contents/Home/lib/server/libjvm.dylib at 0x00000001014ec000
x26=0x000000011251a290 is pointing into metadata
x27=0x0 is NULL
x28=0x0000000115038800 is a thread


Registers:
 x0=0x000000010de04388  x1=0x0000000000000000  x2=0x0000000786deba28  x3=0x0000000000000000
 x4=0x00000000000130a8  x5=0x0000000000000000  x6=0x0000000000000000  x7=0x0000000000000000
 x8=0x00000001300014ec  x9=0x0000000000000000 x10=0x2010000030300000 x11=0x0000000000000007
x12=0x0000000000000004 x13=0x000060000025a490 x14=0x00000d0000000000 x15=0x0000000114725f98
x16=0x00000001a2b5d0fc x17=0x0000600000853420 x18=0x0000000000000000 x19=0x0000600000744150
x20=0x000000010de04180 x21=0x000000010de04388 x22=0x0000000115038800 x23=0x0000000000000001
x24=0x000000010de04340 x25=0x000000010207d5d8 x26=0x000000011251a290 x27=0x0000000000000000
x28=0x0000000115038800  fp=0x00000001727867f0  lr=0x0000000101c89640  sp=0x00000001727867b0
pc=0x00000001300014f0 cpsr=0x0000000060001000
Top of Stack: (sp=0x00000001727867b0)
0x00000001727867b0:   000000011251a290 0000000000000001
0x00000001727867c0:   00000001727869a8 0000600002e701e0
0x00000001727867d0:   0000000000000000 000000010de04348
0x00000001727867e0:   000000010de04348 0000600000744150
0x00000001727867f0:   0000000172786830 0000000101c8a870
0x0000000172786800:   0000000000000001 000000010de04348
0x0000000172786810:   0000000000000000 000000010de04348
0x0000000172786820:   0000000000000001 00000001228e8200
0x0000000172786830:   0000000172786860 00000001019a54ac
0x0000000172786840:   0000600002e70240 00000001ecc22be0
0x0000000172786850:   0000000000000000 0000600002e70240
0x0000000172786860:   0000000172786890 00000001146eab08
0x0000000172786870:   7ebae8d3dc8d0093 0000000000000000
0x0000000172786880:   0000000000000000 0000600003971580
0x0000000172786890:   00000001727868d0 00000001a3b2a618
0x00000001727868a0:   00000001727869a8 0000600002e701e0
0x00000001727868b0:   0000600002e70240 7ebae8d3dc8d0093
0x00000001727868c0:   0000000000000000 0000000000000000
0x00000001727868d0:   0000000172786910 e0790001a3af698c
0x00000001727868e0:   00000001727869a8 00000001300087c0
0x00000001727868f0:   0000000000000000 0000000102084f90
0x0000000172786900:   0000000172786920 0000000130007730
0x0000000172786910:   0000000172786980 43698001300098ac
0x0000000172786920:   0000000172786920 0000000800981595
0x0000000172786930:   0000000172786930 0000000000000000
0x0000000172786940:   00000001727869a8 000000011251a290
0x0000000172786950:   0000000786836140 0000000000000000
0x0000000172786960:   0000000000000000 00000001124f2780
0x0000000172786970:   0000000000000000 0000000172786980
0x0000000172786980:   0000000172786a00 0000000130005fc8
0x0000000172786990:   0000000000000000 0000000000000000
0x00000001727869a0:   0000000786deba28 00000007868361b8 

Instructions: (pc=0x00000001300014f0)
0x00000001300013f0:   f2a04089 f2c00029 6d425935 1e640886
0x0000000130001400:   0c402d31 1e6408c7 1f5654d0 1e6c1017
0x0000000130001410:   1f5050d0 1f504cd0 1f5048d0 1e650af6
0x0000000130001420:   1f50d8f6 1f5694d6 1f5158f6 1e762880
0x0000000130001430:   36000501 1e614000 14000026 2e251ca5
0x0000000130001440:   d2943009 f2a04089 f2c00029 6d425d36
0x0000000130001450:   1e600806 0c402d32 1f5758c7 1e6c101a
0x0000000130001460:   1f4754c7 1e650805 1f4750c7 d2866668
0x0000000130001470:   f2a7fa68 1f474cc7 1e6608c0 1f4748c7
0x0000000130001480:   1e6e1019 eb08007f 540000ac 1f479400
0x0000000130001490:   1f460340 1e603b20 1400000e d2a7fd29
0x00000001300014a0:   eb09007f 540000ac 51480069 d3607d29
0x00000001300014b0:   9e670121 14000002 1e6a5001 1f679417
0x00000001300014c0:   1f668742 1e613b23 1e773857 1e773860
0x00000001300014d0:   a8c17ff3 910003bf a8c17bfd d65f03c0
0x00000001300014e0:   b9400001 aa0103e0 d65f03c0 f9400001
0x00000001300014f0:   aa0103e0 d65f03c0 00000000 00000000
0x0000000130001500:   00000000 00000000 00000000 00000000
0x0000000130001510:   00000000 00000000 00000000 00000000
0x0000000130001520:   00000000 00000000 00000000 00000000
0x0000000130001530:   00000000 00000000 00000000 00000000
0x0000000130001540:   00000000 00000000 00000000 00000000
0x0000000130001550:   00000000 00000000 00000000 00000000
0x0000000130001560:   00000000 00000000 00000000 00000000
0x0000000130001570:   00000000 00000000 00000000 00000000
0x0000000130001580:   00000000 00000000 00000000 00000000
0x0000000130001590:   00000000 00000000 00000000 00000000
0x00000001300015a0:   00000000 00000000 00000000 00000000
0x00000001300015b0:   00000000 00000000 00000000 00000000
0x00000001300015c0:   00000000 00000000 00000000 00000000
0x00000001300015d0:   00000000 00000000 00000000 00000000
0x00000001300015e0:   00000000 00000000 00000000 00000000 


Stack slot to memory mapping:
stack at sp + 0 slots: 0x000000011251a290 is pointing into metadata
stack at sp + 1 slots: 0x0000000000000001 is an unknown value
stack at sp + 2 slots: 0x00000001727869a8 is pointing into the stack for thread: 0x0000000115038800
stack at sp + 3 slots: 0x0000600002e701e0 points into unknown readable memory: 0x01000001fb30e011 | 11 e0 30 fb 01 00 00 01
stack at sp + 4 slots: 0x0 is NULL
stack at sp + 5 slots: 0x000000010de04348 is a global jni handle
stack at sp + 6 slots: 0x000000010de04348 is a global jni handle
stack at sp + 7 slots: 0x0000600000744150 points into unknown readable memory: 0x0000600002e480d0 | d0 80 e4 02 00 60 00 00

StubRoutines::SafeFetchN [0x00000001300014ec, 0x00000001300014f8] (12 bytes)
[MachCode]
  0x00000001300014ec: 0100 40f9 | e003 01aa | c003 5fd6 
[/MachCode]

---------------  P R O C E S S  ---------------

Threads class SMR info:
_java_thread_list=0x0000600002c56fa0, length=20, elements={
0x0000000111008a00, 0x0000000121010800, 0x000000012100e800, 0x000000012100ee00,
0x0000000121018c00, 0x0000000121019200, 0x000000011103c600, 0x000000012180ba00,
0x000000010e057000, 0x0000000122830200, 0x00000001228f4000, 0x000000012180b400,
0x0000000111811a00, 0x0000000115038800, 0x00000001228e8200, 0x00000001118da600,
0x0000000122a50c00, 0x00000001151fd200, 0x000000011536c200, 0x000000011105cc00
}

Java Threads: ( => current thread )
  0x0000000111008a00 JavaThread "main" [_thread_blocked, id=6147, stack(0x000000016fb7c000,0x000000016fd7f000)]
  0x0000000121010800 JavaThread "Reference Handler" daemon [_thread_blocked, id=16387, stack(0x00000001709d0000,0x0000000170bd3000)]
  0x000000012100e800 JavaThread "Finalizer" daemon [_thread_blocked, id=16131, stack(0x0000000170bdc000,0x0000000170ddf000)]
  0x000000012100ee00 JavaThread "Signal Dispatcher" daemon [_thread_blocked, id=22531, stack(0x0000000170f00000,0x0000000171103000)]
  0x0000000121018c00 JavaThread "Service Thread" daemon [_thread_blocked, id=41987, stack(0x000000017110c000,0x000000017130f000)]
  0x0000000121019200 JavaThread "Monitor Deflation Thread" daemon [_thread_blocked, id=23043, stack(0x0000000171318000,0x000000017151b000)]
  0x000000011103c600 JavaThread "C2 CompilerThread0" daemon [_thread_blocked, id=23299, stack(0x0000000171524000,0x0000000171727000)]
  0x000000012180ba00 JavaThread "C1 CompilerThread0" daemon [_thread_blocked, id=40963, stack(0x0000000171730000,0x0000000171933000)]
  0x000000010e057000 JavaThread "Sweeper thread" daemon [_thread_blocked, id=40451, stack(0x000000017193c000,0x0000000171b3f000)]
  0x0000000122830200 JavaThread "Common-Cleaner" daemon [_thread_blocked, id=40195, stack(0x0000000171b48000,0x0000000171d4b000)]
  0x00000001228f4000 JavaThread "Monitor Ctrl-Break" daemon [_thread_in_native, id=24067, stack(0x0000000171d54000,0x0000000171f57000)]
  0x000000012180b400 JavaThread "Notification Thread" daemon [_thread_blocked, id=24579, stack(0x0000000171f60000,0x0000000172163000)]
  0x0000000111811a00 JavaThread "QuantumRenderer-0" daemon [_thread_blocked, id=25091, stack(0x0000000172378000,0x000000017257b000)]
=>0x0000000115038800 JavaThread "InvokeLaterDispatcher" daemon [_thread_in_native, id=35851, stack(0x0000000172584000,0x0000000172787000)]
  0x00000001228e8200 JavaThread "JavaFX Application Thread" [_thread_in_native, id=259, stack(0x000000016f2f4000,0x000000016faf0000)]
  0x00000001118da600 JavaThread "JavaFX-Launcher" [_thread_blocked, id=78343, stack(0x0000000172a28000,0x0000000172c2b000)]
  0x0000000122a50c00 JavaThread "Prism Font Disposer" daemon [_thread_blocked, id=58379, stack(0x0000000280004000,0x0000000280207000)]
  0x00000001151fd200 JavaThread "Cleaner-0" daemon [_thread_blocked, id=62979, stack(0x0000000280210000,0x0000000280413000)]
  0x000000011536c200 JavaThread "Attach Listener" daemon [_thread_blocked, id=63507, stack(0x000000028041c000,0x000000028061f000)]
  0x000000011105cc00 JavaThread "PulseTimer-CVDisplayLink thread" daemon [_thread_in_native, id=65819, stack(0x0000000172790000,0x0000000172813000)]

Other Threads:
  0x000000010dd07060 VMThread "VM Thread" [stack: 0x00000001707c4000,0x00000001709c7000] [id=16643]
  0x0000000122027c50 WatcherThread [stack: 0x000000017216c000,0x000000017236f000] [id=39939]
  0x0000000120f06910 GCTaskThread "GC Thread#0" [stack: 0x000000016fd88000,0x000000016ff8b000] [id=12547]
  0x000000010df2ddb0 GCTaskThread "GC Thread#1" [stack: 0x0000000172c34000,0x0000000172e37000] [id=51975]
  0x000000010df2e280 GCTaskThread "GC Thread#2" [stack: 0x0000000172e40000,0x0000000173043000] [id=55811]
  0x000000010df2e700 GCTaskThread "GC Thread#3" [stack: 0x000000017304c000,0x000000017324f000] [id=56067]
  0x000000010df2eb80 GCTaskThread "GC Thread#4" [stack: 0x0000000173258000,0x000000017345b000] [id=75011]
  0x000000010df2f000 GCTaskThread "GC Thread#5" [stack: 0x0000000173464000,0x0000000173667000] [id=74755]
  0x000000010dc042b0 ConcurrentGCThread "G1 Main Marker" [stack: 0x000000016ff94000,0x0000000170197000] [id=12803]
  0x000000010dc04b30 ConcurrentGCThread "G1 Conc#0" [stack: 0x00000001701a0000,0x00000001703a3000] [id=18947]
  0x0000000122004610 ConcurrentGCThread "G1 Refine#0" [stack: 0x00000001703ac000,0x00000001705af000] [id=18435]
  0x0000000122004eb0 ConcurrentGCThread "G1 Service" [stack: 0x00000001705b8000,0x00000001707bb000] [id=13315]

Threads with active compile tasks:

VM state: not at safepoint (normal execution)

VM Mutex/Monitor currently owned by a thread: None

Heap address: 0x0000000780000000, size: 2048 MB, Compressed Oops mode: Zero based, Oop shift amount: 3

CDS archive(s) mapped at: [0x0000000800000000-0x0000000800bd0000-0x0000000800bd0000), size 12386304, SharedBaseAddress: 0x0000000800000000, ArchiveRelocationMode: 0.
Compressed class space mapped at: 0x0000000800c00000-0x0000000840c00000, reserved size: 1073741824
Narrow klass base: 0x0000000800000000, Narrow klass shift: 0, Narrow klass range: 0x100000000

GC Precious Log:
 CPUs: 8 total, 8 available
 Memory: 8192M
 Large Page Support: Disabled
 NUMA Support: Disabled
 Compressed Oops: Enabled (Zero based)
 Heap Region Size: 1M
 Heap Min Capacity: 8M
 Heap Initial Capacity: 128M
 Heap Max Capacity: 2G
 Pre-touch: Disabled
 Parallel Workers: 8
 Concurrent Workers: 2
 Concurrent Refinement Workers: 8
 Periodic GC: Disabled

Heap:
 garbage-first heap   total 133120K, used 34159K [0x0000000780000000, 0x0000000800000000)
  region size 1024K, 31 young (31744K), 3 survivors (3072K)
 Metaspace       used 12626K, committed 12864K, reserved 1064960K
  class space    used 1755K, committed 1856K, reserved 1048576K

Heap Regions: E=young(eden), S=young(survivor), O=old, HS=humongous(starts), HC=humongous(continues), CS=collection set, F=free, OA=open archive, CA=closed archive, TAMS=top-at-mark-start (previous, next)
|   0|0x0000000780000000, 0x0000000780063c00, 0x0000000780100000| 38%| O|  |TAMS 0x0000000780000000, 0x0000000780000000| Untracked 
|   1|0x0000000780100000, 0x0000000780200000, 0x0000000780200000|100%|HS|  |TAMS 0x0000000780100000, 0x0000000780100000| Complete 
|   2|0x0000000780200000, 0x0000000780300000, 0x0000000780300000|100%|HC|  |TAMS 0x0000000780200000, 0x0000000780200000| Complete 
|   3|0x0000000780300000, 0x0000000780300000, 0x0000000780400000|  0%| F|  |TAMS 0x0000000780300000, 0x0000000780300000| Untracked 
|   4|0x0000000780400000, 0x0000000780400000, 0x0000000780500000|  0%| F|  |TAMS 0x0000000780400000, 0x0000000780400000| Untracked 
|   5|0x0000000780500000, 0x0000000780500000, 0x0000000780600000|  0%| F|  |TAMS 0x0000000780500000, 0x0000000780500000| Untracked 
|   6|0x0000000780600000, 0x0000000780600000, 0x0000000780700000|  0%| F|  |TAMS 0x0000000780600000, 0x0000000780600000| Untracked 
|   7|0x0000000780700000, 0x0000000780700000, 0x0000000780800000|  0%| F|  |TAMS 0x0000000780700000, 0x0000000780700000| Untracked 
|   8|0x0000000780800000, 0x0000000780800000, 0x0000000780900000|  0%| F|  |TAMS 0x0000000780800000, 0x0000000780800000| Untracked 
|   9|0x0000000780900000, 0x0000000780900000, 0x0000000780a00000|  0%| F|  |TAMS 0x0000000780900000, 0x0000000780900000| Untracked 
|  10|0x0000000780a00000, 0x0000000780a00000, 0x0000000780b00000|  0%| F|  |TAMS 0x0000000780a00000, 0x0000000780a00000| Untracked 
|  11|0x0000000780b00000, 0x0000000780b00000, 0x0000000780c00000|  0%| F|  |TAMS 0x0000000780b00000, 0x0000000780b00000| Untracked 
|  12|0x0000000780c00000, 0x0000000780c00000, 0x0000000780d00000|  0%| F|  |TAMS 0x0000000780c00000, 0x0000000780c00000| Untracked 
|  13|0x0000000780d00000, 0x0000000780d00000, 0x0000000780e00000|  0%| F|  |TAMS 0x0000000780d00000, 0x0000000780d00000| Untracked 
|  14|0x0000000780e00000, 0x0000000780e00000, 0x0000000780f00000|  0%| F|  |TAMS 0x0000000780e00000, 0x0000000780e00000| Untracked 
|  15|0x0000000780f00000, 0x0000000780f00000, 0x0000000781000000|  0%| F|  |TAMS 0x0000000780f00000, 0x0000000780f00000| Untracked 
|  16|0x0000000781000000, 0x0000000781000000, 0x0000000781100000|  0%| F|  |TAMS 0x0000000781000000, 0x0000000781000000| Untracked 
|  17|0x0000000781100000, 0x0000000781100000, 0x0000000781200000|  0%| F|  |TAMS 0x0000000781100000, 0x0000000781100000| Untracked 
|  18|0x0000000781200000, 0x0000000781200000, 0x0000000781300000|  0%| F|  |TAMS 0x0000000781200000, 0x0000000781200000| Untracked 
|  19|0x0000000781300000, 0x0000000781300000, 0x0000000781400000|  0%| F|  |TAMS 0x0000000781300000, 0x0000000781300000| Untracked 
|  20|0x0000000781400000, 0x0000000781400000, 0x0000000781500000|  0%| F|  |TAMS 0x0000000781400000, 0x0000000781400000| Untracked 
|  21|0x0000000781500000, 0x0000000781500000, 0x0000000781600000|  0%| F|  |TAMS 0x0000000781500000, 0x0000000781500000| Untracked 
|  22|0x0000000781600000, 0x0000000781600000, 0x0000000781700000|  0%| F|  |TAMS 0x0000000781600000, 0x0000000781600000| Untracked 
|  23|0x0000000781700000, 0x0000000781700000, 0x0000000781800000|  0%| F|  |TAMS 0x0000000781700000, 0x0000000781700000| Untracked 
|  24|0x0000000781800000, 0x0000000781800000, 0x0000000781900000|  0%| F|  |TAMS 0x0000000781800000, 0x0000000781800000| Untracked 
|  25|0x0000000781900000, 0x0000000781900000, 0x0000000781a00000|  0%| F|  |TAMS 0x0000000781900000, 0x0000000781900000| Untracked 
|  26|0x0000000781a00000, 0x0000000781a00000, 0x0000000781b00000|  0%| F|  |TAMS 0x0000000781a00000, 0x0000000781a00000| Untracked 
|  27|0x0000000781b00000, 0x0000000781b00000, 0x0000000781c00000|  0%| F|  |TAMS 0x0000000781b00000, 0x0000000781b00000| Untracked 
|  28|0x0000000781c00000, 0x0000000781c00000, 0x0000000781d00000|  0%| F|  |TAMS 0x0000000781c00000, 0x0000000781c00000| Untracked 
|  29|0x0000000781d00000, 0x0000000781d00000, 0x0000000781e00000|  0%| F|  |TAMS 0x0000000781d00000, 0x0000000781d00000| Untracked 
|  30|0x0000000781e00000, 0x0000000781e00000, 0x0000000781f00000|  0%| F|  |TAMS 0x0000000781e00000, 0x0000000781e00000| Untracked 
|  31|0x0000000781f00000, 0x0000000781f00000, 0x0000000782000000|  0%| F|  |TAMS 0x0000000781f00000, 0x0000000781f00000| Untracked 
|  32|0x0000000782000000, 0x0000000782000000, 0x0000000782100000|  0%| F|  |TAMS 0x0000000782000000, 0x0000000782000000| Untracked 
|  33|0x0000000782100000, 0x0000000782100000, 0x0000000782200000|  0%| F|  |TAMS 0x0000000782100000, 0x0000000782100000| Untracked 
|  34|0x0000000782200000, 0x0000000782200000, 0x0000000782300000|  0%| F|  |TAMS 0x0000000782200000, 0x0000000782200000| Untracked 
|  35|0x0000000782300000, 0x0000000782300000, 0x0000000782400000|  0%| F|  |TAMS 0x0000000782300000, 0x0000000782300000| Untracked 
|  36|0x0000000782400000, 0x0000000782400000, 0x0000000782500000|  0%| F|  |TAMS 0x0000000782400000, 0x0000000782400000| Untracked 
|  37|0x0000000782500000, 0x0000000782500000, 0x0000000782600000|  0%| F|  |TAMS 0x0000000782500000, 0x0000000782500000| Untracked 
|  38|0x0000000782600000, 0x0000000782600000, 0x0000000782700000|  0%| F|  |TAMS 0x0000000782600000, 0x0000000782600000| Untracked 
|  39|0x0000000782700000, 0x0000000782700000, 0x0000000782800000|  0%| F|  |TAMS 0x0000000782700000, 0x0000000782700000| Untracked 
|  40|0x0000000782800000, 0x0000000782800000, 0x0000000782900000|  0%| F|  |TAMS 0x0000000782800000, 0x0000000782800000| Untracked 
|  41|0x0000000782900000, 0x0000000782900000, 0x0000000782a00000|  0%| F|  |TAMS 0x0000000782900000, 0x0000000782900000| Untracked 
|  42|0x0000000782a00000, 0x0000000782a00000, 0x0000000782b00000|  0%| F|  |TAMS 0x0000000782a00000, 0x0000000782a00000| Untracked 
|  43|0x0000000782b00000, 0x0000000782b00000, 0x0000000782c00000|  0%| F|  |TAMS 0x0000000782b00000, 0x0000000782b00000| Untracked 
|  44|0x0000000782c00000, 0x0000000782c00000, 0x0000000782d00000|  0%| F|  |TAMS 0x0000000782c00000, 0x0000000782c00000| Untracked 
|  45|0x0000000782d00000, 0x0000000782d00000, 0x0000000782e00000|  0%| F|  |TAMS 0x0000000782d00000, 0x0000000782d00000| Untracked 
|  46|0x0000000782e00000, 0x0000000782e00000, 0x0000000782f00000|  0%| F|  |TAMS 0x0000000782e00000, 0x0000000782e00000| Untracked 
|  47|0x0000000782f00000, 0x0000000782f00000, 0x0000000783000000|  0%| F|  |TAMS 0x0000000782f00000, 0x0000000782f00000| Untracked 
|  48|0x0000000783000000, 0x0000000783000000, 0x0000000783100000|  0%| F|  |TAMS 0x0000000783000000, 0x0000000783000000| Untracked 
|  49|0x0000000783100000, 0x0000000783100000, 0x0000000783200000|  0%| F|  |TAMS 0x0000000783100000, 0x0000000783100000| Untracked 
|  50|0x0000000783200000, 0x0000000783200000, 0x0000000783300000|  0%| F|  |TAMS 0x0000000783200000, 0x0000000783200000| Untracked 
|  51|0x0000000783300000, 0x0000000783300000, 0x0000000783400000|  0%| F|  |TAMS 0x0000000783300000, 0x0000000783300000| Untracked 
|  52|0x0000000783400000, 0x0000000783400000, 0x0000000783500000|  0%| F|  |TAMS 0x0000000783400000, 0x0000000783400000| Untracked 
|  53|0x0000000783500000, 0x0000000783500000, 0x0000000783600000|  0%| F|  |TAMS 0x0000000783500000, 0x0000000783500000| Untracked 
|  54|0x0000000783600000, 0x0000000783600000, 0x0000000783700000|  0%| F|  |TAMS 0x0000000783600000, 0x0000000783600000| Untracked 
|  55|0x0000000783700000, 0x0000000783700000, 0x0000000783800000|  0%| F|  |TAMS 0x0000000783700000, 0x0000000783700000| Untracked 
|  56|0x0000000783800000, 0x0000000783800000, 0x0000000783900000|  0%| F|  |TAMS 0x0000000783800000, 0x0000000783800000| Untracked 
|  57|0x0000000783900000, 0x0000000783900000, 0x0000000783a00000|  0%| F|  |TAMS 0x0000000783900000, 0x0000000783900000| Untracked 
|  58|0x0000000783a00000, 0x0000000783a00000, 0x0000000783b00000|  0%| F|  |TAMS 0x0000000783a00000, 0x0000000783a00000| Untracked 
|  59|0x0000000783b00000, 0x0000000783b00000, 0x0000000783c00000|  0%| F|  |TAMS 0x0000000783b00000, 0x0000000783b00000| Untracked 
|  60|0x0000000783c00000, 0x0000000783c00000, 0x0000000783d00000|  0%| F|  |TAMS 0x0000000783c00000, 0x0000000783c00000| Untracked 
|  61|0x0000000783d00000, 0x0000000783d00000, 0x0000000783e00000|  0%| F|  |TAMS 0x0000000783d00000, 0x0000000783d00000| Untracked 
|  62|0x0000000783e00000, 0x0000000783e00000, 0x0000000783f00000|  0%| F|  |TAMS 0x0000000783e00000, 0x0000000783e00000| Untracked 
|  63|0x0000000783f00000, 0x0000000783f00000, 0x0000000784000000|  0%| F|  |TAMS 0x0000000783f00000, 0x0000000783f00000| Untracked 
|  64|0x0000000784000000, 0x0000000784000000, 0x0000000784100000|  0%| F|  |TAMS 0x0000000784000000, 0x0000000784000000| Untracked 
|  65|0x0000000784100000, 0x0000000784100000, 0x0000000784200000|  0%| F|  |TAMS 0x0000000784100000, 0x0000000784100000| Untracked 
|  66|0x0000000784200000, 0x0000000784200000, 0x0000000784300000|  0%| F|  |TAMS 0x0000000784200000, 0x0000000784200000| Untracked 
|  67|0x0000000784300000, 0x0000000784300000, 0x0000000784400000|  0%| F|  |TAMS 0x0000000784300000, 0x0000000784300000| Untracked 
|  68|0x0000000784400000, 0x0000000784400000, 0x0000000784500000|  0%| F|  |TAMS 0x0000000784400000, 0x0000000784400000| Untracked 
|  69|0x0000000784500000, 0x0000000784500000, 0x0000000784600000|  0%| F|  |TAMS 0x0000000784500000, 0x0000000784500000| Untracked 
|  70|0x0000000784600000, 0x0000000784600000, 0x0000000784700000|  0%| F|  |TAMS 0x0000000784600000, 0x0000000784600000| Untracked 
|  71|0x0000000784700000, 0x0000000784700000, 0x0000000784800000|  0%| F|  |TAMS 0x0000000784700000, 0x0000000784700000| Untracked 
|  72|0x0000000784800000, 0x0000000784800000, 0x0000000784900000|  0%| F|  |TAMS 0x0000000784800000, 0x0000000784800000| Untracked 
|  73|0x0000000784900000, 0x0000000784900000, 0x0000000784a00000|  0%| F|  |TAMS 0x0000000784900000, 0x0000000784900000| Untracked 
|  74|0x0000000784a00000, 0x0000000784a00000, 0x0000000784b00000|  0%| F|  |TAMS 0x0000000784a00000, 0x0000000784a00000| Untracked 
|  75|0x0000000784b00000, 0x0000000784b00000, 0x0000000784c00000|  0%| F|  |TAMS 0x0000000784b00000, 0x0000000784b00000| Untracked 
|  76|0x0000000784c00000, 0x0000000784c00000, 0x0000000784d00000|  0%| F|  |TAMS 0x0000000784c00000, 0x0000000784c00000| Untracked 
|  77|0x0000000784d00000, 0x0000000784d00000, 0x0000000784e00000|  0%| F|  |TAMS 0x0000000784d00000, 0x0000000784d00000| Untracked 
|  78|0x0000000784e00000, 0x0000000784e00000, 0x0000000784f00000|  0%| F|  |TAMS 0x0000000784e00000, 0x0000000784e00000| Untracked 
|  79|0x0000000784f00000, 0x0000000784f00000, 0x0000000785000000|  0%| F|  |TAMS 0x0000000784f00000, 0x0000000784f00000| Untracked 
|  80|0x0000000785000000, 0x0000000785000000, 0x0000000785100000|  0%| F|  |TAMS 0x0000000785000000, 0x0000000785000000| Untracked 
|  81|0x0000000785100000, 0x0000000785100000, 0x0000000785200000|  0%| F|  |TAMS 0x0000000785100000, 0x0000000785100000| Untracked 
|  82|0x0000000785200000, 0x0000000785200000, 0x0000000785300000|  0%| F|  |TAMS 0x0000000785200000, 0x0000000785200000| Untracked 
|  83|0x0000000785300000, 0x0000000785300000, 0x0000000785400000|  0%| F|  |TAMS 0x0000000785300000, 0x0000000785300000| Untracked 
|  84|0x0000000785400000, 0x0000000785400000, 0x0000000785500000|  0%| F|  |TAMS 0x0000000785400000, 0x0000000785400000| Untracked 
|  85|0x0000000785500000, 0x0000000785500000, 0x0000000785600000|  0%| F|  |TAMS 0x0000000785500000, 0x0000000785500000| Untracked 
|  86|0x0000000785600000, 0x0000000785600000, 0x0000000785700000|  0%| F|  |TAMS 0x0000000785600000, 0x0000000785600000| Untracked 
|  87|0x0000000785700000, 0x0000000785700000, 0x0000000785800000|  0%| F|  |TAMS 0x0000000785700000, 0x0000000785700000| Untracked 
|  88|0x0000000785800000, 0x0000000785800000, 0x0000000785900000|  0%| F|  |TAMS 0x0000000785800000, 0x0000000785800000| Untracked 
|  89|0x0000000785900000, 0x0000000785900000, 0x0000000785a00000|  0%| F|  |TAMS 0x0000000785900000, 0x0000000785900000| Untracked 
|  90|0x0000000785a00000, 0x0000000785a00000, 0x0000000785b00000|  0%| F|  |TAMS 0x0000000785a00000, 0x0000000785a00000| Untracked 
|  91|0x0000000785b00000, 0x0000000785b00000, 0x0000000785c00000|  0%| F|  |TAMS 0x0000000785b00000, 0x0000000785b00000| Untracked 
|  92|0x0000000785c00000, 0x0000000785c00000, 0x0000000785d00000|  0%| F|  |TAMS 0x0000000785c00000, 0x0000000785c00000| Untracked 
|  93|0x0000000785d00000, 0x0000000785d00000, 0x0000000785e00000|  0%| F|  |TAMS 0x0000000785d00000, 0x0000000785d00000| Untracked 
|  94|0x0000000785e00000, 0x0000000785e00000, 0x0000000785f00000|  0%| F|  |TAMS 0x0000000785e00000, 0x0000000785e00000| Untracked 
|  95|0x0000000785f00000, 0x0000000785f00000, 0x0000000786000000|  0%| F|  |TAMS 0x0000000785f00000, 0x0000000785f00000| Untracked 
|  96|0x0000000786000000, 0x0000000786000000, 0x0000000786100000|  0%| F|  |TAMS 0x0000000786000000, 0x0000000786000000| Untracked 
|  97|0x0000000786100000, 0x0000000786175478, 0x0000000786200000| 45%| E|  |TAMS 0x0000000786100000, 0x0000000786100000| Complete 
|  98|0x0000000786200000, 0x0000000786300000, 0x0000000786300000|100%| E|CS|TAMS 0x0000000786200000, 0x0000000786200000| Complete 
|  99|0x0000000786300000, 0x0000000786400000, 0x0000000786400000|100%| E|CS|TAMS 0x0000000786300000, 0x0000000786300000| Complete 
| 100|0x0000000786400000, 0x0000000786500000, 0x0000000786500000|100%| E|CS|TAMS 0x0000000786400000, 0x0000000786400000| Complete 
| 101|0x0000000786500000, 0x0000000786600000, 0x0000000786600000|100%| E|CS|TAMS 0x0000000786500000, 0x0000000786500000| Complete 
| 102|0x0000000786600000, 0x0000000786700000, 0x0000000786700000|100%| S|CS|TAMS 0x0000000786600000, 0x0000000786600000| Complete 
| 103|0x0000000786700000, 0x0000000786800000, 0x0000000786800000|100%| S|CS|TAMS 0x0000000786700000, 0x0000000786700000| Complete 
| 104|0x0000000786800000, 0x0000000786900000, 0x0000000786900000|100%| S|CS|TAMS 0x0000000786800000, 0x0000000786800000| Complete 
| 105|0x0000000786900000, 0x0000000786a00000, 0x0000000786a00000|100%| E|CS|TAMS 0x0000000786900000, 0x0000000786900000| Complete 
| 106|0x0000000786a00000, 0x0000000786b00000, 0x0000000786b00000|100%| E|CS|TAMS 0x0000000786a00000, 0x0000000786a00000| Complete 
| 107|0x0000000786b00000, 0x0000000786c00000, 0x0000000786c00000|100%| E|CS|TAMS 0x0000000786b00000, 0x0000000786b00000| Complete 
| 108|0x0000000786c00000, 0x0000000786d00000, 0x0000000786d00000|100%| E|CS|TAMS 0x0000000786c00000, 0x0000000786c00000| Complete 
| 109|0x0000000786d00000, 0x0000000786e00000, 0x0000000786e00000|100%| E|CS|TAMS 0x0000000786d00000, 0x0000000786d00000| Complete 
| 110|0x0000000786e00000, 0x0000000786f00000, 0x0000000786f00000|100%| E|CS|TAMS 0x0000000786e00000, 0x0000000786e00000| Complete 
| 111|0x0000000786f00000, 0x0000000787000000, 0x0000000787000000|100%| E|CS|TAMS 0x0000000786f00000, 0x0000000786f00000| Complete 
| 112|0x0000000787000000, 0x0000000787100000, 0x0000000787100000|100%| E|CS|TAMS 0x0000000787000000, 0x0000000787000000| Complete 
| 113|0x0000000787100000, 0x0000000787200000, 0x0000000787200000|100%| E|CS|TAMS 0x0000000787100000, 0x0000000787100000| Complete 
| 114|0x0000000787200000, 0x0000000787300000, 0x0000000787300000|100%| E|CS|TAMS 0x0000000787200000, 0x0000000787200000| Complete 
| 115|0x0000000787300000, 0x0000000787400000, 0x0000000787400000|100%| E|CS|TAMS 0x0000000787300000, 0x0000000787300000| Complete 
| 116|0x0000000787400000, 0x0000000787500000, 0x0000000787500000|100%| E|CS|TAMS 0x0000000787400000, 0x0000000787400000| Complete 
| 117|0x0000000787500000, 0x0000000787600000, 0x0000000787600000|100%| E|CS|TAMS 0x0000000787500000, 0x0000000787500000| Complete 
| 118|0x0000000787600000, 0x0000000787700000, 0x0000000787700000|100%| E|CS|TAMS 0x0000000787600000, 0x0000000787600000| Complete 
| 119|0x0000000787700000, 0x0000000787800000, 0x0000000787800000|100%| E|CS|TAMS 0x0000000787700000, 0x0000000787700000| Complete 
| 120|0x0000000787800000, 0x0000000787900000, 0x0000000787900000|100%| E|CS|TAMS 0x0000000787800000, 0x0000000787800000| Complete 
| 121|0x0000000787900000, 0x0000000787a00000, 0x0000000787a00000|100%| E|CS|TAMS 0x0000000787900000, 0x0000000787900000| Complete 
| 122|0x0000000787a00000, 0x0000000787b00000, 0x0000000787b00000|100%| E|CS|TAMS 0x0000000787a00000, 0x0000000787a00000| Complete 
| 123|0x0000000787b00000, 0x0000000787c00000, 0x0000000787c00000|100%| E|CS|TAMS 0x0000000787b00000, 0x0000000787b00000| Complete 
| 124|0x0000000787c00000, 0x0000000787d00000, 0x0000000787d00000|100%| E|CS|TAMS 0x0000000787c00000, 0x0000000787c00000| Complete 
| 125|0x0000000787d00000, 0x0000000787e00000, 0x0000000787e00000|100%| E|CS|TAMS 0x0000000787d00000, 0x0000000787d00000| Complete 
| 126|0x0000000787e00000, 0x0000000787f00000, 0x0000000787f00000|100%| E|CS|TAMS 0x0000000787e00000, 0x0000000787e00000| Complete 
| 127|0x0000000787f00000, 0x0000000788000000, 0x0000000788000000|100%| E|CS|TAMS 0x0000000787f00000, 0x0000000787f00000| Complete 
|2046|0x00000007ffe00000, 0x00000007ffe78000, 0x00000007fff00000| 46%|OA|  |TAMS 0x00000007ffe00000, 0x00000007ffe00000| Untracked 
|2047|0x00000007fff00000, 0x00000007fff80000, 0x0000000800000000| 50%|CA|  |TAMS 0x00000007fff00000, 0x00000007fff00000| Untracked 

Card table byte_map: [0x0000000100c0c000,0x000000010100c000] _byte_map_base: 0x00000000fd00c000

Marking Bits (Prev, Next): (CMBitMap*) 0x000000010e008210, (CMBitMap*) 0x000000010e008250
 Prev Bits: [0x0000000109b4c000, 0x000000010bb4c000)
 Next Bits: [0x000000010bb4c000, 0x000000010db4c000)

Polling page: 0x0000000100494000

Metaspace:

Usage:
  Non-class:     10.62 MB used.
      Class:      1.71 MB used.
       Both:     12.33 MB used.

Virtual space:
  Non-class space:       16.00 MB reserved,      10.75 MB ( 67%) committed,  2 nodes.
      Class space:        1.00 GB reserved,       1.81 MB ( <1%) committed,  1 nodes.
             Both:        1.02 GB reserved,      12.56 MB (  1%) committed. 

Chunk freelists:
   Non-Class:  845.00 KB
       Class:  2.10 MB
        Both:  2.92 MB

MaxMetaspaceSize: unlimited
CompressedClassSpaceSize: 1.00 GB
Initial GC threshold: 21.00 MB
Current GC threshold: 21.00 MB
CDS: on
MetaspaceReclaimPolicy: balanced
 - commit_granule_bytes: 65536.
 - commit_granule_words: 8192.
 - virtual_space_node_default_size: 1048576.
 - enlarge_chunks_in_place: 1.
 - new_chunks_are_fully_committed: 0.
 - uncommit_free_chunks: 1.
 - use_allocation_guard: 0.
 - handle_deallocations: 1.


Internal statistics:

num_allocs_failed_limit: 0.
num_arena_births: 204.
num_arena_deaths: 0.
num_vsnodes_births: 3.
num_vsnodes_deaths: 0.
num_space_committed: 201.
num_space_uncommitted: 0.
num_chunks_returned_to_freelist: 0.
num_chunks_taken_from_freelist: 585.
num_chunk_merges: 0.
num_chunk_splits: 412.
num_chunks_enlarged: 315.
num_purges: 0.
num_inconsistent_stats: 0.

CodeHeap 'non-profiled nmethods': size=120032Kb used=579Kb max_used=579Kb free=119452Kb
 bounds [0x0000000137ac8000, 0x0000000137d38000, 0x000000013f000000]
CodeHeap 'profiled nmethods': size=120016Kb used=3133Kb max_used=3133Kb free=116882Kb
 bounds [0x0000000130594000, 0x00000001308a4000, 0x0000000137ac8000]
CodeHeap 'non-nmethods': size=5712Kb used=1354Kb max_used=1387Kb free=4357Kb
 bounds [0x0000000130000000, 0x0000000130270000, 0x0000000130594000]
 total_blobs=2420 nmethods=1676 adapters=661
 compilation: enabled
              stopped_count=0, restarted_count=0
 full_count=0

Compilation events (20 events):
Event: 34.316 Thread 0x000000012180ba00 1773       3       com.sun.javafx.geom.transform.AffineBase::doTransform (657 bytes)
Event: 34.318 Thread 0x000000012180ba00 nmethod 1773 0x000000013089f510 code [0x000000013089f840, 0x00000001308a0bb8]
Event: 34.318 Thread 0x000000012180ba00 1772       3       com.sun.javafx.geom.transform.AffineBase::transform (19 bytes)
Event: 34.318 Thread 0x000000012180ba00 nmethod 1772 0x00000001308a1490 code [0x00000001308a1640, 0x00000001308a17d8]
Event: 34.318 Thread 0x000000012180ba00 1774       1       javafx.scene.layout.CornerRadii::getTopLeftVerticalRadius (5 bytes)
Event: 34.318 Thread 0x000000012180ba00 nmethod 1774 0x0000000137b58010 code [0x0000000137b58180, 0x0000000137b58268]
Event: 34.319 Thread 0x000000012180ba00 1775       1       com.sun.prism.impl.BaseTexture::getWrapMode (5 bytes)
Event: 34.319 Thread 0x000000012180ba00 nmethod 1775 0x0000000137b58310 code [0x0000000137b58480, 0x0000000137b58568]
Event: 34.319 Thread 0x000000012180ba00 1776       1       com.sun.javafx.geom.transform.AffineBase::getMxx (5 bytes)
Event: 34.319 Thread 0x000000012180ba00 nmethod 1776 0x0000000137b58610 code [0x0000000137b58780, 0x0000000137b58868]
Event: 34.320 Thread 0x000000012180ba00 1777       1       com.sun.prism.impl.BaseContext::getVertexBuffer (5 bytes)
Event: 34.320 Thread 0x000000012180ba00 nmethod 1777 0x0000000137b58910 code [0x0000000137b58a80, 0x0000000137b58b68]
Event: 34.320 Thread 0x000000012180ba00 1778       3       com.sun.prism.es2.GLContext::getBoundTexture (10 bytes)
Event: 34.320 Thread 0x000000012180ba00 nmethod 1778 0x00000001308a1890 code [0x00000001308a1a40, 0x00000001308a1ba8]
Event: 34.344 Thread 0x000000012180ba00 1779       3       java.security.AccessController::checkContext (49 bytes)
Event: 34.345 Thread 0x000000012180ba00 nmethod 1779 0x00000001308a1c90 code [0x00000001308a1ec0, 0x00000001308a2448]
Event: 34.411 Thread 0x000000012180ba00 1780       3       java.lang.ref.ReferenceQueue::<init> (21 bytes)
Event: 34.411 Thread 0x000000012180ba00 nmethod 1780 0x00000001308a2690 code [0x00000001308a2840, 0x00000001308a2b68]
Event: 34.411 Thread 0x000000012180ba00 1781       3       java.lang.ref.ReferenceQueue$Lock::<init> (5 bytes)
Event: 34.411 Thread 0x000000012180ba00 nmethod 1781 0x00000001308a2c90 code [0x00000001308a2e40, 0x00000001308a2fe8]

GC Heap History (2 events):
Event: 0.699 GC heap before
{Heap before GC invocations=0 (full 0):
 garbage-first heap   total 133120K, used 23520K [0x0000000780000000, 0x0000000800000000)
  region size 1024K, 23 young (23552K), 0 survivors (0K)
 Metaspace       used 5889K, committed 6080K, reserved 1056768K
  class space    used 741K, committed 832K, reserved 1048576K
}
Event: 0.700 GC heap after
{Heap after GC invocations=1 (full 0):
 garbage-first heap   total 133120K, used 4463K [0x0000000780000000, 0x0000000800000000)
  region size 1024K, 3 young (3072K), 3 survivors (3072K)
 Metaspace       used 5889K, committed 6080K, reserved 1056768K
  class space    used 741K, committed 832K, reserved 1048576K
}

Deoptimization events (20 events):
Event: 1.257 Thread 0x000000011536c200 DEOPT PACKING pc=0x0000000137adb1c4 sp=0x000000028061d8d0
Event: 1.257 Thread 0x000000011536c200 DEOPT UNPACKING pc=0x000000013003ed1c sp=0x000000028061d830 mode 2
Event: 32.831 Thread 0x0000000111811a00 DEOPT PACKING pc=0x000000013083494c sp=0x00000001725794d0
Event: 32.831 Thread 0x0000000111811a00 DEOPT UNPACKING pc=0x000000013003eb7c sp=0x0000000172579130 mode 0
Event: 32.834 Thread 0x0000000111811a00 DEOPT PACKING pc=0x0000000130834a38 sp=0x00000001725794d0
Event: 32.834 Thread 0x0000000111811a00 DEOPT UNPACKING pc=0x000000013003eb7c sp=0x0000000172579130 mode 0
Event: 32.835 Thread 0x0000000111811a00 DEOPT PACKING pc=0x000000013083494c sp=0x00000001725794d0
Event: 32.835 Thread 0x0000000111811a00 DEOPT UNPACKING pc=0x000000013003eb7c sp=0x0000000172579130 mode 0
Event: 33.265 Thread 0x00000001228e8200 Uncommon trap: trap_request=0xffffffc6 fr.pc=0x0000000137b265d8 relative=0x00000000000004d8
Event: 33.265 Thread 0x00000001228e8200 Uncommon trap: reason=bimorphic_or_optimized_type_check action=maybe_recompile pc=0x0000000137b265d8 method=java.util.HashMap.getNode(Ljava/lang/Object;)Ljava/util/HashMap$Node; @ 128 c2
Event: 33.265 Thread 0x00000001228e8200 DEOPT PACKING pc=0x0000000137b265d8 sp=0x000000016fae9d00
Event: 33.265 Thread 0x00000001228e8200 DEOPT UNPACKING pc=0x000000013003ed1c sp=0x000000016fae9c00 mode 2
Event: 33.265 Thread 0x00000001228e8200 Uncommon trap: trap_request=0xffffffc6 fr.pc=0x0000000137b265d8 relative=0x00000000000004d8
Event: 33.265 Thread 0x00000001228e8200 Uncommon trap: reason=bimorphic_or_optimized_type_check action=maybe_recompile pc=0x0000000137b265d8 method=java.util.HashMap.getNode(Ljava/lang/Object;)Ljava/util/HashMap$Node; @ 128 c2
Event: 33.265 Thread 0x00000001228e8200 DEOPT PACKING pc=0x0000000137b265d8 sp=0x000000016fae9e20
Event: 33.265 Thread 0x00000001228e8200 DEOPT UNPACKING pc=0x000000013003ed1c sp=0x000000016fae9d20 mode 2
Event: 33.265 Thread 0x00000001228e8200 Uncommon trap: trap_request=0xffffffc6 fr.pc=0x0000000137b265d8 relative=0x00000000000004d8
Event: 33.265 Thread 0x00000001228e8200 Uncommon trap: reason=bimorphic_or_optimized_type_check action=maybe_recompile pc=0x0000000137b265d8 method=java.util.HashMap.getNode(Ljava/lang/Object;)Ljava/util/HashMap$Node; @ 128 c2
Event: 33.266 Thread 0x00000001228e8200 DEOPT PACKING pc=0x0000000137b265d8 sp=0x000000016fae9c10
Event: 33.266 Thread 0x00000001228e8200 DEOPT UNPACKING pc=0x000000013003ed1c sp=0x000000016fae9b10 mode 2

Classes unloaded (0 events):
No events

Classes redefined (0 events):
No events

Internal exceptions (20 events):
Event: 0.657 Thread 0x0000000111008a00 Exception <a 'java/lang/NoSuchMethodError'{0x0000000786e8bcb8}: 'java.lang.Object java.lang.invoke.DirectMethodHandle$Holder.newInvokeSpecial(java.lang.Object, java.lang.Object, java.lang.Object, java.lang.Object, java.lang.Object)'> (0x0000000786e8bcb8) 
thrown [open/src/hotspot/share/interpreter/linkResolver.cpp, line 766]
Event: 0.684 Thread 0x00000001228e8200 Exception <a 'sun/nio/fs/UnixException'{0x0000000786ad9b48}> (0x0000000786ad9b48) 
thrown [open/src/hotspot/share/prims/jni.cpp, line 516]
Event: 0.709 Thread 0x00000001228e8200 Exception <a 'java/lang/NoSuchMethodError'{0x0000000787e71f48}: 'java.lang.Object java.lang.invoke.DirectMethodHandle$Holder.invokeStaticInit(java.lang.Object, java.lang.Object, java.lang.Object, java.lang.Object)'> (0x0000000787e71f48) 
thrown [open/src/hotspot/share/interpreter/linkResolver.cpp, line 766]
Event: 0.709 Thread 0x00000001228e8200 Exception <a 'java/lang/NullPointerException'{0x0000000787e7dc30}> (0x0000000787e7dc30) 
thrown [open/src/hotspot/share/interpreter/linkResolver.cpp, line 1357]
Event: 0.717 Thread 0x00000001228e8200 Exception <a 'java/lang/NoSuchMethodError'{0x0000000787c08540}: 'java.lang.Object java.lang.invoke.DirectMethodHandle$Holder.invokeSpecial(java.lang.Object, java.lang.Object, java.lang.Object, int, java.lang.Object)'> (0x0000000787c08540) 
thrown [open/src/hotspot/share/interpreter/linkResolver.cpp, line 766]
Event: 0.860 Thread 0x00000001228e8200 Exception <a 'java/lang/NoSuchMethodError'{0x000000078760bec0}: 'void java.lang.invoke.DirectMethodHandle$Holder.invokeStaticInit(java.lang.Object, java.lang.Object)'> (0x000000078760bec0) 
thrown [open/src/hotspot/share/interpreter/linkResolver.cpp, line 766]
Event: 0.874 Thread 0x00000001228e8200 Exception <a 'sun/nio/fs/UnixException'{0x00000007875530d8}> (0x00000007875530d8) 
thrown [open/src/hotspot/share/prims/jni.cpp, line 516]
Event: 0.882 Thread 0x00000001228e8200 Implicit null exception at 0x0000000137aeff78 to 0x0000000137af0008
Event: 0.887 Thread 0x00000001228e8200 Implicit null exception at 0x0000000137b22c94 to 0x0000000137b23044
Event: 1.010 Thread 0x00000001228e8200 Exception <a 'java/lang/NoSuchMethodError'{0x0000000786f35a30}: 'java.lang.Object java.lang.invoke.DirectMethodHandle$Holder.invokeInterface(java.lang.Object, java.lang.Object, java.lang.Object)'> (0x0000000786f35a30) 
thrown [open/src/hotspot/share/interpreter/linkResolver.cpp, line 766]
Event: 1.010 Thread 0x00000001228e8200 Exception <a 'java/lang/IncompatibleClassChangeError'{0x0000000786f390f8}: Found class java.lang.Object, but interface was expected> (0x0000000786f390f8) 
thrown [open/src/hotspot/share/interpreter/linkResolver.cpp, line 833]
Event: 1.032 Thread 0x00000001228e8200 Exception <a 'java/lang/NoSuchMethodError'{0x0000000786d205f0}: 'java.lang.Object java.lang.invoke.DirectMethodHandle$Holder.newInvokeSpecial(java.lang.Object, java.lang.Object, int)'> (0x0000000786d205f0) 
thrown [open/src/hotspot/share/interpreter/linkResolver.cpp, line 766]
Event: 1.062 Thread 0x0000000111811a00 Exception <a 'java/lang/NoSuchMethodError'{0x0000000786c66a00}: 'int java.lang.invoke.DirectMethodHandle$Holder.invokeStaticInit(java.lang.Object, java.lang.Object)'> (0x0000000786c66a00) 
thrown [open/src/hotspot/share/interpreter/linkResolver.cpp, line 766]
Event: 33.255 Thread 0x00000001228e8200 Exception <a 'java/lang/NoSuchMethodError'{0x00000007863cdb58}: 'java.lang.Object java.lang.invoke.DirectMethodHandle$Holder.newInvokeSpecial(java.lang.Object, java.lang.Object, int, int, int, int, int, java.lang.Object)'> (0x00000007863cdb58) 
thrown [open/src/hotspot/share/interpreter/linkResolver.cpp, line 766]
Event: 33.257 Thread 0x00000001228e8200 Exception <a 'java/lang/NoSuchMethodError'{0x00000007863e0b38}: 'java.lang.Object java.lang.invoke.DirectMethodHandle$Holder.newInvokeSpecial(java.lang.Object, java.lang.Object, java.lang.Object, int, int, int, int, int)'> (0x00000007863e0b38) 
thrown [open/src/hotspot/share/interpreter/linkResolver.cpp, line 766]
Event: 33.257 Thread 0x00000001228e8200 Exception <a 'java/lang/NoSuchMethodError'{0x00000007863e8398}: 'java.lang.Object java.lang.invoke.Invokers$Holder.linkToTargetMethod(java.lang.Object, java.lang.Object, int, int, int, int, int, java.lang.Object)'> (0x00000007863e8398) 
thrown [open/src/hotspot/share/interpreter/linkResolver.cpp, line 766]
Event: 33.262 Thread 0x00000001228e8200 Exception <a 'java/lang/NoSuchMethodError'{0x00000007862010d0}: 'long java.lang.invoke.DirectMethodHandle$Holder.invokeStatic(java.lang.Object, java.lang.Object, java.lang.Object)'> (0x00000007862010d0) 
thrown [open/src/hotspot/share/interpreter/linkResolver.cpp, line 766]
Event: 33.263 Thread 0x00000001228e8200 Exception <a 'java/lang/NoSuchMethodError'{0x0000000786204878}: 'long java.lang.invoke.DirectMethodHandle$Holder.invokeStaticInit(java.lang.Object, java.lang.Object, java.lang.Object)'> (0x0000000786204878) 
thrown [open/src/hotspot/share/interpreter/linkResolver.cpp, line 766]
Event: 33.264 Thread 0x00000001228e8200 Exception <a 'java/lang/NoSuchMethodError'{0x000000078621c480}: 'java.lang.Object java.lang.invoke.DirectMethodHandle$Holder.newInvokeSpecial(java.lang.Object, java.lang.Object, long)'> (0x000000078621c480) 
thrown [open/src/hotspot/share/interpreter/linkResolver.cpp, line 766]
Event: 33.264 Thread 0x00000001228e8200 Exception <a 'java/lang/NoSuchMethodError'{0x000000078621fd48}: 'java.lang.Object java.lang.invoke.Invokers$Holder.linkToTargetMethod(java.lang.Object, long, java.lang.Object)'> (0x000000078621fd48) 
thrown [open/src/hotspot/share/interpreter/linkResolver.cpp, line 766]

VM Operations (20 events):
Event: 0.668 Executing VM operation: ICBufferFull
Event: 0.668 Executing VM operation: ICBufferFull done
Event: 0.699 Executing VM operation: G1CollectForAllocation
Event: 0.700 Executing VM operation: G1CollectForAllocation done
Event: 0.721 Executing VM operation: HandshakeAllThreads
Event: 0.721 Executing VM operation: HandshakeAllThreads done
Event: 0.833 Executing VM operation: HandshakeAllThreads
Event: 0.833 Executing VM operation: HandshakeAllThreads done
Event: 0.927 Executing VM operation: ICBufferFull
Event: 0.927 Executing VM operation: ICBufferFull done
Event: 1.000 Executing VM operation: HandshakeAllThreads
Event: 1.000 Executing VM operation: HandshakeAllThreads done
Event: 2.149 Executing VM operation: Cleanup
Event: 2.149 Executing VM operation: Cleanup done
Event: 32.254 Executing VM operation: Cleanup
Event: 32.254 Executing VM operation: Cleanup done
Event: 33.259 Executing VM operation: Cleanup
Event: 33.259 Executing VM operation: Cleanup done
Event: 34.264 Executing VM operation: Cleanup
Event: 34.264 Executing VM operation: Cleanup done

Events (20 events):
Event: 32.194 Protecting memory [0x0000000172790000,0x000000017279c000] with protection modes 0
Event: 32.194 Thread 0x00000001119e6600 Thread added: 0x00000001119e6600
Event: 32.493 Protecting memory [0x0000000172790000,0x000000017279c000] with protection modes 3
Event: 32.493 Thread 0x00000001119e6600 Thread exited: 0x00000001119e6600
Event: 32.694 loading class java/util/EnumMap$Values
Event: 32.694 loading class java/util/EnumMap$Values done
Event: 32.694 loading class java/util/EnumMap$ValueIterator
Event: 32.694 loading class java/util/EnumMap$EnumMapIterator
Event: 32.694 loading class java/util/EnumMap$EnumMapIterator done
Event: 32.694 loading class java/util/EnumMap$ValueIterator done
Event: 32.828 Protecting memory [0x0000000172790000,0x000000017279c000] with protection modes 0
Event: 32.828 Thread 0x00000001150d4200 Thread added: 0x00000001150d4200
Event: 33.111 Protecting memory [0x0000000172790000,0x000000017279c000] with protection modes 3
Event: 33.111 Thread 0x00000001150d4200 Thread exited: 0x00000001150d4200
Event: 33.261 Protecting memory [0x0000000172790000,0x000000017279c000] with protection modes 0
Event: 33.261 Thread 0x00000001150d4200 Thread added: 0x00000001150d4200
Event: 34.061 Protecting memory [0x0000000172790000,0x000000017279c000] with protection modes 3
Event: 34.061 Thread 0x00000001150d4200 Thread exited: 0x00000001150d4200
Event: 34.311 Protecting memory [0x0000000172790000,0x000000017279c000] with protection modes 0
Event: 34.311 Thread 0x000000011105cc00 Thread added: 0x000000011105cc00


Dynamic libraries:
0x0000000100444000 	/Library/Java/JavaVirtualMachines/jdk-17.jdk/Contents/Home/lib/libjli.dylib
0x00000001ad5f0000 	/usr/lib/libz.1.dylib
0x00000001ad6a7000 	/usr/lib/libSystem.B.dylib
0x00000001ad6a1000 	/usr/lib/system/libcache.dylib
0x00000001ad65f000 	/usr/lib/system/libcommonCrypto.dylib
0x00000001ad688000 	/usr/lib/system/libcompiler_rt.dylib
0x00000001ad67f000 	/usr/lib/system/libcopyfile.dylib
0x00000001a28e7000 	/usr/lib/system/libcorecrypto.dylib
0x00000001a299a000 	/usr/lib/system/libdispatch.dylib
0x00000001a2b68000 	/usr/lib/system/libdyld.dylib
0x00000001ad697000 	/usr/lib/system/libkeymgr.dylib
0x00000001ad63a000 	/usr/lib/system/libmacho.dylib
0x00000001acd2f000 	/usr/lib/system/libquarantine.dylib
0x00000001ad694000 	/usr/lib/system/libremovefile.dylib
0x00000001a7cd0000 	/usr/lib/system/libsystem_asl.dylib
0x00000001a2889000 	/usr/lib/system/libsystem_blocks.dylib
0x00000001a2a22000 	/usr/lib/system/libsystem_c.dylib
0x00000001ad68c000 	/usr/lib/system/libsystem_collections.dylib
0x00000001ac1bd000 	/usr/lib/system/libsystem_configuration.dylib
0x00000001ab419000 	/usr/lib/system/libsystem_containermanager.dylib
0x00000001ad39c000 	/usr/lib/system/libsystem_coreservices.dylib
0x00000001a5290000 	/usr/lib/system/libsystem_darwin.dylib
0x00000001ad698000 	/usr/lib/system/libsystem_dnssd.dylib
0x00000001a2a1f000 	/usr/lib/system/libsystem_featureflags.dylib
0x00000001a2b7d000 	/usr/lib/system/libsystem_info.dylib
0x00000001ad602000 	/usr/lib/system/libsystem_m.dylib
0x00000001a296f000 	/usr/lib/system/libsystem_malloc.dylib
0x00000001a7c5f000 	/usr/lib/system/libsystem_networkextension.dylib
0x00000001a56e9000 	/usr/lib/system/libsystem_notify.dylib
0x00000001b39e5000 	/usr/lib/system/libsystem_product_info_filter.dylib
0x00000001ac1c2000 	/usr/lib/system/libsystem_sandbox.dylib
0x00000001ad691000 	/usr/lib/system/libsystem_secinit.dylib
0x00000001a2b23000 	/usr/lib/system/libsystem_kernel.dylib
0x00000001a2b75000 	/usr/lib/system/libsystem_platform.dylib
0x00000001a2b5b000 	/usr/lib/system/libsystem_pthread.dylib
0x00000001a9428000 	/usr/lib/system/libsystem_symptoms.dylib
0x00000001a28cd000 	/usr/lib/system/libsystem_trace.dylib
0x00000001ad66c000 	/usr/lib/system/libunwind.dylib
0x00000001a288b000 	/usr/lib/system/libxpc.dylib
0x00000001a2b0b000 	/usr/lib/libc++abi.dylib
0x00000001a29e1000 	/usr/lib/libobjc.A.dylib
0x00000001ad677000 	/usr/lib/liboah.dylib
0x00000001a2aa4000 	/usr/lib/libc++.1.dylib
0x00000001b94fe000 	/System/Library/Frameworks/Cocoa.framework/Versions/A/Cocoa
0x00000001a574a000 	/System/Library/Frameworks/AppKit.framework/Versions/C/AppKit
0x00000001a8c50000 	/System/Library/Frameworks/CoreData.framework/Versions/A/CoreData
0x00000001a3aa5000 	/System/Library/Frameworks/Foundation.framework/Versions/C/Foundation
0x00000001a6602000 	/System/Library/PrivateFrameworks/UIFoundation.framework/Versions/A/UIFoundation
0x00000001b36df000 	/System/Library/PrivateFrameworks/RemoteViewServices.framework/Versions/A/RemoteViewServices
0x00000001abb65000 	/System/Library/PrivateFrameworks/XCTTargetBootstrap.framework/Versions/A/XCTTargetBootstrap
0x00000001af3e3000 	/System/Library/PrivateFrameworks/InternationalSupport.framework/Versions/A/InternationalSupport
0x00000001af46c000 	/System/Library/PrivateFrameworks/UserActivity.framework/Versions/A/UserActivity
0x00000001ae8de000 	/usr/lib/libspindump.dylib
0x00000001a6873000 	/System/Library/Frameworks/UniformTypeIdentifiers.framework/Versions/A/UniformTypeIdentifiers
0x00000001aa0b0000 	/usr/lib/libapp_launch_measurement.dylib
0x00000001a95da000 	/System/Library/PrivateFrameworks/CoreAnalytics.framework/Versions/A/CoreAnalytics
0x00000001aa0b3000 	/System/Library/PrivateFrameworks/CoreAutoLayout.framework/Versions/A/CoreAutoLayout
0x00000001ab456000 	/System/Library/Frameworks/Metal.framework/Versions/A/Metal
0x00000001ac1cd000 	/usr/lib/liblangid.dylib
0x00000001abb6a000 	/System/Library/PrivateFrameworks/CoreSVG.framework/Versions/A/CoreSVG
0x00000001a7d04000 	/System/Library/PrivateFrameworks/SkyLight.framework/Versions/A/SkyLight
0x00000001a80d9000 	/System/Library/Frameworks/CoreGraphics.framework/Versions/A/CoreGraphics
0x00000001b3dab000 	/System/Library/Frameworks/Accelerate.framework/Versions/A/Accelerate
0x00000001ae355000 	/System/Library/PrivateFrameworks/IconServices.framework/Versions/A/IconServices
0x00000001ab438000 	/System/Library/Frameworks/IOSurface.framework/Versions/A/IOSurface
0x00000001a960b000 	/usr/lib/libDiagnosticMessagesClient.dylib
0x00000001b72ac000 	/System/Library/Frameworks/ApplicationServices.framework/Versions/A/ApplicationServices
0x00000001abb4d000 	/System/Library/PrivateFrameworks/DFRFoundation.framework/Versions/A/DFRFoundation
0x00000001a4fda000 	/usr/lib/libicucore.A.dylib
0x00000001b028f000 	/System/Library/Frameworks/AudioToolbox.framework/Versions/A/AudioToolbox
0x00000001af3ef000 	/System/Library/PrivateFrameworks/DataDetectorsCore.framework/Versions/A/DataDetectorsCore
0x00000001c5d2f000 	/System/Library/PrivateFrameworks/TextInput.framework/Versions/A/TextInput
0x00000001a7c79000 	/usr/lib/libMobileGestalt.dylib
0x00000001ab819000 	/System/Library/Frameworks/Carbon.framework/Versions/A/Frameworks/HIToolbox.framework/Versions/A/HIToolbox
0x00000001a9a8c000 	/System/Library/Frameworks/QuartzCore.framework/Versions/A/QuartzCore
0x00000001a4c5d000 	/System/Library/Frameworks/Security.framework/Versions/A/Security
0x00000001b371f000 	/System/Library/Frameworks/Carbon.framework/Versions/A/Frameworks/SpeechRecognition.framework/Versions/A/SpeechRecognition
0x00000001a9e06000 	/System/Library/PrivateFrameworks/CoreUI.framework/Versions/A/CoreUI
0x00000001a453a000 	/System/Library/Frameworks/CoreAudio.framework/Versions/A/CoreAudio
0x00000001a9700000 	/System/Library/Frameworks/DiskArbitration.framework/Versions/A/DiskArbitration
0x00000001aece8000 	/System/Library/PrivateFrameworks/MultitouchSupport.framework/Versions/A/MultitouchSupport
0x00000001a7c77000 	/usr/lib/libenergytrace.dylib
0x00000001a5612000 	/System/Library/Frameworks/IOKit.framework/Versions/A/IOKit
0x00000001b3b0e000 	/System/Library/Frameworks/CoreServices.framework/Versions/A/CoreServices
0x00000001aa040000 	/System/Library/PrivateFrameworks/PerformanceAnalysis.framework/Versions/A/PerformanceAnalysis
0x0000000204017000 	/System/Library/Frameworks/OpenGL.framework/Versions/A/OpenGL
0x00000001acc47000 	/System/Library/PrivateFrameworks/MobileKeyBag.framework/Versions/A/MobileKeyBag
0x00000001a86e6000 	/System/Library/Frameworks/ColorSync.framework/Versions/A/ColorSync
0x00000001a2baa000 	/System/Library/Frameworks/CoreFoundation.framework/Versions/A/CoreFoundation
0x00000001abde9000 	/System/Library/Frameworks/CoreImage.framework/Versions/A/CoreImage
0x00000001a435e000 	/System/Library/Frameworks/CoreText.framework/Versions/A/CoreText
0x00000001abb9a000 	/System/Library/Frameworks/ImageIO.framework/Versions/A/ImageIO
0x00000001ad6ad000 	/System/Library/PrivateFrameworks/SoftLinking.framework/Versions/A/SoftLinking
0x00000001aa0fe000 	/usr/lib/libxml2.2.dylib
0x00000001ad946000 	/usr/lib/libcompression.dylib
0x00000001af33f000 	/System/Library/PrivateFrameworks/TextureIO.framework/Versions/A/TextureIO
0x00000001ae06e000 	/usr/lib/libate.dylib
0x00000001adf33000 	/usr/lib/liblzma.5.dylib
0x00000001a3799000 	/System/Library/Frameworks/SystemConfiguration.framework/Versions/A/SystemConfiguration
0x00000001ad6a9000 	/usr/lib/libfakelink.dylib
0x00000001a77ab000 	/System/Library/Frameworks/CFNetwork.framework/Versions/A/CFNetwork
0x00000001ad7ef000 	/usr/lib/libarchive.2.dylib
0x00000001ac1c9000 	/System/Library/PrivateFrameworks/AppleSystemInfo.framework/Versions/A/AppleSystemInfo
0x00000001acd5a000 	/usr/lib/libbsm.0.dylib
0x00000001a6d1c000 	/usr/lib/libnetwork.dylib
0x00000001ad643000 	/usr/lib/system/libkxld.dylib
0x00000001ac96d000 	/System/Library/PrivateFrameworks/IOMobileFramebuffer.framework/Versions/A/IOMobileFramebuffer
0x0000000221943000 	/usr/lib/libCoreEntitlements.dylib
0x00000001ad37e000 	/System/Library/PrivateFrameworks/AppleFSCompression.framework/Versions/A/AppleFSCompression
0x00000001acd42000 	/usr/lib/libcoretls.dylib
0x00000001adf4c000 	/usr/lib/libcoretls_cfhelpers.dylib
0x00000001ad941000 	/usr/lib/libpam.2.dylib
0x00000001a903f000 	/usr/lib/libsqlite3.dylib
0x00000001adfb5000 	/usr/lib/libxar.1.dylib
0x00000001ad38f000 	/usr/lib/libbz2.1.0.dylib
0x00000001ad6ae000 	/usr/lib/libpcap.A.dylib
0x00000001a941f000 	/usr/lib/libdns_services.dylib
0x00000001ad914000 	/usr/lib/libapple_nghttp2.dylib
0x00000001ad6eb000 	/usr/lib/libiconv.2.dylib
0x00000001ad639000 	/usr/lib/libcharset.1.dylib
0x00000001aa07c000 	/System/Library/Frameworks/CoreServices.framework/Versions/A/Frameworks/FSEvents.framework/Versions/A/FSEvents
0x00000001a529b000 	/System/Library/Frameworks/CoreServices.framework/Versions/A/Frameworks/CarbonCore.framework/Versions/A/CarbonCore
0x00000001a9660000 	/System/Library/Frameworks/CoreServices.framework/Versions/A/Frameworks/Metadata.framework/Versions/A/Metadata
0x00000001ad3a2000 	/System/Library/Frameworks/CoreServices.framework/Versions/A/Frameworks/OSServices.framework/Versions/A/OSServices
0x00000001ad875000 	/System/Library/Frameworks/CoreServices.framework/Versions/A/Frameworks/SearchKit.framework/Versions/A/SearchKit
0x00000001a93ae000 	/System/Library/Frameworks/CoreServices.framework/Versions/A/Frameworks/AE.framework/Versions/A/AE
0x00000001a30f0000 	/System/Library/Frameworks/CoreServices.framework/Versions/A/Frameworks/LaunchServices.framework/Versions/A/LaunchServices
0x00000001adedc000 	/System/Library/Frameworks/CoreServices.framework/Versions/A/Frameworks/DictionaryServices.framework/Versions/A/DictionaryServices
0x00000001aa089000 	/System/Library/Frameworks/CoreServices.framework/Versions/A/Frameworks/SharedFileList.framework/Versions/A/SharedFileList
0x00000001acd32000 	/usr/lib/libCheckFix.dylib
0x00000001a7ce8000 	/System/Library/PrivateFrameworks/TCC.framework/Versions/A/TCC
0x00000001ac1cf000 	/System/Library/PrivateFrameworks/CoreNLP.framework/Versions/A/CoreNLP
0x00000001a960e000 	/System/Library/PrivateFrameworks/MetadataUtilities.framework/Versions/A/MetadataUtilities
0x00000001a3852000 	/usr/lib/libmecabra.dylib
0x00000001acd6b000 	/usr/lib/libmecab.dylib
0x00000001a381e000 	/usr/lib/libCRFSuite.dylib
0x00000001acdc8000 	/usr/lib/libgermantok.dylib
0x00000001ad8ed000 	/usr/lib/libThaiTokenizer.dylib
0x00000001a9708000 	/System/Library/Frameworks/Accelerate.framework/Versions/A/Frameworks/vImage.framework/Versions/A/vImage
0x00000001b3ae5000 	/System/Library/Frameworks/Accelerate.framework/Versions/A/Frameworks/vecLib.framework/Versions/A/vecLib
0x00000001adffa000 	/System/Library/Frameworks/Accelerate.framework/Versions/A/Frameworks/vecLib.framework/Versions/A/libvMisc.dylib
0x00000001ac874000 	/System/Library/Frameworks/Accelerate.framework/Versions/A/Frameworks/vecLib.framework/Versions/A/libvDSP.dylib
0x00000001a3479000 	/System/Library/Frameworks/Accelerate.framework/Versions/A/Frameworks/vecLib.framework/Versions/A/libBLAS.dylib
0x00000001ada17000 	/System/Library/Frameworks/Accelerate.framework/Versions/A/Frameworks/vecLib.framework/Versions/A/libLAPACK.dylib
0x00000001acdcb000 	/System/Library/Frameworks/Accelerate.framework/Versions/A/Frameworks/vecLib.framework/Versions/A/libLinearAlgebra.dylib
0x00000001ad92c000 	/System/Library/Frameworks/Accelerate.framework/Versions/A/Frameworks/vecLib.framework/Versions/A/libSparseBLAS.dylib
0x00000001ada12000 	/System/Library/Frameworks/Accelerate.framework/Versions/A/Frameworks/vecLib.framework/Versions/A/libQuadrature.dylib
0x00000001ac2c8000 	/System/Library/Frameworks/Accelerate.framework/Versions/A/Frameworks/vecLib.framework/Versions/A/libBNNS.dylib
0x00000001a3737000 	/System/Library/Frameworks/Accelerate.framework/Versions/A/Frameworks/vecLib.framework/Versions/A/libSparse.dylib
0x00000001ac2c0000 	/System/Library/PrivateFrameworks/LinguisticData.framework/Versions/A/LinguisticData
0x00000001a36ef000 	/System/Library/PrivateFrameworks/Lexicon.framework/Versions/A/Lexicon
0x00000001adff2000 	/usr/lib/libChineseTokenizer.dylib
0x00000001a3e96000 	/System/Library/PrivateFrameworks/LanguageModeling.framework/Versions/A/LanguageModeling
0x00000001ad8ef000 	/System/Library/PrivateFrameworks/AppleSauce.framework/Versions/A/AppleSauce
0x00000001ac95a000 	/System/Library/PrivateFrameworks/CoreEmoji.framework/Versions/A/CoreEmoji
0x00000001ad7dd000 	/usr/lib/libcmph.dylib
0x00000001aa05c000 	/System/Library/Frameworks/OpenDirectory.framework/Versions/A/Frameworks/CFOpenDirectory.framework/Versions/A/CFOpenDirectory
0x00000001aa04c000 	/System/Library/Frameworks/OpenDirectory.framework/Versions/A/OpenDirectory
0x00000001adf4e000 	/System/Library/PrivateFrameworks/APFS.framework/Versions/A/APFS
0x00000001acc82000 	/System/Library/Frameworks/SecurityFoundation.framework/Versions/A/SecurityFoundation
0x00000001adfc4000 	/usr/lib/libutil.dylib
0x00000001a55d4000 	/System/Library/PrivateFrameworks/CoreServicesStore.framework/Versions/A/CoreServicesStore
0x00000001adfc8000 	/usr/lib/libxslt.1.dylib
0x00000001acd16000 	/System/Library/PrivateFrameworks/BackgroundTaskManagement.framework/Versions/A/BackgroundTaskManagement
0x00000001af260000 	/System/Library/Frameworks/ImageIO.framework/Versions/A/Resources/libRadiance.dylib
0x00000001af269000 	/System/Library/Frameworks/ImageIO.framework/Versions/A/Resources/libJPEG.dylib
0x00000001af1bc000 	/System/Library/Frameworks/ImageIO.framework/Versions/A/Resources/libPng.dylib
0x00000001af1de000 	/System/Library/Frameworks/ImageIO.framework/Versions/A/Resources/libTIFF.dylib
0x00000001af2c4000 	/System/Library/Frameworks/ImageIO.framework/Versions/A/Resources/libGIF.dylib
0x00000001aebf8000 	/System/Library/Frameworks/ImageIO.framework/Versions/A/Resources/libJP2.dylib
0x00000001ae31a000 	/usr/lib/libexpat.1.dylib
0x00000001aebb3000 	/System/Library/PrivateFrameworks/AppleJPEG.framework/Versions/A/AppleJPEG
0x00000001ab6d5000 	/System/Library/PrivateFrameworks/FontServices.framework/libFontParser.dylib
0x00000001a9353000 	/System/Library/PrivateFrameworks/RunningBoardServices.framework/Versions/A/RunningBoardServices
0x00000001b9bd1000 	/System/Library/PrivateFrameworks/IOSurfaceAccelerator.framework/Versions/A/IOSurfaceAccelerator
0x00000001aece4000 	/System/Library/PrivateFrameworks/WatchdogClient.framework/Versions/A/WatchdogClient
0x00000001a3f9a000 	/System/Library/Frameworks/CoreDisplay.framework/Versions/A/CoreDisplay
0x00000001ab5bf000 	/System/Library/Frameworks/CoreMedia.framework/Versions/A/CoreMedia
0x00000001ab44c000 	/System/Library/PrivateFrameworks/IOAccelerator.framework/Versions/A/IOAccelerator
0x00000001aa1ec000 	/System/Library/Frameworks/CoreVideo.framework/Versions/A/CoreVideo
0x00000001ad93f000 	/System/Library/Frameworks/MetalPerformanceShaders.framework/Versions/A/MetalPerformanceShaders
0x00000001aed23000 	/System/Library/Frameworks/VideoToolbox.framework/Versions/A/VideoToolbox
0x00000001a9297000 	/System/Library/PrivateFrameworks/BaseBoard.framework/Versions/A/BaseBoard
0x00000001a9025000 	/System/Library/PrivateFrameworks/ProtocolBuffer.framework/Versions/A/ProtocolBuffer
0x00000001af25b000 	/System/Library/PrivateFrameworks/GPUWrangler.framework/Versions/A/GPUWrangler
0x00000001af23b000 	/System/Library/PrivateFrameworks/IOPresentment.framework/Versions/A/IOPresentment
0x00000001af263000 	/System/Library/PrivateFrameworks/DSExternalDisplay.framework/Versions/A/DSExternalDisplay
0x000000020400a000 	/System/Library/Frameworks/OpenGL.framework/Versions/A/Libraries/libCoreFSCache.dylib
0x000000020e4c9000 	/System/Library/PrivateFrameworks/GPUCompiler.framework/Versions/31001/Libraries/libGPUCompilerUtils.dylib
0x00000001af2c9000 	/System/Library/PrivateFrameworks/CMCaptureCore.framework/Versions/A/CMCaptureCore
0x00000001ae8cb000 	/System/Library/PrivateFrameworks/AppServerSupport.framework/Versions/A/AppServerSupport
0x00000001b0b4c000 	/System/Library/PrivateFrameworks/perfdata.framework/Versions/A/perfdata
0x00000001a40ba000 	/System/Library/PrivateFrameworks/AudioToolboxCore.framework/Versions/A/AudioToolboxCore
0x00000001ab598000 	/System/Library/PrivateFrameworks/caulk.framework/Versions/A/caulk
0x00000001b0441000 	/usr/lib/libAudioStatistics.dylib
0x00000001c2396000 	/System/Library/PrivateFrameworks/SystemPolicy.framework/Versions/A/SystemPolicy
0x00000001b06ad000 	/usr/lib/libSMC.dylib
0x00000001b93e0000 	/System/Library/Frameworks/CoreMIDI.framework/Versions/A/CoreMIDI
0x00000001af18a000 	/usr/lib/libAudioToolboxUtility.dylib
0x00000001be463000 	/System/Library/PrivateFrameworks/OSAServicesClient.framework/Versions/A/OSAServicesClient
0x00000001b0b59000 	/usr/lib/libperfcheck.dylib
0x00000001c2eae000 	/usr/lib/libmis.dylib
0x000000020406c000 	/System/Library/Frameworks/OpenGL.framework/Versions/A/Libraries/libGLU.dylib
0x000000020402b000 	/System/Library/Frameworks/OpenGL.framework/Versions/A/Libraries/libGFXShared.dylib
0x0000000204218000 	/System/Library/Frameworks/OpenGL.framework/Versions/A/Libraries/libGL.dylib
0x0000000204034000 	/System/Library/Frameworks/OpenGL.framework/Versions/A/Libraries/libGLImage.dylib
0x0000000204028000 	/System/Library/Frameworks/OpenGL.framework/Versions/A/Libraries/libCVMSPluginSupport.dylib
0x0000000204011000 	/System/Library/Frameworks/OpenGL.framework/Versions/A/Libraries/libCoreVMClient.dylib
0x00000001ac149000 	/System/Library/Frameworks/MetalPerformanceShaders.framework/Versions/A/Frameworks/MPSCore.framework/Versions/A/MPSCore
0x00000001ad2f1000 	/System/Library/Frameworks/MetalPerformanceShaders.framework/Versions/A/Frameworks/MPSImage.framework/Versions/A/MPSImage
0x00000001acde0000 	/System/Library/Frameworks/MetalPerformanceShaders.framework/Versions/A/Frameworks/MPSNeuralNetwork.framework/Versions/A/MPSNeuralNetwork
0x00000001ad219000 	/System/Library/Frameworks/MetalPerformanceShaders.framework/Versions/A/Frameworks/MPSMatrix.framework/Versions/A/MPSMatrix
0x00000001acff2000 	/System/Library/Frameworks/MetalPerformanceShaders.framework/Versions/A/Frameworks/MPSRayIntersector.framework/Versions/A/MPSRayIntersector
0x00000001ad24a000 	/System/Library/Frameworks/MetalPerformanceShaders.framework/Versions/A/Frameworks/MPSNDArray.framework/Versions/A/MPSNDArray
0x0000000206183000 	/System/Library/Frameworks/MetalPerformanceShaders.framework/Versions/A/Frameworks/MPSFunctions.framework/Versions/A/MPSFunctions
0x00000001a3350000 	/System/Library/PrivateFrameworks/MetalTools.framework/Versions/A/MetalTools
0x00000001ac1c7000 	/System/Library/PrivateFrameworks/AggregateDictionary.framework/Versions/A/AggregateDictionary
0x00000001ae0ff000 	/usr/lib/libIOReport.dylib
0x00000001b83fe000 	/System/Library/PrivateFrameworks/ASEProcessing.framework/Versions/A/ASEProcessing
0x00000001ae474000 	/System/Library/PrivateFrameworks/FaceCore.framework/Versions/A/FaceCore
0x00000001ae466000 	/System/Library/PrivateFrameworks/GraphVisualizer.framework/Versions/A/GraphVisualizer
0x000000020e3e0000 	/System/Library/PrivateFrameworks/FontServices.framework/Versions/A/FontServices
0x00000001ae887000 	/System/Library/PrivateFrameworks/OTSVG.framework/Versions/A/OTSVG
0x00000001a9db6000 	/System/Library/Frameworks/ApplicationServices.framework/Versions/A/Frameworks/ATS.framework/Versions/A/Resources/libFontRegistry.dylib
0x00000001ae8d4000 	/System/Library/PrivateFrameworks/FontServices.framework/libhvf.dylib
0x000000020e3e1000 	/System/Library/PrivateFrameworks/FontServices.framework/libXTFontStaticRegistryData.dylib
0x00000002043b9000 	/System/Library/Frameworks/OpenCL.framework/Versions/A/OpenCL
0x00000001ae2ce000 	/System/Library/PrivateFrameworks/AppleVA.framework/Versions/A/AppleVA
0x00000001b0469000 	/System/Library/Frameworks/ApplicationServices.framework/Versions/A/Frameworks/ATS.framework/Versions/A/ATS
0x00000001a87e3000 	/System/Library/Frameworks/ApplicationServices.framework/Versions/A/Frameworks/HIServices.framework/Versions/A/HIServices
0x00000001af2d3000 	/System/Library/Frameworks/ApplicationServices.framework/Versions/A/Frameworks/PrintCore.framework/Versions/A/PrintCore
0x00000001b0800000 	/System/Library/Frameworks/ApplicationServices.framework/Versions/A/Frameworks/QD.framework/Versions/A/QD
0x00000001b07f8000 	/System/Library/Frameworks/ApplicationServices.framework/Versions/A/Frameworks/ColorSyncLegacy.framework/Versions/A/ColorSyncLegacy
0x00000001b0455000 	/System/Library/Frameworks/ApplicationServices.framework/Versions/A/Frameworks/SpeechSynthesis.framework/Versions/A/SpeechSynthesis
0x00000001af294000 	/System/Library/Frameworks/ApplicationServices.framework/Versions/A/Frameworks/ATSUI.framework/Versions/A/ATSUI
0x00000001b078d000 	/usr/lib/libcups.2.dylib
0x00000001b0b67000 	/System/Library/Frameworks/Kerberos.framework/Versions/A/Kerberos
0x00000001b0b78000 	/System/Library/Frameworks/GSS.framework/Versions/A/GSS
0x00000001b04d9000 	/usr/lib/libresolv.9.dylib
0x00000001ae8e3000 	/System/Library/PrivateFrameworks/Heimdal.framework/Versions/A/Heimdal
0x00000001b7633000 	/System/Library/Frameworks/Kerberos.framework/Versions/A/Libraries/libHeimdalProxy.dylib
0x00000001a9431000 	/System/Library/Frameworks/Network.framework/Versions/A/Network
0x00000001ae335000 	/usr/lib/libheimdal-asn1.dylib
0x00000001b0bc8000 	/System/Library/PrivateFrameworks/CommonAuth.framework/Versions/A/CommonAuth
0x00000001b03cf000 	/System/Library/PrivateFrameworks/AudioSession.framework/Versions/A/AudioSession
0x00000001ae3c7000 	/System/Library/PrivateFrameworks/MediaExperience.framework/Versions/A/MediaExperience
0x00000001b0255000 	/System/Library/PrivateFrameworks/AudioSession.framework/libSessionUtility.dylib
0x00000001b080c000 	/System/Library/PrivateFrameworks/AudioResourceArbitration.framework/Versions/A/AudioResourceArbitration
0x00000001b49c2000 	/System/Library/PrivateFrameworks/PowerLog.framework/Versions/A/PowerLog
0x00000001ae33f000 	/System/Library/PrivateFrameworks/IconFoundation.framework/Versions/A/IconFoundation
0x00000001b370b000 	/System/Library/PrivateFrameworks/SpeechRecognitionCore.framework/Versions/A/SpeechRecognitionCore
0x00000001014ec000 	/Library/Java/JavaVirtualMachines/jdk-17.jdk/Contents/Home/lib/server/libjvm.dylib
0x00000001004a8000 	/Library/Java/JavaVirtualMachines/jdk-17.jdk/Contents/Home/lib/libjimage.dylib
0x00000001004d4000 	/Library/Java/JavaVirtualMachines/jdk-17.jdk/Contents/Home/lib/libinstrument.dylib
0x0000000100600000 	/Library/Java/JavaVirtualMachines/jdk-17.jdk/Contents/Home/lib/libjava.dylib
0x0000000101494000 	/Library/Java/JavaVirtualMachines/jdk-17.jdk/Contents/Home/lib/libnio.dylib
0x000000010db4c000 	/Library/Java/JavaVirtualMachines/jdk-17.jdk/Contents/Home/lib/libnet.dylib
0x0000000101474000 	/Library/Java/JavaVirtualMachines/jdk-17.jdk/Contents/Home/lib/libzip.dylib
0x00000001014b4000 	/Users/irene/.openjfx/cache/17.0.1/libprism_es2.dylib
0x00000001a5597000 	/System/Library/PrivateFrameworks/CoreServicesInternal.framework/Versions/A/CoreServicesInternal
0x0000000204222000 	/System/Library/Frameworks/OpenGL.framework/Versions/A/Resources/GLEngine.bundle/GLEngine
0x00000002040aa000 	/System/Library/Frameworks/OpenGL.framework/Versions/A/Libraries/libGLProgrammability.dylib
0x0000000110f00000 	/System/Library/Extensions/AppleMetalOpenGLRenderer.bundle/Contents/MacOS/AppleMetalOpenGLRenderer
0x0000000204391000 	/System/Library/Frameworks/OpenGL.framework/Versions/A/Resources/GLRendererFloat.bundle/GLRendererFloat
0x0000000204491000 	/System/Library/Extensions/AGXMetal13_3.bundle/Contents/MacOS/AGXMetal13_3
0x00000001c2eca000 	/System/Library/PrivateFrameworks/GPURawCounter.framework/Versions/A/GPURawCounter
0x00000001bd5d4000 	/System/Library/PrivateFrameworks/IOGPU.framework/Versions/A/IOGPU
0x00000001146e0000 	/Users/irene/.openjfx/cache/17.0.1/libglass.dylib
0x00000001b4c1a000 	/System/Library/Frameworks/FileProvider.framework/Versions/A/FileProvider
0x00000001a91ff000 	/System/Library/Frameworks/Accounts.framework/Versions/A/Accounts
0x00000001b4d9e000 	/System/Library/PrivateFrameworks/GenerationalStorage.framework/Versions/A/GenerationalStorage
0x00000001b5961000 	/System/Library/PrivateFrameworks/CoreSymbolication.framework/Versions/A/CoreSymbolication
0x00000001b49b6000 	/System/Library/PrivateFrameworks/SymptomDiagnosticReporter.framework/Versions/A/SymptomDiagnosticReporter
0x00000001a6887000 	/System/Library/PrivateFrameworks/DesktopServicesPriv.framework/Versions/A/DesktopServicesPriv
0x00000001a56f9000 	/usr/lib/libsandbox.1.dylib
0x00000001aa27a000 	/System/Library/PrivateFrameworks/UserManagement.framework/Versions/A/UserManagement
0x00000001b591e000 	/System/Library/PrivateFrameworks/DebugSymbols.framework/Versions/A/DebugSymbols
0x00000001b07eb000 	/System/Library/PrivateFrameworks/NetAuth.framework/Versions/A/NetAuth
0x00000001b1709000 	/System/Library/PrivateFrameworks/Sharing.framework/Versions/A/Sharing
0x00000001aa24a000 	/System/Library/PrivateFrameworks/login.framework/Versions/A/Frameworks/loginsupport.framework/Versions/A/loginsupport
0x00000001b6b53000 	/System/Library/PrivateFrameworks/Apple80211.framework/Versions/A/Apple80211
0x00000001ad3d5000 	/System/Library/PrivateFrameworks/AuthKit.framework/Versions/A/AuthKit
0x00000001aca56000 	/System/Library/PrivateFrameworks/CoreUtils.framework/Versions/A/CoreUtils
0x00000001ac979000 	/System/Library/Frameworks/CoreWLAN.framework/Versions/A/CoreWLAN
0x00000001b1879000 	/System/Library/Frameworks/IOBluetooth.framework/Versions/A/IOBluetooth
0x00000001b6bb3000 	/System/Library/PrivateFrameworks/CoreWiFi.framework/Versions/A/CoreWiFi
0x00000001b54fe000 	/System/Library/PrivateFrameworks/FrontBoardServices.framework/Versions/A/FrontBoardServices
0x00000001b5596000 	/System/Library/PrivateFrameworks/BoardServices.framework/Versions/A/BoardServices
0x00000001acc70000 	/System/Library/PrivateFrameworks/AssertionServices.framework/Versions/A/AssertionServices
0x00000001b6d30000 	/System/Library/PrivateFrameworks/BackBoardServices.framework/Versions/A/BackBoardServices
0x00000001b0c5f000 	/System/Library/PrivateFrameworks/CorePhoneNumbers.framework/Versions/A/CorePhoneNumbers
0x00000001b4ae6000 	/System/Library/PrivateFrameworks/DiskManagement.framework/Versions/A/DiskManagement
0x00000001b49e9000 	/System/Library/PrivateFrameworks/AppleIDAuthSupport.framework/Versions/A/AppleIDAuthSupport
0x00000002089aa000 	/System/Library/PrivateFrameworks/AAAFoundation.framework/Versions/A/AAAFoundation
0x00000001b0c3e000 	/System/Library/PrivateFrameworks/KeychainCircle.framework/Versions/A/KeychainCircle
0x00000001b4ab2000 	/System/Library/PrivateFrameworks/MediaKit.framework/Versions/A/MediaKit
0x00000001b49f6000 	/System/Library/Frameworks/DiscRecording.framework/Versions/A/DiscRecording
0x00000001ae24a000 	/usr/lib/libCoreStorage.dylib
0x00000001b702d000 	/usr/lib/libcsfde.dylib
0x00000001b194e000 	/System/Library/PrivateFrameworks/ProtectedCloudStorage.framework/Versions/A/ProtectedCloudStorage
0x00000001b7025000 	/System/Library/PrivateFrameworks/EFILogin.framework/Versions/A/EFILogin
0x00000001b4dc5000 	/System/Library/PrivateFrameworks/OctagonTrust.framework/Versions/A/OctagonTrust
0x000000020d57b000 	/System/Library/PrivateFrameworks/CoreUtilsExtras.framework/Versions/A/CoreUtilsExtras
0x00000001b491b000 	/System/Library/Frameworks/CoreBluetooth.framework/Versions/A/CoreBluetooth
0x00000001b76b8000 	/System/Library/Frameworks/AudioUnit.framework/Versions/A/AudioUnit
0x00000001ae242000 	/usr/lib/libMatch.1.dylib
0x00000001c7376000 	/System/Library/Frameworks/Accelerate.framework/Versions/A/Frameworks/vImage.framework/Versions/A/Libraries/libCGInterfaces.dylib
0x0000000116a5c000 	/usr/lib/libobjc-trampolines.dylib
0x00000001a9f44000 	/System/Library/PrivateFrameworks/ViewBridge.framework/Versions/A/ViewBridge
0x0000000117d3c000 	/Users/irene/.openjfx/cache/17.0.1/libjavafx_font.dylib
0x00000001ae9a6000 	/System/Library/PrivateFrameworks/login.framework/Versions/A/login
0x000000020905d000 	/System/Library/PrivateFrameworks/AccessibilityBundles.framework/Versions/A/AccessibilityBundles
0x0000000221ac1000 	/usr/lib/libRosetta.dylib


VM Arguments:
jvm_args: -javaagent:/Applications/IntelliJ IDEA CE.app/Contents/lib/idea_rt.jar=53977:/Applications/IntelliJ IDEA CE.app/Contents/bin -Dfile.encoding=UTF-8 --module-path=/Users/irene/.m2/repository/org/openjfx/javafx-web/17.0.1/javafx-web-17.0.1-mac-aarch64.jar:/Users/irene/.m2/repository/org/controlsfx/controlsfx/11.1.1/controlsfx-11.1.1.jar:/Users/irene/.m2/repository/com/gluonhq/attach/util/4.0.9/util-4.0.9.jar:/Users/irene/.m2/repository/com/github/almasb/fxgl-entity/17/fxgl-entity-17.jar:/Users/irene/.m2/repository/net/synedra/validatorfx/0.2.1/validatorfx-0.2.1.jar:/Users/irene/.m2/repository/org/openjfx/javafx-graphics/17.0.1/javafx-graphics-17.0.1-mac-aarch64.jar:/Users/irene/.m2/repository/org/openjfx/javafx-controls/17.0.1/javafx-controls-17.0.1-mac-aarch64.jar:/Users/irene/.m2/repository/com/github/almasb/fxgl-gameplay/17/fxgl-gameplay-17.jar:/Users/irene/.m2/repository/com/dlsc/formsfx/formsfx-core/11.3.2/formsfx-core-11.3.2.jar:/Users/irene/.m2/repository/org/kordamp/ikonli/ikonli-javafx/12.3.0/ikonli-javafx-12.3.0.jar:/Users/irene/.m2/repository/com/gluonhq/attach/storage/4.0.9/storage-4.0.9.jar:/Users/irene/.m2/repository/org/openjfx/javafx-base/17.0.1/javafx-base-17.0.1-mac-aarch64.jar:/Users/irene/.m2/repository/com/fasterxml/jackson/core/jackson-annotations/2.12.1/jackson-annotations-2.12.1.jar:/Users/irene/.m2/repository/org/openjfx/javafx-fxml/17.0.1/javafx-fxml-17.0.1-mac-aarch64.jar:/Users/irene/.m2/repository/org/kordamp/bootstrapfx/bootstrapfx-core/0.4.0/bootstrapfx-core-0.4.0.jar:/Users/irene/.m2/repository/com/github/almasb/fxgl-scene/17/fxgl-scene-17.jar:/Users/irene/.m2/repository/com/github/almasb/fxgl/17/fxgl-17.jar:/Users/irene/.m2/repository/com/gluonhq/attach/audio/4.0.9/audio-4.0.9.jar:/Users/irene/Documents/UNT /Recipe/target/classes:/Users/irene/.m2/repository/com/fasterxml/jackson/core/jackson-core/2.12.1/jackson-core-2.12.1.jar:/Users/irene/.m2/repository/com/github/almasb/fxgl-io/17/fxgl-io-17.jar:/Users/irene/.m2/repository/com/fasterxml/jackson/core/jackson-databind/2.12.1/jackson-databind-2.12.1.jar:/Users/irene/.m2/repository/org/jetbrains/kotlin/kotlin-stdlib/1.5.32/kotlin-s-Djdk.module.main=com.example.recipe 
java_command: com.example.recipe/com.example.recipe.HelloApplication
java_class_path (initial): /Users/irene/.m2/repository/org/openjfx/javafx-controls/17.0.1/javafx-controls-17.0.1.jar:/Users/irene/.m2/repository/org/openjfx/javafx-graphics/17.0.1/javafx-graphics-17.0.1.jar:/Users/irene/.m2/repository/org/openjfx/javafx-base/17.0.1/javafx-base-17.0.1.jar:/Users/irene/.m2/repository/org/openjfx/javafx-fxml/17.0.1/javafx-fxml-17.0.1.jar:/Users/irene/.m2/repository/org/openjfx/javafx-web/17.0.1/javafx-web-17.0.1.jar:/Users/irene/.m2/repository/org/openjfx/javafx-media/17.0.1/javafx-media-17.0.1.jar:/Users/irene/.m2/repository/org/jetbrains/annotations/13.0/annotations-13.0.jar:/Users/irene/.m2/repository/org/jetbrains/kotlin/kotlin-stdlib-common/1.5.32/kotlin-stdlib-common-1.5.32.jar
Launcher Type: SUN_STANDARD

[Global flags]
     intx CICompilerCount                          = 4                                         {product} {ergonomic}
     uint ConcGCThreads                            = 2                                         {product} {ergonomic}
     uint G1ConcRefinementThreads                  = 8                                         {product} {ergonomic}
   size_t G1HeapRegionSize                         = 1048576                                   {product} {ergonomic}
    uintx GCDrainStackTargetSize                   = 64                                        {product} {ergonomic}
   size_t InitialHeapSize                          = 134217728                                 {product} {ergonomic}
   size_t MarkStackSize                            = 4194304                                   {product} {ergonomic}
   size_t MaxHeapSize                              = 2147483648                                {product} {ergonomic}
   size_t MaxNewSize                               = 1287651328                                {product} {ergonomic}
   size_t MinHeapDeltaBytes                        = 1048576                                   {product} {ergonomic}
   size_t MinHeapSize                              = 8388608                                   {product} {ergonomic}
    uintx NonNMethodCodeHeapSize                   = 5839564                                {pd product} {ergonomic}
    uintx NonProfiledCodeHeapSize                  = 122909338                              {pd product} {ergonomic}
    uintx ProfiledCodeHeapSize                     = 122909338                              {pd product} {ergonomic}
    uintx ReservedCodeCacheSize                    = 251658240                              {pd product} {ergonomic}
     bool SegmentedCodeCache                       = true                                      {product} {ergonomic}
   size_t SoftMaxHeapSize                          = 2147483648                             {manageable} {ergonomic}
     bool UseCompressedClassPointers               = true                           {product lp64_product} {ergonomic}
     bool UseCompressedOops                        = true                           {product lp64_product} {ergonomic}
     bool UseG1GC                                  = true                                      {product} {ergonomic}
     bool UseNUMA                                  = false                                     {product} {ergonomic}
     bool UseNUMAInterleaving                      = false                                     {product} {ergonomic}

Logging:
Log output configuration:
 #0: stdout all=warning uptime,level,tags
 #1: stderr all=off uptime,level,tags

Environment Variables:
PATH=/Users/irene/opt/anaconda3/bin:/Library/Frameworks/Python.framework/Versions/3.10/bin:/opt/local/bin:/opt/local/sbin:/usr/local/bin:/usr/bin:/bin:/usr/sbin:/sbin:~/.dotnet/tools:/Library/Apple/usr/bin:/Library/Frameworks/Mono.framework/Versions/Current/Commands
SHELL=/bin/zsh
LC_CTYPE=en_US.UTF-8

Signal Handlers:
   SIGSEGV: _ZL13crash_handleriP9__siginfoPv in libjvm.dylib, mask=11100110000111110111111111111111, flags=SA_RESTART|SA_SIGINFO
    SIGBUS: _ZL13crash_handleriP9__siginfoPv in libjvm.dylib, mask=11100110000111110111111111111111, flags=SA_RESTART|SA_SIGINFO
    SIGFPE: _ZL13crash_handleriP9__siginfoPv in libjvm.dylib, mask=11100110000111110111111111111111, flags=SA_RESTART|SA_SIGINFO
   SIGPIPE: _ZL17javaSignalHandleriP9__siginfoPv in libjvm.dylib, mask=11100110000111110111111111111111, flags=SA_RESTART|SA_SIGINFO
   SIGXFSZ: _ZL17javaSignalHandleriP9__siginfoPv in libjvm.dylib, mask=11100110000111110111111111111111, flags=SA_RESTART|SA_SIGINFO
    SIGILL: _ZL13crash_handleriP9__siginfoPv in libjvm.dylib, mask=11100110000111110111111111111111, flags=SA_RESTART|SA_SIGINFO
   SIGUSR2: _ZL10SR_handleriP9__siginfoP17__darwin_ucontext in libjvm.dylib, mask=00100000000000000000000000000000, flags=SA_RESTART|SA_SIGINFO
    SIGHUP: _ZL11UserHandleriPvS_ in libjvm.dylib, mask=11100110000111110111111111111111, flags=SA_RESTART|SA_SIGINFO
    SIGINT: _ZL11UserHandleriPvS_ in libjvm.dylib, mask=11100110000111110111111111111111, flags=SA_RESTART|SA_SIGINFO
   SIGTERM: _ZL11UserHandleriPvS_ in libjvm.dylib, mask=11100110000111110111111111111111, flags=SA_RESTART|SA_SIGINFO
   SIGQUIT: _ZL11UserHandleriPvS_ in libjvm.dylib, mask=11100110000111110111111111111111, flags=SA_RESTART|SA_SIGINFO
   SIGTRAP: _ZL13crash_handleriP9__siginfoPv in libjvm.dylib, mask=11100110000111110111111111111111, flags=SA_RESTART|SA_SIGINFO


---------------  S Y S T E M  ---------------

OS:
uname: Darwin 21.4.0 Darwin Kernel Version 21.4.0: Fri Mar 18 00:47:26 PDT 2022; root:xnu-8020.101.4~15/RELEASE_ARM64_T8101 arm64
OS uptime: 13 days 2:07 hours
rlimit (soft/hard): STACK 8176k/65520k , CORE 0k/infinity , NPROC 1333/2000 , NOFILE 10240/infinity , AS infinity/infinity , CPU infinity/infinity , DATA infinity/infinity , FSIZE infinity/infinity , MEMLOCK infinity/infinity , RSS infinity/infinity
load average: 2.59 1.83 1.71

CPU: total 8 (initial active 8) 0x61:0x0:0x1b588bb3:0, fp, simd, crc, lse

Memory: 16k page, physical 8388608k(84112k free), swap 2097152k(1327104k free)

vm_info: Java HotSpot(TM) 64-Bit Server VM (17+35-LTS-2724) for bsd-aarch64 JRE (17+35-LTS-2724), built on Aug  5 2021 22:28:56 by "mach5one" with clang Apple LLVM 12.0.0 (clang-1200.0.32.29)

END.
